#
# A fatal error has been detected by the Java Runtime Environment:
#
#  SIGSEGV (0xb) at pc=0x000000010bc80970, pid=3285, tid=0x0000000000000307
#
# JRE version: Java(TM) SE Runtime Environment (8.0_161-b12) (build 1.8.0_161-b12)
# Java VM: Java HotSpot(TM) 64-Bit Server VM (25.161-b12 mixed mode bsd-amd64 compressed oops)
# Problematic frame:
# V  [libjvm.dylib+0x48a970]
#
# Failed to write core dump. Core dumps have been disabled. To enable core dumping, try "ulimit -c unlimited" before starting Java again
#
# If you would like to submit a bug report, please visit:
#   http://bugreport.java.com/bugreport/crash.jsp
#

---------------  T H R E A D  ---------------

Current thread is native thread

siginfo: si_signo: 11 (SIGSEGV), si_code: 1 (SEGV_MAPERR), si_addr: 0x0000000000000128

Registers:
RAX=0x0000000000000000, RBX=0x00007fff544b4d30, RCX=0x00007fffadaa3408, RDX=0x00007fff544b4d30
RSP=0x00007fff544b4860, RBP=0x00007fff544b4890, RSI=0x00007fff544b4cc8, RDI=0x0000000000000103
R8 =0x00007fff544b4d30, R9 =0x00000000ffffffff, R10=0x0000000000000c00, R11=0x0000000000000206
R12=0x0000000000000c00, R13=0x0000000000000000, R14=0x00007fff544b4cc8, R15=0x0000000000000002
RIP=0x000000010bc80970, EFLAGS=0x0000000000010202, ERR=0x0000000000000004
  TRAPNO=0x000000000000000e

Top of Stack: (sp=0x00007fff544b4860)
0x00007fff544b4860:   0000000000000000 00007fff544b4d30
0x00007fff544b4870:   0000000000000c00 0000000000000000
0x00007fff544b4880:   00007fff544b4f60 0000000000000e03
0x00007fff544b4890:   00007fff544b48a0 00007fffa4d3ab3a
0x00007fff544b48a0:   00007fff544b4e30 0000000000019e00
0x00007fff544b48b0:   00019f00aa3cf978 00007fffad9392d0
0x00007fff544b48c0:   0100001f00000085 00007fff8ef5e260
0x00007fff544b48d0:   0000000010004005 00000000ffffffff
0x00007fff544b48e0:   00007fff544b4de8 0000000000000000
0x00007fff544b48f0:   00007fff544b4f60 0000000007000806
0x00007fff544b4900:   00007fff544b4e30 00007fff544b4de8
0x00007fff544b4910:   0000000000000e03 00000000ffffffff
0x00007fff544b4920:   0000000000000c00 0000000000000206
0x00007fff544b4930:   0000000000000c00 0000000000000000
0x00007fff544b4940:   00007fff544b4f60 0000000000000e03
0x00007fff544b4950:   00007fffa4c5234a 0000000000000206
0x00007fff544b4960:   0000000000000007 0000000000000000
0x00007fff544b4970:   0000000000000000 0000000000000000
0x00007fff544b4980:   000000000000037f 0000000000000000
0x00007fff544b4990:   0000000000000000 0000ffff00001fa0
0x00007fff544b49a0:   0000000000000000 000000000000ffff
0x00007fff544b49b0:   0000000000000000 0000000000000000
0x00007fff544b49c0:   0000000000000000 0000000000000000
0x00007fff544b49d0:   00cf93000000ffff 000000000000ffff
0x00007fff544b49e0:   ea600009d4951800 0000000000004008
0x00007fff544b49f0:   aa0c80069ad42800 000000000000400d
0x00007fff544b4a00:   995200044d013a80 000000000000400d
0x00007fff544b4a10:   8801100000024800 000000000000c033
0x00007fff544b4a20:   41c0562e16d9c782 0000000000000000
0x00007fff544b4a30:   41c0562e16800000 0000000000000000
0x00007fff544b4a40:   c3de3f7be4680093 439c0841b97ff6cb
0x00007fff544b4a50:   67726f2e65686361 736e6f6d6d6f632f 

Instructions: (pc=0x000000010bc80970)
0x000000010bc80950:   83 ec 08 48 89 d3 49 89 f6 e8 bc 46 14 00 44 8b
0x000000010bc80960:   38 48 8d 05 a8 18 3b 00 48 63 38 e8 8c 49 14 00
0x000000010bc80970:   4c 8b a0 28 01 00 00 41 83 7c 24 34 01 0f 85 e2
0x000000010bc80980:   00 00 00 49 89 5c 24 40 4d 89 74 24 38 49 8d 5c 

Register to memory mapping:

RAX=0x0000000000000000 is an unknown value
RBX=0x00007fff544b4d30 is an unknown value
RCX=0x00007fffadaa3408: _thread+0x48 in /usr/lib/system/libsystem_pthread.dylib at 0x00007fffa4d41000
RDX=0x00007fff544b4d30 is an unknown value
RSP=0x00007fff544b4860 is an unknown value
RBP=0x00007fff544b4890 is an unknown value
RSI=0x00007fff544b4cc8 is an unknown value
RDI=0x0000000000000103 is an unknown value
R8 =0x00007fff544b4d30 is an unknown value
R9 =0x00000000ffffffff is an unknown value
R10=0x0000000000000c00 is an unknown value
R11=0x0000000000000206 is an unknown value
R12=0x0000000000000c00 is an unknown value
R13=0x0000000000000000 is an unknown value
R14=0x00007fff544b4cc8 is an unknown value
R15=0x0000000000000002 is an unknown value


Stack: [0x00007fff53cb9000,0x00007fff544b9000],  sp=0x00007fff544b4860,  free space=8174k
Native frames: (J=compiled Java code, j=interpreted, Vv=VM code, C=native code)
V  [libjvm.dylib+0x48a970]
C  [libsystem_platform.dylib+0x2b3a]  _sigtramp+0x1a
C  0x0000000000019e00
C  [CoreFoundation+0x85874]  __CFRunLoopServiceMachPort+0xd4
C  [CoreFoundation+0x84cf1]  __CFRunLoopRun+0x551
C  [CoreFoundation+0x84544]  CFRunLoopRunSpecific+0x1a4
C  [java+0x647a]  CreateExecutionEnvironment+0x367
C  [java+0x212c]  JLI_Launch+0x7a0
C  [java+0x84d7]  main+0x65
C  [java+0x1984]  start+0x34


---------------  P R O C E S S  ---------------

VM state:not at safepoint (normal execution)

VM Mutex/Monitor currently owned by a thread: None

Heap:
 PSYoungGen      total 633856K, used 633598K [0x0000000795580000, 0x00000007bef80000, 0x00000007c0000000)
  eden space 633344K, 99% used [0x0000000795580000,0x00000007bbfcf960,0x00000007bc000000)
  from space 512K, 87% used [0x00000007bde80000,0x00000007bdef0000,0x00000007bdf00000)
  to   space 16896K, 0% used [0x00000007bdf00000,0x00000007bdf00000,0x00000007bef80000)
 ParOldGen       total 87552K, used 36481K [0x0000000740000000, 0x0000000745580000, 0x0000000795580000)
  object space 87552K, 41% used [0x0000000740000000,0x00000007423a0580,0x0000000745580000)
 Metaspace       used 15289K, capacity 15600K, committed 15744K, reserved 1062912K
  class space    used 1979K, capacity 2066K, committed 2176K, reserved 1048576K

Card table byte_map: [0x000000010cfc0000,0x000000010d3c1000] byte_map_base: 0x00000001095c0000

Marking Bits: (ParMarkBitMap*) 0x000000010c0ed6c0
 Begin Bits: [0x000000010d66c000, 0x000000010f66c000)
 End Bits:   [0x000000010f66c000, 0x000000011166c000)

Polling page: 0x000000010c7e8000

CodeCache: size=245760Kb used=8819Kb max_used=8852Kb free=236940Kb
 bounds [0x0000000114634000, 0x0000000114ee4000, 0x0000000123634000]
 total_blobs=2637 nmethods=2296 adapters=256
 compilation: enabled

Compilation events (10 events):
Event: 61.104 Thread 0x00007fc61d02b000 2427 %     4       Annotation::AnnotaionQuestion @ 228 (1068 bytes)
Event: 61.489 Thread 0x00007fc61d082000 2428       1       java.util.Arrays$ArrayList::size (6 bytes)
Event: 61.489 Thread 0x00007fc61d082000 nmethod 2428 0x0000000114e69f90 code [0x0000000114e6a0e0, 0x0000000114e6a1f0]
Event: 61.947 Thread 0x00007fc61d02b000 nmethod 2427% 0x0000000114ed2b10 code [0x0000000114ed33a0, 0x0000000114ed92a8]
Event: 63.307 Thread 0x00007fc61d082000 2429       3       java.nio.ByteBuffer::array (35 bytes)
Event: 63.308 Thread 0x00007fc61d082000 nmethod 2429 0x0000000114ea0b90 code [0x0000000114ea0d20, 0x0000000114ea1038]
Event: 63.813 Thread 0x00007fc61d082000 2430       3       java.nio.charset.CoderResult::isUnderflow (13 bytes)
Event: 63.814 Thread 0x00007fc61d082000 nmethod 2430 0x0000000114ea4a50 code [0x0000000114ea4bc0, 0x0000000114ea4d70]
Event: 63.839 Thread 0x00007fc61d082000 2431       1       java.util.Arrays$ArrayList::get (7 bytes)
Event: 63.839 Thread 0x00007fc61d082000 nmethod 2431 0x0000000114ed27d0 code [0x0000000114ed2920, 0x0000000114ed2a50]

GC Heap History (10 events):
Event: 31.253 GC heap before
{Heap before GC invocations=9 (full 0):
 PSYoungGen      total 282112K, used 273088K [0x0000000795580000, 0x00000007a7880000, 0x00000007c0000000)
  eden space 266240K, 100% used [0x0000000795580000,0x00000007a5980000,0x00000007a5980000)
  from space 15872K, 43% used [0x00000007a6900000,0x00000007a6fb0060,0x00000007a7880000)
  to   space 15872K, 0% used [0x00000007a5980000,0x00000007a5980000,0x00000007a6900000)
 ParOldGen       total 87552K, used 33593K [0x0000000740000000, 0x0000000745580000, 0x0000000795580000)
  object space 87552K, 38% used [0x0000000740000000,0x00000007420ce470,0x0000000745580000)
 Metaspace       used 15204K, capacity 15462K, committed 15744K, reserved 1062912K
  class space    used 1975K, capacity 2065K, committed 2176K, reserved 1048576K
Event: 31.304 GC heap after
Heap after GC invocations=9 (full 0):
 PSYoungGen      total 282112K, used 1856K [0x0000000795580000, 0x00000007b1680000, 0x00000007c0000000)
  eden space 266240K, 0% used [0x0000000795580000,0x0000000795580000,0x00000007a5980000)
  from space 15872K, 11% used [0x00000007a5980000,0x00000007a5b50030,0x00000007a6900000)
  to   space 16896K, 0% used [0x00000007b0600000,0x00000007b0600000,0x00000007b1680000)
 ParOldGen       total 87552K, used 35269K [0x0000000740000000, 0x0000000745580000, 0x0000000795580000)
  object space 87552K, 40% used [0x0000000740000000,0x00000007422714e0,0x0000000745580000)
 Metaspace       used 15204K, capacity 15462K, committed 15744K, reserved 1062912K
  class space    used 1975K, capacity 2065K, committed 2176K, reserved 1048576K
}
Event: 35.722 GC heap before
{Heap before GC invocations=10 (full 0):
 PSYoungGen      total 282112K, used 268096K [0x0000000795580000, 0x00000007b1680000, 0x00000007c0000000)
  eden space 266240K, 100% used [0x0000000795580000,0x00000007a5980000,0x00000007a5980000)
  from space 15872K, 11% used [0x00000007a5980000,0x00000007a5b50030,0x00000007a6900000)
  to   space 16896K, 0% used [0x00000007b0600000,0x00000007b0600000,0x00000007b1680000)
 ParOldGen       total 87552K, used 35269K [0x0000000740000000, 0x0000000745580000, 0x0000000795580000)
  object space 87552K, 40% used [0x0000000740000000,0x00000007422714e0,0x0000000745580000)
 Metaspace       used 15220K, capacity 15466K, committed 15744K, reserved 1062912K
  class space    used 1976K, capacity 2065K, committed 2176K, reserved 1048576K
Event: 35.759 GC heap after
Heap after GC invocations=10 (full 0):
 PSYoungGen      total 442368K, used 1952K [0x0000000795580000, 0x00000007b1780000, 0x00000007c0000000)
  eden space 425472K, 0% used [0x0000000795580000,0x0000000795580000,0x00000007af500000)
  from space 16896K, 11% used [0x00000007b0600000,0x00000007b07e8000,0x00000007b1680000)
  to   space 17408K, 0% used [0x00000007af500000,0x00000007af500000,0x00000007b0600000)
 ParOldGen       total 87552K, used 35573K [0x0000000740000000, 0x0000000745580000, 0x0000000795580000)
  object space 87552K, 40% used [0x0000000740000000,0x00000007422bd510,0x0000000745580000)
 Metaspace       used 15220K, capacity 15466K, committed 15744K, reserved 1062912K
  class space    used 1976K, capacity 2065K, committed 2176K, reserved 1048576K
}
Event: 39.168 GC heap before
{Heap before GC invocations=11 (full 0):
 PSYoungGen      total 442368K, used 427424K [0x0000000795580000, 0x00000007b1780000, 0x00000007c0000000)
  eden space 425472K, 100% used [0x0000000795580000,0x00000007af500000,0x00000007af500000)
  from space 16896K, 11% used [0x00000007b0600000,0x00000007b07e8000,0x00000007b1680000)
  to   space 17408K, 0% used [0x00000007af500000,0x00000007af500000,0x00000007b0600000)
 ParOldGen       total 87552K, used 35573K [0x0000000740000000, 0x0000000745580000, 0x0000000795580000)
  object space 87552K, 40% used [0x0000000740000000,0x00000007422bd510,0x0000000745580000)
 Metaspace       used 15221K, capacity 15466K, committed 15744K, reserved 1062912K
  class space    used 1976K, capacity 2065K, committed 2176K, reserved 1048576K
Event: 39.196 GC heap after
Heap after GC invocations=11 (full 0):
 PSYoungGen      total 442880K, used 4352K [0x0000000795580000, 0x00000007bff80000, 0x00000007c0000000)
  eden space 425472K, 0% used [0x0000000795580000,0x0000000795580000,0x00000007af500000)
  from space 17408K, 25% used [0x00000007af500000,0x00000007af940010,0x00000007b0600000)
  to   space 16896K, 0% used [0x00000007bef00000,0x00000007bef00000,0x00000007bff80000)
 ParOldGen       total 87552K, used 35865K [0x0000000740000000, 0x0000000745580000, 0x0000000795580000)
  object space 87552K, 40% used [0x0000000740000000,0x0000000742306540,0x0000000745580000)
 Metaspace       used 15221K, capacity 15466K, committed 15744K, reserved 1062912K
  class space    used 1976K, capacity 2065K, committed 2176K, reserved 1048576K
}
Event: 45.194 GC heap before
{Heap before GC invocations=12 (full 0):
 PSYoungGen      total 442880K, used 429824K [0x0000000795580000, 0x00000007bff80000, 0x00000007c0000000)
  eden space 425472K, 100% used [0x0000000795580000,0x00000007af500000,0x00000007af500000)
  from space 17408K, 25% used [0x00000007af500000,0x00000007af940010,0x00000007b0600000)
  to   space 16896K, 0% used [0x00000007bef00000,0x00000007bef00000,0x00000007bff80000)
 ParOldGen       total 87552K, used 35865K [0x0000000740000000, 0x0000000745580000, 0x0000000795580000)
  object space 87552K, 40% used [0x0000000740000000,0x0000000742306540,0x0000000745580000)
 Metaspace       used 15264K, capacity 15600K, committed 15744K, reserved 1062912K
  class space    used 1979K, capacity 2066K, committed 2176K, reserved 1048576K
Event: 45.223 GC heap after
Heap after GC invocations=12 (full 0):
 PSYoungGen      total 681472K, used 1952K [0x0000000795580000, 0x00000007bff80000, 0x00000007c0000000)
  eden space 664576K, 0% used [0x0000000795580000,0x0000000795580000,0x00000007bde80000)
  from space 16896K, 11% used [0x00000007bef00000,0x00000007bf0e8000,0x00000007bff80000)
  to   space 16896K, 0% used [0x00000007bde80000,0x00000007bde80000,0x00000007bef00000)
 ParOldGen       total 87552K, used 36145K [0x0000000740000000, 0x0000000745580000, 0x0000000795580000)
  object space 87552K, 41% used [0x0000000740000000,0x000000074234c540,0x0000000745580000)
 Metaspace       used 15264K, capacity 15600K, committed 15744K, reserved 1062912K
  class space    used 1979K, capacity 2066K, committed 2176K, reserved 1048576K
}
Event: 56.171 GC heap before
{Heap before GC invocations=13 (full 0):
 PSYoungGen      total 681472K, used 666528K [0x0000000795580000, 0x00000007bff80000, 0x00000007c0000000)
  eden space 664576K, 100% used [0x0000000795580000,0x00000007bde80000,0x00000007bde80000)
  from space 16896K, 11% used [0x00000007bef00000,0x00000007bf0e8000,0x00000007bff80000)
  to   space 16896K, 0% used [0x00000007bde80000,0x00000007bde80000,0x00000007bef00000)
 ParOldGen       total 87552K, used 36145K [0x0000000740000000, 0x0000000745580000, 0x0000000795580000)
  object space 87552K, 41% used [0x0000000740000000,0x000000074234c540,0x0000000745580000)
 Metaspace       used 15284K, capacity 15600K, committed 15744K, reserved 1062912K
  class space    used 1979K, capacity 2066K, committed 2176K, reserved 1048576K
Event: 56.187 GC heap after
Heap after GC invocations=13 (full 0):
 PSYoungGen      total 633856K, used 448K [0x0000000795580000, 0x00000007bef80000, 0x00000007c0000000)
  eden space 633344K, 0% used [0x0000000795580000,0x0000000795580000,0x00000007bc000000)
  from space 512K, 87% used [0x00000007bde80000,0x00000007bdef0000,0x00000007bdf00000)
  to   space 16896K, 0% used [0x00000007bdf00000,0x00000007bdf00000,0x00000007bef80000)
 ParOldGen       total 87552K, used 36481K [0x0000000740000000, 0x0000000745580000, 0x0000000795580000)
  object space 87552K, 41% used [0x0000000740000000,0x00000007423a0580,0x0000000745580000)
 Metaspace       used 15284K, capacity 15600K, committed 15744K, reserved 1062912K
  class space    used 1979K, capacity 2066K, committed 2176K, reserved 1048576K
}

Deoptimization events (10 events):
Event: 42.944 Thread 0x00007fc61d00c000 Uncommon trap: reason=class_check action=maybe_recompile pc=0x0000000114e27b78 method=org.apache.jena.rdf.model.impl.StatementImpl.<init>(Lorg/apache/jena/rdf/model/Resource;Lorg/apache/jena/rdf/model/Property;Lorg/apache/jena/rdf/model/RDFNode;Lorg/apach
Event: 43.357 Thread 0x00007fc61d00c000 Uncommon trap: reason=bimorphic action=maybe_recompile pc=0x0000000114e288a8 method=org.apache.jena.rdf.model.impl.StatementImpl.createObject(Lorg/apache/jena/graph/Node;Lorg/apache/jena/enhanced/EnhGraph;)Lorg/apache/jena/rdf/model/RDFNode; @ 1
Event: 43.357 Thread 0x00007fc61d00c000 Uncommon trap: reason=class_check action=maybe_recompile pc=0x0000000114e27b78 method=org.apache.jena.rdf.model.impl.StatementImpl.<init>(Lorg/apache/jena/rdf/model/Resource;Lorg/apache/jena/rdf/model/Property;Lorg/apache/jena/rdf/model/RDFNode;Lorg/apach
Event: 43.365 Thread 0x00007fc61d00c000 Uncommon trap: reason=unstable_if action=reinterpret pc=0x00000001148c3778 method=java.lang.AbstractStringBuilder.append(Ljava/lang/String;)Ljava/lang/AbstractStringBuilder; @ 1
Event: 43.368 Thread 0x00007fc61d00c000 Uncommon trap: reason=unstable_if action=reinterpret pc=0x000000011488342c method=java.lang.AbstractStringBuilder.append(Ljava/lang/String;)Ljava/lang/AbstractStringBuilder; @ 1
Event: 43.379 Thread 0x00007fc61d00c000 Uncommon trap: reason=bimorphic action=maybe_recompile pc=0x0000000114e288a8 method=org.apache.jena.rdf.model.impl.StatementImpl.createObject(Lorg/apache/jena/graph/Node;Lorg/apache/jena/enhanced/EnhGraph;)Lorg/apache/jena/rdf/model/RDFNode; @ 1
Event: 43.379 Thread 0x00007fc61d00c000 Uncommon trap: reason=class_check action=maybe_recompile pc=0x0000000114e27b78 method=org.apache.jena.rdf.model.impl.StatementImpl.<init>(Lorg/apache/jena/rdf/model/Resource;Lorg/apache/jena/rdf/model/Property;Lorg/apache/jena/rdf/model/RDFNode;Lorg/apach
Event: 44.114 Thread 0x00007fc61d00c000 Uncommon trap: reason=bimorphic action=maybe_recompile pc=0x0000000114e288a8 method=org.apache.jena.rdf.model.impl.StatementImpl.createObject(Lorg/apache/jena/graph/Node;Lorg/apache/jena/enhanced/EnhGraph;)Lorg/apache/jena/rdf/model/RDFNode; @ 1
Event: 44.114 Thread 0x00007fc61d00c000 Uncommon trap: reason=class_check action=maybe_recompile pc=0x0000000114e27b78 method=org.apache.jena.rdf.model.impl.StatementImpl.<init>(Lorg/apache/jena/rdf/model/Resource;Lorg/apache/jena/rdf/model/Property;Lorg/apache/jena/rdf/model/RDFNode;Lorg/apach
Event: 56.999 Thread 0x00007fc61d00c000 Uncommon trap: reason=unstable_if action=reinterpret pc=0x0000000114eac6e4 method=Annotation.AnnotaionQuestion(Lorg/apache/jena/ontology/OntModel;Ljava/lang/String;Ljava/lang/String;)Ljava/util/ArrayList; @ 468

Classes redefined (0 events):
No events

Internal exceptions (10 events):
Event: 0.964 Thread 0x00007fc61d00c000 Exception <a 'java/security/PrivilegedActionException'> (0x0000000795940658) thrown at [/Users/java_re/workspace/8-2-build-macosx-x86_64/jdk8u161/10277/hotspot/src/share/vm/prims/jvm.cpp, line 1390]
Event: 0.965 Thread 0x00007fc61d00c000 Exception <a 'java/security/PrivilegedActionException'> (0x0000000795943b70) thrown at [/Users/java_re/workspace/8-2-build-macosx-x86_64/jdk8u161/10277/hotspot/src/share/vm/prims/jvm.cpp, line 1390]
Event: 0.965 Thread 0x00007fc61d00c000 Exception <a 'java/security/PrivilegedActionException'> (0x0000000795943d80) thrown at [/Users/java_re/workspace/8-2-build-macosx-x86_64/jdk8u161/10277/hotspot/src/share/vm/prims/jvm.cpp, line 1390]
Event: 4.863 Thread 0x00007fc61d00c000 Exception <a 'java/lang/NoSuchMethodError': java.lang.Object.lambda$and$0(Ljava/util/function/Predicate;Ljava/lang/Object;)Z> (0x00000007971d27b8) thrown at [/Users/java_re/workspace/8-2-build-macosx-x86_64/jdk8u161/10277/hotspot/src/share/vm/interpreter/
Event: 7.117 Thread 0x00007fc61d00c000 Exception <a 'java/lang/NoSuchMethodError': java.lang.Object.lambda$negate$1(Ljava/lang/Object;)Z> (0x0000000796f66228) thrown at [/Users/java_re/workspace/8-2-build-macosx-x86_64/jdk8u161/10277/hotspot/src/share/vm/interpreter/linkResolver.cpp, line 620]
Event: 9.393 Thread 0x00007fc61d00c000 Implicit null exception at 0x0000000114be4583 to 0x0000000114be4e3d
Event: 42.212 Thread 0x00007fc61d00c000 Exception <a 'java/lang/NullPointerException'> (0x00000007a4251008) thrown at [/Users/java_re/workspace/8-2-build-macosx-x86_64/jdk8u161/10277/hotspot/src/share/vm/interpreter/linkResolver.cpp, line 1287]
Event: 42.212 Thread 0x00007fc61d00c000 Exception <a 'java/lang/NullPointerException'> (0x00000007a42533d0) thrown at [/Users/java_re/workspace/8-2-build-macosx-x86_64/jdk8u161/10277/hotspot/src/share/vm/interpreter/linkResolver.cpp, line 1287]
Event: 43.365 Thread 0x00007fc61d00c000 Implicit null exception at 0x00000001148c33b5 to 0x00000001148c3765
Event: 43.368 Thread 0x00007fc61d00c000 Implicit null exception at 0x0000000114883036 to 0x0000000114883415

Events (10 events):
Event: 45.223 Executing VM operation: ParallelGCFailedAllocation done
Event: 55.026 Thread 0x00007fc61d00c000 DEOPT PACKING pc=0x0000000114e7ca54 sp=0x000070000beed4a0
Event: 55.026 Thread 0x00007fc61d00c000 DEOPT UNPACKING pc=0x000000011467b0c4 sp=0x000070000beed4d8 mode 0
Event: 56.170 Executing VM operation: ParallelGCFailedAllocation
Event: 56.187 Executing VM operation: ParallelGCFailedAllocation done
Event: 56.999 Thread 0x00007fc61d00c000 Uncommon trap: trap_request=0xffffff65 fr.pc=0x0000000114eac6e4
Event: 56.999 Thread 0x00007fc61d00c000 DEOPT PACKING pc=0x0000000114eac6e4 sp=0x000070000beed750
Event: 56.999 Thread 0x00007fc61d00c000 DEOPT UNPACKING pc=0x000000011467947a sp=0x000070000beed768 mode 2
Event: 62.152 Thread 0x00007fc61d00c000 DEOPT PACKING pc=0x0000000114ebea84 sp=0x000070000beed4a0
Event: 62.152 Thread 0x00007fc61d00c000 DEOPT UNPACKING pc=0x000000011467b0c4 sp=0x000070000beed4d8 mode 0


Dynamic libraries:
0x00000000199fd000 	/System/Library/Frameworks/Cocoa.framework/Versions/A/Cocoa
0x00000000199fd000 	/System/Library/Frameworks/Security.framework/Versions/A/Security
0x00000000199fd000 	/System/Library/Frameworks/ApplicationServices.framework/Versions/A/ApplicationServices
0x00000000199fd000 	/usr/lib/libz.1.dylib
0x00000000199fd000 	/usr/lib/libSystem.B.dylib
0x00000000199fd000 	/usr/lib/libobjc.A.dylib
0x00000000199fd000 	/System/Library/Frameworks/CoreFoundation.framework/Versions/A/CoreFoundation
0x00000000199fd000 	/System/Library/Frameworks/Foundation.framework/Versions/C/Foundation
0x00000000199fd000 	/System/Library/Frameworks/AppKit.framework/Versions/C/AppKit
0x00000000199fd000 	/System/Library/Frameworks/CoreData.framework/Versions/A/CoreData
0x00000000199fd000 	/System/Library/PrivateFrameworks/RemoteViewServices.framework/Versions/A/RemoteViewServices
0x00000000199fd000 	/System/Library/PrivateFrameworks/UIFoundation.framework/Versions/A/UIFoundation
0x00000000199fd000 	/System/Library/PrivateFrameworks/DFRFoundation.framework/Versions/A/DFRFoundation
0x00000000199fd000 	/usr/lib/libenergytrace.dylib
0x00000000199fd000 	/System/Library/PrivateFrameworks/SkyLight.framework/Versions/A/SkyLight
0x00000000199fd000 	/System/Library/Frameworks/CoreGraphics.framework/Versions/A/CoreGraphics
0x00000000199fd000 	/usr/lib/libScreenReader.dylib
0x00000000199fd000 	/System/Library/Frameworks/Accelerate.framework/Versions/A/Accelerate
0x00000000199fd000 	/System/Library/Frameworks/IOSurface.framework/Versions/A/IOSurface
0x00000000199fd000 	/System/Library/Frameworks/AudioToolbox.framework/Versions/A/AudioToolbox
0x00000000199fd000 	/System/Library/Frameworks/AudioUnit.framework/Versions/A/AudioUnit
0x00000000199fd000 	/System/Library/PrivateFrameworks/DataDetectorsCore.framework/Versions/A/DataDetectorsCore
0x00000000199fd000 	/System/Library/PrivateFrameworks/DesktopServicesPriv.framework/Versions/A/DesktopServicesPriv
0x00000000199fd000 	/System/Library/Frameworks/Carbon.framework/Versions/A/Frameworks/HIToolbox.framework/Versions/A/HIToolbox
0x00000000199fd000 	/usr/lib/libicucore.A.dylib
0x00000000199fd000 	/System/Library/Frameworks/QuartzCore.framework/Versions/A/QuartzCore
0x00000000199fd000 	/System/Library/Frameworks/Carbon.framework/Versions/A/Frameworks/SpeechRecognition.framework/Versions/A/SpeechRecognition
0x00000000199fd000 	/usr/lib/libauto.dylib
0x00000000199fd000 	/usr/lib/libxml2.2.dylib
0x00000000199fd000 	/System/Library/PrivateFrameworks/CoreUI.framework/Versions/A/CoreUI
0x00000000199fd000 	/System/Library/Frameworks/CoreAudio.framework/Versions/A/CoreAudio
0x00000000199fd000 	/System/Library/Frameworks/DiskArbitration.framework/Versions/A/DiskArbitration
0x00000000199fd000 	/usr/lib/liblangid.dylib
0x00000000199fd000 	/System/Library/PrivateFrameworks/MultitouchSupport.framework/Versions/A/MultitouchSupport
0x00000000199fd000 	/System/Library/Frameworks/IOKit.framework/Versions/A/IOKit
0x00000000199fd000 	/usr/lib/libDiagnosticMessagesClient.dylib
0x00000000199fd000 	/System/Library/Frameworks/CoreServices.framework/Versions/A/CoreServices
0x00000000199fd000 	/System/Library/PrivateFrameworks/PerformanceAnalysis.framework/Versions/A/PerformanceAnalysis
0x00000000199fd000 	/System/Library/PrivateFrameworks/GenerationalStorage.framework/Versions/A/GenerationalStorage
0x00000000199fd000 	/System/Library/Frameworks/OpenGL.framework/Versions/A/OpenGL
0x00000000199fd000 	/System/Library/Frameworks/CoreImage.framework/Versions/A/CoreImage
0x00000000199fd000 	/System/Library/Frameworks/CoreText.framework/Versions/A/CoreText
0x00000000199fd000 	/System/Library/Frameworks/ImageIO.framework/Versions/A/ImageIO
0x00000000199fd000 	/System/Library/PrivateFrameworks/Backup.framework/Versions/A/Backup
0x00000000199fd000 	/usr/lib/libarchive.2.dylib
0x00000000199fd000 	/System/Library/Frameworks/CFNetwork.framework/Versions/A/CFNetwork
0x00000000199fd000 	/System/Library/Frameworks/SystemConfiguration.framework/Versions/A/SystemConfiguration
0x00000000199fd000 	/usr/lib/libCRFSuite.dylib
0x00000000199fd000 	/usr/lib/libc++.1.dylib
0x00000000199fd000 	/usr/lib/libc++abi.dylib
0x00000000199fd000 	/usr/lib/system/libcache.dylib
0x00000000199fd000 	/usr/lib/system/libcommonCrypto.dylib
0x00000000199fd000 	/usr/lib/system/libcompiler_rt.dylib
0x00000000199fd000 	/usr/lib/system/libcopyfile.dylib
0x00000000199fd000 	/usr/lib/system/libcorecrypto.dylib
0x00000000199fd000 	/usr/lib/system/libdispatch.dylib
0x00000000199fd000 	/usr/lib/system/libdyld.dylib
0x00000000199fd000 	/usr/lib/system/libkeymgr.dylib
0x00000000199fd000 	/usr/lib/system/liblaunch.dylib
0x00000000199fd000 	/usr/lib/system/libmacho.dylib
0x00000000199fd000 	/usr/lib/system/libquarantine.dylib
0x00000000199fd000 	/usr/lib/system/libremovefile.dylib
0x00000000199fd000 	/usr/lib/system/libsystem_asl.dylib
0x00000000199fd000 	/usr/lib/system/libsystem_blocks.dylib
0x00000000199fd000 	/usr/lib/system/libsystem_c.dylib
0x00000000199fd000 	/usr/lib/system/libsystem_configuration.dylib
0x00000000199fd000 	/usr/lib/system/libsystem_coreservices.dylib
0x00000000199fd000 	/usr/lib/system/libsystem_coretls.dylib
0x00000000199fd000 	/usr/lib/system/libsystem_dnssd.dylib
0x00000000199fd000 	/usr/lib/system/libsystem_info.dylib
0x00000000199fd000 	/usr/lib/system/libsystem_kernel.dylib
0x00000000199fd000 	/usr/lib/system/libsystem_m.dylib
0x00000000199fd000 	/usr/lib/system/libsystem_malloc.dylib
0x00000000199fd000 	/usr/lib/system/libsystem_network.dylib
0x00000000199fd000 	/usr/lib/system/libsystem_networkextension.dylib
0x00000000199fd000 	/usr/lib/system/libsystem_notify.dylib
0x00000000199fd000 	/usr/lib/system/libsystem_platform.dylib
0x00000000199fd000 	/usr/lib/system/libsystem_pthread.dylib
0x00000000199fd000 	/usr/lib/system/libsystem_sandbox.dylib
0x00000000199fd000 	/usr/lib/system/libsystem_secinit.dylib
0x00000000199fd000 	/usr/lib/system/libsystem_symptoms.dylib
0x00000000199fd000 	/usr/lib/system/libsystem_trace.dylib
0x00000000199fd000 	/usr/lib/system/libunwind.dylib
0x00000000199fd000 	/usr/lib/system/libxpc.dylib
0x00000000199fd000 	/usr/lib/libbsm.0.dylib
0x00000000199fd000 	/usr/lib/system/libkxld.dylib
0x00000000199fd000 	/usr/lib/libcoretls.dylib
0x00000000199fd000 	/usr/lib/libcoretls_cfhelpers.dylib
0x00000000199fd000 	/usr/lib/libOpenScriptingUtil.dylib
0x00000000199fd000 	/usr/lib/libpam.2.dylib
0x00000000199fd000 	/usr/lib/libsqlite3.dylib
0x00000000199fd000 	/usr/lib/libxar.1.dylib
0x00000000199fd000 	/usr/lib/libbz2.1.0.dylib
0x00000000199fd000 	/usr/lib/liblzma.5.dylib
0x00000000199fd000 	/usr/lib/libnetwork.dylib
0x00000000199fd000 	/usr/lib/libpcap.A.dylib
0x00000000199fd000 	/System/Library/Frameworks/CoreServices.framework/Versions/A/Frameworks/FSEvents.framework/Versions/A/FSEvents
0x00000000199fd000 	/System/Library/Frameworks/CoreServices.framework/Versions/A/Frameworks/CarbonCore.framework/Versions/A/CarbonCore
0x00000000199fd000 	/System/Library/Frameworks/CoreServices.framework/Versions/A/Frameworks/Metadata.framework/Versions/A/Metadata
0x00000000199fd000 	/System/Library/Frameworks/CoreServices.framework/Versions/A/Frameworks/OSServices.framework/Versions/A/OSServices
0x00000000199fd000 	/System/Library/Frameworks/CoreServices.framework/Versions/A/Frameworks/SearchKit.framework/Versions/A/SearchKit
0x00000000199fd000 	/System/Library/Frameworks/CoreServices.framework/Versions/A/Frameworks/AE.framework/Versions/A/AE
0x00000000199fd000 	/System/Library/Frameworks/CoreServices.framework/Versions/A/Frameworks/LaunchServices.framework/Versions/A/LaunchServices
0x00000000199fd000 	/System/Library/Frameworks/CoreServices.framework/Versions/A/Frameworks/DictionaryServices.framework/Versions/A/DictionaryServices
0x00000000199fd000 	/System/Library/Frameworks/CoreServices.framework/Versions/A/Frameworks/SharedFileList.framework/Versions/A/SharedFileList
0x00000000199fd000 	/System/Library/Frameworks/NetFS.framework/Versions/A/NetFS
0x00000000199fd000 	/System/Library/PrivateFrameworks/NetAuth.framework/Versions/A/NetAuth
0x00000000199fd000 	/System/Library/PrivateFrameworks/login.framework/Versions/A/Frameworks/loginsupport.framework/Versions/A/loginsupport
0x00000000199fd000 	/System/Library/PrivateFrameworks/TCC.framework/Versions/A/TCC
0x00000000199fd000 	/usr/lib/libmecabra.dylib
0x00000000199fd000 	/System/Library/Frameworks/ApplicationServices.framework/Versions/A/Frameworks/ATS.framework/Versions/A/ATS
0x00000000199fd000 	/System/Library/Frameworks/ApplicationServices.framework/Versions/A/Frameworks/ColorSync.framework/Versions/A/ColorSync
0x00000000199fd000 	/System/Library/Frameworks/ApplicationServices.framework/Versions/A/Frameworks/HIServices.framework/Versions/A/HIServices
0x00000000199fd000 	/System/Library/Frameworks/ApplicationServices.framework/Versions/A/Frameworks/LangAnalysis.framework/Versions/A/LangAnalysis
0x00000000199fd000 	/System/Library/Frameworks/ApplicationServices.framework/Versions/A/Frameworks/PrintCore.framework/Versions/A/PrintCore
0x00000000199fd000 	/System/Library/Frameworks/ApplicationServices.framework/Versions/A/Frameworks/QD.framework/Versions/A/QD
0x00000000199fd000 	/System/Library/Frameworks/ApplicationServices.framework/Versions/A/Frameworks/SpeechSynthesis.framework/Versions/A/SpeechSynthesis
0x00000000199fd000 	/System/Library/Frameworks/Accelerate.framework/Versions/A/Frameworks/vImage.framework/Versions/A/vImage
0x00000000199fd000 	/System/Library/Frameworks/Accelerate.framework/Versions/A/Frameworks/vecLib.framework/Versions/A/vecLib
0x00000000199fd000 	/System/Library/Frameworks/Accelerate.framework/Versions/A/Frameworks/vecLib.framework/Versions/A/libvDSP.dylib
0x00000000199fd000 	/System/Library/Frameworks/Accelerate.framework/Versions/A/Frameworks/vecLib.framework/Versions/A/libBNNS.dylib
0x00000000199fd000 	/System/Library/Frameworks/Accelerate.framework/Versions/A/Frameworks/vecLib.framework/Versions/A/libQuadrature.dylib
0x00000000199fd000 	/System/Library/Frameworks/Accelerate.framework/Versions/A/Frameworks/vecLib.framework/Versions/A/libvMisc.dylib
0x00000000199fd000 	/System/Library/Frameworks/Accelerate.framework/Versions/A/Frameworks/vecLib.framework/Versions/A/libLAPACK.dylib
0x00000000199fd000 	/System/Library/Frameworks/Accelerate.framework/Versions/A/Frameworks/vecLib.framework/Versions/A/libBLAS.dylib
0x00000000199fd000 	/System/Library/Frameworks/Accelerate.framework/Versions/A/Frameworks/vecLib.framework/Versions/A/libLinearAlgebra.dylib
0x00000000199fd000 	/System/Library/Frameworks/Accelerate.framework/Versions/A/Frameworks/vecLib.framework/Versions/A/libSparseBLAS.dylib
0x00000000199fd000 	/System/Library/Frameworks/ApplicationServices.framework/Versions/A/Frameworks/ATS.framework/Versions/A/Resources/libFontParser.dylib
0x00000000199fd000 	/System/Library/Frameworks/ApplicationServices.framework/Versions/A/Frameworks/ATS.framework/Versions/A/Resources/libFontRegistry.dylib
0x00000000199fd000 	/System/Library/Frameworks/ImageIO.framework/Versions/A/Resources/libJPEG.dylib
0x00000000199fd000 	/System/Library/Frameworks/ImageIO.framework/Versions/A/Resources/libTIFF.dylib
0x00000000199fd000 	/System/Library/Frameworks/ImageIO.framework/Versions/A/Resources/libPng.dylib
0x00000000199fd000 	/System/Library/Frameworks/ImageIO.framework/Versions/A/Resources/libGIF.dylib
0x00000000199fd000 	/System/Library/Frameworks/ImageIO.framework/Versions/A/Resources/libJP2.dylib
0x00000000199fd000 	/System/Library/Frameworks/ImageIO.framework/Versions/A/Resources/libRadiance.dylib
0x00000000199fd000 	/usr/lib/libcompression.dylib
0x00000000199fd000 	/System/Library/PrivateFrameworks/AppleJPEG.framework/Versions/A/AppleJPEG
0x00000000199fd000 	/usr/lib/libcups.2.dylib
0x00000000199fd000 	/System/Library/Frameworks/Kerberos.framework/Versions/A/Kerberos
0x00000000199fd000 	/System/Library/Frameworks/GSS.framework/Versions/A/GSS
0x00000000199fd000 	/usr/lib/libresolv.9.dylib
0x00000000199fd000 	/usr/lib/libiconv.2.dylib
0x00000000199fd000 	/System/Library/PrivateFrameworks/Heimdal.framework/Versions/A/Heimdal
0x00000000199fd000 	/usr/lib/libheimdal-asn1.dylib
0x00000000199fd000 	/System/Library/Frameworks/OpenDirectory.framework/Versions/A/OpenDirectory
0x00000000199fd000 	/System/Library/PrivateFrameworks/CommonAuth.framework/Versions/A/CommonAuth
0x00000000199fd000 	/System/Library/Frameworks/OpenDirectory.framework/Versions/A/Frameworks/CFOpenDirectory.framework/Versions/A/CFOpenDirectory
0x00000000199fd000 	/System/Library/Frameworks/SecurityFoundation.framework/Versions/A/SecurityFoundation
0x00000000199fd000 	/System/Library/PrivateFrameworks/LanguageModeling.framework/Versions/A/LanguageModeling
0x00000000199fd000 	/usr/lib/libmarisa.dylib
0x00000000199fd000 	/usr/lib/libChineseTokenizer.dylib
0x00000000199fd000 	/usr/lib/libcmph.dylib
0x00000000199fd000 	/System/Library/PrivateFrameworks/CoreEmoji.framework/Versions/A/CoreEmoji
0x00000000199fd000 	/System/Library/Frameworks/ServiceManagement.framework/Versions/A/ServiceManagement
0x00000000199fd000 	/usr/lib/libxslt.1.dylib
0x00000000199fd000 	/System/Library/Frameworks/Carbon.framework/Versions/A/Frameworks/Ink.framework/Versions/A/Ink
0x00000000199fd000 	/System/Library/PrivateFrameworks/TextureIO.framework/Versions/A/TextureIO
0x00000000199fd000 	/System/Library/Frameworks/Metal.framework/Versions/A/Metal
0x00000000199fd000 	/usr/lib/libate.dylib
0x00000000199fd000 	/System/Library/PrivateFrameworks/GPUCompiler.framework/libmetal_timestamp.dylib
0x00000000199fd000 	/System/Library/Frameworks/OpenGL.framework/Versions/A/Libraries/libCoreFSCache.dylib
0x00000000199fd000 	/System/Library/PrivateFrameworks/IOAccelerator.framework/Versions/A/IOAccelerator
0x00000000199fd000 	/System/Library/Frameworks/CoreVideo.framework/Versions/A/CoreVideo
0x00000000199fd000 	/usr/lib/libFosl_dynamic.dylib
0x00000000199fd000 	/System/Library/PrivateFrameworks/MetalPerformanceShaders.framework/Versions/A/MetalPerformanceShaders
0x00000000199fd000 	/System/Library/PrivateFrameworks/FaceCore.framework/Versions/A/FaceCore
0x00000000199fd000 	/System/Library/Frameworks/OpenCL.framework/Versions/A/OpenCL
0x00000000199fd000 	/System/Library/Frameworks/OpenGL.framework/Versions/A/Libraries/libGLU.dylib
0x00000000199fd000 	/System/Library/Frameworks/OpenGL.framework/Versions/A/Libraries/libGFXShared.dylib
0x00000000199fd000 	/System/Library/Frameworks/OpenGL.framework/Versions/A/Libraries/libGL.dylib
0x00000000199fd000 	/System/Library/Frameworks/OpenGL.framework/Versions/A/Libraries/libGLImage.dylib
0x00000000199fd000 	/System/Library/Frameworks/OpenGL.framework/Versions/A/Libraries/libCVMSPluginSupport.dylib
0x00000000199fd000 	/System/Library/Frameworks/OpenGL.framework/Versions/A/Libraries/libCoreVMClient.dylib
0x00000000199fd000 	/System/Library/PrivateFrameworks/CrashReporterSupport.framework/Versions/A/CrashReporterSupport
0x00000000199fd000 	/System/Library/PrivateFrameworks/Sharing.framework/Versions/A/Sharing
0x00000000199fd000 	/System/Library/PrivateFrameworks/IconServices.framework/Versions/A/IconServices
0x00000000199fd000 	/System/Library/PrivateFrameworks/ProtocolBuffer.framework/Versions/A/ProtocolBuffer
0x00000000199fd000 	/System/Library/PrivateFrameworks/Apple80211.framework/Versions/A/Apple80211
0x00000000199fd000 	/System/Library/Frameworks/CoreWLAN.framework/Versions/A/CoreWLAN
0x00000000199fd000 	/System/Library/PrivateFrameworks/CoreUtils.framework/Versions/A/CoreUtils
0x00000000199fd000 	/System/Library/Frameworks/IOBluetooth.framework/Versions/A/IOBluetooth
0x00000000199fd000 	/System/Library/PrivateFrameworks/CoreWiFi.framework/Versions/A/CoreWiFi
0x00000000199fd000 	/System/Library/Frameworks/CoreBluetooth.framework/Versions/A/CoreBluetooth
0x00000000199fd000 	/System/Library/Frameworks/CoreDisplay.framework/Versions/A/CoreDisplay
0x00000000199fd000 	/System/Library/PrivateFrameworks/IOPresentment.framework/Versions/A/IOPresentment
0x00000000199fd000 	/System/Library/PrivateFrameworks/DSExternalDisplay.framework/Versions/A/DSExternalDisplay
0x00000000199fd000 	/System/Library/PrivateFrameworks/DebugSymbols.framework/Versions/A/DebugSymbols
0x00000000199fd000 	/System/Library/PrivateFrameworks/CoreSymbolication.framework/Versions/A/CoreSymbolication
0x00000000199fd000 	/System/Library/PrivateFrameworks/Symbolication.framework/Versions/A/Symbolication
0x00000000199fd000 	/System/Library/PrivateFrameworks/AppleFSCompression.framework/Versions/A/AppleFSCompression
0x00000000199fd000 	/System/Library/PrivateFrameworks/SpeechRecognitionCore.framework/Versions/A/SpeechRecognitionCore
0x00000000199fd000 	/System/Library/PrivateFrameworks/ChunkingLibrary.framework/Versions/A/ChunkingLibrary
0x000000010b7f6000 	/Library/Java/JavaVirtualMachines/jdk1.8.0_161.jdk/Contents/Home/jre/lib/server/libjvm.dylib
0x00000000199fd000 	/usr/lib/libstdc++.6.dylib
0x000000010c7a4000 	/Library/Java/JavaVirtualMachines/jdk1.8.0_161.jdk/Contents/Home/jre/lib/libverify.dylib
0x000000010c7b2000 	/Library/Java/JavaVirtualMachines/jdk1.8.0_161.jdk/Contents/Home/jre/lib/libjava.dylib
0x000000010c7f2000 	/Library/Java/JavaVirtualMachines/jdk1.8.0_161.jdk/Contents/Home/jre/lib/libzip.dylib
0x0000000113029000 	/Library/Java/JavaVirtualMachines/jdk1.8.0_161.jdk/Contents/Home/jre/lib/libnio.dylib
0x0000000113039000 	/Library/Java/JavaVirtualMachines/jdk1.8.0_161.jdk/Contents/Home/jre/lib/./libnet.dylib

VM Arguments:
java_command: /Users/mohammadomar/Desktop/node-js-getting-started/ont.jar /Users/mohammadomar/Desktop/node-js-getting-started/ontologies/prop.owl /Users/mohammadomar/Desktop/node-js-getting-started/questions/ ANNOTFEEDBACK.json
java_class_path (initial): /Users/mohammadomar/Desktop/node-js-getting-started/ont.jar
Launcher Type: SUN_STANDARD

Environment Variables:
PATH=/Users/mohammadomar/.npm-packages/lib/node_modules/npm/bin/node-gyp-bin:/Users/mohammadomar/Desktop/node-js-getting-started/node_modules/.bin:/Users/mohammadomar/.npm-packages/bin:/usr/local/bin:/usr/bin:/bin:/usr/sbin:/sbin:/Users/mohammadomar/.npm-packages/bin
SHELL=/bin/bash

Signal Handlers:
SIGSEGV: [libjvm.dylib+0x5b5439], sa_mask[0]=11111111011111110111111111111111, sa_flags=SA_ONSTACK|SA_RESTART|SA_SIGINFO
SIGBUS: [libjvm.dylib+0x5b5439], sa_mask[0]=11111111011111110111111111111111, sa_flags=SA_RESTART|SA_SIGINFO
SIGFPE: [libjvm.dylib+0x48ae24], sa_mask[0]=11111111011111110111111111111111, sa_flags=SA_RESTART|SA_SIGINFO
SIGPIPE: [libjvm.dylib+0x48ae24], sa_mask[0]=11111111011111110111111111111111, sa_flags=SA_RESTART|SA_SIGINFO
SIGXFSZ: [libjvm.dylib+0x48ae24], sa_mask[0]=11111111011111110111111111111111, sa_flags=SA_RESTART|SA_SIGINFO
SIGILL: [libjvm.dylib+0x48ae24], sa_mask[0]=11111111011111110111111111111111, sa_flags=SA_RESTART|SA_SIGINFO
SIGUSR1: SIG_DFL, sa_mask[0]=11111111011111110111111111111111, sa_flags=none
SIGUSR2: [libjvm.dylib+0x48a942], sa_mask[0]=00000000000000000000000000000000, sa_flags=SA_RESTART|SA_SIGINFO
SIGHUP: [libjvm.dylib+0x488f0d], sa_mask[0]=11111111011111110111111111111111, sa_flags=SA_RESTART|SA_SIGINFO
SIGINT: [libjvm.dylib+0x488f0d], sa_mask[0]=11111111011111110111111111111111, sa_flags=SA_RESTART|SA_SIGINFO
SIGTERM: [libjvm.dylib+0x488f0d], sa_mask[0]=11111111011111110111111111111111, sa_flags=SA_RESTART|SA_SIGINFO
SIGQUIT: [libjvm.dylib+0x488f0d], sa_mask[0]=11111111011111110111111111111111, sa_flags=SA_RESTART|SA_SIGINFO


---------------  S Y S T E M  ---------------

OS:Bsduname:Darwin 16.7.0 Darwin Kernel Version 16.7.0: Thu Jan 11 22:59:40 PST 2018; root:xnu-3789.73.8~1/RELEASE_X86_64 x86_64
rlimit: STACK 8192k, CORE 0k, NPROC 709, NOFILE 10240, AS infinity
load average:11.36 5.58 4.09

CPU:total 2 (initial active 2) (2 cores per cpu, 1 threads per core) family 6 model 23 stepping 10, cmov, cx8, fxsr, mmx, sse, sse2, sse3, ssse3, sse4.1, tsc

Memory: 4k page, physical 8388608k(761312k free)

/proc/meminfo:


vm_info: Java HotSpot(TM) 64-Bit Server VM (25.161-b12) for bsd-amd64 JRE (1.8.0_161-b12), built on Dec 19 2017 16:22:20 by "java_re" with gcc 4.2.1 (Based on Apple Inc. build 5658) (LLVM build 2336.11.00)

time: Wed May 16 15:32:46 2018
elapsed time: 65 seconds (0d 0h 1m 5s)

