#
# A fatal error has been detected by the Java Runtime Environment:
#
#  SIGSEGV (0xb) at pc=0x000000010fbcc970, pid=1510, tid=0x0000000000000307
#
# JRE version: Java(TM) SE Runtime Environment (8.0_161-b12) (build 1.8.0_161-b12)
# Java VM: Java HotSpot(TM) 64-Bit Server VM (25.161-b12 mixed mode bsd-amd64 compressed oops)
# Problematic frame:
# V  [libjvm.dylib+0x48a970]  SR_handler(int, __siginfo*, __darwin_ucontext*)+0x2e
#
# Failed to write core dump. Core dumps have been disabled. To enable core dumping, try "ulimit -c unlimited" before starting Java again
#
# If you would like to submit a bug report, please visit:
#   http://bugreport.java.com/bugreport/crash.jsp
#

---------------  T H R E A D  ---------------

Current thread is native thread

siginfo: si_signo: 11 (SIGSEGV), si_code: 1 (SEGV_MAPERR), si_addr: 0x0000000000000128

Registers:
RAX=0x0000000000000000, RBX=0x00007fff50568d30, RCX=0x00007fffa6a78408, RDX=0x00007fff50568d30
RSP=0x00007fff50568860, RBP=0x00007fff50568890, RSI=0x00007fff50568cc8, RDI=0x0000000000000103
R8 =0x00007fff50568d30, R9 =0x00000000ffffffff, R10=0x0000000000000c00, R11=0x0000000000000206
R12=0x0000000000000c00, R13=0x0000000000000000, R14=0x00007fff50568cc8, R15=0x0000000000000002
RIP=0x000000010fbcc970, EFLAGS=0x0000000000010202, ERR=0x0000000000000004
  TRAPNO=0x000000000000000e

Top of Stack: (sp=0x00007fff50568860)
0x00007fff50568860:   0000000000000000 00007fff50568d30
0x00007fff50568870:   0000000000000c00 0000000000000000
0x00007fff50568880:   00007fff50568f60 0000000000001203
0x00007fff50568890:   00007fff505688a0 00007fff9dd0fb3a
0x00007fff505688a0:   00007fff50568e30 000000000001b000
0x00007fff505688b0:   0001b100a33a4978 00007fffa690e2d0
0x00007fff505688c0:   0100001f00000085 00007fff87f33260
0x00007fff505688d0:   0000000010004005 00000000ffffffff
0x00007fff505688e0:   00007fff50568de8 0000000000000000
0x00007fff505688f0:   00007fff50568f60 0000000007000806
0x00007fff50568900:   00007fff50568e30 00007fff50568de8
0x00007fff50568910:   0000000000001203 00000000ffffffff
0x00007fff50568920:   0000000000000c00 0000000000000206
0x00007fff50568930:   0000000000000c00 0000000000000000
0x00007fff50568940:   00007fff50568f60 0000000000001203
0x00007fff50568950:   00007fff9dc2734a 0000000000000206
0x00007fff50568960:   0000000000000007 0000000000000000
0x00007fff50568970:   0000000000000000 0000000000000000
0x00007fff50568980:   000000000000037f 0000000000000000
0x00007fff50568990:   0000000000000000 0000ffff00001fa0
0x00007fff505689a0:   0000000000000000 000000000000ffff
0x00007fff505689b0:   0000000000000000 0000000000000000
0x00007fff505689c0:   0000000000000000 0000000000000000
0x00007fff505689d0:   00cf93000000ffff 000000000000ffff
0x00007fff505689e0:   ea600009d4951800 0000000000004008
0x00007fff505689f0:   aa0c80069ad42800 000000000000400d
0x00007fff50568a00:   995200044d013a80 000000000000400d
0x00007fff50568a10:   8801100000024800 000000000000c033
0x00007fff50568a20:   41c0573af69db4ee 0000000000000000
0x00007fff50568a30:   41c0573af6800000 0000000000000000
0x00007fff50568a40:   c3de3f87d48c2230 439c0782b73ddd06
0x00007fff50568a50:   67726f2e65686361 736e6f6d6d6f632f 

Instructions: (pc=0x000000010fbcc970)
0x000000010fbcc950:   83 ec 08 48 89 d3 49 89 f6 e8 bc 46 14 00 44 8b
0x000000010fbcc960:   38 48 8d 05 a8 18 3b 00 48 63 38 e8 8c 49 14 00
0x000000010fbcc970:   4c 8b a0 28 01 00 00 41 83 7c 24 34 01 0f 85 e2
0x000000010fbcc980:   00 00 00 49 89 5c 24 40 4d 89 74 24 38 49 8d 5c 

Register to memory mapping:

RAX=0x0000000000000000 is an unknown value
RBX=0x00007fff50568d30 is an unknown value
RCX=0x00007fffa6a78408: _thread+0x48 in /usr/lib/system/libsystem_pthread.dylib at 0x00007fff9dd16000
RDX=0x00007fff50568d30 is an unknown value
RSP=0x00007fff50568860 is an unknown value
RBP=0x00007fff50568890 is an unknown value
RSI=0x00007fff50568cc8 is an unknown value
RDI=0x0000000000000103 is an unknown value
R8 =0x00007fff50568d30 is an unknown value
R9 =0x00000000ffffffff is an unknown value
R10=0x0000000000000c00 is an unknown value
R11=0x0000000000000206 is an unknown value
R12=0x0000000000000c00 is an unknown value
R13=0x0000000000000000 is an unknown value
R14=0x00007fff50568cc8 is an unknown value
R15=0x0000000000000002 is an unknown value


Stack: [0x00007fff4fd6d000,0x00007fff5056d000],  sp=0x00007fff50568860,  free space=8174k
Native frames: (J=compiled Java code, j=interpreted, Vv=VM code, C=native code)
V  [libjvm.dylib+0x48a970]  SR_handler(int, __siginfo*, __darwin_ucontext*)+0x2e
C  [libsystem_platform.dylib+0x2b3a]  _sigtramp+0x1a
C  0x000000000001b000
C  [CoreFoundation+0x85874]  __CFRunLoopServiceMachPort+0xd4
C  [CoreFoundation+0x84cf1]  __CFRunLoopRun+0x551
C  [CoreFoundation+0x84544]  CFRunLoopRunSpecific+0x1a4
C  [java+0x647a]  CreateExecutionEnvironment+0x367
C  [java+0x212c]  JLI_Launch+0x7a0
C  [java+0x84d7]  main+0x65
C  [java+0x1984]  start+0x34


---------------  P R O C E S S  ---------------

VM state:not at safepoint (normal execution)

VM Mutex/Monitor currently owned by a thread: None

Heap:
 PSYoungGen      total 71680K, used 19265K [0x0000000795580000, 0x000000079a080000, 0x00000007c0000000)
  eden space 66560K, 21% used [0x0000000795580000,0x00000007963bcae0,0x0000000799680000)
  from space 5120K, 91% used [0x0000000799b80000,0x000000079a013940,0x000000079a080000)
  to   space 5120K, 0% used [0x0000000799680000,0x0000000799680000,0x0000000799b80000)
 ParOldGen       total 87552K, used 6997K [0x0000000740000000, 0x0000000745580000, 0x0000000795580000)
  object space 87552K, 7% used [0x0000000740000000,0x00000007406d5650,0x0000000745580000)
 Metaspace       used 15185K, capacity 15412K, committed 15744K, reserved 1062912K
  class space    used 1970K, capacity 2056K, committed 2176K, reserved 1048576K

Card table byte_map: [0x0000000110fc0000,0x00000001113c1000] byte_map_base: 0x000000010d5c0000

Marking Bits: (ParMarkBitMap*) 0x00000001100396c0
 Begin Bits: [0x000000011166c000, 0x000000011366c000)
 End Bits:   [0x000000011366c000, 0x000000011566c000)

Polling page: 0x0000000110734000

CodeCache: size=245760Kb used=5960Kb max_used=5974Kb free=239799Kb
 bounds [0x000000011b47f000, 0x000000011ba5f000, 0x000000012a47f000]
 total_blobs=2129 nmethods=1788 adapters=256
 compilation: enabled

Compilation events (10 events):
Event: 18.480 Thread 0x00007fbdb5043000 1829       2       org.apache.jena.reasoner.BaseInfGraph::getPrefixMapping (10 bytes)
Event: 18.480 Thread 0x00007fbdb5043000 nmethod 1829 0x000000011ba47750 code [0x000000011ba478c0, 0x000000011ba47a48]
Event: 18.482 Thread 0x00007fbdb5043000 1830       2       org.apache.jena.graph.compose.PolyadicPrefixMappingImpl::getBaseMapping (26 bytes)
Event: 18.482 Thread 0x00007fbdb5043000 nmethod 1830 0x000000011ba47310 code [0x000000011ba47480, 0x000000011ba47658]
Event: 18.490 Thread 0x00007fbdb5043000 1831       2       org.apache.jena.rdf.model.impl.StmtIteratorImpl::nextStatement (5 bytes)
Event: 18.490 Thread 0x00007fbdb5043000 nmethod 1831 0x000000011ba46e90 code [0x000000011ba47000, 0x000000011ba47208]
Event: 18.490 Thread 0x00007fbdb5043000 1832   !   2       org.apache.jena.rdf.model.impl.ModelCom::getProperty (52 bytes)
Event: 18.529 Thread 0x00007fbdb5043000 nmethod 1832 0x000000011ba45f90 code [0x000000011ba46180, 0x000000011ba468d8]
Event: 18.687 Thread 0x00007fbdb505a800 nmethod 1791 0x000000011ba56250 code [0x000000011ba56460, 0x000000011ba57188]
Event: 18.687 Thread 0x00007fbdb505a800 1822       4       org.apache.jena.graph.impl.GraphBase::find (10 bytes)

GC Heap History (8 events):
Event: 9.451 GC heap before
{Heap before GC invocations=1 (full 0):
 PSYoungGen      total 38400K, used 33280K [0x0000000795580000, 0x0000000798000000, 0x00000007c0000000)
  eden space 33280K, 100% used [0x0000000795580000,0x0000000797600000,0x0000000797600000)
  from space 5120K, 0% used [0x0000000797b00000,0x0000000797b00000,0x0000000798000000)
  to   space 5120K, 0% used [0x0000000797600000,0x0000000797600000,0x0000000797b00000)
 ParOldGen       total 87552K, used 0K [0x0000000740000000, 0x0000000745580000, 0x0000000795580000)
  object space 87552K, 0% used [0x0000000740000000,0x0000000740000000,0x0000000745580000)
 Metaspace       used 14203K, capacity 14386K, committed 14592K, reserved 1062912K
  class space    used 1903K, capacity 1981K, committed 2048K, reserved 1048576K
Event: 9.523 GC heap after
Heap after GC invocations=1 (full 0):
 PSYoungGen      total 38400K, used 5102K [0x0000000795580000, 0x0000000798000000, 0x00000007c0000000)
  eden space 33280K, 0% used [0x0000000795580000,0x0000000795580000,0x0000000797600000)
  from space 5120K, 99% used [0x0000000797600000,0x0000000797afb8f0,0x0000000797b00000)
  to   space 5120K, 0% used [0x0000000797b00000,0x0000000797b00000,0x0000000798000000)
 ParOldGen       total 87552K, used 4601K [0x0000000740000000, 0x0000000745580000, 0x0000000795580000)
  object space 87552K, 5% used [0x0000000740000000,0x000000074047e690,0x0000000745580000)
 Metaspace       used 14203K, capacity 14386K, committed 14592K, reserved 1062912K
  class space    used 1903K, capacity 1981K, committed 2048K, reserved 1048576K
}
Event: 14.007 GC heap before
{Heap before GC invocations=2 (full 0):
 PSYoungGen      total 38400K, used 38382K [0x0000000795580000, 0x0000000798000000, 0x00000007c0000000)
  eden space 33280K, 100% used [0x0000000795580000,0x0000000797600000,0x0000000797600000)
  from space 5120K, 99% used [0x0000000797600000,0x0000000797afb8f0,0x0000000797b00000)
  to   space 5120K, 0% used [0x0000000797b00000,0x0000000797b00000,0x0000000798000000)
 ParOldGen       total 87552K, used 4601K [0x0000000740000000, 0x0000000745580000, 0x0000000795580000)
  object space 87552K, 5% used [0x0000000740000000,0x000000074047e690,0x0000000745580000)
 Metaspace       used 14909K, capacity 15188K, committed 15360K, reserved 1062912K
  class space    used 1940K, capacity 2024K, committed 2048K, reserved 1048576K
Event: 14.053 GC heap after
Heap after GC invocations=2 (full 0):
 PSYoungGen      total 38400K, used 5100K [0x0000000795580000, 0x0000000798000000, 0x00000007c0000000)
  eden space 33280K, 0% used [0x0000000795580000,0x0000000795580000,0x0000000797600000)
  from space 5120K, 99% used [0x0000000797b00000,0x0000000797ffb3a0,0x0000000798000000)
  to   space 5120K, 0% used [0x0000000797600000,0x0000000797600000,0x0000000797b00000)
 ParOldGen       total 87552K, used 6228K [0x0000000740000000, 0x0000000745580000, 0x0000000795580000)
  object space 87552K, 7% used [0x0000000740000000,0x00000007406152b0,0x0000000745580000)
 Metaspace       used 14909K, capacity 15188K, committed 15360K, reserved 1062912K
  class space    used 1940K, capacity 2024K, committed 2048K, reserved 1048576K
}
Event: 15.439 GC heap before
{Heap before GC invocations=3 (full 0):
 PSYoungGen      total 38400K, used 38380K [0x0000000795580000, 0x0000000798000000, 0x00000007c0000000)
  eden space 33280K, 100% used [0x0000000795580000,0x0000000797600000,0x0000000797600000)
  from space 5120K, 99% used [0x0000000797b00000,0x0000000797ffb3a0,0x0000000798000000)
  to   space 5120K, 0% used [0x0000000797600000,0x0000000797600000,0x0000000797b00000)
 ParOldGen       total 87552K, used 6228K [0x0000000740000000, 0x0000000745580000, 0x0000000795580000)
  object space 87552K, 7% used [0x0000000740000000,0x00000007406152b0,0x0000000745580000)
 Metaspace       used 15158K, capacity 15412K, committed 15744K, reserved 1062912K
  class space    used 1970K, capacity 2056K, committed 2176K, reserved 1048576K
Event: 15.463 GC heap after
Heap after GC invocations=3 (full 0):
 PSYoungGen      total 38400K, used 5100K [0x0000000795580000, 0x000000079a080000, 0x00000007c0000000)
  eden space 33280K, 0% used [0x0000000795580000,0x0000000795580000,0x0000000797600000)
  from space 5120K, 99% used [0x0000000797600000,0x0000000797afb380,0x0000000797b00000)
  to   space 5120K, 0% used [0x0000000799b80000,0x0000000799b80000,0x000000079a080000)
 ParOldGen       total 87552K, used 6535K [0x0000000740000000, 0x0000000745580000, 0x0000000795580000)
  object space 87552K, 7% used [0x0000000740000000,0x0000000740661c10,0x0000000745580000)
 Metaspace       used 15158K, capacity 15412K, committed 15744K, reserved 1062912K
  class space    used 1970K, capacity 2056K, committed 2176K, reserved 1048576K
}
Event: 16.961 GC heap before
{Heap before GC invocations=4 (full 0):
 PSYoungGen      total 38400K, used 38380K [0x0000000795580000, 0x000000079a080000, 0x00000007c0000000)
  eden space 33280K, 100% used [0x0000000795580000,0x0000000797600000,0x0000000797600000)
  from space 5120K, 99% used [0x0000000797600000,0x0000000797afb380,0x0000000797b00000)
  to   space 5120K, 0% used [0x0000000799b80000,0x0000000799b80000,0x000000079a080000)
 ParOldGen       total 87552K, used 6535K [0x0000000740000000, 0x0000000745580000, 0x0000000795580000)
  object space 87552K, 7% used [0x0000000740000000,0x0000000740661c10,0x0000000745580000)
 Metaspace       used 15181K, capacity 15412K, committed 15744K, reserved 1062912K
  class space    used 1970K, capacity 2056K, committed 2176K, reserved 1048576K
Event: 17.035 GC heap after
Heap after GC invocations=4 (full 0):
 PSYoungGen      total 71680K, used 4686K [0x0000000795580000, 0x000000079a080000, 0x00000007c0000000)
  eden space 66560K, 0% used [0x0000000795580000,0x0000000795580000,0x0000000799680000)
  from space 5120K, 91% used [0x0000000799b80000,0x000000079a013940,0x000000079a080000)
  to   space 5120K, 0% used [0x0000000799680000,0x0000000799680000,0x0000000799b80000)
 ParOldGen       total 87552K, used 6997K [0x0000000740000000, 0x0000000745580000, 0x0000000795580000)
  object space 87552K, 7% used [0x0000000740000000,0x00000007406d5650,0x0000000745580000)
 Metaspace       used 15181K, capacity 15412K, committed 15744K, reserved 1062912K
  class space    used 1970K, capacity 2056K, committed 2176K, reserved 1048576K
}

Deoptimization events (10 events):
Event: 10.255 Thread 0x00007fbdb5007000 Uncommon trap: reason=bimorphic action=maybe_recompile pc=0x000000011b7cdebc method=java.util.regex.Pattern$Curly.match0(Ljava/util/regex/Matcher;IILjava/lang/CharSequence;)Z @ 31
Event: 10.255 Thread 0x00007fbdb5007000 Uncommon trap: reason=bimorphic action=maybe_recompile pc=0x000000011b77d1e0 method=java.util.regex.Pattern$CharProperty.match(Ljava/util/regex/Matcher;ILjava/lang/CharSequence;)Z @ 18
Event: 13.028 Thread 0x00007fbdb5007000 Uncommon trap: reason=unstable_if action=reinterpret pc=0x000000011b831504 method=org.apache.xerces.util.SymbolTable.addSymbol([CII)Ljava/lang/String; @ 56
Event: 13.153 Thread 0x00007fbdb5007000 Uncommon trap: reason=unstable_if action=reinterpret pc=0x000000011b832414 method=org.apache.xerces.impl.io.UTF8Reader.read([CII)I @ 74
Event: 13.154 Thread 0x00007fbdb5007000 Uncommon trap: reason=unstable_if action=reinterpret pc=0x000000011b6472c4 method=java.lang.String.replace(CC)Ljava/lang/String; @ 26
Event: 13.350 Thread 0x00007fbdb5007000 Uncommon trap: reason=unstable_if action=reinterpret pc=0x000000011b8aa17c method=java.util.HashMap$HashIterator.<init>(Ljava/util/HashMap;)V @ 45
Event: 18.221 Thread 0x00007fbdb5007000 Uncommon trap: reason=class_check action=maybe_recompile pc=0x000000011ba4d5cc method=org.apache.jena.util.iterator.WrappedIterator.create(Ljava/util/Iterator;)Lorg/apache/jena/util/iterator/ExtendedIterator; @ 8
Event: 18.221 Thread 0x00007fbdb5007000 Uncommon trap: reason=class_check action=maybe_recompile pc=0x000000011ba4d5cc method=org.apache.jena.util.iterator.WrappedIterator.create(Ljava/util/Iterator;)Lorg/apache/jena/util/iterator/ExtendedIterator; @ 8
Event: 18.221 Thread 0x00007fbdb5007000 Uncommon trap: reason=class_check action=maybe_recompile pc=0x000000011ba4d5cc method=org.apache.jena.util.iterator.WrappedIterator.create(Ljava/util/Iterator;)Lorg/apache/jena/util/iterator/ExtendedIterator; @ 8
Event: 18.221 Thread 0x00007fbdb5007000 Uncommon trap: reason=class_check action=maybe_recompile pc=0x000000011ba4d5cc method=org.apache.jena.util.iterator.WrappedIterator.create(Ljava/util/Iterator;)Lorg/apache/jena/util/iterator/ExtendedIterator; @ 8

Classes redefined (0 events):
No events

Internal exceptions (10 events):
Event: 0.081 Thread 0x00007fbdb5007000 Exception <a 'java/lang/NoSuchMethodError': Method sun.misc.Unsafe.defineClass(Ljava/lang/String;[BII)Ljava/lang/Class; name or signature does not match> (0x0000000795587ca0) thrown at [/Users/java_re/workspace/8-2-build-macosx-x86_64/jdk8u161/10277/hotsp
Event: 0.083 Thread 0x00007fbdb5007000 Exception <a 'java/lang/NoSuchMethodError': Method sun.misc.Unsafe.prefetchRead(Ljava/lang/Object;J)V name or signature does not match> (0x0000000795587f88) thrown at [/Users/java_re/workspace/8-2-build-macosx-x86_64/jdk8u161/10277/hotspot/src/share/vm/pr
Event: 1.304 Thread 0x00007fbdb5007000 Exception <a 'java/lang/NoSuchFieldError': method resolution failed> (0x0000000795894e68) thrown at [/Users/java_re/workspace/8-2-build-macosx-x86_64/jdk8u161/10277/hotspot/src/share/vm/prims/methodHandles.cpp, line 1167]
Event: 1.320 Thread 0x00007fbdb5007000 Exception <a 'java/lang/NoSuchFieldError': method resolution failed> (0x00000007958a2268) thrown at [/Users/java_re/workspace/8-2-build-macosx-x86_64/jdk8u161/10277/hotspot/src/share/vm/prims/methodHandles.cpp, line 1167]
Event: 1.504 Thread 0x00007fbdb5007000 Exception <a 'java/security/PrivilegedActionException'> (0x0000000795940530) thrown at [/Users/java_re/workspace/8-2-build-macosx-x86_64/jdk8u161/10277/hotspot/src/share/vm/prims/jvm.cpp, line 1390]
Event: 1.504 Thread 0x00007fbdb5007000 Exception <a 'java/security/PrivilegedActionException'> (0x0000000795940740) thrown at [/Users/java_re/workspace/8-2-build-macosx-x86_64/jdk8u161/10277/hotspot/src/share/vm/prims/jvm.cpp, line 1390]
Event: 1.504 Thread 0x00007fbdb5007000 Exception <a 'java/security/PrivilegedActionException'> (0x0000000795943c58) thrown at [/Users/java_re/workspace/8-2-build-macosx-x86_64/jdk8u161/10277/hotspot/src/share/vm/prims/jvm.cpp, line 1390]
Event: 1.504 Thread 0x00007fbdb5007000 Exception <a 'java/security/PrivilegedActionException'> (0x0000000795943e68) thrown at [/Users/java_re/workspace/8-2-build-macosx-x86_64/jdk8u161/10277/hotspot/src/share/vm/prims/jvm.cpp, line 1390]
Event: 8.229 Thread 0x00007fbdb5007000 Exception <a 'java/lang/NoSuchMethodError': java.lang.Object.lambda$and$0(Ljava/util/function/Predicate;Ljava/lang/Object;)Z> (0x00000007971d07a8) thrown at [/Users/java_re/workspace/8-2-build-macosx-x86_64/jdk8u161/10277/hotspot/src/share/vm/interpreter/
Event: 13.263 Thread 0x00007fbdb5007000 Exception <a 'java/lang/NoSuchMethodError': java.lang.Object.lambda$negate$1(Ljava/lang/Object;)Z> (0x0000000796f85518) thrown at [/Users/java_re/workspace/8-2-build-macosx-x86_64/jdk8u161/10277/hotspot/src/share/vm/interpreter/linkResolver.cpp, line 620]

Events (10 events):
Event: 18.221 Thread 0x00007fbdb5007000 DEOPT UNPACKING pc=0x000000011b4c447a sp=0x000070000d980660 mode 2
Event: 18.221 Thread 0x00007fbdb5007000 Uncommon trap: trap_request=0xffffffde fr.pc=0x000000011ba4d5cc
Event: 18.221 Thread 0x00007fbdb5007000 DEOPT PACKING pc=0x000000011ba4d5cc sp=0x000070000d9808f0
Event: 18.221 Thread 0x00007fbdb5007000 DEOPT UNPACKING pc=0x000000011b4c447a sp=0x000070000d980660 mode 2
Event: 18.221 Thread 0x00007fbdb5007000 Uncommon trap: trap_request=0xffffffde fr.pc=0x000000011ba4d5cc
Event: 18.221 Thread 0x00007fbdb5007000 DEOPT PACKING pc=0x000000011ba4d5cc sp=0x000070000d9808f0
Event: 18.221 Thread 0x00007fbdb5007000 DEOPT UNPACKING pc=0x000000011b4c447a sp=0x000070000d980660 mode 2
Event: 18.221 Thread 0x00007fbdb5007000 Uncommon trap: trap_request=0xffffffde fr.pc=0x000000011ba4d5cc
Event: 18.221 Thread 0x00007fbdb5007000 DEOPT PACKING pc=0x000000011ba4d5cc sp=0x000070000d9808f0
Event: 18.221 Thread 0x00007fbdb5007000 DEOPT UNPACKING pc=0x000000011b4c447a sp=0x000070000d980660 mode 2


Dynamic libraries:
0x00000000129d2000 	/System/Library/Frameworks/Cocoa.framework/Versions/A/Cocoa
0x00000000129d2000 	/System/Library/Frameworks/Security.framework/Versions/A/Security
0x00000000129d2000 	/System/Library/Frameworks/ApplicationServices.framework/Versions/A/ApplicationServices
0x00000000129d2000 	/usr/lib/libz.1.dylib
0x00000000129d2000 	/usr/lib/libSystem.B.dylib
0x00000000129d2000 	/usr/lib/libobjc.A.dylib
0x00000000129d2000 	/System/Library/Frameworks/CoreFoundation.framework/Versions/A/CoreFoundation
0x00000000129d2000 	/System/Library/Frameworks/Foundation.framework/Versions/C/Foundation
0x00000000129d2000 	/System/Library/Frameworks/AppKit.framework/Versions/C/AppKit
0x00000000129d2000 	/System/Library/Frameworks/CoreData.framework/Versions/A/CoreData
0x00000000129d2000 	/System/Library/PrivateFrameworks/RemoteViewServices.framework/Versions/A/RemoteViewServices
0x00000000129d2000 	/System/Library/PrivateFrameworks/UIFoundation.framework/Versions/A/UIFoundation
0x00000000129d2000 	/System/Library/PrivateFrameworks/DFRFoundation.framework/Versions/A/DFRFoundation
0x00000000129d2000 	/usr/lib/libenergytrace.dylib
0x00000000129d2000 	/System/Library/PrivateFrameworks/SkyLight.framework/Versions/A/SkyLight
0x00000000129d2000 	/System/Library/Frameworks/CoreGraphics.framework/Versions/A/CoreGraphics
0x00000000129d2000 	/usr/lib/libScreenReader.dylib
0x00000000129d2000 	/System/Library/Frameworks/Accelerate.framework/Versions/A/Accelerate
0x00000000129d2000 	/System/Library/Frameworks/IOSurface.framework/Versions/A/IOSurface
0x00000000129d2000 	/System/Library/Frameworks/AudioToolbox.framework/Versions/A/AudioToolbox
0x00000000129d2000 	/System/Library/Frameworks/AudioUnit.framework/Versions/A/AudioUnit
0x00000000129d2000 	/System/Library/PrivateFrameworks/DataDetectorsCore.framework/Versions/A/DataDetectorsCore
0x00000000129d2000 	/System/Library/PrivateFrameworks/DesktopServicesPriv.framework/Versions/A/DesktopServicesPriv
0x00000000129d2000 	/System/Library/Frameworks/Carbon.framework/Versions/A/Frameworks/HIToolbox.framework/Versions/A/HIToolbox
0x00000000129d2000 	/usr/lib/libicucore.A.dylib
0x00000000129d2000 	/System/Library/Frameworks/QuartzCore.framework/Versions/A/QuartzCore
0x00000000129d2000 	/System/Library/Frameworks/Carbon.framework/Versions/A/Frameworks/SpeechRecognition.framework/Versions/A/SpeechRecognition
0x00000000129d2000 	/usr/lib/libauto.dylib
0x00000000129d2000 	/usr/lib/libxml2.2.dylib
0x00000000129d2000 	/System/Library/PrivateFrameworks/CoreUI.framework/Versions/A/CoreUI
0x00000000129d2000 	/System/Library/Frameworks/CoreAudio.framework/Versions/A/CoreAudio
0x00000000129d2000 	/System/Library/Frameworks/DiskArbitration.framework/Versions/A/DiskArbitration
0x00000000129d2000 	/usr/lib/liblangid.dylib
0x00000000129d2000 	/System/Library/PrivateFrameworks/MultitouchSupport.framework/Versions/A/MultitouchSupport
0x00000000129d2000 	/System/Library/Frameworks/IOKit.framework/Versions/A/IOKit
0x00000000129d2000 	/usr/lib/libDiagnosticMessagesClient.dylib
0x00000000129d2000 	/System/Library/Frameworks/CoreServices.framework/Versions/A/CoreServices
0x00000000129d2000 	/System/Library/PrivateFrameworks/PerformanceAnalysis.framework/Versions/A/PerformanceAnalysis
0x00000000129d2000 	/System/Library/PrivateFrameworks/GenerationalStorage.framework/Versions/A/GenerationalStorage
0x00000000129d2000 	/System/Library/Frameworks/OpenGL.framework/Versions/A/OpenGL
0x00000000129d2000 	/System/Library/Frameworks/CoreImage.framework/Versions/A/CoreImage
0x00000000129d2000 	/System/Library/Frameworks/CoreText.framework/Versions/A/CoreText
0x00000000129d2000 	/System/Library/Frameworks/ImageIO.framework/Versions/A/ImageIO
0x00000000129d2000 	/System/Library/PrivateFrameworks/Backup.framework/Versions/A/Backup
0x00000000129d2000 	/usr/lib/libarchive.2.dylib
0x00000000129d2000 	/System/Library/Frameworks/CFNetwork.framework/Versions/A/CFNetwork
0x00000000129d2000 	/System/Library/Frameworks/SystemConfiguration.framework/Versions/A/SystemConfiguration
0x00000000129d2000 	/usr/lib/libCRFSuite.dylib
0x00000000129d2000 	/usr/lib/libc++.1.dylib
0x00000000129d2000 	/usr/lib/libc++abi.dylib
0x00000000129d2000 	/usr/lib/system/libcache.dylib
0x00000000129d2000 	/usr/lib/system/libcommonCrypto.dylib
0x00000000129d2000 	/usr/lib/system/libcompiler_rt.dylib
0x00000000129d2000 	/usr/lib/system/libcopyfile.dylib
0x00000000129d2000 	/usr/lib/system/libcorecrypto.dylib
0x00000000129d2000 	/usr/lib/system/libdispatch.dylib
0x00000000129d2000 	/usr/lib/system/libdyld.dylib
0x00000000129d2000 	/usr/lib/system/libkeymgr.dylib
0x00000000129d2000 	/usr/lib/system/liblaunch.dylib
0x00000000129d2000 	/usr/lib/system/libmacho.dylib
0x00000000129d2000 	/usr/lib/system/libquarantine.dylib
0x00000000129d2000 	/usr/lib/system/libremovefile.dylib
0x00000000129d2000 	/usr/lib/system/libsystem_asl.dylib
0x00000000129d2000 	/usr/lib/system/libsystem_blocks.dylib
0x00000000129d2000 	/usr/lib/system/libsystem_c.dylib
0x00000000129d2000 	/usr/lib/system/libsystem_configuration.dylib
0x00000000129d2000 	/usr/lib/system/libsystem_coreservices.dylib
0x00000000129d2000 	/usr/lib/system/libsystem_coretls.dylib
0x00000000129d2000 	/usr/lib/system/libsystem_dnssd.dylib
0x00000000129d2000 	/usr/lib/system/libsystem_info.dylib
0x00000000129d2000 	/usr/lib/system/libsystem_kernel.dylib
0x00000000129d2000 	/usr/lib/system/libsystem_m.dylib
0x00000000129d2000 	/usr/lib/system/libsystem_malloc.dylib
0x00000000129d2000 	/usr/lib/system/libsystem_network.dylib
0x00000000129d2000 	/usr/lib/system/libsystem_networkextension.dylib
0x00000000129d2000 	/usr/lib/system/libsystem_notify.dylib
0x00000000129d2000 	/usr/lib/system/libsystem_platform.dylib
0x00000000129d2000 	/usr/lib/system/libsystem_pthread.dylib
0x00000000129d2000 	/usr/lib/system/libsystem_sandbox.dylib
0x00000000129d2000 	/usr/lib/system/libsystem_secinit.dylib
0x00000000129d2000 	/usr/lib/system/libsystem_symptoms.dylib
0x00000000129d2000 	/usr/lib/system/libsystem_trace.dylib
0x00000000129d2000 	/usr/lib/system/libunwind.dylib
0x00000000129d2000 	/usr/lib/system/libxpc.dylib
0x00000000129d2000 	/usr/lib/libbsm.0.dylib
0x00000000129d2000 	/usr/lib/system/libkxld.dylib
0x00000000129d2000 	/usr/lib/libcoretls.dylib
0x00000000129d2000 	/usr/lib/libcoretls_cfhelpers.dylib
0x00000000129d2000 	/usr/lib/libOpenScriptingUtil.dylib
0x00000000129d2000 	/usr/lib/libpam.2.dylib
0x00000000129d2000 	/usr/lib/libsqlite3.dylib
0x00000000129d2000 	/usr/lib/libxar.1.dylib
0x00000000129d2000 	/usr/lib/libbz2.1.0.dylib
0x00000000129d2000 	/usr/lib/liblzma.5.dylib
0x00000000129d2000 	/usr/lib/libnetwork.dylib
0x00000000129d2000 	/usr/lib/libpcap.A.dylib
0x00000000129d2000 	/System/Library/Frameworks/CoreServices.framework/Versions/A/Frameworks/FSEvents.framework/Versions/A/FSEvents
0x00000000129d2000 	/System/Library/Frameworks/CoreServices.framework/Versions/A/Frameworks/CarbonCore.framework/Versions/A/CarbonCore
0x00000000129d2000 	/System/Library/Frameworks/CoreServices.framework/Versions/A/Frameworks/Metadata.framework/Versions/A/Metadata
0x00000000129d2000 	/System/Library/Frameworks/CoreServices.framework/Versions/A/Frameworks/OSServices.framework/Versions/A/OSServices
0x00000000129d2000 	/System/Library/Frameworks/CoreServices.framework/Versions/A/Frameworks/SearchKit.framework/Versions/A/SearchKit
0x00000000129d2000 	/System/Library/Frameworks/CoreServices.framework/Versions/A/Frameworks/AE.framework/Versions/A/AE
0x00000000129d2000 	/System/Library/Frameworks/CoreServices.framework/Versions/A/Frameworks/LaunchServices.framework/Versions/A/LaunchServices
0x00000000129d2000 	/System/Library/Frameworks/CoreServices.framework/Versions/A/Frameworks/DictionaryServices.framework/Versions/A/DictionaryServices
0x00000000129d2000 	/System/Library/Frameworks/CoreServices.framework/Versions/A/Frameworks/SharedFileList.framework/Versions/A/SharedFileList
0x00000000129d2000 	/System/Library/Frameworks/NetFS.framework/Versions/A/NetFS
0x00000000129d2000 	/System/Library/PrivateFrameworks/NetAuth.framework/Versions/A/NetAuth
0x00000000129d2000 	/System/Library/PrivateFrameworks/login.framework/Versions/A/Frameworks/loginsupport.framework/Versions/A/loginsupport
0x00000000129d2000 	/System/Library/PrivateFrameworks/TCC.framework/Versions/A/TCC
0x00000000129d2000 	/usr/lib/libmecabra.dylib
0x00000000129d2000 	/System/Library/Frameworks/ApplicationServices.framework/Versions/A/Frameworks/ATS.framework/Versions/A/ATS
0x00000000129d2000 	/System/Library/Frameworks/ApplicationServices.framework/Versions/A/Frameworks/ColorSync.framework/Versions/A/ColorSync
0x00000000129d2000 	/System/Library/Frameworks/ApplicationServices.framework/Versions/A/Frameworks/HIServices.framework/Versions/A/HIServices
0x00000000129d2000 	/System/Library/Frameworks/ApplicationServices.framework/Versions/A/Frameworks/LangAnalysis.framework/Versions/A/LangAnalysis
0x00000000129d2000 	/System/Library/Frameworks/ApplicationServices.framework/Versions/A/Frameworks/PrintCore.framework/Versions/A/PrintCore
0x00000000129d2000 	/System/Library/Frameworks/ApplicationServices.framework/Versions/A/Frameworks/QD.framework/Versions/A/QD
0x00000000129d2000 	/System/Library/Frameworks/ApplicationServices.framework/Versions/A/Frameworks/SpeechSynthesis.framework/Versions/A/SpeechSynthesis
0x00000000129d2000 	/System/Library/Frameworks/Accelerate.framework/Versions/A/Frameworks/vImage.framework/Versions/A/vImage
0x00000000129d2000 	/System/Library/Frameworks/Accelerate.framework/Versions/A/Frameworks/vecLib.framework/Versions/A/vecLib
0x00000000129d2000 	/System/Library/Frameworks/Accelerate.framework/Versions/A/Frameworks/vecLib.framework/Versions/A/libvDSP.dylib
0x00000000129d2000 	/System/Library/Frameworks/Accelerate.framework/Versions/A/Frameworks/vecLib.framework/Versions/A/libBNNS.dylib
0x00000000129d2000 	/System/Library/Frameworks/Accelerate.framework/Versions/A/Frameworks/vecLib.framework/Versions/A/libQuadrature.dylib
0x00000000129d2000 	/System/Library/Frameworks/Accelerate.framework/Versions/A/Frameworks/vecLib.framework/Versions/A/libvMisc.dylib
0x00000000129d2000 	/System/Library/Frameworks/Accelerate.framework/Versions/A/Frameworks/vecLib.framework/Versions/A/libLAPACK.dylib
0x00000000129d2000 	/System/Library/Frameworks/Accelerate.framework/Versions/A/Frameworks/vecLib.framework/Versions/A/libBLAS.dylib
0x00000000129d2000 	/System/Library/Frameworks/Accelerate.framework/Versions/A/Frameworks/vecLib.framework/Versions/A/libLinearAlgebra.dylib
0x00000000129d2000 	/System/Library/Frameworks/Accelerate.framework/Versions/A/Frameworks/vecLib.framework/Versions/A/libSparseBLAS.dylib
0x00000000129d2000 	/System/Library/Frameworks/ApplicationServices.framework/Versions/A/Frameworks/ATS.framework/Versions/A/Resources/libFontParser.dylib
0x00000000129d2000 	/System/Library/Frameworks/ApplicationServices.framework/Versions/A/Frameworks/ATS.framework/Versions/A/Resources/libFontRegistry.dylib
0x00000000129d2000 	/System/Library/Frameworks/ImageIO.framework/Versions/A/Resources/libJPEG.dylib
0x00000000129d2000 	/System/Library/Frameworks/ImageIO.framework/Versions/A/Resources/libTIFF.dylib
0x00000000129d2000 	/System/Library/Frameworks/ImageIO.framework/Versions/A/Resources/libPng.dylib
0x00000000129d2000 	/System/Library/Frameworks/ImageIO.framework/Versions/A/Resources/libGIF.dylib
0x00000000129d2000 	/System/Library/Frameworks/ImageIO.framework/Versions/A/Resources/libJP2.dylib
0x00000000129d2000 	/System/Library/Frameworks/ImageIO.framework/Versions/A/Resources/libRadiance.dylib
0x00000000129d2000 	/usr/lib/libcompression.dylib
0x00000000129d2000 	/System/Library/PrivateFrameworks/AppleJPEG.framework/Versions/A/AppleJPEG
0x00000000129d2000 	/usr/lib/libcups.2.dylib
0x00000000129d2000 	/System/Library/Frameworks/Kerberos.framework/Versions/A/Kerberos
0x00000000129d2000 	/System/Library/Frameworks/GSS.framework/Versions/A/GSS
0x00000000129d2000 	/usr/lib/libresolv.9.dylib
0x00000000129d2000 	/usr/lib/libiconv.2.dylib
0x00000000129d2000 	/System/Library/PrivateFrameworks/Heimdal.framework/Versions/A/Heimdal
0x00000000129d2000 	/usr/lib/libheimdal-asn1.dylib
0x00000000129d2000 	/System/Library/Frameworks/OpenDirectory.framework/Versions/A/OpenDirectory
0x00000000129d2000 	/System/Library/PrivateFrameworks/CommonAuth.framework/Versions/A/CommonAuth
0x00000000129d2000 	/System/Library/Frameworks/OpenDirectory.framework/Versions/A/Frameworks/CFOpenDirectory.framework/Versions/A/CFOpenDirectory
0x00000000129d2000 	/System/Library/Frameworks/SecurityFoundation.framework/Versions/A/SecurityFoundation
0x00000000129d2000 	/System/Library/PrivateFrameworks/LanguageModeling.framework/Versions/A/LanguageModeling
0x00000000129d2000 	/usr/lib/libmarisa.dylib
0x00000000129d2000 	/usr/lib/libChineseTokenizer.dylib
0x00000000129d2000 	/usr/lib/libcmph.dylib
0x00000000129d2000 	/System/Library/PrivateFrameworks/CoreEmoji.framework/Versions/A/CoreEmoji
0x00000000129d2000 	/System/Library/Frameworks/ServiceManagement.framework/Versions/A/ServiceManagement
0x00000000129d2000 	/usr/lib/libxslt.1.dylib
0x00000000129d2000 	/System/Library/Frameworks/Carbon.framework/Versions/A/Frameworks/Ink.framework/Versions/A/Ink
0x00000000129d2000 	/System/Library/PrivateFrameworks/TextureIO.framework/Versions/A/TextureIO
0x00000000129d2000 	/System/Library/Frameworks/Metal.framework/Versions/A/Metal
0x00000000129d2000 	/usr/lib/libate.dylib
0x00000000129d2000 	/System/Library/PrivateFrameworks/GPUCompiler.framework/libmetal_timestamp.dylib
0x00000000129d2000 	/System/Library/Frameworks/OpenGL.framework/Versions/A/Libraries/libCoreFSCache.dylib
0x00000000129d2000 	/System/Library/PrivateFrameworks/IOAccelerator.framework/Versions/A/IOAccelerator
0x00000000129d2000 	/System/Library/Frameworks/CoreVideo.framework/Versions/A/CoreVideo
0x00000000129d2000 	/usr/lib/libFosl_dynamic.dylib
0x00000000129d2000 	/System/Library/PrivateFrameworks/MetalPerformanceShaders.framework/Versions/A/MetalPerformanceShaders
0x00000000129d2000 	/System/Library/PrivateFrameworks/FaceCore.framework/Versions/A/FaceCore
0x00000000129d2000 	/System/Library/Frameworks/OpenCL.framework/Versions/A/OpenCL
0x00000000129d2000 	/System/Library/Frameworks/OpenGL.framework/Versions/A/Libraries/libGLU.dylib
0x00000000129d2000 	/System/Library/Frameworks/OpenGL.framework/Versions/A/Libraries/libGFXShared.dylib
0x00000000129d2000 	/System/Library/Frameworks/OpenGL.framework/Versions/A/Libraries/libGL.dylib
0x00000000129d2000 	/System/Library/Frameworks/OpenGL.framework/Versions/A/Libraries/libGLImage.dylib
0x00000000129d2000 	/System/Library/Frameworks/OpenGL.framework/Versions/A/Libraries/libCVMSPluginSupport.dylib
0x00000000129d2000 	/System/Library/Frameworks/OpenGL.framework/Versions/A/Libraries/libCoreVMClient.dylib
0x00000000129d2000 	/System/Library/PrivateFrameworks/CrashReporterSupport.framework/Versions/A/CrashReporterSupport
0x00000000129d2000 	/System/Library/PrivateFrameworks/Sharing.framework/Versions/A/Sharing
0x00000000129d2000 	/System/Library/PrivateFrameworks/IconServices.framework/Versions/A/IconServices
0x00000000129d2000 	/System/Library/PrivateFrameworks/ProtocolBuffer.framework/Versions/A/ProtocolBuffer
0x00000000129d2000 	/System/Library/PrivateFrameworks/Apple80211.framework/Versions/A/Apple80211
0x00000000129d2000 	/System/Library/Frameworks/CoreWLAN.framework/Versions/A/CoreWLAN
0x00000000129d2000 	/System/Library/PrivateFrameworks/CoreUtils.framework/Versions/A/CoreUtils
0x00000000129d2000 	/System/Library/Frameworks/IOBluetooth.framework/Versions/A/IOBluetooth
0x00000000129d2000 	/System/Library/PrivateFrameworks/CoreWiFi.framework/Versions/A/CoreWiFi
0x00000000129d2000 	/System/Library/Frameworks/CoreBluetooth.framework/Versions/A/CoreBluetooth
0x00000000129d2000 	/System/Library/Frameworks/CoreDisplay.framework/Versions/A/CoreDisplay
0x00000000129d2000 	/System/Library/PrivateFrameworks/IOPresentment.framework/Versions/A/IOPresentment
0x00000000129d2000 	/System/Library/PrivateFrameworks/DSExternalDisplay.framework/Versions/A/DSExternalDisplay
0x00000000129d2000 	/System/Library/PrivateFrameworks/DebugSymbols.framework/Versions/A/DebugSymbols
0x00000000129d2000 	/System/Library/PrivateFrameworks/CoreSymbolication.framework/Versions/A/CoreSymbolication
0x00000000129d2000 	/System/Library/PrivateFrameworks/Symbolication.framework/Versions/A/Symbolication
0x00000000129d2000 	/System/Library/PrivateFrameworks/AppleFSCompression.framework/Versions/A/AppleFSCompression
0x00000000129d2000 	/System/Library/PrivateFrameworks/SpeechRecognitionCore.framework/Versions/A/SpeechRecognitionCore
0x00000000129d2000 	/System/Library/PrivateFrameworks/ChunkingLibrary.framework/Versions/A/ChunkingLibrary
0x000000010f742000 	/Library/Java/JavaVirtualMachines/jdk1.8.0_161.jdk/Contents/Home/jre/lib/server/libjvm.dylib
0x00000000129d2000 	/usr/lib/libstdc++.6.dylib
0x00000001106f0000 	/Library/Java/JavaVirtualMachines/jdk1.8.0_161.jdk/Contents/Home/jre/lib/libverify.dylib
0x00000001106fe000 	/Library/Java/JavaVirtualMachines/jdk1.8.0_161.jdk/Contents/Home/jre/lib/libjava.dylib
0x000000011073e000 	/Library/Java/JavaVirtualMachines/jdk1.8.0_161.jdk/Contents/Home/jre/lib/libzip.dylib
0x0000000118839000 	/Library/Java/JavaVirtualMachines/jdk1.8.0_161.jdk/Contents/Home/jre/lib/libnio.dylib
0x0000000118849000 	/Library/Java/JavaVirtualMachines/jdk1.8.0_161.jdk/Contents/Home/jre/lib/./libnet.dylib

VM Arguments:
java_command: /Users/mohammadomar/Desktop/node-js-getting-started/ont.jar /Users/mohammadomar/Desktop/node-js-getting-started/ontologies/prop.owl /Users/mohammadomar/Desktop/node-js-getting-started/questions/ 242526.json
java_class_path (initial): /Users/mohammadomar/Desktop/node-js-getting-started/ont.jar
Launcher Type: SUN_STANDARD

Environment Variables:
PATH=/Users/mohammadomar/.npm-packages/lib/node_modules/npm/bin/node-gyp-bin:/Users/mohammadomar/Desktop/node-js-getting-started/node_modules/.bin:/Users/mohammadomar/.npm-packages/bin:/usr/local/bin:/usr/bin:/bin:/usr/sbin:/sbin:/Users/mohammadomar/.npm-packages/bin
SHELL=/bin/bash

Signal Handlers:
SIGSEGV: [libjvm.dylib+0x5b5439], sa_mask[0]=11111111011111110111111111111111, sa_flags=SA_ONSTACK|SA_RESTART|SA_SIGINFO
SIGBUS: [libjvm.dylib+0x5b5439], sa_mask[0]=11111111011111110111111111111111, sa_flags=SA_RESTART|SA_SIGINFO
SIGFPE: [libjvm.dylib+0x48ae24], sa_mask[0]=11111111011111110111111111111111, sa_flags=SA_RESTART|SA_SIGINFO
SIGPIPE: [libjvm.dylib+0x48ae24], sa_mask[0]=11111111011111110111111111111111, sa_flags=SA_RESTART|SA_SIGINFO
SIGXFSZ: [libjvm.dylib+0x48ae24], sa_mask[0]=11111111011111110111111111111111, sa_flags=SA_RESTART|SA_SIGINFO
SIGILL: [libjvm.dylib+0x48ae24], sa_mask[0]=11111111011111110111111111111111, sa_flags=SA_RESTART|SA_SIGINFO
SIGUSR1: SIG_DFL, sa_mask[0]=11111111011111110111111111111111, sa_flags=none
SIGUSR2: [libjvm.dylib+0x48a942], sa_mask[0]=00000000000000000000000000000000, sa_flags=SA_RESTART|SA_SIGINFO
SIGHUP: [libjvm.dylib+0x488f0d], sa_mask[0]=11111111011111110111111111111111, sa_flags=SA_RESTART|SA_SIGINFO
SIGINT: [libjvm.dylib+0x488f0d], sa_mask[0]=11111111011111110111111111111111, sa_flags=SA_RESTART|SA_SIGINFO
SIGTERM: [libjvm.dylib+0x488f0d], sa_mask[0]=11111111011111110111111111111111, sa_flags=SA_RESTART|SA_SIGINFO
SIGQUIT: [libjvm.dylib+0x488f0d], sa_mask[0]=11111111011111110111111111111111, sa_flags=SA_RESTART|SA_SIGINFO


---------------  S Y S T E M  ---------------

OS:Bsduname:Darwin 16.7.0 Darwin Kernel Version 16.7.0: Thu Jan 11 22:59:40 PST 2018; root:xnu-3789.73.8~1/RELEASE_X86_64 x86_64
rlimit: STACK 8192k, CORE 0k, NPROC 709, NOFILE 10240, AS infinity
load average:27.28 9.12 4.86

CPU:total 2 (initial active 2) (2 cores per cpu, 1 threads per core) family 6 model 23 stepping 10, cmov, cx8, fxsr, mmx, sse, sse2, sse3, ssse3, sse4.1, tsc

Memory: 4k page, physical 8388608k(41264k free)

/proc/meminfo:


vm_info: Java HotSpot(TM) 64-Bit Server VM (25.161-b12) for bsd-amd64 JRE (1.8.0_161-b12), built on Dec 19 2017 16:22:20 by "java_re" with gcc 4.2.1 (Based on Apple Inc. build 5658) (LLVM build 2336.11.00)

time: Fri May 18 05:46:24 2018
elapsed time: 19 seconds (0d 0h 0m 19s)

