#
# A fatal error has been detected by the Java Runtime Environment:
#
#  SIGSEGV (0xb) at pc=0x000000010f942970, pid=8676, tid=0x0000000000000307
#
# JRE version: Java(TM) SE Runtime Environment (8.0_161-b12) (build 1.8.0_161-b12)
# Java VM: Java HotSpot(TM) 64-Bit Server VM (25.161-b12 mixed mode bsd-amd64 compressed oops)
# Problematic frame:
# V  [libjvm.dylib+0x48a970]
#
# Failed to write core dump. Core dumps have been disabled. To enable core dumping, try "ulimit -c unlimited" before starting Java again
#
# If you would like to submit a bug report, please visit:
#   http://bugreport.java.com/bugreport/crash.jsp
#

---------------  T H R E A D  ---------------

Current thread is native thread

siginfo: si_signo: 11 (SIGSEGV), si_code: 1 (SEGV_MAPERR), si_addr: 0x0000000000000128

Registers:
RAX=0x0000000000000000, RBX=0x00007fff507f2da0, RCX=0x00007fff995c5408, RDX=0x00007fff507f2da0
RSP=0x00007fff507f28d0, RBP=0x00007fff507f2900, RSI=0x00007fff507f2d38, RDI=0x0000000000000103
R8 =0x00007fff507f2da0, R9 =0x00000000ffffffff, R10=0x0000000000000c00, R11=0x0000000000000206
R12=0x0000000000000c00, R13=0x0000000000000000, R14=0x00007fff507f2d38, R15=0x0000000000000002
RIP=0x000000010f942970, EFLAGS=0x0000000000010202, ERR=0x0000000000000004
  TRAPNO=0x000000000000000e

Top of Stack: (sp=0x00007fff507f28d0)
0x00007fff507f28d0:   0000000000000000 00007fff507f2da0
0x00007fff507f28e0:   0000000000000c00 0000000000000000
0x00007fff507f28f0:   00007fff507f2fd0 0000000000000e03
0x00007fff507f2900:   00007fff507f2910 00007fff9085cb3a
0x00007fff507f2910:   00007fff507f2ea0 0000000000019e00
0x00007fff507f2920:   00019f0095ef1978 00007fff9945b2d0
0x00007fff507f2930:   0100001f00000085 00007fff9062393f
0x00007fff507f2940:   0000000010004005 00000000ffffffff
0x00007fff507f2950:   00007fff507f2e58 0000000000000000
0x00007fff507f2960:   00007fff507f2fd0 0000000007000806
0x00007fff507f2970:   00007fff507f2ea0 00007fff507f2e58
0x00007fff507f2980:   0000000000000e03 00000000ffffffff
0x00007fff507f2990:   0000000000000c00 0000000000000206
0x00007fff507f29a0:   0000000000000c00 0000000000000000
0x00007fff507f29b0:   00007fff507f2fd0 0000000000000e03
0x00007fff507f29c0:   00007fff9077434a 0000000000000206
0x00007fff507f29d0:   0000000000000007 0000000000000000
0x00007fff507f29e0:   0000000000000000 0000000000000000
0x00007fff507f29f0:   000000000000037f 0000000000000000
0x00007fff507f2a00:   0000000000000000 0000ffff00001fa0
0x00007fff507f2a10:   0000000000000000 000000000000ffff
0x00007fff507f2a20:   0000000000000000 0000000000000000
0x00007fff507f2a30:   0000000000000000 0000000000000000
0x00007fff507f2a40:   00cf93000000ffff 000000000000ffff
0x00007fff507f2a50:   ea600009d4951800 0000000000004008
0x00007fff507f2a60:   aa0c80069ad42800 000000000000400d
0x00007fff507f2a70:   995200044d013a80 000000000000400d
0x00007fff507f2a80:   f083304624680416 000000000000c03d
0x00007fff507f2a90:   41c04793a17c326e 0000000000000000
0x00007fff507f2aa0:   41c04793a1000000 0000000000000000
0x00007fff507f2ab0:   c3de3f82361ba7a7 439c07dc9e458592
0x00007fff507f2ac0:   67726f2e65686361 736e6f6d6d6f632f 

Instructions: (pc=0x000000010f942970)
0x000000010f942950:   83 ec 08 48 89 d3 49 89 f6 e8 bc 46 14 00 44 8b
0x000000010f942960:   38 48 8d 05 a8 18 3b 00 48 63 38 e8 8c 49 14 00
0x000000010f942970:   4c 8b a0 28 01 00 00 41 83 7c 24 34 01 0f 85 e2
0x000000010f942980:   00 00 00 49 89 5c 24 40 4d 89 74 24 38 49 8d 5c 

Register to memory mapping:

RAX=0x0000000000000000 is an unknown value
RBX=0x00007fff507f2da0 is an unknown value
RCX=0x00007fff995c5408: _thread+0x48 in /usr/lib/system/libsystem_pthread.dylib at 0x00007fff90863000
RDX=0x00007fff507f2da0 is an unknown value
RSP=0x00007fff507f28d0 is an unknown value
RBP=0x00007fff507f2900 is an unknown value
RSI=0x00007fff507f2d38 is an unknown value
RDI=0x0000000000000103 is an unknown value
R8 =0x00007fff507f2da0 is an unknown value
R9 =0x00000000ffffffff is an unknown value
R10=0x0000000000000c00 is an unknown value
R11=0x0000000000000206 is an unknown value
R12=0x0000000000000c00 is an unknown value
R13=0x0000000000000000 is an unknown value
R14=0x00007fff507f2d38 is an unknown value
R15=0x0000000000000002 is an unknown value


Stack: [0x00007fff4fff7000,0x00007fff507f7000],  sp=0x00007fff507f28d0,  free space=8174k
Native frames: (J=compiled Java code, j=interpreted, Vv=VM code, C=native code)
V  [libjvm.dylib+0x48a970]
C  [libsystem_platform.dylib+0x2b3a]  _sigtramp+0x1a
C  0x0000000000019e00
C  [CoreFoundation+0x85874]  __CFRunLoopServiceMachPort+0xd4
C  [CoreFoundation+0x84cf1]  __CFRunLoopRun+0x551
C  [CoreFoundation+0x84544]  CFRunLoopRunSpecific+0x1a4
C  [java+0x647a]  CreateExecutionEnvironment+0x367
C  [java+0x212c]  JLI_Launch+0x7a0
C  [java+0x84d7]  main+0x65
C  [java+0x1984]  start+0x34


---------------  P R O C E S S  ---------------

VM state:not at safepoint (normal execution)

VM Mutex/Monitor currently owned by a thread: None

Heap:
 PSYoungGen      total 547840K, used 425459K [0x0000000795580000, 0x00000007c0000000, 0x00000007c0000000)
  eden space 530944K, 79% used [0x0000000795580000,0x00000007af3e4e60,0x00000007b5c00000)
  from space 16896K, 6% used [0x00000007b5c00000,0x00000007b5d18000,0x00000007b6c80000)
  to   space 17408K, 0% used [0x00000007bef00000,0x00000007bef00000,0x00000007c0000000)
 ParOldGen       total 87552K, used 39130K [0x0000000740000000, 0x0000000745580000, 0x0000000795580000)
  object space 87552K, 44% used [0x0000000740000000,0x0000000742636b90,0x0000000745580000)
 Metaspace       used 18861K, capacity 19114K, committed 19456K, reserved 1067008K
  class space    used 2355K, capacity 2449K, committed 2560K, reserved 1048576K

Card table byte_map: [0x0000000110dc0000,0x00000001111c1000] byte_map_base: 0x000000010d3c0000

Marking Bits: (ParMarkBitMap*) 0x000000010fdaf6c0
 Begin Bits: [0x0000000121607000, 0x0000000123607000)
 End Bits:   [0x0000000123607000, 0x0000000125607000)

Polling page: 0x00000001104aa000

CodeCache: size=245760Kb used=9437Kb max_used=9451Kb free=236323Kb
 bounds [0x0000000112607000, 0x0000000112f57000, 0x0000000121607000]
 total_blobs=2693 nmethods=2332 adapters=276
 compilation: enabled

Compilation events (10 events):
Event: 13.946 Thread 0x00007fd50585a800 2355       3       java.lang.Character::isWhitespace (9 bytes)
Event: 13.946 Thread 0x00007fd50585a800 nmethod 2355 0x0000000112f3e9d0 code [0x0000000112f3eb40, 0x0000000112f3ed78]
Event: 13.946 Thread 0x00007fd50585a800 2356   !   3       sun.reflect.generics.parser.SignatureParser::current (40 bytes)
Event: 13.946 Thread 0x00007fd50585a800 nmethod 2356 0x0000000112f3e550 code [0x0000000112f3e6c0, 0x0000000112f3e890]
Event: 13.950 Thread 0x00007fd50585a800 2357       3       sun.reflect.generics.parser.SignatureParser::advance (37 bytes)
Event: 13.950 Thread 0x00007fd50585a800 nmethod 2357 0x0000000112f3e210 code [0x0000000112f3e380, 0x0000000112f3e4f0]
Event: 13.986 Thread 0x00007fd50505f800 2358   !   4       java.util.concurrent.ConcurrentHashMap::putVal (362 bytes)
Event: 14.031 Thread 0x00007fd50585a800 2359       3       java.lang.Enum::<init> (15 bytes)
Event: 14.031 Thread 0x00007fd50585a800 nmethod 2359 0x0000000112f43cd0 code [0x0000000112f43e40, 0x0000000112f44010]
Event: 14.034 Thread 0x00007fd50505f800 nmethod 2358 0x0000000112f46450 code [0x0000000112f46640, 0x0000000112f47260]

GC Heap History (10 events):
Event: 6.494 GC heap before
{Heap before GC invocations=5 (full 0):
 PSYoungGen      total 138240K, used 138236K [0x0000000795580000, 0x000000079e180000, 0x00000007c0000000)
  eden space 133120K, 100% used [0x0000000795580000,0x000000079d780000,0x000000079d780000)
  from space 5120K, 99% used [0x000000079dc80000,0x000000079e17f380,0x000000079e180000)
  to   space 5120K, 0% used [0x000000079d780000,0x000000079d780000,0x000000079dc80000)
 ParOldGen       total 87552K, used 24020K [0x0000000740000000, 0x0000000745580000, 0x0000000795580000)
  object space 87552K, 27% used [0x0000000740000000,0x0000000741775390,0x0000000745580000)
 Metaspace       used 14982K, capacity 15268K, committed 15360K, reserved 1062912K
  class space    used 1944K, capacity 2030K, committed 2048K, reserved 1048576K
Event: 6.556 GC heap after
Heap after GC invocations=5 (full 0):
 PSYoungGen      total 138240K, used 5116K [0x0000000795580000, 0x00000007a7580000, 0x00000007c0000000)
  eden space 133120K, 0% used [0x0000000795580000,0x0000000795580000,0x000000079d780000)
  from space 5120K, 99% used [0x000000079d780000,0x000000079dc7f3a0,0x000000079dc80000)
  to   space 14336K, 0% used [0x00000007a6780000,0x00000007a6780000,0x00000007a7580000)
 ParOldGen       total 87552K, used 32229K [0x0000000740000000, 0x0000000745580000, 0x0000000795580000)
  object space 87552K, 36% used [0x0000000740000000,0x0000000741f79450,0x0000000745580000)
 Metaspace       used 14982K, capacity 15268K, committed 15360K, reserved 1062912K
  class space    used 1944K, capacity 2030K, committed 2048K, reserved 1048576K
}
Event: 7.490 GC heap before
{Heap before GC invocations=6 (full 0):
 PSYoungGen      total 138240K, used 138236K [0x0000000795580000, 0x00000007a7580000, 0x00000007c0000000)
  eden space 133120K, 100% used [0x0000000795580000,0x000000079d780000,0x000000079d780000)
  from space 5120K, 99% used [0x000000079d780000,0x000000079dc7f3a0,0x000000079dc80000)
  to   space 14336K, 0% used [0x00000007a6780000,0x00000007a6780000,0x00000007a7580000)
 ParOldGen       total 87552K, used 32229K [0x0000000740000000, 0x0000000745580000, 0x0000000795580000)
  object space 87552K, 36% used [0x0000000740000000,0x0000000741f79450,0x0000000745580000)
 Metaspace       used 15022K, capacity 15272K, committed 15360K, reserved 1062912K
  class space    used 1944K, capacity 2030K, committed 2048K, reserved 1048576K
Event: 7.543 GC heap after
Heap after GC invocations=6 (full 0):
 PSYoungGen      total 280064K, used 7388K [0x0000000795580000, 0x00000007a7680000, 0x00000007c0000000)
  eden space 265728K, 0% used [0x0000000795580000,0x0000000795580000,0x00000007a5900000)
  from space 14336K, 51% used [0x00000007a6780000,0x00000007a6eb7390,0x00000007a7580000)
  to   space 14848K, 0% used [0x00000007a5900000,0x00000007a5900000,0x00000007a6780000)
 ParOldGen       total 87552K, used 32229K [0x0000000740000000, 0x0000000745580000, 0x0000000795580000)
  object space 87552K, 36% used [0x0000000740000000,0x0000000741f79450,0x0000000745580000)
 Metaspace       used 15022K, capacity 15272K, committed 15360K, reserved 1062912K
  class space    used 1944K, capacity 2030K, committed 2048K, reserved 1048576K
}
Event: 9.129 GC heap before
{Heap before GC invocations=7 (full 0):
 PSYoungGen      total 280064K, used 273116K [0x0000000795580000, 0x00000007a7680000, 0x00000007c0000000)
  eden space 265728K, 100% used [0x0000000795580000,0x00000007a5900000,0x00000007a5900000)
  from space 14336K, 51% used [0x00000007a6780000,0x00000007a6eb7390,0x00000007a7580000)
  to   space 14848K, 0% used [0x00000007a5900000,0x00000007a5900000,0x00000007a6780000)
 ParOldGen       total 87552K, used 32229K [0x0000000740000000, 0x0000000745580000, 0x0000000795580000)
  object space 87552K, 36% used [0x0000000740000000,0x0000000741f79450,0x0000000745580000)
 Metaspace       used 15256K, capacity 15508K, committed 15744K, reserved 1062912K
  class space    used 1974K, capacity 2062K, committed 2176K, reserved 1048576K
Event: 9.176 GC heap after
Heap after GC invocations=7 (full 0):
 PSYoungGen      total 280576K, used 3192K [0x0000000795580000, 0x00000007b7c80000, 0x00000007c0000000)
  eden space 265728K, 0% used [0x0000000795580000,0x0000000795580000,0x00000007a5900000)
  from space 14848K, 21% used [0x00000007a5900000,0x00000007a5c1e038,0x00000007a6780000)
  to   space 16384K, 0% used [0x00000007b6c80000,0x00000007b6c80000,0x00000007b7c80000)
 ParOldGen       total 87552K, used 36562K [0x0000000740000000, 0x0000000745580000, 0x0000000795580000)
  object space 87552K, 41% used [0x0000000740000000,0x00000007423b4ad0,0x0000000745580000)
 Metaspace       used 15256K, capacity 15508K, committed 15744K, reserved 1062912K
  class space    used 1974K, capacity 2062K, committed 2176K, reserved 1048576K
}
Event: 10.165 GC heap before
{Heap before GC invocations=8 (full 0):
 PSYoungGen      total 280576K, used 268920K [0x0000000795580000, 0x00000007b7c80000, 0x00000007c0000000)
  eden space 265728K, 100% used [0x0000000795580000,0x00000007a5900000,0x00000007a5900000)
  from space 14848K, 21% used [0x00000007a5900000,0x00000007a5c1e038,0x00000007a6780000)
  to   space 16384K, 0% used [0x00000007b6c80000,0x00000007b6c80000,0x00000007b7c80000)
 ParOldGen       total 87552K, used 36562K [0x0000000740000000, 0x0000000745580000, 0x0000000795580000)
  object space 87552K, 41% used [0x0000000740000000,0x00000007423b4ad0,0x0000000745580000)
 Metaspace       used 15270K, capacity 15512K, committed 15744K, reserved 1062912K
  class space    used 1974K, capacity 2062K, committed 2176K, reserved 1048576K
Event: 10.178 GC heap after
Heap after GC invocations=8 (full 0):
 PSYoungGen      total 547328K, used 2496K [0x0000000795580000, 0x00000007b7d80000, 0x00000007c0000000)
  eden space 530944K, 0% used [0x0000000795580000,0x0000000795580000,0x00000007b5c00000)
  from space 16384K, 15% used [0x00000007b6c80000,0x00000007b6ef0000,0x00000007b7c80000)
  to   space 16896K, 0% used [0x00000007b5c00000,0x00000007b5c00000,0x00000007b6c80000)
 ParOldGen       total 87552K, used 37058K [0x0000000740000000, 0x0000000745580000, 0x0000000795580000)
  object space 87552K, 42% used [0x0000000740000000,0x0000000742430b10,0x0000000745580000)
 Metaspace       used 15270K, capacity 15512K, committed 15744K, reserved 1062912K
  class space    used 1974K, capacity 2062K, committed 2176K, reserved 1048576K
}
Event: 12.486 GC heap before
{Heap before GC invocations=9 (full 0):
 PSYoungGen      total 547328K, used 533440K [0x0000000795580000, 0x00000007b7d80000, 0x00000007c0000000)
  eden space 530944K, 100% used [0x0000000795580000,0x00000007b5c00000,0x00000007b5c00000)
  from space 16384K, 15% used [0x00000007b6c80000,0x00000007b6ef0000,0x00000007b7c80000)
  to   space 16896K, 0% used [0x00000007b5c00000,0x00000007b5c00000,0x00000007b6c80000)
 ParOldGen       total 87552K, used 37058K [0x0000000740000000, 0x0000000745580000, 0x0000000795580000)
  object space 87552K, 42% used [0x0000000740000000,0x0000000742430b10,0x0000000745580000)
 Metaspace       used 15295K, capacity 15524K, committed 15744K, reserved 1062912K
  class space    used 1977K, capacity 2064K, committed 2176K, reserved 1048576K
Event: 12.500 GC heap after
Heap after GC invocations=9 (full 0):
 PSYoungGen      total 547840K, used 1120K [0x0000000795580000, 0x00000007c0000000, 0x00000007c0000000)
  eden space 530944K, 0% used [0x0000000795580000,0x0000000795580000,0x00000007b5c00000)
  from space 16896K, 6% used [0x00000007b5c00000,0x00000007b5d18000,0x00000007b6c80000)
  to   space 17408K, 0% used [0x00000007bef00000,0x00000007bef00000,0x00000007c0000000)
 ParOldGen       total 87552K, used 39130K [0x0000000740000000, 0x0000000745580000, 0x0000000795580000)
  object space 87552K, 44% used [0x0000000740000000,0x0000000742636b90,0x0000000745580000)
 Metaspace       used 15295K, capacity 15524K, committed 15744K, reserved 1062912K
  class space    used 1977K, capacity 2064K, committed 2176K, reserved 1048576K
}

Deoptimization events (10 events):
Event: 13.750 Thread 0x00007fd505802800 Uncommon trap: reason=unstable_if action=reinterpret pc=0x0000000112c928d0 method=java.util.HashMap.clear()V @ 16
Event: 13.778 Thread 0x00007fd505802800 Uncommon trap: reason=unstable_if action=reinterpret pc=0x0000000112a50dac method=java.util.HashMap.resize()[Ljava/util/HashMap$Node; @ 56
Event: 13.789 Thread 0x00007fd505802800 Uncommon trap: reason=class_check action=maybe_recompile pc=0x00000001128cac54 method=java.io.DataInputStream.readInt()I @ 4
Event: 13.789 Thread 0x00007fd505802800 Uncommon trap: reason=class_check action=maybe_recompile pc=0x00000001128cac54 method=java.io.DataInputStream.readInt()I @ 4
Event: 13.789 Thread 0x00007fd505802800 Uncommon trap: reason=class_check action=maybe_recompile pc=0x00000001128cac54 method=java.io.DataInputStream.readInt()I @ 4
Event: 13.789 Thread 0x00007fd505802800 Uncommon trap: reason=class_check action=maybe_recompile pc=0x00000001128cac54 method=java.io.DataInputStream.readInt()I @ 4
Event: 13.980 Thread 0x00007fd505802800 Uncommon trap: reason=class_check action=maybe_recompile pc=0x0000000112f38fb0 method=java.util.concurrent.ConcurrentHashMap.putVal(Ljava/lang/Object;Ljava/lang/Object;Z)Ljava/lang/Object; @ 192
Event: 13.980 Thread 0x00007fd505802800 Uncommon trap: reason=class_check action=maybe_recompile pc=0x0000000112f38fb0 method=java.util.concurrent.ConcurrentHashMap.putVal(Ljava/lang/Object;Ljava/lang/Object;Z)Ljava/lang/Object; @ 192
Event: 13.980 Thread 0x00007fd505802800 Uncommon trap: reason=class_check action=maybe_recompile pc=0x0000000112f38fb0 method=java.util.concurrent.ConcurrentHashMap.putVal(Ljava/lang/Object;Ljava/lang/Object;Z)Ljava/lang/Object; @ 192
Event: 13.980 Thread 0x00007fd505802800 Uncommon trap: reason=class_check action=maybe_recompile pc=0x0000000112f38fb0 method=java.util.concurrent.ConcurrentHashMap.putVal(Ljava/lang/Object;Ljava/lang/Object;Z)Ljava/lang/Object; @ 192

Classes redefined (0 events):
No events

Internal exceptions (10 events):
Event: 13.945 Thread 0x00007fd505802800 Exception <a 'java/lang/ArrayIndexOutOfBoundsException': 18> (0x00000007aed14748) thrown at [/Users/java_re/workspace/8-2-build-macosx-x86_64/jdk8u161/10277/hotspot/src/share/vm/interpreter/interpreterRuntime.cpp, line 366]
Event: 13.946 Thread 0x00007fd505802800 Exception <a 'java/lang/ArrayIndexOutOfBoundsException': 139> (0x00000007aed16210) thrown at [/Users/java_re/workspace/8-2-build-macosx-x86_64/jdk8u161/10277/hotspot/src/share/vm/interpreter/interpreterRuntime.cpp, line 366]
Event: 13.948 Thread 0x00007fd505802800 Exception <a 'java/lang/ArrayIndexOutOfBoundsException'> (0x00000007aed17838) thrown at [/Users/java_re/workspace/8-2-build-macosx-x86_64/jdk8u161/10277/hotspot/src/share/vm/runtime/sharedRuntime.cpp, line 605]
Event: 13.952 Thread 0x00007fd505802800 Exception <a 'java/lang/ArrayIndexOutOfBoundsException'> (0x00000007aed1c758) thrown at [/Users/java_re/workspace/8-2-build-macosx-x86_64/jdk8u161/10277/hotspot/src/share/vm/runtime/sharedRuntime.cpp, line 605]
Event: 13.952 Thread 0x00007fd505802800 Exception <a 'java/lang/ArrayIndexOutOfBoundsException'> (0x00000007aed1d1d8) thrown at [/Users/java_re/workspace/8-2-build-macosx-x86_64/jdk8u161/10277/hotspot/src/share/vm/runtime/sharedRuntime.cpp, line 605]
Event: 13.952 Thread 0x00007fd505802800 Exception <a 'java/lang/ArrayIndexOutOfBoundsException'> (0x00000007aed1e058) thrown at [/Users/java_re/workspace/8-2-build-macosx-x86_64/jdk8u161/10277/hotspot/src/share/vm/runtime/sharedRuntime.cpp, line 605]
Event: 13.952 Thread 0x00007fd505802800 Exception <a 'java/lang/ArrayIndexOutOfBoundsException'> (0x00000007aed1eea0) thrown at [/Users/java_re/workspace/8-2-build-macosx-x86_64/jdk8u161/10277/hotspot/src/share/vm/runtime/sharedRuntime.cpp, line 605]
Event: 13.954 Thread 0x00007fd505802800 Exception <a 'java/lang/ArrayIndexOutOfBoundsException'> (0x00000007aed209f8) thrown at [/Users/java_re/workspace/8-2-build-macosx-x86_64/jdk8u161/10277/hotspot/src/share/vm/runtime/sharedRuntime.cpp, line 605]
Event: 13.954 Thread 0x00007fd505802800 Exception <a 'java/lang/ArrayIndexOutOfBoundsException'> (0x00000007aed21f08) thrown at [/Users/java_re/workspace/8-2-build-macosx-x86_64/jdk8u161/10277/hotspot/src/share/vm/runtime/sharedRuntime.cpp, line 605]
Event: 13.975 Thread 0x00007fd505802800 Exception <a 'java/lang/ArrayIndexOutOfBoundsException'> (0x00000007aed26498) thrown at [/Users/java_re/workspace/8-2-build-macosx-x86_64/jdk8u161/10277/hotspot/src/share/vm/runtime/sharedRuntime.cpp, line 605]

Events (10 events):
Event: 14.034 loading class com/fasterxml/jackson/databind/introspect/AnnotatedFieldCollector
Event: 14.034 loading class com/fasterxml/jackson/databind/introspect/AnnotatedFieldCollector done
Event: 14.035 loading class com/fasterxml/jackson/databind/introspect/CollectorBase
Event: 14.035 loading class com/fasterxml/jackson/databind/introspect/CollectorBase done
Event: 14.037 loading class com/fasterxml/jackson/databind/introspect/AnnotationMap
Event: 14.037 loading class com/fasterxml/jackson/databind/introspect/AnnotationMap done
Event: 14.037 loading class com/fasterxml/jackson/databind/introspect/TypeResolutionContext$Basic
Event: 14.037 loading class com/fasterxml/jackson/databind/introspect/TypeResolutionContext$Basic done
Event: 14.037 loading class com/fasterxml/jackson/databind/introspect/AnnotatedFieldCollector$FieldBuilder
Event: 14.037 loading class com/fasterxml/jackson/databind/introspect/AnnotatedFieldCollector$FieldBuilder done


Dynamic libraries:
0x000000000551f000 	/System/Library/Frameworks/Cocoa.framework/Versions/A/Cocoa
0x000000000551f000 	/System/Library/Frameworks/Security.framework/Versions/A/Security
0x000000000551f000 	/System/Library/Frameworks/ApplicationServices.framework/Versions/A/ApplicationServices
0x000000000551f000 	/usr/lib/libz.1.dylib
0x000000000551f000 	/usr/lib/libSystem.B.dylib
0x000000000551f000 	/usr/lib/libobjc.A.dylib
0x000000000551f000 	/System/Library/Frameworks/CoreFoundation.framework/Versions/A/CoreFoundation
0x000000000551f000 	/System/Library/Frameworks/Foundation.framework/Versions/C/Foundation
0x000000000551f000 	/System/Library/Frameworks/AppKit.framework/Versions/C/AppKit
0x000000000551f000 	/System/Library/Frameworks/CoreData.framework/Versions/A/CoreData
0x000000000551f000 	/System/Library/PrivateFrameworks/RemoteViewServices.framework/Versions/A/RemoteViewServices
0x000000000551f000 	/System/Library/PrivateFrameworks/UIFoundation.framework/Versions/A/UIFoundation
0x000000000551f000 	/System/Library/PrivateFrameworks/DFRFoundation.framework/Versions/A/DFRFoundation
0x000000000551f000 	/usr/lib/libenergytrace.dylib
0x000000000551f000 	/System/Library/PrivateFrameworks/SkyLight.framework/Versions/A/SkyLight
0x000000000551f000 	/System/Library/Frameworks/CoreGraphics.framework/Versions/A/CoreGraphics
0x000000000551f000 	/usr/lib/libScreenReader.dylib
0x000000000551f000 	/System/Library/Frameworks/Accelerate.framework/Versions/A/Accelerate
0x000000000551f000 	/System/Library/Frameworks/IOSurface.framework/Versions/A/IOSurface
0x000000000551f000 	/System/Library/Frameworks/AudioToolbox.framework/Versions/A/AudioToolbox
0x000000000551f000 	/System/Library/Frameworks/AudioUnit.framework/Versions/A/AudioUnit
0x000000000551f000 	/System/Library/PrivateFrameworks/DataDetectorsCore.framework/Versions/A/DataDetectorsCore
0x000000000551f000 	/System/Library/PrivateFrameworks/DesktopServicesPriv.framework/Versions/A/DesktopServicesPriv
0x000000000551f000 	/System/Library/Frameworks/Carbon.framework/Versions/A/Frameworks/HIToolbox.framework/Versions/A/HIToolbox
0x000000000551f000 	/usr/lib/libicucore.A.dylib
0x000000000551f000 	/System/Library/Frameworks/QuartzCore.framework/Versions/A/QuartzCore
0x000000000551f000 	/System/Library/Frameworks/Carbon.framework/Versions/A/Frameworks/SpeechRecognition.framework/Versions/A/SpeechRecognition
0x000000000551f000 	/usr/lib/libauto.dylib
0x000000000551f000 	/usr/lib/libxml2.2.dylib
0x000000000551f000 	/System/Library/PrivateFrameworks/CoreUI.framework/Versions/A/CoreUI
0x000000000551f000 	/System/Library/Frameworks/CoreAudio.framework/Versions/A/CoreAudio
0x000000000551f000 	/System/Library/Frameworks/DiskArbitration.framework/Versions/A/DiskArbitration
0x000000000551f000 	/usr/lib/liblangid.dylib
0x000000000551f000 	/System/Library/PrivateFrameworks/MultitouchSupport.framework/Versions/A/MultitouchSupport
0x000000000551f000 	/System/Library/Frameworks/IOKit.framework/Versions/A/IOKit
0x000000000551f000 	/usr/lib/libDiagnosticMessagesClient.dylib
0x000000000551f000 	/System/Library/Frameworks/CoreServices.framework/Versions/A/CoreServices
0x000000000551f000 	/System/Library/PrivateFrameworks/PerformanceAnalysis.framework/Versions/A/PerformanceAnalysis
0x000000000551f000 	/System/Library/PrivateFrameworks/GenerationalStorage.framework/Versions/A/GenerationalStorage
0x000000000551f000 	/System/Library/Frameworks/OpenGL.framework/Versions/A/OpenGL
0x000000000551f000 	/System/Library/Frameworks/CoreImage.framework/Versions/A/CoreImage
0x000000000551f000 	/System/Library/Frameworks/CoreText.framework/Versions/A/CoreText
0x000000000551f000 	/System/Library/Frameworks/ImageIO.framework/Versions/A/ImageIO
0x000000000551f000 	/System/Library/PrivateFrameworks/Backup.framework/Versions/A/Backup
0x000000000551f000 	/usr/lib/libarchive.2.dylib
0x000000000551f000 	/System/Library/Frameworks/CFNetwork.framework/Versions/A/CFNetwork
0x000000000551f000 	/System/Library/Frameworks/SystemConfiguration.framework/Versions/A/SystemConfiguration
0x000000000551f000 	/usr/lib/libCRFSuite.dylib
0x000000000551f000 	/usr/lib/libc++.1.dylib
0x000000000551f000 	/usr/lib/libc++abi.dylib
0x000000000551f000 	/usr/lib/system/libcache.dylib
0x000000000551f000 	/usr/lib/system/libcommonCrypto.dylib
0x000000000551f000 	/usr/lib/system/libcompiler_rt.dylib
0x000000000551f000 	/usr/lib/system/libcopyfile.dylib
0x000000000551f000 	/usr/lib/system/libcorecrypto.dylib
0x000000000551f000 	/usr/lib/system/libdispatch.dylib
0x000000000551f000 	/usr/lib/system/libdyld.dylib
0x000000000551f000 	/usr/lib/system/libkeymgr.dylib
0x000000000551f000 	/usr/lib/system/liblaunch.dylib
0x000000000551f000 	/usr/lib/system/libmacho.dylib
0x000000000551f000 	/usr/lib/system/libquarantine.dylib
0x000000000551f000 	/usr/lib/system/libremovefile.dylib
0x000000000551f000 	/usr/lib/system/libsystem_asl.dylib
0x000000000551f000 	/usr/lib/system/libsystem_blocks.dylib
0x000000000551f000 	/usr/lib/system/libsystem_c.dylib
0x000000000551f000 	/usr/lib/system/libsystem_configuration.dylib
0x000000000551f000 	/usr/lib/system/libsystem_coreservices.dylib
0x000000000551f000 	/usr/lib/system/libsystem_coretls.dylib
0x000000000551f000 	/usr/lib/system/libsystem_dnssd.dylib
0x000000000551f000 	/usr/lib/system/libsystem_info.dylib
0x000000000551f000 	/usr/lib/system/libsystem_kernel.dylib
0x000000000551f000 	/usr/lib/system/libsystem_m.dylib
0x000000000551f000 	/usr/lib/system/libsystem_malloc.dylib
0x000000000551f000 	/usr/lib/system/libsystem_network.dylib
0x000000000551f000 	/usr/lib/system/libsystem_networkextension.dylib
0x000000000551f000 	/usr/lib/system/libsystem_notify.dylib
0x000000000551f000 	/usr/lib/system/libsystem_platform.dylib
0x000000000551f000 	/usr/lib/system/libsystem_pthread.dylib
0x000000000551f000 	/usr/lib/system/libsystem_sandbox.dylib
0x000000000551f000 	/usr/lib/system/libsystem_secinit.dylib
0x000000000551f000 	/usr/lib/system/libsystem_symptoms.dylib
0x000000000551f000 	/usr/lib/system/libsystem_trace.dylib
0x000000000551f000 	/usr/lib/system/libunwind.dylib
0x000000000551f000 	/usr/lib/system/libxpc.dylib
0x000000000551f000 	/usr/lib/libbsm.0.dylib
0x000000000551f000 	/usr/lib/system/libkxld.dylib
0x000000000551f000 	/usr/lib/libcoretls.dylib
0x000000000551f000 	/usr/lib/libcoretls_cfhelpers.dylib
0x000000000551f000 	/usr/lib/libOpenScriptingUtil.dylib
0x000000000551f000 	/usr/lib/libpam.2.dylib
0x000000000551f000 	/usr/lib/libsqlite3.dylib
0x000000000551f000 	/usr/lib/libxar.1.dylib
0x000000000551f000 	/usr/lib/libbz2.1.0.dylib
0x000000000551f000 	/usr/lib/liblzma.5.dylib
0x000000000551f000 	/usr/lib/libnetwork.dylib
0x000000000551f000 	/usr/lib/libpcap.A.dylib
0x000000000551f000 	/System/Library/Frameworks/CoreServices.framework/Versions/A/Frameworks/FSEvents.framework/Versions/A/FSEvents
0x000000000551f000 	/System/Library/Frameworks/CoreServices.framework/Versions/A/Frameworks/CarbonCore.framework/Versions/A/CarbonCore
0x000000000551f000 	/System/Library/Frameworks/CoreServices.framework/Versions/A/Frameworks/Metadata.framework/Versions/A/Metadata
0x000000000551f000 	/System/Library/Frameworks/CoreServices.framework/Versions/A/Frameworks/OSServices.framework/Versions/A/OSServices
0x000000000551f000 	/System/Library/Frameworks/CoreServices.framework/Versions/A/Frameworks/SearchKit.framework/Versions/A/SearchKit
0x000000000551f000 	/System/Library/Frameworks/CoreServices.framework/Versions/A/Frameworks/AE.framework/Versions/A/AE
0x000000000551f000 	/System/Library/Frameworks/CoreServices.framework/Versions/A/Frameworks/LaunchServices.framework/Versions/A/LaunchServices
0x000000000551f000 	/System/Library/Frameworks/CoreServices.framework/Versions/A/Frameworks/DictionaryServices.framework/Versions/A/DictionaryServices
0x000000000551f000 	/System/Library/Frameworks/CoreServices.framework/Versions/A/Frameworks/SharedFileList.framework/Versions/A/SharedFileList
0x000000000551f000 	/System/Library/Frameworks/NetFS.framework/Versions/A/NetFS
0x000000000551f000 	/System/Library/PrivateFrameworks/NetAuth.framework/Versions/A/NetAuth
0x000000000551f000 	/System/Library/PrivateFrameworks/login.framework/Versions/A/Frameworks/loginsupport.framework/Versions/A/loginsupport
0x000000000551f000 	/System/Library/PrivateFrameworks/TCC.framework/Versions/A/TCC
0x000000000551f000 	/usr/lib/libmecabra.dylib
0x000000000551f000 	/System/Library/Frameworks/ApplicationServices.framework/Versions/A/Frameworks/ATS.framework/Versions/A/ATS
0x000000000551f000 	/System/Library/Frameworks/ApplicationServices.framework/Versions/A/Frameworks/ColorSync.framework/Versions/A/ColorSync
0x000000000551f000 	/System/Library/Frameworks/ApplicationServices.framework/Versions/A/Frameworks/HIServices.framework/Versions/A/HIServices
0x000000000551f000 	/System/Library/Frameworks/ApplicationServices.framework/Versions/A/Frameworks/LangAnalysis.framework/Versions/A/LangAnalysis
0x000000000551f000 	/System/Library/Frameworks/ApplicationServices.framework/Versions/A/Frameworks/PrintCore.framework/Versions/A/PrintCore
0x000000000551f000 	/System/Library/Frameworks/ApplicationServices.framework/Versions/A/Frameworks/QD.framework/Versions/A/QD
0x000000000551f000 	/System/Library/Frameworks/ApplicationServices.framework/Versions/A/Frameworks/SpeechSynthesis.framework/Versions/A/SpeechSynthesis
0x000000000551f000 	/System/Library/Frameworks/Accelerate.framework/Versions/A/Frameworks/vImage.framework/Versions/A/vImage
0x000000000551f000 	/System/Library/Frameworks/Accelerate.framework/Versions/A/Frameworks/vecLib.framework/Versions/A/vecLib
0x000000000551f000 	/System/Library/Frameworks/Accelerate.framework/Versions/A/Frameworks/vecLib.framework/Versions/A/libvDSP.dylib
0x000000000551f000 	/System/Library/Frameworks/Accelerate.framework/Versions/A/Frameworks/vecLib.framework/Versions/A/libBNNS.dylib
0x000000000551f000 	/System/Library/Frameworks/Accelerate.framework/Versions/A/Frameworks/vecLib.framework/Versions/A/libQuadrature.dylib
0x000000000551f000 	/System/Library/Frameworks/Accelerate.framework/Versions/A/Frameworks/vecLib.framework/Versions/A/libvMisc.dylib
0x000000000551f000 	/System/Library/Frameworks/Accelerate.framework/Versions/A/Frameworks/vecLib.framework/Versions/A/libLAPACK.dylib
0x000000000551f000 	/System/Library/Frameworks/Accelerate.framework/Versions/A/Frameworks/vecLib.framework/Versions/A/libBLAS.dylib
0x000000000551f000 	/System/Library/Frameworks/Accelerate.framework/Versions/A/Frameworks/vecLib.framework/Versions/A/libLinearAlgebra.dylib
0x000000000551f000 	/System/Library/Frameworks/Accelerate.framework/Versions/A/Frameworks/vecLib.framework/Versions/A/libSparseBLAS.dylib
0x000000000551f000 	/System/Library/Frameworks/ApplicationServices.framework/Versions/A/Frameworks/ATS.framework/Versions/A/Resources/libFontParser.dylib
0x000000000551f000 	/System/Library/Frameworks/ApplicationServices.framework/Versions/A/Frameworks/ATS.framework/Versions/A/Resources/libFontRegistry.dylib
0x000000000551f000 	/System/Library/Frameworks/ImageIO.framework/Versions/A/Resources/libJPEG.dylib
0x000000000551f000 	/System/Library/Frameworks/ImageIO.framework/Versions/A/Resources/libTIFF.dylib
0x000000000551f000 	/System/Library/Frameworks/ImageIO.framework/Versions/A/Resources/libPng.dylib
0x000000000551f000 	/System/Library/Frameworks/ImageIO.framework/Versions/A/Resources/libGIF.dylib
0x000000000551f000 	/System/Library/Frameworks/ImageIO.framework/Versions/A/Resources/libJP2.dylib
0x000000000551f000 	/System/Library/Frameworks/ImageIO.framework/Versions/A/Resources/libRadiance.dylib
0x000000000551f000 	/usr/lib/libcompression.dylib
0x000000000551f000 	/System/Library/PrivateFrameworks/AppleJPEG.framework/Versions/A/AppleJPEG
0x000000000551f000 	/usr/lib/libcups.2.dylib
0x000000000551f000 	/System/Library/Frameworks/Kerberos.framework/Versions/A/Kerberos
0x000000000551f000 	/System/Library/Frameworks/GSS.framework/Versions/A/GSS
0x000000000551f000 	/usr/lib/libresolv.9.dylib
0x000000000551f000 	/usr/lib/libiconv.2.dylib
0x000000000551f000 	/System/Library/PrivateFrameworks/Heimdal.framework/Versions/A/Heimdal
0x000000000551f000 	/usr/lib/libheimdal-asn1.dylib
0x000000000551f000 	/System/Library/Frameworks/OpenDirectory.framework/Versions/A/OpenDirectory
0x000000000551f000 	/System/Library/PrivateFrameworks/CommonAuth.framework/Versions/A/CommonAuth
0x000000000551f000 	/System/Library/Frameworks/OpenDirectory.framework/Versions/A/Frameworks/CFOpenDirectory.framework/Versions/A/CFOpenDirectory
0x000000000551f000 	/System/Library/Frameworks/SecurityFoundation.framework/Versions/A/SecurityFoundation
0x000000000551f000 	/System/Library/PrivateFrameworks/LanguageModeling.framework/Versions/A/LanguageModeling
0x000000000551f000 	/usr/lib/libmarisa.dylib
0x000000000551f000 	/usr/lib/libChineseTokenizer.dylib
0x000000000551f000 	/usr/lib/libcmph.dylib
0x000000000551f000 	/System/Library/PrivateFrameworks/CoreEmoji.framework/Versions/A/CoreEmoji
0x000000000551f000 	/System/Library/Frameworks/ServiceManagement.framework/Versions/A/ServiceManagement
0x000000000551f000 	/usr/lib/libxslt.1.dylib
0x000000000551f000 	/System/Library/Frameworks/Carbon.framework/Versions/A/Frameworks/Ink.framework/Versions/A/Ink
0x000000000551f000 	/System/Library/PrivateFrameworks/TextureIO.framework/Versions/A/TextureIO
0x000000000551f000 	/System/Library/Frameworks/Metal.framework/Versions/A/Metal
0x000000000551f000 	/usr/lib/libate.dylib
0x000000000551f000 	/System/Library/PrivateFrameworks/GPUCompiler.framework/libmetal_timestamp.dylib
0x000000000551f000 	/System/Library/Frameworks/OpenGL.framework/Versions/A/Libraries/libCoreFSCache.dylib
0x000000000551f000 	/System/Library/PrivateFrameworks/IOAccelerator.framework/Versions/A/IOAccelerator
0x000000000551f000 	/System/Library/Frameworks/CoreVideo.framework/Versions/A/CoreVideo
0x000000000551f000 	/usr/lib/libFosl_dynamic.dylib
0x000000000551f000 	/System/Library/PrivateFrameworks/MetalPerformanceShaders.framework/Versions/A/MetalPerformanceShaders
0x000000000551f000 	/System/Library/PrivateFrameworks/FaceCore.framework/Versions/A/FaceCore
0x000000000551f000 	/System/Library/Frameworks/OpenCL.framework/Versions/A/OpenCL
0x000000000551f000 	/System/Library/Frameworks/OpenGL.framework/Versions/A/Libraries/libGLU.dylib
0x000000000551f000 	/System/Library/Frameworks/OpenGL.framework/Versions/A/Libraries/libGFXShared.dylib
0x000000000551f000 	/System/Library/Frameworks/OpenGL.framework/Versions/A/Libraries/libGL.dylib
0x000000000551f000 	/System/Library/Frameworks/OpenGL.framework/Versions/A/Libraries/libGLImage.dylib
0x000000000551f000 	/System/Library/Frameworks/OpenGL.framework/Versions/A/Libraries/libCVMSPluginSupport.dylib
0x000000000551f000 	/System/Library/Frameworks/OpenGL.framework/Versions/A/Libraries/libCoreVMClient.dylib
0x000000000551f000 	/System/Library/PrivateFrameworks/CrashReporterSupport.framework/Versions/A/CrashReporterSupport
0x000000000551f000 	/System/Library/PrivateFrameworks/Sharing.framework/Versions/A/Sharing
0x000000000551f000 	/System/Library/PrivateFrameworks/IconServices.framework/Versions/A/IconServices
0x000000000551f000 	/System/Library/PrivateFrameworks/ProtocolBuffer.framework/Versions/A/ProtocolBuffer
0x000000000551f000 	/System/Library/PrivateFrameworks/Apple80211.framework/Versions/A/Apple80211
0x000000000551f000 	/System/Library/Frameworks/CoreWLAN.framework/Versions/A/CoreWLAN
0x000000000551f000 	/System/Library/PrivateFrameworks/CoreUtils.framework/Versions/A/CoreUtils
0x000000000551f000 	/System/Library/Frameworks/IOBluetooth.framework/Versions/A/IOBluetooth
0x000000000551f000 	/System/Library/PrivateFrameworks/CoreWiFi.framework/Versions/A/CoreWiFi
0x000000000551f000 	/System/Library/Frameworks/CoreBluetooth.framework/Versions/A/CoreBluetooth
0x000000000551f000 	/System/Library/Frameworks/CoreDisplay.framework/Versions/A/CoreDisplay
0x000000000551f000 	/System/Library/PrivateFrameworks/IOPresentment.framework/Versions/A/IOPresentment
0x000000000551f000 	/System/Library/PrivateFrameworks/DSExternalDisplay.framework/Versions/A/DSExternalDisplay
0x000000000551f000 	/System/Library/PrivateFrameworks/DebugSymbols.framework/Versions/A/DebugSymbols
0x000000000551f000 	/System/Library/PrivateFrameworks/CoreSymbolication.framework/Versions/A/CoreSymbolication
0x000000000551f000 	/System/Library/PrivateFrameworks/Symbolication.framework/Versions/A/Symbolication
0x000000000551f000 	/System/Library/PrivateFrameworks/AppleFSCompression.framework/Versions/A/AppleFSCompression
0x000000000551f000 	/System/Library/PrivateFrameworks/SpeechRecognitionCore.framework/Versions/A/SpeechRecognitionCore
0x000000000551f000 	/System/Library/PrivateFrameworks/ChunkingLibrary.framework/Versions/A/ChunkingLibrary
0x000000010f4b8000 	/Library/Java/JavaVirtualMachines/jdk1.8.0_161.jdk/Contents/Home/jre/lib/server/libjvm.dylib
0x000000000551f000 	/usr/lib/libstdc++.6.dylib
0x0000000110466000 	/Library/Java/JavaVirtualMachines/jdk1.8.0_161.jdk/Contents/Home/jre/lib/libverify.dylib
0x0000000110474000 	/Library/Java/JavaVirtualMachines/jdk1.8.0_161.jdk/Contents/Home/jre/lib/libjava.dylib
0x00000001104b4000 	/Library/Java/JavaVirtualMachines/jdk1.8.0_161.jdk/Contents/Home/jre/lib/libzip.dylib
0x0000000112542000 	/Library/Java/JavaVirtualMachines/jdk1.8.0_161.jdk/Contents/Home/jre/lib/libnio.dylib
0x0000000112552000 	/Library/Java/JavaVirtualMachines/jdk1.8.0_161.jdk/Contents/Home/jre/lib/./libnet.dylib

VM Arguments:
java_command: /Users/mohammadomar/Desktop/node-js-getting-started/ont.jar /Users/mohammadomar/Desktop/node-js-getting-started/ontologies/ww.owl /Users/mohammadomar/Desktop/node-js-getting-started/questions/ pp.json
java_class_path (initial): /Users/mohammadomar/Desktop/node-js-getting-started/ont.jar
Launcher Type: SUN_STANDARD

Environment Variables:
PATH=/Users/mohammadomar/.npm-packages/lib/node_modules/npm/bin/node-gyp-bin:/Users/mohammadomar/Desktop/node-js-getting-started/node_modules/.bin:/Users/mohammadomar/.npm-packages/bin:/usr/local/bin:/usr/bin:/bin:/usr/sbin:/sbin:/Users/mohammadomar/.npm-packages/bin
SHELL=/bin/bash

Signal Handlers:
SIGSEGV: [libjvm.dylib+0x5b5439], sa_mask[0]=11111111011111110111111111111111, sa_flags=SA_ONSTACK|SA_RESTART|SA_SIGINFO
SIGBUS: [libjvm.dylib+0x5b5439], sa_mask[0]=11111111011111110111111111111111, sa_flags=SA_RESTART|SA_SIGINFO
SIGFPE: [libjvm.dylib+0x48ae24], sa_mask[0]=11111111011111110111111111111111, sa_flags=SA_RESTART|SA_SIGINFO
SIGPIPE: [libjvm.dylib+0x48ae24], sa_mask[0]=11111111011111110111111111111111, sa_flags=SA_RESTART|SA_SIGINFO
SIGXFSZ: [libjvm.dylib+0x48ae24], sa_mask[0]=11111111011111110111111111111111, sa_flags=SA_RESTART|SA_SIGINFO
SIGILL: [libjvm.dylib+0x48ae24], sa_mask[0]=11111111011111110111111111111111, sa_flags=SA_RESTART|SA_SIGINFO
SIGUSR1: SIG_DFL, sa_mask[0]=11111111011111110111111111111111, sa_flags=none
SIGUSR2: [libjvm.dylib+0x48a942], sa_mask[0]=00000000000000000000000000000000, sa_flags=SA_RESTART|SA_SIGINFO
SIGHUP: [libjvm.dylib+0x488f0d], sa_mask[0]=11111111011111110111111111111111, sa_flags=SA_RESTART|SA_SIGINFO
SIGINT: [libjvm.dylib+0x488f0d], sa_mask[0]=11111111011111110111111111111111, sa_flags=SA_RESTART|SA_SIGINFO
SIGTERM: [libjvm.dylib+0x488f0d], sa_mask[0]=11111111011111110111111111111111, sa_flags=SA_RESTART|SA_SIGINFO
SIGQUIT: [libjvm.dylib+0x488f0d], sa_mask[0]=11111111011111110111111111111111, sa_flags=SA_RESTART|SA_SIGINFO


---------------  S Y S T E M  ---------------

OS:Bsduname:Darwin 16.7.0 Darwin Kernel Version 16.7.0: Thu Jan 11 22:59:40 PST 2018; root:xnu-3789.73.8~1/RELEASE_X86_64 x86_64
rlimit: STACK 8192k, CORE 0k, NPROC 709, NOFILE 10240, AS infinity
load average:4.61 5.04 4.88

CPU:total 2 (initial active 2) (2 cores per cpu, 1 threads per core) family 6 model 23 stepping 10, cmov, cx8, fxsr, mmx, sse, sse2, sse3, ssse3, sse4.1, tsc

Memory: 4k page, physical 8388608k(530676k free)

/proc/meminfo:


vm_info: Java HotSpot(TM) 64-Bit Server VM (25.161-b12) for bsd-amd64 JRE (1.8.0_161-b12), built on Dec 19 2017 16:22:20 by "java_re" with gcc 4.2.1 (Based on Apple Inc. build 5658) (LLVM build 2336.11.00)

time: Tue Apr 24 11:50:25 2018
elapsed time: 14 seconds (0d 0h 0m 14s)

