#
# A fatal error has been detected by the Java Runtime Environment:
#
#  SIGSEGV (0xb) at pc=0x000000010148a970, pid=916, tid=0x0000000000000307
#
# JRE version: Java(TM) SE Runtime Environment (8.0_161-b12) (build 1.8.0_161-b12)
# Java VM: Java HotSpot(TM) 64-Bit Server VM (25.161-b12 mixed mode bsd-amd64 compressed oops)
# Problematic frame:
# V  [libjvm.dylib+0x48a970]
#
# Failed to write core dump. Core dumps have been disabled. To enable core dumping, try "ulimit -c unlimited" before starting Java again
#
# If you would like to submit a bug report, please visit:
#   http://bugreport.java.com/bugreport/crash.jsp
#

---------------  T H R E A D  ---------------

Current thread is native thread

siginfo: si_signo: 11 (SIGSEGV), si_code: 1 (SEGV_MAPERR), si_addr: 0x0000000000000128

Registers:
RAX=0x0000000000000000, RBX=0x00007fff5f167d30, RCX=0x00007fffd3784408, RDX=0x00007fff5f167d30
RSP=0x00007fff5f167860, RBP=0x00007fff5f167890, RSI=0x00007fff5f167cc8, RDI=0x0000000000000103
R8 =0x00007fff5f167d30, R9 =0x00000000ffffffff, R10=0x0000000000000c00, R11=0x0000000000000206
R12=0x0000000000000c00, R13=0x0000000000000000, R14=0x00007fff5f167cc8, R15=0x0000000000000002
RIP=0x000000010148a970, EFLAGS=0x0000000000010202, ERR=0x0000000000000004
  TRAPNO=0x000000000000000e

Top of Stack: (sp=0x00007fff5f167860)
0x00007fff5f167860:   0000000000000000 00007fff5f167d30
0x00007fff5f167870:   0000000000000c00 0000000000000000
0x00007fff5f167880:   00007fff5f167f60 0000000000000d03
0x00007fff5f167890:   00007fff5f1678a0 00007fffcaa1bb3a
0x00007fff5f1678a0:   00007fff5f167e30 0000000000019e00
0x00007fff5f1678b0:   00019f00d00b0978 00007fffd361a2d0
0x00007fff5f1678c0:   0100001f00000085 00007fffd3756b18
0x00007fff5f1678d0:   0000000010004005 00000000ffffffff
0x00007fff5f1678e0:   00007fff5f167de8 0000000000000000
0x00007fff5f1678f0:   00007fff5f167f60 0000000007000806
0x00007fff5f167900:   00007fff5f167e30 00007fff5f167de8
0x00007fff5f167910:   0000000000000d03 00000000ffffffff
0x00007fff5f167920:   0000000000000c00 0000000000000206
0x00007fff5f167930:   0000000000000c00 0000000000000000
0x00007fff5f167940:   00007fff5f167f60 0000000000000d03
0x00007fff5f167950:   00007fffca93334a 0000000000000206
0x00007fff5f167960:   0000000000000007 0000000000000000
0x00007fff5f167970:   0000000000000000 0000000000000000
0x00007fff5f167980:   000000000000037f 0000000000000000
0x00007fff5f167990:   0000000000000000 0000ffff00001fa0
0x00007fff5f1679a0:   0000000000000000 000000000000ffff
0x00007fff5f1679b0:   0000000000000000 0000000000000000
0x00007fff5f1679c0:   0000000000000000 0000000000000000
0x00007fff5f1679d0:   00cf93000000ffff 000000000000ffff
0x00007fff5f1679e0:   ea600009d4951800 0000000000004008
0x00007fff5f1679f0:   aa0c80069ad42800 000000000000400d
0x00007fff5f167a00:   995200044d013a80 000000000000400d
0x00007fff5f167a10:   9445008c08000124 000000000000c03c
0x00007fff5f167a20:   41c0574b9920b31c 0000000000000000
0x00007fff5f167a30:   41c0574b99000000 0000000000000000
0x00007fff5f167a40:   c3de3f8bca673f5e 439c0743598c0a23
0x00007fff5f167a50:   67726f2e65686361 736e6f6d6d6f632f 

Instructions: (pc=0x000000010148a970)
0x000000010148a950:   83 ec 08 48 89 d3 49 89 f6 e8 bc 46 14 00 44 8b
0x000000010148a960:   38 48 8d 05 a8 18 3b 00 48 63 38 e8 8c 49 14 00
0x000000010148a970:   4c 8b a0 28 01 00 00 41 83 7c 24 34 01 0f 85 e2
0x000000010148a980:   00 00 00 49 89 5c 24 40 4d 89 74 24 38 49 8d 5c 

Register to memory mapping:

RAX=0x0000000000000000 is an unknown value
RBX=0x00007fff5f167d30 is an unknown value
RCX=0x00007fffd3784408: _thread+0x48 in /usr/lib/system/libsystem_pthread.dylib at 0x00007fffcaa22000
RDX=0x00007fff5f167d30 is an unknown value
RSP=0x00007fff5f167860 is an unknown value
RBP=0x00007fff5f167890 is an unknown value
RSI=0x00007fff5f167cc8 is an unknown value
RDI=0x0000000000000103 is an unknown value
R8 =0x00007fff5f167d30 is an unknown value
R9 =0x00000000ffffffff is an unknown value
R10=0x0000000000000c00 is an unknown value
R11=0x0000000000000206 is an unknown value
R12=0x0000000000000c00 is an unknown value
R13=0x0000000000000000 is an unknown value
R14=0x00007fff5f167cc8 is an unknown value
R15=0x0000000000000002 is an unknown value


Stack: [0x00007fff5e96c000,0x00007fff5f16c000],  sp=0x00007fff5f167860,  free space=8174k
Native frames: (J=compiled Java code, j=interpreted, Vv=VM code, C=native code)
V  [libjvm.dylib+0x48a970]
C  [libsystem_platform.dylib+0x2b3a]  _sigtramp+0x1a
C  0x0000000000019e00
C  [CoreFoundation+0x85874]  __CFRunLoopServiceMachPort+0xd4
C  [CoreFoundation+0x84cf1]  __CFRunLoopRun+0x551
C  [CoreFoundation+0x84544]  CFRunLoopRunSpecific+0x1a4
C  [java+0x647a]  CreateExecutionEnvironment+0x367
C  [java+0x212c]  JLI_Launch+0x7a0
C  [java+0x84d7]  main+0x65
C  [java+0x1984]  start+0x34


---------------  P R O C E S S  ---------------

VM state:not at safepoint (normal execution)

VM Mutex/Monitor currently owned by a thread: None

Heap:
 PSYoungGen      total 276480K, used 170675K [0x0000000795580000, 0x00000007a6f80000, 0x00000007c0000000)
  eden space 265728K, 63% used [0x0000000795580000,0x000000079fb6ccd0,0x00000007a5900000)
  from space 10752K, 7% used [0x00000007a6400000,0x00000007a64c0000,0x00000007a6e80000)
  to   space 11264K, 0% used [0x00000007a5900000,0x00000007a5900000,0x00000007a6400000)
 ParOldGen       total 87552K, used 11840K [0x0000000740000000, 0x0000000745580000, 0x0000000795580000)
  object space 87552K, 13% used [0x0000000740000000,0x0000000740b90138,0x0000000745580000)
 Metaspace       used 15276K, capacity 15578K, committed 15744K, reserved 1062912K
  class space    used 1977K, capacity 2065K, committed 2176K, reserved 1048576K

Card table byte_map: [0x000000010236e000,0x000000010276f000] byte_map_base: 0x00000000fe96e000

Marking Bits: (ParMarkBitMap*) 0x00000001018f76c0
 Begin Bits: [0x0000000102a1a000, 0x0000000104a1a000)
 End Bits:   [0x0000000104a1a000, 0x0000000106a1a000)

Polling page: 0x0000000100b87000

CodeCache: size=245760Kb used=7402Kb max_used=7416Kb free=238358Kb
 bounds [0x0000000108e4f000, 0x000000010959f000, 0x0000000117e4f000]
 total_blobs=2338 nmethods=1997 adapters=256
 compilation: enabled

Compilation events (10 events):
Event: 115.150 Thread 0x00007fc6b5053000 nmethod 2193 0x000000010957fb90 code [0x0000000109580920, 0x00000001095890b8]
Event: 115.151 Thread 0x00007fc6b5053000 2208       4       org.apache.jena.reasoner.rulesys.impl.LPInterpreter::<init> (299 bytes)
Event: 117.625 Thread 0x00007fc6b5053000 nmethod 2208 0x0000000109578e50 code [0x0000000109579300, 0x000000010957c690]
Event: 117.626 Thread 0x00007fc6b5053000 2156       4       org.apache.jena.mem.GraphTripleStoreBase::find (174 bytes)
Event: 119.461 Thread 0x00007fc6b5053000 nmethod 2156 0x0000000109122910 code [0x0000000109122d20, 0x00000001091251e8]
Event: 119.462 Thread 0x00007fc6b5053000 2190       4       org.apache.jena.mem.NodeToTriplesMapMem::iterator (79 bytes)
Event: 120.654 Thread 0x00007fc6b5053000 nmethod 2190 0x0000000108f8b6d0 code [0x0000000108f8b960, 0x0000000108f8ca18]
Event: 120.655 Thread 0x00007fc6b5053000 2172       4       org.apache.jena.reasoner.transitiveReasoner.TransitiveGraphCache::findWithContinuation (66 bytes)
Event: 120.697 Thread 0x00007fc6b506a800 2218       2       org.apache.jena.reasoner.rulesys.impl.Generator::notifyResults (37 bytes)
Event: 120.697 Thread 0x00007fc6b506a800 nmethod 2218 0x0000000109156e50 code [0x0000000109157000, 0x0000000109157298]

GC Heap History (10 events):
Event: 43.055 GC heap before
{Heap before GC invocations=4 (full 0):
 PSYoungGen      total 38400K, used 38377K [0x0000000795580000, 0x000000079a080000, 0x00000007c0000000)
  eden space 33280K, 100% used [0x0000000795580000,0x0000000797600000,0x0000000797600000)
  from space 5120K, 99% used [0x0000000797600000,0x0000000797afa5e8,0x0000000797b00000)
  to   space 5120K, 0% used [0x0000000799b80000,0x0000000799b80000,0x000000079a080000)
 ParOldGen       total 87552K, used 6453K [0x0000000740000000, 0x0000000745580000, 0x0000000795580000)
  object space 87552K, 7% used [0x0000000740000000,0x000000074064d428,0x0000000745580000)
 Metaspace       used 15162K, capacity 15412K, committed 15744K, reserved 1062912K
  class space    used 1970K, capacity 2056K, committed 2176K, reserved 1048576K
Event: 43.101 GC heap after
Heap after GC invocations=4 (full 0):
 PSYoungGen      total 71680K, used 5088K [0x0000000795580000, 0x000000079a080000, 0x00000007c0000000)
  eden space 66560K, 0% used [0x0000000795580000,0x0000000795580000,0x0000000799680000)
  from space 5120K, 99% used [0x0000000799b80000,0x000000079a078108,0x000000079a080000)
  to   space 5120K, 0% used [0x0000000799680000,0x0000000799680000,0x0000000799b80000)
 ParOldGen       total 87552K, used 6775K [0x0000000740000000, 0x0000000745580000, 0x0000000795580000)
  object space 87552K, 7% used [0x0000000740000000,0x000000074069dd80,0x0000000745580000)
 Metaspace       used 15162K, capacity 15412K, committed 15744K, reserved 1062912K
  class space    used 1970K, capacity 2056K, committed 2176K, reserved 1048576K
}
Event: 50.365 GC heap before
{Heap before GC invocations=5 (full 0):
 PSYoungGen      total 71680K, used 71648K [0x0000000795580000, 0x000000079a080000, 0x00000007c0000000)
  eden space 66560K, 100% used [0x0000000795580000,0x0000000799680000,0x0000000799680000)
  from space 5120K, 99% used [0x0000000799b80000,0x000000079a078108,0x000000079a080000)
  to   space 5120K, 0% used [0x0000000799680000,0x0000000799680000,0x0000000799b80000)
 ParOldGen       total 87552K, used 6775K [0x0000000740000000, 0x0000000745580000, 0x0000000795580000)
  object space 87552K, 7% used [0x0000000740000000,0x000000074069dd80,0x0000000745580000)
 Metaspace       used 15195K, capacity 15476K, committed 15744K, reserved 1062912K
  class space    used 1970K, capacity 2056K, committed 2176K, reserved 1048576K
Event: 50.497 GC heap after
Heap after GC invocations=5 (full 0):
 PSYoungGen      total 71680K, used 5100K [0x0000000795580000, 0x000000079eb80000, 0x00000007c0000000)
  eden space 66560K, 0% used [0x0000000795580000,0x0000000795580000,0x0000000799680000)
  from space 5120K, 99% used [0x0000000799680000,0x0000000799b7b370,0x0000000799b80000)
  to   space 10240K, 0% used [0x000000079e180000,0x000000079e180000,0x000000079eb80000)
 ParOldGen       total 87552K, used 6983K [0x0000000740000000, 0x0000000745580000, 0x0000000795580000)
  object space 87552K, 7% used [0x0000000740000000,0x00000007406d1d90,0x0000000745580000)
 Metaspace       used 15195K, capacity 15476K, committed 15744K, reserved 1062912K
  class space    used 1970K, capacity 2056K, committed 2176K, reserved 1048576K
}
Event: 57.691 GC heap before
{Heap before GC invocations=6 (full 0):
 PSYoungGen      total 71680K, used 71660K [0x0000000795580000, 0x000000079eb80000, 0x00000007c0000000)
  eden space 66560K, 100% used [0x0000000795580000,0x0000000799680000,0x0000000799680000)
  from space 5120K, 99% used [0x0000000799680000,0x0000000799b7b370,0x0000000799b80000)
  to   space 10240K, 0% used [0x000000079e180000,0x000000079e180000,0x000000079eb80000)
 ParOldGen       total 87552K, used 6983K [0x0000000740000000, 0x0000000745580000, 0x0000000795580000)
  object space 87552K, 7% used [0x0000000740000000,0x00000007406d1d90,0x0000000745580000)
 Metaspace       used 15205K, capacity 15476K, committed 15744K, reserved 1062912K
  class space    used 1970K, capacity 2056K, committed 2176K, reserved 1048576K
Event: 57.748 GC heap after
Heap after GC invocations=6 (full 0):
 PSYoungGen      total 143360K, used 5216K [0x0000000795580000, 0x000000079eb80000, 0x00000007c0000000)
  eden space 133120K, 0% used [0x0000000795580000,0x0000000795580000,0x000000079d780000)
  from space 10240K, 50% used [0x000000079e180000,0x000000079e6980d8,0x000000079eb80000)
  to   space 10240K, 0% used [0x000000079d780000,0x000000079d780000,0x000000079e180000)
 ParOldGen       total 87552K, used 6983K [0x0000000740000000, 0x0000000745580000, 0x0000000795580000)
  object space 87552K, 7% used [0x0000000740000000,0x00000007406d1d90,0x0000000745580000)
 Metaspace       used 15205K, capacity 15476K, committed 15744K, reserved 1062912K
  class space    used 1970K, capacity 2056K, committed 2176K, reserved 1048576K
}
Event: 70.640 GC heap before
{Heap before GC invocations=7 (full 0):
 PSYoungGen      total 143360K, used 138336K [0x0000000795580000, 0x000000079eb80000, 0x00000007c0000000)
  eden space 133120K, 100% used [0x0000000795580000,0x000000079d780000,0x000000079d780000)
  from space 10240K, 50% used [0x000000079e180000,0x000000079e6980d8,0x000000079eb80000)
  to   space 10240K, 0% used [0x000000079d780000,0x000000079d780000,0x000000079e180000)
 ParOldGen       total 87552K, used 6983K [0x0000000740000000, 0x0000000745580000, 0x0000000795580000)
  object space 87552K, 7% used [0x0000000740000000,0x00000007406d1d90,0x0000000745580000)
 Metaspace       used 15221K, capacity 15480K, committed 15744K, reserved 1062912K
  class space    used 1970K, capacity 2056K, committed 2176K, reserved 1048576K
Event: 71.006 GC heap after
Heap after GC invocations=7 (full 0):
 PSYoungGen      total 143360K, used 640K [0x0000000795580000, 0x00000007a6e80000, 0x00000007c0000000)
  eden space 133120K, 0% used [0x0000000795580000,0x0000000795580000,0x000000079d780000)
  from space 10240K, 6% used [0x000000079d780000,0x000000079d820000,0x000000079e180000)
  to   space 10752K, 0% used [0x00000007a6400000,0x00000007a6400000,0x00000007a6e80000)
 ParOldGen       total 87552K, used 11792K [0x0000000740000000, 0x0000000745580000, 0x0000000795580000)
  object space 87552K, 13% used [0x0000000740000000,0x0000000740b84138,0x0000000745580000)
 Metaspace       used 15221K, capacity 15480K, committed 15744K, reserved 1062912K
  class space    used 1970K, capacity 2056K, committed 2176K, reserved 1048576K
}
Event: 79.716 GC heap before
{Heap before GC invocations=8 (full 0):
 PSYoungGen      total 143360K, used 133760K [0x0000000795580000, 0x00000007a6e80000, 0x00000007c0000000)
  eden space 133120K, 100% used [0x0000000795580000,0x000000079d780000,0x000000079d780000)
  from space 10240K, 6% used [0x000000079d780000,0x000000079d820000,0x000000079e180000)
  to   space 10752K, 0% used [0x00000007a6400000,0x00000007a6400000,0x00000007a6e80000)
 ParOldGen       total 87552K, used 11792K [0x0000000740000000, 0x0000000745580000, 0x0000000795580000)
  object space 87552K, 13% used [0x0000000740000000,0x0000000740b84138,0x0000000745580000)
 Metaspace       used 15236K, capacity 15480K, committed 15744K, reserved 1062912K
  class space    used 1970K, capacity 2056K, committed 2176K, reserved 1048576K
Event: 79.723 GC heap after
Heap after GC invocations=8 (full 0):
 PSYoungGen      total 276480K, used 768K [0x0000000795580000, 0x00000007a6f80000, 0x00000007c0000000)
  eden space 265728K, 0% used [0x0000000795580000,0x0000000795580000,0x00000007a5900000)
  from space 10752K, 7% used [0x00000007a6400000,0x00000007a64c0000,0x00000007a6e80000)
  to   space 11264K, 0% used [0x00000007a5900000,0x00000007a5900000,0x00000007a6400000)
 ParOldGen       total 87552K, used 11840K [0x0000000740000000, 0x0000000745580000, 0x0000000795580000)
  object space 87552K, 13% used [0x0000000740000000,0x0000000740b90138,0x0000000745580000)
 Metaspace       used 15236K, capacity 15480K, committed 15744K, reserved 1062912K
  class space    used 1970K, capacity 2056K, committed 2176K, reserved 1048576K
}

Deoptimization events (10 events):
Event: 93.939 Thread 0x00007fc6b500b000 Uncommon trap: reason=bimorphic action=maybe_recompile pc=0x0000000109402588 method=org.apache.jena.mem.NodeToTriplesMapMem.iterator(Lorg/apache/jena/graph/Node;Lorg/apache/jena/graph/Node;Lorg/apache/jena/graph/Node;)Lorg/apache/jena/util/iterator/Extend
Event: 96.778 Thread 0x00007fc6b500b000 Uncommon trap: reason=class_check action=maybe_recompile pc=0x000000010956a1e4 method=org.apache.jena.reasoner.rulesys.impl.LPInterpreter.run()Lorg/apache/jena/reasoner/rulesys/impl/StateFlag; @ 1457
Event: 96.778 Thread 0x00007fc6b500b000 Uncommon trap: reason=class_check action=maybe_recompile pc=0x000000010956a1e4 method=org.apache.jena.reasoner.rulesys.impl.LPInterpreter.run()Lorg/apache/jena/reasoner/rulesys/impl/StateFlag; @ 1457
Event: 96.941 Thread 0x00007fc6b500b000 Uncommon trap: reason=class_check action=maybe_recompile pc=0x000000010956a1e4 method=org.apache.jena.reasoner.rulesys.impl.LPInterpreter.run()Lorg/apache/jena/reasoner/rulesys/impl/StateFlag; @ 1457
Event: 96.945 Thread 0x00007fc6b500b000 Uncommon trap: reason=class_check action=maybe_recompile pc=0x000000010956a1e4 method=org.apache.jena.reasoner.rulesys.impl.LPInterpreter.run()Lorg/apache/jena/reasoner/rulesys/impl/StateFlag; @ 1457
Event: 101.647 Thread 0x00007fc6b500b000 Uncommon trap: reason=class_check action=maybe_recompile pc=0x000000010915c1e4 method=org.apache.jena.reasoner.TriplePattern.isGround()Z @ 24
Event: 101.648 Thread 0x00007fc6b500b000 Uncommon trap: reason=class_check action=maybe_recompile pc=0x000000010915c1e4 method=org.apache.jena.reasoner.TriplePattern.isGround()Z @ 24
Event: 101.648 Thread 0x00007fc6b500b000 Uncommon trap: reason=class_check action=maybe_recompile pc=0x000000010915c1e4 method=org.apache.jena.reasoner.TriplePattern.isGround()Z @ 24
Event: 101.648 Thread 0x00007fc6b500b000 Uncommon trap: reason=class_check action=maybe_recompile pc=0x000000010915c1e4 method=org.apache.jena.reasoner.TriplePattern.isGround()Z @ 24
Event: 120.971 Thread 0x00007fc6b500b000 Uncommon trap: reason=bimorphic action=maybe_recompile pc=0x000000010957b198 method=org.apache.jena.reasoner.TriplePattern.isGround()Z @ 24

Classes redefined (0 events):
No events

Internal exceptions (10 events):
Event: 3.177 Thread 0x00007fc6b500b000 Exception <a 'java/lang/NoSuchFieldError': method resolution failed> (0x00000007958a2268) thrown at [/Users/java_re/workspace/8-2-build-macosx-x86_64/jdk8u161/10277/hotspot/src/share/vm/prims/methodHandles.cpp, line 1167]
Event: 3.980 Thread 0x00007fc6b500b000 Exception <a 'java/security/PrivilegedActionException'> (0x0000000795940530) thrown at [/Users/java_re/workspace/8-2-build-macosx-x86_64/jdk8u161/10277/hotspot/src/share/vm/prims/jvm.cpp, line 1390]
Event: 3.981 Thread 0x00007fc6b500b000 Exception <a 'java/security/PrivilegedActionException'> (0x0000000795940740) thrown at [/Users/java_re/workspace/8-2-build-macosx-x86_64/jdk8u161/10277/hotspot/src/share/vm/prims/jvm.cpp, line 1390]
Event: 3.981 Thread 0x00007fc6b500b000 Exception <a 'java/security/PrivilegedActionException'> (0x0000000795943c58) thrown at [/Users/java_re/workspace/8-2-build-macosx-x86_64/jdk8u161/10277/hotspot/src/share/vm/prims/jvm.cpp, line 1390]
Event: 3.981 Thread 0x00007fc6b500b000 Exception <a 'java/security/PrivilegedActionException'> (0x0000000795943e68) thrown at [/Users/java_re/workspace/8-2-build-macosx-x86_64/jdk8u161/10277/hotspot/src/share/vm/prims/jvm.cpp, line 1390]
Event: 19.283 Thread 0x00007fc6b500b000 Exception <a 'java/lang/NoSuchMethodError': java.lang.Object.lambda$and$0(Ljava/util/function/Predicate;Ljava/lang/Object;)Z> (0x00000007971d2800) thrown at [/Users/java_re/workspace/8-2-build-macosx-x86_64/jdk8u161/10277/hotspot/src/share/vm/interpreter/
Event: 28.650 Thread 0x00007fc6b500b000 Exception <a 'java/lang/NoSuchMethodError': java.lang.Object.lambda$negate$1(Ljava/lang/Object;)Z> (0x000000079709d270) thrown at [/Users/java_re/workspace/8-2-build-macosx-x86_64/jdk8u161/10277/hotspot/src/share/vm/interpreter/linkResolver.cpp, line 620]
Event: 33.758 Thread 0x00007fc6b500b000 Implicit null exception at 0x00000001093861e5 to 0x00000001093872f9
Event: 55.871 Thread 0x00007fc6b500b000 Implicit null exception at 0x000000010947e61b to 0x000000010947ec8d
Event: 85.837 Thread 0x00007fc6b500b000 Implicit null exception at 0x000000010949b9a9 to 0x000000010949badd

Events (10 events):
Event: 101.648 Thread 0x00007fc6b500b000 DEOPT PACKING pc=0x000000010915c1e4 sp=0x000070000fe77330
Event: 101.648 Thread 0x00007fc6b500b000 DEOPT UNPACKING pc=0x0000000108e9447a sp=0x000070000fe772b0 mode 2
Event: 117.626 Thread 0x00007fc6b5053000 flushing nmethod 0x0000000108f67850
Event: 117.626 Thread 0x00007fc6b5053000 flushing nmethod 0x0000000108f6cf50
Event: 117.626 Thread 0x00007fc6b5053000 flushing nmethod 0x0000000108f6fb10
Event: 119.462 Thread 0x00007fc6b5053000 flushing nmethod 0x0000000108fb0b50
Event: 120.655 Thread 0x00007fc6b5053000 flushing nmethod 0x000000010900a890
Event: 120.971 Thread 0x00007fc6b500b000 Uncommon trap: trap_request=0xffffffc6 fr.pc=0x000000010957b198
Event: 120.971 Thread 0x00007fc6b500b000 DEOPT PACKING pc=0x000000010957b198 sp=0x000070000fe779e0
Event: 120.971 Thread 0x00007fc6b500b000 DEOPT UNPACKING pc=0x0000000108e9447a sp=0x000070000fe77960 mode 2


Dynamic libraries:
0x000000003f6de000 	/System/Library/Frameworks/Cocoa.framework/Versions/A/Cocoa
0x000000003f6de000 	/System/Library/Frameworks/Security.framework/Versions/A/Security
0x000000003f6de000 	/System/Library/Frameworks/ApplicationServices.framework/Versions/A/ApplicationServices
0x000000003f6de000 	/usr/lib/libz.1.dylib
0x000000003f6de000 	/usr/lib/libSystem.B.dylib
0x000000003f6de000 	/usr/lib/libobjc.A.dylib
0x000000003f6de000 	/System/Library/Frameworks/CoreFoundation.framework/Versions/A/CoreFoundation
0x000000003f6de000 	/System/Library/Frameworks/Foundation.framework/Versions/C/Foundation
0x000000003f6de000 	/System/Library/Frameworks/AppKit.framework/Versions/C/AppKit
0x000000003f6de000 	/System/Library/Frameworks/CoreData.framework/Versions/A/CoreData
0x000000003f6de000 	/System/Library/PrivateFrameworks/RemoteViewServices.framework/Versions/A/RemoteViewServices
0x000000003f6de000 	/System/Library/PrivateFrameworks/UIFoundation.framework/Versions/A/UIFoundation
0x000000003f6de000 	/System/Library/PrivateFrameworks/DFRFoundation.framework/Versions/A/DFRFoundation
0x000000003f6de000 	/usr/lib/libenergytrace.dylib
0x000000003f6de000 	/System/Library/PrivateFrameworks/SkyLight.framework/Versions/A/SkyLight
0x000000003f6de000 	/System/Library/Frameworks/CoreGraphics.framework/Versions/A/CoreGraphics
0x000000003f6de000 	/usr/lib/libScreenReader.dylib
0x000000003f6de000 	/System/Library/Frameworks/Accelerate.framework/Versions/A/Accelerate
0x000000003f6de000 	/System/Library/Frameworks/IOSurface.framework/Versions/A/IOSurface
0x000000003f6de000 	/System/Library/Frameworks/AudioToolbox.framework/Versions/A/AudioToolbox
0x000000003f6de000 	/System/Library/Frameworks/AudioUnit.framework/Versions/A/AudioUnit
0x000000003f6de000 	/System/Library/PrivateFrameworks/DataDetectorsCore.framework/Versions/A/DataDetectorsCore
0x000000003f6de000 	/System/Library/PrivateFrameworks/DesktopServicesPriv.framework/Versions/A/DesktopServicesPriv
0x000000003f6de000 	/System/Library/Frameworks/Carbon.framework/Versions/A/Frameworks/HIToolbox.framework/Versions/A/HIToolbox
0x000000003f6de000 	/usr/lib/libicucore.A.dylib
0x000000003f6de000 	/System/Library/Frameworks/QuartzCore.framework/Versions/A/QuartzCore
0x000000003f6de000 	/System/Library/Frameworks/Carbon.framework/Versions/A/Frameworks/SpeechRecognition.framework/Versions/A/SpeechRecognition
0x000000003f6de000 	/usr/lib/libauto.dylib
0x000000003f6de000 	/usr/lib/libxml2.2.dylib
0x000000003f6de000 	/System/Library/PrivateFrameworks/CoreUI.framework/Versions/A/CoreUI
0x000000003f6de000 	/System/Library/Frameworks/CoreAudio.framework/Versions/A/CoreAudio
0x000000003f6de000 	/System/Library/Frameworks/DiskArbitration.framework/Versions/A/DiskArbitration
0x000000003f6de000 	/usr/lib/liblangid.dylib
0x000000003f6de000 	/System/Library/PrivateFrameworks/MultitouchSupport.framework/Versions/A/MultitouchSupport
0x000000003f6de000 	/System/Library/Frameworks/IOKit.framework/Versions/A/IOKit
0x000000003f6de000 	/usr/lib/libDiagnosticMessagesClient.dylib
0x000000003f6de000 	/System/Library/Frameworks/CoreServices.framework/Versions/A/CoreServices
0x000000003f6de000 	/System/Library/PrivateFrameworks/PerformanceAnalysis.framework/Versions/A/PerformanceAnalysis
0x000000003f6de000 	/System/Library/PrivateFrameworks/GenerationalStorage.framework/Versions/A/GenerationalStorage
0x000000003f6de000 	/System/Library/Frameworks/OpenGL.framework/Versions/A/OpenGL
0x000000003f6de000 	/System/Library/Frameworks/CoreImage.framework/Versions/A/CoreImage
0x000000003f6de000 	/System/Library/Frameworks/CoreText.framework/Versions/A/CoreText
0x000000003f6de000 	/System/Library/Frameworks/ImageIO.framework/Versions/A/ImageIO
0x000000003f6de000 	/System/Library/PrivateFrameworks/Backup.framework/Versions/A/Backup
0x000000003f6de000 	/usr/lib/libarchive.2.dylib
0x000000003f6de000 	/System/Library/Frameworks/CFNetwork.framework/Versions/A/CFNetwork
0x000000003f6de000 	/System/Library/Frameworks/SystemConfiguration.framework/Versions/A/SystemConfiguration
0x000000003f6de000 	/usr/lib/libCRFSuite.dylib
0x000000003f6de000 	/usr/lib/libc++.1.dylib
0x000000003f6de000 	/usr/lib/libc++abi.dylib
0x000000003f6de000 	/usr/lib/system/libcache.dylib
0x000000003f6de000 	/usr/lib/system/libcommonCrypto.dylib
0x000000003f6de000 	/usr/lib/system/libcompiler_rt.dylib
0x000000003f6de000 	/usr/lib/system/libcopyfile.dylib
0x000000003f6de000 	/usr/lib/system/libcorecrypto.dylib
0x000000003f6de000 	/usr/lib/system/libdispatch.dylib
0x000000003f6de000 	/usr/lib/system/libdyld.dylib
0x000000003f6de000 	/usr/lib/system/libkeymgr.dylib
0x000000003f6de000 	/usr/lib/system/liblaunch.dylib
0x000000003f6de000 	/usr/lib/system/libmacho.dylib
0x000000003f6de000 	/usr/lib/system/libquarantine.dylib
0x000000003f6de000 	/usr/lib/system/libremovefile.dylib
0x000000003f6de000 	/usr/lib/system/libsystem_asl.dylib
0x000000003f6de000 	/usr/lib/system/libsystem_blocks.dylib
0x000000003f6de000 	/usr/lib/system/libsystem_c.dylib
0x000000003f6de000 	/usr/lib/system/libsystem_configuration.dylib
0x000000003f6de000 	/usr/lib/system/libsystem_coreservices.dylib
0x000000003f6de000 	/usr/lib/system/libsystem_coretls.dylib
0x000000003f6de000 	/usr/lib/system/libsystem_dnssd.dylib
0x000000003f6de000 	/usr/lib/system/libsystem_info.dylib
0x000000003f6de000 	/usr/lib/system/libsystem_kernel.dylib
0x000000003f6de000 	/usr/lib/system/libsystem_m.dylib
0x000000003f6de000 	/usr/lib/system/libsystem_malloc.dylib
0x000000003f6de000 	/usr/lib/system/libsystem_network.dylib
0x000000003f6de000 	/usr/lib/system/libsystem_networkextension.dylib
0x000000003f6de000 	/usr/lib/system/libsystem_notify.dylib
0x000000003f6de000 	/usr/lib/system/libsystem_platform.dylib
0x000000003f6de000 	/usr/lib/system/libsystem_pthread.dylib
0x000000003f6de000 	/usr/lib/system/libsystem_sandbox.dylib
0x000000003f6de000 	/usr/lib/system/libsystem_secinit.dylib
0x000000003f6de000 	/usr/lib/system/libsystem_symptoms.dylib
0x000000003f6de000 	/usr/lib/system/libsystem_trace.dylib
0x000000003f6de000 	/usr/lib/system/libunwind.dylib
0x000000003f6de000 	/usr/lib/system/libxpc.dylib
0x000000003f6de000 	/usr/lib/libbsm.0.dylib
0x000000003f6de000 	/usr/lib/system/libkxld.dylib
0x000000003f6de000 	/usr/lib/libcoretls.dylib
0x000000003f6de000 	/usr/lib/libcoretls_cfhelpers.dylib
0x000000003f6de000 	/usr/lib/libOpenScriptingUtil.dylib
0x000000003f6de000 	/usr/lib/libpam.2.dylib
0x000000003f6de000 	/usr/lib/libsqlite3.dylib
0x000000003f6de000 	/usr/lib/libxar.1.dylib
0x000000003f6de000 	/usr/lib/libbz2.1.0.dylib
0x000000003f6de000 	/usr/lib/liblzma.5.dylib
0x000000003f6de000 	/usr/lib/libnetwork.dylib
0x000000003f6de000 	/usr/lib/libpcap.A.dylib
0x000000003f6de000 	/System/Library/Frameworks/CoreServices.framework/Versions/A/Frameworks/FSEvents.framework/Versions/A/FSEvents
0x000000003f6de000 	/System/Library/Frameworks/CoreServices.framework/Versions/A/Frameworks/CarbonCore.framework/Versions/A/CarbonCore
0x000000003f6de000 	/System/Library/Frameworks/CoreServices.framework/Versions/A/Frameworks/Metadata.framework/Versions/A/Metadata
0x000000003f6de000 	/System/Library/Frameworks/CoreServices.framework/Versions/A/Frameworks/OSServices.framework/Versions/A/OSServices
0x000000003f6de000 	/System/Library/Frameworks/CoreServices.framework/Versions/A/Frameworks/SearchKit.framework/Versions/A/SearchKit
0x000000003f6de000 	/System/Library/Frameworks/CoreServices.framework/Versions/A/Frameworks/AE.framework/Versions/A/AE
0x000000003f6de000 	/System/Library/Frameworks/CoreServices.framework/Versions/A/Frameworks/LaunchServices.framework/Versions/A/LaunchServices
0x000000003f6de000 	/System/Library/Frameworks/CoreServices.framework/Versions/A/Frameworks/DictionaryServices.framework/Versions/A/DictionaryServices
0x000000003f6de000 	/System/Library/Frameworks/CoreServices.framework/Versions/A/Frameworks/SharedFileList.framework/Versions/A/SharedFileList
0x000000003f6de000 	/System/Library/Frameworks/NetFS.framework/Versions/A/NetFS
0x000000003f6de000 	/System/Library/PrivateFrameworks/NetAuth.framework/Versions/A/NetAuth
0x000000003f6de000 	/System/Library/PrivateFrameworks/login.framework/Versions/A/Frameworks/loginsupport.framework/Versions/A/loginsupport
0x000000003f6de000 	/System/Library/PrivateFrameworks/TCC.framework/Versions/A/TCC
0x000000003f6de000 	/usr/lib/libmecabra.dylib
0x000000003f6de000 	/System/Library/Frameworks/ApplicationServices.framework/Versions/A/Frameworks/ATS.framework/Versions/A/ATS
0x000000003f6de000 	/System/Library/Frameworks/ApplicationServices.framework/Versions/A/Frameworks/ColorSync.framework/Versions/A/ColorSync
0x000000003f6de000 	/System/Library/Frameworks/ApplicationServices.framework/Versions/A/Frameworks/HIServices.framework/Versions/A/HIServices
0x000000003f6de000 	/System/Library/Frameworks/ApplicationServices.framework/Versions/A/Frameworks/LangAnalysis.framework/Versions/A/LangAnalysis
0x000000003f6de000 	/System/Library/Frameworks/ApplicationServices.framework/Versions/A/Frameworks/PrintCore.framework/Versions/A/PrintCore
0x000000003f6de000 	/System/Library/Frameworks/ApplicationServices.framework/Versions/A/Frameworks/QD.framework/Versions/A/QD
0x000000003f6de000 	/System/Library/Frameworks/ApplicationServices.framework/Versions/A/Frameworks/SpeechSynthesis.framework/Versions/A/SpeechSynthesis
0x000000003f6de000 	/System/Library/Frameworks/Accelerate.framework/Versions/A/Frameworks/vImage.framework/Versions/A/vImage
0x000000003f6de000 	/System/Library/Frameworks/Accelerate.framework/Versions/A/Frameworks/vecLib.framework/Versions/A/vecLib
0x000000003f6de000 	/System/Library/Frameworks/Accelerate.framework/Versions/A/Frameworks/vecLib.framework/Versions/A/libvDSP.dylib
0x000000003f6de000 	/System/Library/Frameworks/Accelerate.framework/Versions/A/Frameworks/vecLib.framework/Versions/A/libBNNS.dylib
0x000000003f6de000 	/System/Library/Frameworks/Accelerate.framework/Versions/A/Frameworks/vecLib.framework/Versions/A/libQuadrature.dylib
0x000000003f6de000 	/System/Library/Frameworks/Accelerate.framework/Versions/A/Frameworks/vecLib.framework/Versions/A/libvMisc.dylib
0x000000003f6de000 	/System/Library/Frameworks/Accelerate.framework/Versions/A/Frameworks/vecLib.framework/Versions/A/libLAPACK.dylib
0x000000003f6de000 	/System/Library/Frameworks/Accelerate.framework/Versions/A/Frameworks/vecLib.framework/Versions/A/libBLAS.dylib
0x000000003f6de000 	/System/Library/Frameworks/Accelerate.framework/Versions/A/Frameworks/vecLib.framework/Versions/A/libLinearAlgebra.dylib
0x000000003f6de000 	/System/Library/Frameworks/Accelerate.framework/Versions/A/Frameworks/vecLib.framework/Versions/A/libSparseBLAS.dylib
0x000000003f6de000 	/System/Library/Frameworks/ApplicationServices.framework/Versions/A/Frameworks/ATS.framework/Versions/A/Resources/libFontParser.dylib
0x000000003f6de000 	/System/Library/Frameworks/ApplicationServices.framework/Versions/A/Frameworks/ATS.framework/Versions/A/Resources/libFontRegistry.dylib
0x000000003f6de000 	/System/Library/Frameworks/ImageIO.framework/Versions/A/Resources/libJPEG.dylib
0x000000003f6de000 	/System/Library/Frameworks/ImageIO.framework/Versions/A/Resources/libTIFF.dylib
0x000000003f6de000 	/System/Library/Frameworks/ImageIO.framework/Versions/A/Resources/libPng.dylib
0x000000003f6de000 	/System/Library/Frameworks/ImageIO.framework/Versions/A/Resources/libGIF.dylib
0x000000003f6de000 	/System/Library/Frameworks/ImageIO.framework/Versions/A/Resources/libJP2.dylib
0x000000003f6de000 	/System/Library/Frameworks/ImageIO.framework/Versions/A/Resources/libRadiance.dylib
0x000000003f6de000 	/usr/lib/libcompression.dylib
0x000000003f6de000 	/System/Library/PrivateFrameworks/AppleJPEG.framework/Versions/A/AppleJPEG
0x000000003f6de000 	/usr/lib/libcups.2.dylib
0x000000003f6de000 	/System/Library/Frameworks/Kerberos.framework/Versions/A/Kerberos
0x000000003f6de000 	/System/Library/Frameworks/GSS.framework/Versions/A/GSS
0x000000003f6de000 	/usr/lib/libresolv.9.dylib
0x000000003f6de000 	/usr/lib/libiconv.2.dylib
0x000000003f6de000 	/System/Library/PrivateFrameworks/Heimdal.framework/Versions/A/Heimdal
0x000000003f6de000 	/usr/lib/libheimdal-asn1.dylib
0x000000003f6de000 	/System/Library/Frameworks/OpenDirectory.framework/Versions/A/OpenDirectory
0x000000003f6de000 	/System/Library/PrivateFrameworks/CommonAuth.framework/Versions/A/CommonAuth
0x000000003f6de000 	/System/Library/Frameworks/OpenDirectory.framework/Versions/A/Frameworks/CFOpenDirectory.framework/Versions/A/CFOpenDirectory
0x000000003f6de000 	/System/Library/Frameworks/SecurityFoundation.framework/Versions/A/SecurityFoundation
0x000000003f6de000 	/System/Library/PrivateFrameworks/LanguageModeling.framework/Versions/A/LanguageModeling
0x000000003f6de000 	/usr/lib/libmarisa.dylib
0x000000003f6de000 	/usr/lib/libChineseTokenizer.dylib
0x000000003f6de000 	/usr/lib/libcmph.dylib
0x000000003f6de000 	/System/Library/PrivateFrameworks/CoreEmoji.framework/Versions/A/CoreEmoji
0x000000003f6de000 	/System/Library/Frameworks/ServiceManagement.framework/Versions/A/ServiceManagement
0x000000003f6de000 	/usr/lib/libxslt.1.dylib
0x000000003f6de000 	/System/Library/Frameworks/Carbon.framework/Versions/A/Frameworks/Ink.framework/Versions/A/Ink
0x000000003f6de000 	/System/Library/PrivateFrameworks/TextureIO.framework/Versions/A/TextureIO
0x000000003f6de000 	/System/Library/Frameworks/Metal.framework/Versions/A/Metal
0x000000003f6de000 	/usr/lib/libate.dylib
0x000000003f6de000 	/System/Library/PrivateFrameworks/GPUCompiler.framework/libmetal_timestamp.dylib
0x000000003f6de000 	/System/Library/Frameworks/OpenGL.framework/Versions/A/Libraries/libCoreFSCache.dylib
0x000000003f6de000 	/System/Library/PrivateFrameworks/IOAccelerator.framework/Versions/A/IOAccelerator
0x000000003f6de000 	/System/Library/Frameworks/CoreVideo.framework/Versions/A/CoreVideo
0x000000003f6de000 	/usr/lib/libFosl_dynamic.dylib
0x000000003f6de000 	/System/Library/PrivateFrameworks/MetalPerformanceShaders.framework/Versions/A/MetalPerformanceShaders
0x000000003f6de000 	/System/Library/PrivateFrameworks/FaceCore.framework/Versions/A/FaceCore
0x000000003f6de000 	/System/Library/Frameworks/OpenCL.framework/Versions/A/OpenCL
0x000000003f6de000 	/System/Library/Frameworks/OpenGL.framework/Versions/A/Libraries/libGLU.dylib
0x000000003f6de000 	/System/Library/Frameworks/OpenGL.framework/Versions/A/Libraries/libGFXShared.dylib
0x000000003f6de000 	/System/Library/Frameworks/OpenGL.framework/Versions/A/Libraries/libGL.dylib
0x000000003f6de000 	/System/Library/Frameworks/OpenGL.framework/Versions/A/Libraries/libGLImage.dylib
0x000000003f6de000 	/System/Library/Frameworks/OpenGL.framework/Versions/A/Libraries/libCVMSPluginSupport.dylib
0x000000003f6de000 	/System/Library/Frameworks/OpenGL.framework/Versions/A/Libraries/libCoreVMClient.dylib
0x000000003f6de000 	/System/Library/PrivateFrameworks/CrashReporterSupport.framework/Versions/A/CrashReporterSupport
0x000000003f6de000 	/System/Library/PrivateFrameworks/Sharing.framework/Versions/A/Sharing
0x000000003f6de000 	/System/Library/PrivateFrameworks/IconServices.framework/Versions/A/IconServices
0x000000003f6de000 	/System/Library/PrivateFrameworks/ProtocolBuffer.framework/Versions/A/ProtocolBuffer
0x000000003f6de000 	/System/Library/PrivateFrameworks/Apple80211.framework/Versions/A/Apple80211
0x000000003f6de000 	/System/Library/Frameworks/CoreWLAN.framework/Versions/A/CoreWLAN
0x000000003f6de000 	/System/Library/PrivateFrameworks/CoreUtils.framework/Versions/A/CoreUtils
0x000000003f6de000 	/System/Library/Frameworks/IOBluetooth.framework/Versions/A/IOBluetooth
0x000000003f6de000 	/System/Library/PrivateFrameworks/CoreWiFi.framework/Versions/A/CoreWiFi
0x000000003f6de000 	/System/Library/Frameworks/CoreBluetooth.framework/Versions/A/CoreBluetooth
0x000000003f6de000 	/System/Library/Frameworks/CoreDisplay.framework/Versions/A/CoreDisplay
0x000000003f6de000 	/System/Library/PrivateFrameworks/IOPresentment.framework/Versions/A/IOPresentment
0x000000003f6de000 	/System/Library/PrivateFrameworks/DSExternalDisplay.framework/Versions/A/DSExternalDisplay
0x000000003f6de000 	/System/Library/PrivateFrameworks/DebugSymbols.framework/Versions/A/DebugSymbols
0x000000003f6de000 	/System/Library/PrivateFrameworks/CoreSymbolication.framework/Versions/A/CoreSymbolication
0x000000003f6de000 	/System/Library/PrivateFrameworks/Symbolication.framework/Versions/A/Symbolication
0x000000003f6de000 	/System/Library/PrivateFrameworks/AppleFSCompression.framework/Versions/A/AppleFSCompression
0x000000003f6de000 	/System/Library/PrivateFrameworks/SpeechRecognitionCore.framework/Versions/A/SpeechRecognitionCore
0x000000003f6de000 	/System/Library/PrivateFrameworks/ChunkingLibrary.framework/Versions/A/ChunkingLibrary
0x0000000101000000 	/Library/Java/JavaVirtualMachines/jdk1.8.0_161.jdk/Contents/Home/jre/lib/server/libjvm.dylib
0x000000003f6de000 	/usr/lib/libstdc++.6.dylib
0x0000000100b43000 	/Library/Java/JavaVirtualMachines/jdk1.8.0_161.jdk/Contents/Home/jre/lib/libverify.dylib
0x0000000100b51000 	/Library/Java/JavaVirtualMachines/jdk1.8.0_161.jdk/Contents/Home/jre/lib/libjava.dylib
0x0000000100b91000 	/Library/Java/JavaVirtualMachines/jdk1.8.0_161.jdk/Contents/Home/jre/lib/libzip.dylib
0x0000000108376000 	/Library/Java/JavaVirtualMachines/jdk1.8.0_161.jdk/Contents/Home/jre/lib/libnio.dylib
0x0000000108386000 	/Library/Java/JavaVirtualMachines/jdk1.8.0_161.jdk/Contents/Home/jre/lib/./libnet.dylib

VM Arguments:
java_command: /Users/mohammadomar/Desktop/node-js-getting-started/ont.jar /Users/mohammadomar/Desktop/node-js-getting-started/ontologies/prop.owl /Users/mohammadomar/Desktop/node-js-getting-started/questions/ DARAB.json
java_class_path (initial): /Users/mohammadomar/Desktop/node-js-getting-started/ont.jar
Launcher Type: SUN_STANDARD

Environment Variables:
PATH=/Users/mohammadomar/.npm-packages/lib/node_modules/npm/bin/node-gyp-bin:/Users/mohammadomar/Desktop/node-js-getting-started/node_modules/.bin:/Users/mohammadomar/.npm-packages/bin:/usr/local/bin:/usr/bin:/bin:/usr/sbin:/sbin:/Users/mohammadomar/.npm-packages/bin
SHELL=/bin/bash

Signal Handlers:
SIGSEGV: [libjvm.dylib+0x5b5439], sa_mask[0]=11111111011111110111111111111111, sa_flags=SA_ONSTACK|SA_RESTART|SA_SIGINFO
SIGBUS: [libjvm.dylib+0x5b5439], sa_mask[0]=11111111011111110111111111111111, sa_flags=SA_RESTART|SA_SIGINFO
SIGFPE: [libjvm.dylib+0x48ae24], sa_mask[0]=11111111011111110111111111111111, sa_flags=SA_RESTART|SA_SIGINFO
SIGPIPE: [libjvm.dylib+0x48ae24], sa_mask[0]=11111111011111110111111111111111, sa_flags=SA_RESTART|SA_SIGINFO
SIGXFSZ: [libjvm.dylib+0x48ae24], sa_mask[0]=11111111011111110111111111111111, sa_flags=SA_RESTART|SA_SIGINFO
SIGILL: [libjvm.dylib+0x48ae24], sa_mask[0]=11111111011111110111111111111111, sa_flags=SA_RESTART|SA_SIGINFO
SIGUSR1: SIG_DFL, sa_mask[0]=11111111011111110111111111111111, sa_flags=none
SIGUSR2: [libjvm.dylib+0x48a942], sa_mask[0]=00000000000000000000000000000000, sa_flags=SA_RESTART|SA_SIGINFO
SIGHUP: [libjvm.dylib+0x488f0d], sa_mask[0]=11111111011111110111111111111111, sa_flags=SA_RESTART|SA_SIGINFO
SIGINT: [libjvm.dylib+0x488f0d], sa_mask[0]=11111111011111110111111111111111, sa_flags=SA_RESTART|SA_SIGINFO
SIGTERM: [libjvm.dylib+0x488f0d], sa_mask[0]=11111111011111110111111111111111, sa_flags=SA_RESTART|SA_SIGINFO
SIGQUIT: [libjvm.dylib+0x488f0d], sa_mask[0]=11111111011111110111111111111111, sa_flags=SA_RESTART|SA_SIGINFO


---------------  S Y S T E M  ---------------

OS:Bsduname:Darwin 16.7.0 Darwin Kernel Version 16.7.0: Thu Jan 11 22:59:40 PST 2018; root:xnu-3789.73.8~1/RELEASE_X86_64 x86_64
rlimit: STACK 8192k, CORE 0k, NPROC 709, NOFILE 10240, AS infinity
load average:195.90 109.89 57.15

CPU:total 2 (initial active 2) (2 cores per cpu, 1 threads per core) family 6 model 23 stepping 10, cmov, cx8, fxsr, mmx, sse, sse2, sse3, ssse3, sse4.1, tsc

Memory: 4k page, physical 8388608k(38292k free)

/proc/meminfo:


vm_info: Java HotSpot(TM) 64-Bit Server VM (25.161-b12) for bsd-amd64 JRE (1.8.0_161-b12), built on Dec 19 2017 16:22:20 by "java_re" with gcc 4.2.1 (Based on Apple Inc. build 5658) (LLVM build 2336.11.00)

time: Fri May 18 08:10:03 2018
elapsed time: 121 seconds (0d 0h 2m 1s)

