#
# A fatal error has been detected by the Java Runtime Environment:
#
#  SIGSEGV (0xb) at pc=0x000000010f9c7970, pid=8396, tid=0x0000000000000307
#
# JRE version: Java(TM) SE Runtime Environment (8.0_161-b12) (build 1.8.0_161-b12)
# Java VM: Java HotSpot(TM) 64-Bit Server VM (25.161-b12 mixed mode bsd-amd64 compressed oops)
# Problematic frame:
# V  [libjvm.dylib+0x48a970]  SR_handler(int, __siginfo*, __darwin_ucontext*)+0x2e
#
# Failed to write core dump. Core dumps have been disabled. To enable core dumping, try "ulimit -c unlimited" before starting Java again
#
# If you would like to submit a bug report, please visit:
#   http://bugreport.java.com/bugreport/crash.jsp
#

---------------  T H R E A D  ---------------

Current thread is native thread

siginfo: si_signo: 11 (SIGSEGV), si_code: 1 (SEGV_MAPERR), si_addr: 0x0000000000000128

Registers:
RAX=0x0000000000000000, RBX=0x00007fff5076dda0, RCX=0x00007fff995c5408, RDX=0x00007fff5076dda0
RSP=0x00007fff5076d8d0, RBP=0x00007fff5076d900, RSI=0x00007fff5076dd38, RDI=0x0000000000000103
R8 =0x00007fff5076dda0, R9 =0x00000000ffffffff, R10=0x0000000000000c00, R11=0x0000000000000206
R12=0x0000000000000c00, R13=0x0000000000000000, R14=0x00007fff5076dd38, R15=0x0000000000000002
RIP=0x000000010f9c7970, EFLAGS=0x0000000000010202, ERR=0x0000000000000004
  TRAPNO=0x000000000000000e

Top of Stack: (sp=0x00007fff5076d8d0)
0x00007fff5076d8d0:   0000000000000000 00007fff5076dda0
0x00007fff5076d8e0:   0000000000000c00 0000000000000000
0x00007fff5076d8f0:   00007fff5076dfd0 0000000000001403
0x00007fff5076d900:   00007fff5076d910 00007fff9085cb3a
0x00007fff5076d910:   00007fff5076dea0 000000000001b000
0x00007fff5076d920:   0001b10095ef1978 00007fff9945b2d0
0x00007fff5076d930:   0100001f00000085 00007fff9062393f
0x00007fff5076d940:   0000000010004005 00000000ffffffff
0x00007fff5076d950:   00007fff5076de58 0000000000000000
0x00007fff5076d960:   00007fff5076dfd0 0000000007000806
0x00007fff5076d970:   00007fff5076dea0 00007fff5076de58
0x00007fff5076d980:   0000000000001403 00000000ffffffff
0x00007fff5076d990:   0000000000000c00 0000000000000206
0x00007fff5076d9a0:   0000000000000c00 0000000000000000
0x00007fff5076d9b0:   00007fff5076dfd0 0000000000001403
0x00007fff5076d9c0:   00007fff9077434a 0000000000000206
0x00007fff5076d9d0:   0000000000000007 0000000000000000
0x00007fff5076d9e0:   0000000000000000 0000000000000000
0x00007fff5076d9f0:   000000000000037f 0000000000000000
0x00007fff5076da00:   0000000000000000 0000ffff00001fa0
0x00007fff5076da10:   0000000000000000 000000000000ffff
0x00007fff5076da20:   0000000000000000 0000000000000000
0x00007fff5076da30:   0000000000000000 0000000000000000
0x00007fff5076da40:   00cf93000000ffff 000000000000ffff
0x00007fff5076da50:   ea600009d4951800 0000000000004008
0x00007fff5076da60:   aa0c80069ad42800 000000000000400d
0x00007fff5076da70:   995200044d013a80 000000000000400d
0x00007fff5076da80:   f083304624680416 000000000000c03d
0x00007fff5076da90:   41c04792d5a658d6 0000000000000000
0x00007fff5076daa0:   41c04792d5800000 0000000000000000
0x00007fff5076dab0:   c3de3f824dd68b31 439c07db22974cef
0x00007fff5076dac0:   67726f2e65686361 736e6f6d6d6f632f 

Instructions: (pc=0x000000010f9c7970)
0x000000010f9c7950:   83 ec 08 48 89 d3 49 89 f6 e8 bc 46 14 00 44 8b
0x000000010f9c7960:   38 48 8d 05 a8 18 3b 00 48 63 38 e8 8c 49 14 00
0x000000010f9c7970:   4c 8b a0 28 01 00 00 41 83 7c 24 34 01 0f 85 e2
0x000000010f9c7980:   00 00 00 49 89 5c 24 40 4d 89 74 24 38 49 8d 5c 

Register to memory mapping:

RAX=0x0000000000000000 is an unknown value
RBX=0x00007fff5076dda0 is an unknown value
RCX=0x00007fff995c5408: _thread+0x48 in /usr/lib/system/libsystem_pthread.dylib at 0x00007fff90863000
RDX=0x00007fff5076dda0 is an unknown value
RSP=0x00007fff5076d8d0 is an unknown value
RBP=0x00007fff5076d900 is an unknown value
RSI=0x00007fff5076dd38 is an unknown value
RDI=0x0000000000000103 is an unknown value
R8 =0x00007fff5076dda0 is an unknown value
R9 =0x00000000ffffffff is an unknown value
R10=0x0000000000000c00 is an unknown value
R11=0x0000000000000206 is an unknown value
R12=0x0000000000000c00 is an unknown value
R13=0x0000000000000000 is an unknown value
R14=0x00007fff5076dd38 is an unknown value
R15=0x0000000000000002 is an unknown value


Stack: [0x00007fff4ff72000,0x00007fff50772000],  sp=0x00007fff5076d8d0,  free space=8174k
Native frames: (J=compiled Java code, j=interpreted, Vv=VM code, C=native code)
V  [libjvm.dylib+0x48a970]  SR_handler(int, __siginfo*, __darwin_ucontext*)+0x2e
C  [libsystem_platform.dylib+0x2b3a]  _sigtramp+0x1a
C  0x000000000001b000
C  [CoreFoundation+0x85874]  __CFRunLoopServiceMachPort+0xd4
C  [CoreFoundation+0x84cf1]  __CFRunLoopRun+0x551
C  [CoreFoundation+0x84544]  CFRunLoopRunSpecific+0x1a4
C  [java+0x647a]  CreateExecutionEnvironment+0x367
C  [java+0x212c]  JLI_Launch+0x7a0
C  [java+0x84d7]  main+0x65
C  [java+0x1984]  start+0x34


---------------  P R O C E S S  ---------------

VM state:not at safepoint (normal execution)

VM Mutex/Monitor currently owned by a thread: None

Heap:
 PSYoungGen      total 681472K, used 134712K [0x0000000795580000, 0x00000007bff80000, 0x00000007c0000000)
  eden space 664064K, 19% used [0x0000000795580000,0x000000079d71e148,0x00000007bde00000)
  from space 17408K, 11% used [0x00000007bde00000,0x00000007bdff0000,0x00000007bef00000)
  to   space 16896K, 0% used [0x00000007bef00000,0x00000007bef00000,0x00000007bff80000)
 ParOldGen       total 87552K, used 36556K [0x0000000740000000, 0x0000000745580000, 0x0000000795580000)
  object space 87552K, 41% used [0x0000000740000000,0x00000007423b3210,0x0000000745580000)
 Metaspace       used 15270K, capacity 15524K, committed 15744K, reserved 1062912K
  class space    used 1977K, capacity 2064K, committed 2176K, reserved 1048576K

Card table byte_map: [0x0000000110dc0000,0x00000001111c1000] byte_map_base: 0x000000010d3c0000

Marking Bits: (ParMarkBitMap*) 0x000000010fe346c0
 Begin Bits: [0x000000011146c000, 0x000000011346c000)
 End Bits:   [0x000000011346c000, 0x000000011546c000)

Polling page: 0x000000011052f000

CodeCache: size=245760Kb used=8569Kb max_used=8588Kb free=237191Kb
 bounds [0x000000011c58e000, 0x000000011cdfe000, 0x000000012b58e000]
 total_blobs=2591 nmethods=2250 adapters=256
 compilation: enabled

Compilation events (10 events):
Event: 38.565 Thread 0x00007fbe0f8de000 2291       3       org.apache.jena.ontology.impl.OntClassImpl$$Lambda$38/580013334::test (12 bytes)
Event: 38.565 Thread 0x00007fbe0f8de000 nmethod 2291 0x000000011cdf3710 code [0x000000011cdf3880, 0x000000011cdf3ba8]
Event: 38.588 Thread 0x00007fbe0f8de000 2293       3       org.apache.jena.ontology.impl.OntResourceImpl$$Lambda$37/273589611::get$Lambda (9 bytes)
Event: 38.589 Thread 0x00007fbe0f8de000 nmethod 2293 0x000000011cdf3250 code [0x000000011cdf33c0, 0x000000011cdf3610]
Event: 38.589 Thread 0x00007fbe0f8de000 2292       3       org.apache.jena.ontology.impl.OntClassImpl::listSubClasses (59 bytes)
Event: 38.590 Thread 0x00007fbe0f8de000 nmethod 2292 0x000000011cdf1790 code [0x000000011cdf1a00, 0x000000011cdf29e8]
Event: 38.639 Thread 0x00007fbe0f83a000 2294       4       java.lang.AbstractStringBuilder::newCapacity (39 bytes)
Event: 38.641 Thread 0x00007fbe0f83a000 nmethod 2294 0x000000011cded290 code [0x000000011cded3e0, 0x000000011cded4b8]
Event: 42.092 Thread 0x00007fbe0f8de000 2295       3       org.apache.jena.util.ResourceUtils::maximalLowerElements (140 bytes)
Event: 42.094 Thread 0x00007fbe0f8de000 nmethod 2295 0x000000011cdf6850 code [0x000000011cdf6b20, 0x000000011cdf7e78]

GC Heap History (10 events):
Event: 26.489 GC heap before
{Heap before GC invocations=9 (full 0):
 PSYoungGen      total 278016K, used 268448K [0x0000000795580000, 0x00000007a7580000, 0x00000007c0000000)
  eden space 264192K, 100% used [0x0000000795580000,0x00000007a5780000,0x00000007a5780000)
  from space 13824K, 30% used [0x00000007a6600000,0x00000007a6a28050,0x00000007a7380000)
  to   space 14848K, 0% used [0x00000007a5780000,0x00000007a5780000,0x00000007a6600000)
 ParOldGen       total 87552K, used 33641K [0x0000000740000000, 0x0000000745580000, 0x0000000795580000)
  object space 87552K, 38% used [0x0000000740000000,0x00000007420da440,0x0000000745580000)
 Metaspace       used 15170K, capacity 15376K, committed 15744K, reserved 1062912K
  class space    used 1974K, capacity 2062K, committed 2176K, reserved 1048576K
Event: 26.525 GC heap after
Heap after GC invocations=9 (full 0):
 PSYoungGen      total 279040K, used 1472K [0x0000000795580000, 0x00000007b1180000, 0x00000007c0000000)
  eden space 264192K, 0% used [0x0000000795580000,0x0000000795580000,0x00000007a5780000)
  from space 14848K, 9% used [0x00000007a5780000,0x00000007a58f0000,0x00000007a6600000)
  to   space 15872K, 0% used [0x00000007b0200000,0x00000007b0200000,0x00000007b1180000)
 ParOldGen       total 87552K, used 36321K [0x0000000740000000, 0x0000000745580000, 0x0000000795580000)
  object space 87552K, 41% used [0x0000000740000000,0x0000000742378500,0x0000000745580000)
 Metaspace       used 15170K, capacity 15376K, committed 15744K, reserved 1062912K
  class space    used 1974K, capacity 2062K, committed 2176K, reserved 1048576K
}
Event: 29.385 GC heap before
{Heap before GC invocations=10 (full 0):
 PSYoungGen      total 279040K, used 265664K [0x0000000795580000, 0x00000007b1180000, 0x00000007c0000000)
  eden space 264192K, 100% used [0x0000000795580000,0x00000007a5780000,0x00000007a5780000)
  from space 14848K, 9% used [0x00000007a5780000,0x00000007a58f0000,0x00000007a6600000)
  to   space 15872K, 0% used [0x00000007b0200000,0x00000007b0200000,0x00000007b1180000)
 ParOldGen       total 87552K, used 36321K [0x0000000740000000, 0x0000000745580000, 0x0000000795580000)
  object space 87552K, 41% used [0x0000000740000000,0x0000000742378500,0x0000000745580000)
 Metaspace       used 15186K, capacity 15504K, committed 15744K, reserved 1062912K
  class space    used 1974K, capacity 2062K, committed 2176K, reserved 1048576K
Event: 29.396 GC heap after
Heap after GC invocations=10 (full 0):
 PSYoungGen      total 437760K, used 1376K [0x0000000795580000, 0x00000007b1380000, 0x00000007c0000000)
  eden space 421888K, 0% used [0x0000000795580000,0x0000000795580000,0x00000007af180000)
  from space 15872K, 8% used [0x00000007b0200000,0x00000007b0358000,0x00000007b1180000)
  to   space 16896K, 0% used [0x00000007af180000,0x00000007af180000,0x00000007b0200000)
 ParOldGen       total 87552K, used 36385K [0x0000000740000000, 0x0000000745580000, 0x0000000795580000)
  object space 87552K, 41% used [0x0000000740000000,0x0000000742388500,0x0000000745580000)
 Metaspace       used 15186K, capacity 15504K, committed 15744K, reserved 1062912K
  class space    used 1974K, capacity 2062K, committed 2176K, reserved 1048576K
}
Event: 33.094 GC heap before
{Heap before GC invocations=11 (full 0):
 PSYoungGen      total 437760K, used 423264K [0x0000000795580000, 0x00000007b1380000, 0x00000007c0000000)
  eden space 421888K, 100% used [0x0000000795580000,0x00000007af180000,0x00000007af180000)
  from space 15872K, 8% used [0x00000007b0200000,0x00000007b0358000,0x00000007b1180000)
  to   space 16896K, 0% used [0x00000007af180000,0x00000007af180000,0x00000007b0200000)
 ParOldGen       total 87552K, used 36385K [0x0000000740000000, 0x0000000745580000, 0x0000000795580000)
  object space 87552K, 41% used [0x0000000740000000,0x0000000742388500,0x0000000745580000)
 Metaspace       used 15249K, capacity 15512K, committed 15744K, reserved 1062912K
  class space    used 1974K, capacity 2062K, committed 2176K, reserved 1048576K
Event: 33.122 GC heap after
Heap after GC invocations=11 (full 0):
 PSYoungGen      total 438784K, used 1376K [0x0000000795580000, 0x00000007c0000000, 0x00000007c0000000)
  eden space 421888K, 0% used [0x0000000795580000,0x0000000795580000,0x00000007af180000)
  from space 16896K, 8% used [0x00000007af180000,0x00000007af2d8000,0x00000007b0200000)
  to   space 16896K, 0% used [0x00000007bef80000,0x00000007bef80000,0x00000007c0000000)
 ParOldGen       total 87552K, used 36448K [0x0000000740000000, 0x0000000745580000, 0x0000000795580000)
  object space 87552K, 41% used [0x0000000740000000,0x0000000742398200,0x0000000745580000)
 Metaspace       used 15249K, capacity 15512K, committed 15744K, reserved 1062912K
  class space    used 1974K, capacity 2062K, committed 2176K, reserved 1048576K
}
Event: 36.683 GC heap before
{Heap before GC invocations=12 (full 0):
 PSYoungGen      total 438784K, used 423264K [0x0000000795580000, 0x00000007c0000000, 0x00000007c0000000)
  eden space 421888K, 100% used [0x0000000795580000,0x00000007af180000,0x00000007af180000)
  from space 16896K, 8% used [0x00000007af180000,0x00000007af2d8000,0x00000007b0200000)
  to   space 16896K, 0% used [0x00000007bef80000,0x00000007bef80000,0x00000007c0000000)
 ParOldGen       total 87552K, used 36448K [0x0000000740000000, 0x0000000745580000, 0x0000000795580000)
  object space 87552K, 41% used [0x0000000740000000,0x0000000742398200,0x0000000745580000)
 Metaspace       used 15250K, capacity 15512K, committed 15744K, reserved 1062912K
  class space    used 1974K, capacity 2062K, committed 2176K, reserved 1048576K
Event: 36.696 GC heap after
Heap after GC invocations=12 (full 0):
 PSYoungGen      total 680960K, used 1408K [0x0000000795580000, 0x00000007c0000000, 0x00000007c0000000)
  eden space 664064K, 0% used [0x0000000795580000,0x0000000795580000,0x00000007bde00000)
  from space 16896K, 8% used [0x00000007bef80000,0x00000007bf0e0000,0x00000007c0000000)
  to   space 17408K, 0% used [0x00000007bde00000,0x00000007bde00000,0x00000007bef00000)
 ParOldGen       total 87552K, used 36488K [0x0000000740000000, 0x0000000745580000, 0x0000000795580000)
  object space 87552K, 41% used [0x0000000740000000,0x00000007423a2200,0x0000000745580000)
 Metaspace       used 15250K, capacity 15512K, committed 15744K, reserved 1062912K
  class space    used 1974K, capacity 2062K, committed 2176K, reserved 1048576K
}
Event: 41.422 GC heap before
{Heap before GC invocations=13 (full 0):
 PSYoungGen      total 680960K, used 665472K [0x0000000795580000, 0x00000007c0000000, 0x00000007c0000000)
  eden space 664064K, 100% used [0x0000000795580000,0x00000007bde00000,0x00000007bde00000)
  from space 16896K, 8% used [0x00000007bef80000,0x00000007bf0e0000,0x00000007c0000000)
  to   space 17408K, 0% used [0x00000007bde00000,0x00000007bde00000,0x00000007bef00000)
 ParOldGen       total 87552K, used 36488K [0x0000000740000000, 0x0000000745580000, 0x0000000795580000)
  object space 87552K, 41% used [0x0000000740000000,0x00000007423a2200,0x0000000745580000)
 Metaspace       used 15270K, capacity 15524K, committed 15744K, reserved 1062912K
  class space    used 1977K, capacity 2064K, committed 2176K, reserved 1048576K
Event: 41.450 GC heap after
Heap after GC invocations=13 (full 0):
 PSYoungGen      total 681472K, used 1984K [0x0000000795580000, 0x00000007bff80000, 0x00000007c0000000)
  eden space 664064K, 0% used [0x0000000795580000,0x0000000795580000,0x00000007bde00000)
  from space 17408K, 11% used [0x00000007bde00000,0x00000007bdff0000,0x00000007bef00000)
  to   space 16896K, 0% used [0x00000007bef00000,0x00000007bef00000,0x00000007bff80000)
 ParOldGen       total 87552K, used 36556K [0x0000000740000000, 0x0000000745580000, 0x0000000795580000)
  object space 87552K, 41% used [0x0000000740000000,0x00000007423b3210,0x0000000745580000)
 Metaspace       used 15270K, capacity 15524K, committed 15744K, reserved 1062912K
  class space    used 1977K, capacity 2064K, committed 2176K, reserved 1048576K
}

Deoptimization events (10 events):
Event: 38.162 Thread 0x00007fbe0f002000 Uncommon trap: reason=class_check action=maybe_recompile pc=0x000000011ccaa38c method=org.apache.jena.ext.com.google.common.cache.LocalCache$Segment.enqueueNotification(Ljava/lang/Object;ILjava/lang/Object;ILorg/apache/jena/ext/com/google/common/cache/Rem
Event: 38.163 Thread 0x00007fbe0f002000 Uncommon trap: reason=class_check action=maybe_recompile pc=0x000000011cd69fc4 method=org.apache.jena.ext.com.google.common.cache.LocalCache$Segment.removeValueFromChain(Lorg/apache/jena/ext/com/google/common/cache/LocalCache$ReferenceEntry;Lorg/apache/je
Event: 38.163 Thread 0x00007fbe0f002000 Uncommon trap: reason=class_check action=maybe_recompile pc=0x000000011ccaa38c method=org.apache.jena.ext.com.google.common.cache.LocalCache$Segment.enqueueNotification(Ljava/lang/Object;ILjava/lang/Object;ILorg/apache/jena/ext/com/google/common/cache/Rem
Event: 38.232 Thread 0x00007fbe0f002000 Uncommon trap: reason=unstable_if action=reinterpret pc=0x000000011ccf09c4 method=org.apache.jena.reasoner.rulesys.impl.LPTopGoalIterator.hasNext()Z @ 8
Event: 38.232 Thread 0x00007fbe0f002000 Uncommon trap: reason=bimorphic action=maybe_recompile pc=0x000000011cd0ea58 method=org.apache.jena.util.iterator.NiceIterator.filterDrop(Ljava/util/function/Predicate;)Lorg/apache/jena/util/iterator/FilterIterator; @ 5
Event: 38.242 Thread 0x00007fbe0f002000 Uncommon trap: reason=unstable_if action=reinterpret pc=0x000000011cd635dc method=org.apache.jena.util.ResourceUtils.testResourceCovered(Ljava/util/List;Lorg/apache/jena/rdf/model/Property;ZLorg/apache/jena/rdf/model/Resource;)Z @ 39
Event: 38.245 Thread 0x00007fbe0f002000 Uncommon trap: reason=unstable_if action=reinterpret pc=0x000000011cd47ad4 method=org.apache.jena.util.ResourceUtils.testResourceCovered(Ljava/util/List;Lorg/apache/jena/rdf/model/Property;ZLorg/apache/jena/rdf/model/Resource;)Z @ 39
Event: 38.248 Thread 0x00007fbe0f002000 Uncommon trap: reason=bimorphic action=maybe_recompile pc=0x000000011cd0ea58 method=org.apache.jena.util.iterator.NiceIterator.filterDrop(Ljava/util/function/Predicate;)Lorg/apache/jena/util/iterator/FilterIterator; @ 5
Event: 38.250 Thread 0x00007fbe0f002000 Uncommon trap: reason=bimorphic action=maybe_recompile pc=0x000000011cd0ea58 method=org.apache.jena.util.iterator.NiceIterator.filterDrop(Ljava/util/function/Predicate;)Lorg/apache/jena/util/iterator/FilterIterator; @ 5
Event: 38.250 Thread 0x00007fbe0f002000 Uncommon trap: reason=bimorphic action=maybe_recompile pc=0x000000011cd0ea58 method=org.apache.jena.util.iterator.NiceIterator.filterDrop(Ljava/util/function/Predicate;)Lorg/apache/jena/util/iterator/FilterIterator; @ 5

Classes redefined (0 events):
No events

Internal exceptions (10 events):
Event: 0.049 Thread 0x00007fbe0f002000 Exception <a 'java/lang/NoSuchMethodError': Method sun.misc.Unsafe.prefetchRead(Ljava/lang/Object;J)V name or signature does not match> (0x0000000795587f88) thrown at [/Users/java_re/workspace/8-2-build-macosx-x86_64/jdk8u161/10277/hotspot/src/share/vm/pr
Event: 0.535 Thread 0x00007fbe0f002000 Exception <a 'java/lang/NoSuchFieldError': method resolution failed> (0x0000000795899710) thrown at [/Users/java_re/workspace/8-2-build-macosx-x86_64/jdk8u161/10277/hotspot/src/share/vm/prims/methodHandles.cpp, line 1167]
Event: 0.538 Thread 0x00007fbe0f002000 Exception <a 'java/lang/NoSuchFieldError': method resolution failed> (0x00000007958a6b10) thrown at [/Users/java_re/workspace/8-2-build-macosx-x86_64/jdk8u161/10277/hotspot/src/share/vm/prims/methodHandles.cpp, line 1167]
Event: 0.600 Thread 0x00007fbe0f002000 Exception <a 'java/security/PrivilegedActionException'> (0x0000000795944d30) thrown at [/Users/java_re/workspace/8-2-build-macosx-x86_64/jdk8u161/10277/hotspot/src/share/vm/prims/jvm.cpp, line 1390]
Event: 0.600 Thread 0x00007fbe0f002000 Exception <a 'java/security/PrivilegedActionException'> (0x0000000795944f40) thrown at [/Users/java_re/workspace/8-2-build-macosx-x86_64/jdk8u161/10277/hotspot/src/share/vm/prims/jvm.cpp, line 1390]
Event: 0.601 Thread 0x00007fbe0f002000 Exception <a 'java/security/PrivilegedActionException'> (0x0000000795948458) thrown at [/Users/java_re/workspace/8-2-build-macosx-x86_64/jdk8u161/10277/hotspot/src/share/vm/prims/jvm.cpp, line 1390]
Event: 0.601 Thread 0x00007fbe0f002000 Exception <a 'java/security/PrivilegedActionException'> (0x0000000795948668) thrown at [/Users/java_re/workspace/8-2-build-macosx-x86_64/jdk8u161/10277/hotspot/src/share/vm/prims/jvm.cpp, line 1390]
Event: 3.383 Thread 0x00007fbe0f002000 Exception <a 'java/lang/NoSuchMethodError': java.lang.Object.lambda$and$0(Ljava/util/function/Predicate;Ljava/lang/Object;)Z> (0x00000007971d6980) thrown at [/Users/java_re/workspace/8-2-build-macosx-x86_64/jdk8u161/10277/hotspot/src/share/vm/interpreter/
Event: 5.392 Thread 0x00007fbe0f002000 Exception <a 'java/lang/NoSuchMethodError': java.lang.Object.lambda$negate$1(Ljava/lang/Object;)Z> (0x0000000796e63718) thrown at [/Users/java_re/workspace/8-2-build-macosx-x86_64/jdk8u161/10277/hotspot/src/share/vm/interpreter/linkResolver.cpp, line 620]
Event: 17.404 Thread 0x00007fbe0f002000 Implicit null exception at 0x000000011cbfc6ac to 0x000000011cbfcecd

Events (10 events):
Event: 42.094 Thread 0x00007fbe0f8de000 flushing nmethod 0x000000011c696090
Event: 42.094 Thread 0x00007fbe0f8de000 flushing nmethod 0x000000011c696590
Event: 42.094 Thread 0x00007fbe0f8de000 flushing nmethod 0x000000011c696a50
Event: 42.094 Thread 0x00007fbe0f8de000 flushing nmethod 0x000000011c696dd0
Event: 42.094 Thread 0x00007fbe0f8de000 flushing nmethod 0x000000011c697c10
Event: 42.094 Thread 0x00007fbe0f8de000 flushing nmethod 0x000000011c6984d0
Event: 42.094 Thread 0x00007fbe0f8de000 flushing nmethod 0x000000011c69b790
Event: 42.094 Thread 0x00007fbe0f8de000 flushing nmethod 0x000000011c6aabd0
Event: 42.095 Thread 0x00007fbe0f8de000 flushing nmethod 0x000000011c6b5bd0
Event: 42.096 Thread 0x00007fbe0f8de000 flushing nmethod 0x000000011c6d1010


Dynamic libraries:
0x000000000551f000 	/System/Library/Frameworks/Cocoa.framework/Versions/A/Cocoa
0x000000000551f000 	/System/Library/Frameworks/Security.framework/Versions/A/Security
0x000000000551f000 	/System/Library/Frameworks/ApplicationServices.framework/Versions/A/ApplicationServices
0x000000000551f000 	/usr/lib/libz.1.dylib
0x000000000551f000 	/usr/lib/libSystem.B.dylib
0x000000000551f000 	/usr/lib/libobjc.A.dylib
0x000000000551f000 	/System/Library/Frameworks/CoreFoundation.framework/Versions/A/CoreFoundation
0x000000000551f000 	/System/Library/Frameworks/Foundation.framework/Versions/C/Foundation
0x000000000551f000 	/System/Library/Frameworks/AppKit.framework/Versions/C/AppKit
0x000000000551f000 	/System/Library/Frameworks/CoreData.framework/Versions/A/CoreData
0x000000000551f000 	/System/Library/PrivateFrameworks/RemoteViewServices.framework/Versions/A/RemoteViewServices
0x000000000551f000 	/System/Library/PrivateFrameworks/UIFoundation.framework/Versions/A/UIFoundation
0x000000000551f000 	/System/Library/PrivateFrameworks/DFRFoundation.framework/Versions/A/DFRFoundation
0x000000000551f000 	/usr/lib/libenergytrace.dylib
0x000000000551f000 	/System/Library/PrivateFrameworks/SkyLight.framework/Versions/A/SkyLight
0x000000000551f000 	/System/Library/Frameworks/CoreGraphics.framework/Versions/A/CoreGraphics
0x000000000551f000 	/usr/lib/libScreenReader.dylib
0x000000000551f000 	/System/Library/Frameworks/Accelerate.framework/Versions/A/Accelerate
0x000000000551f000 	/System/Library/Frameworks/IOSurface.framework/Versions/A/IOSurface
0x000000000551f000 	/System/Library/Frameworks/AudioToolbox.framework/Versions/A/AudioToolbox
0x000000000551f000 	/System/Library/Frameworks/AudioUnit.framework/Versions/A/AudioUnit
0x000000000551f000 	/System/Library/PrivateFrameworks/DataDetectorsCore.framework/Versions/A/DataDetectorsCore
0x000000000551f000 	/System/Library/PrivateFrameworks/DesktopServicesPriv.framework/Versions/A/DesktopServicesPriv
0x000000000551f000 	/System/Library/Frameworks/Carbon.framework/Versions/A/Frameworks/HIToolbox.framework/Versions/A/HIToolbox
0x000000000551f000 	/usr/lib/libicucore.A.dylib
0x000000000551f000 	/System/Library/Frameworks/QuartzCore.framework/Versions/A/QuartzCore
0x000000000551f000 	/System/Library/Frameworks/Carbon.framework/Versions/A/Frameworks/SpeechRecognition.framework/Versions/A/SpeechRecognition
0x000000000551f000 	/usr/lib/libauto.dylib
0x000000000551f000 	/usr/lib/libxml2.2.dylib
0x000000000551f000 	/System/Library/PrivateFrameworks/CoreUI.framework/Versions/A/CoreUI
0x000000000551f000 	/System/Library/Frameworks/CoreAudio.framework/Versions/A/CoreAudio
0x000000000551f000 	/System/Library/Frameworks/DiskArbitration.framework/Versions/A/DiskArbitration
0x000000000551f000 	/usr/lib/liblangid.dylib
0x000000000551f000 	/System/Library/PrivateFrameworks/MultitouchSupport.framework/Versions/A/MultitouchSupport
0x000000000551f000 	/System/Library/Frameworks/IOKit.framework/Versions/A/IOKit
0x000000000551f000 	/usr/lib/libDiagnosticMessagesClient.dylib
0x000000000551f000 	/System/Library/Frameworks/CoreServices.framework/Versions/A/CoreServices
0x000000000551f000 	/System/Library/PrivateFrameworks/PerformanceAnalysis.framework/Versions/A/PerformanceAnalysis
0x000000000551f000 	/System/Library/PrivateFrameworks/GenerationalStorage.framework/Versions/A/GenerationalStorage
0x000000000551f000 	/System/Library/Frameworks/OpenGL.framework/Versions/A/OpenGL
0x000000000551f000 	/System/Library/Frameworks/CoreImage.framework/Versions/A/CoreImage
0x000000000551f000 	/System/Library/Frameworks/CoreText.framework/Versions/A/CoreText
0x000000000551f000 	/System/Library/Frameworks/ImageIO.framework/Versions/A/ImageIO
0x000000000551f000 	/System/Library/PrivateFrameworks/Backup.framework/Versions/A/Backup
0x000000000551f000 	/usr/lib/libarchive.2.dylib
0x000000000551f000 	/System/Library/Frameworks/CFNetwork.framework/Versions/A/CFNetwork
0x000000000551f000 	/System/Library/Frameworks/SystemConfiguration.framework/Versions/A/SystemConfiguration
0x000000000551f000 	/usr/lib/libCRFSuite.dylib
0x000000000551f000 	/usr/lib/libc++.1.dylib
0x000000000551f000 	/usr/lib/libc++abi.dylib
0x000000000551f000 	/usr/lib/system/libcache.dylib
0x000000000551f000 	/usr/lib/system/libcommonCrypto.dylib
0x000000000551f000 	/usr/lib/system/libcompiler_rt.dylib
0x000000000551f000 	/usr/lib/system/libcopyfile.dylib
0x000000000551f000 	/usr/lib/system/libcorecrypto.dylib
0x000000000551f000 	/usr/lib/system/libdispatch.dylib
0x000000000551f000 	/usr/lib/system/libdyld.dylib
0x000000000551f000 	/usr/lib/system/libkeymgr.dylib
0x000000000551f000 	/usr/lib/system/liblaunch.dylib
0x000000000551f000 	/usr/lib/system/libmacho.dylib
0x000000000551f000 	/usr/lib/system/libquarantine.dylib
0x000000000551f000 	/usr/lib/system/libremovefile.dylib
0x000000000551f000 	/usr/lib/system/libsystem_asl.dylib
0x000000000551f000 	/usr/lib/system/libsystem_blocks.dylib
0x000000000551f000 	/usr/lib/system/libsystem_c.dylib
0x000000000551f000 	/usr/lib/system/libsystem_configuration.dylib
0x000000000551f000 	/usr/lib/system/libsystem_coreservices.dylib
0x000000000551f000 	/usr/lib/system/libsystem_coretls.dylib
0x000000000551f000 	/usr/lib/system/libsystem_dnssd.dylib
0x000000000551f000 	/usr/lib/system/libsystem_info.dylib
0x000000000551f000 	/usr/lib/system/libsystem_kernel.dylib
0x000000000551f000 	/usr/lib/system/libsystem_m.dylib
0x000000000551f000 	/usr/lib/system/libsystem_malloc.dylib
0x000000000551f000 	/usr/lib/system/libsystem_network.dylib
0x000000000551f000 	/usr/lib/system/libsystem_networkextension.dylib
0x000000000551f000 	/usr/lib/system/libsystem_notify.dylib
0x000000000551f000 	/usr/lib/system/libsystem_platform.dylib
0x000000000551f000 	/usr/lib/system/libsystem_pthread.dylib
0x000000000551f000 	/usr/lib/system/libsystem_sandbox.dylib
0x000000000551f000 	/usr/lib/system/libsystem_secinit.dylib
0x000000000551f000 	/usr/lib/system/libsystem_symptoms.dylib
0x000000000551f000 	/usr/lib/system/libsystem_trace.dylib
0x000000000551f000 	/usr/lib/system/libunwind.dylib
0x000000000551f000 	/usr/lib/system/libxpc.dylib
0x000000000551f000 	/usr/lib/libbsm.0.dylib
0x000000000551f000 	/usr/lib/system/libkxld.dylib
0x000000000551f000 	/usr/lib/libcoretls.dylib
0x000000000551f000 	/usr/lib/libcoretls_cfhelpers.dylib
0x000000000551f000 	/usr/lib/libOpenScriptingUtil.dylib
0x000000000551f000 	/usr/lib/libpam.2.dylib
0x000000000551f000 	/usr/lib/libsqlite3.dylib
0x000000000551f000 	/usr/lib/libxar.1.dylib
0x000000000551f000 	/usr/lib/libbz2.1.0.dylib
0x000000000551f000 	/usr/lib/liblzma.5.dylib
0x000000000551f000 	/usr/lib/libnetwork.dylib
0x000000000551f000 	/usr/lib/libpcap.A.dylib
0x000000000551f000 	/System/Library/Frameworks/CoreServices.framework/Versions/A/Frameworks/FSEvents.framework/Versions/A/FSEvents
0x000000000551f000 	/System/Library/Frameworks/CoreServices.framework/Versions/A/Frameworks/CarbonCore.framework/Versions/A/CarbonCore
0x000000000551f000 	/System/Library/Frameworks/CoreServices.framework/Versions/A/Frameworks/Metadata.framework/Versions/A/Metadata
0x000000000551f000 	/System/Library/Frameworks/CoreServices.framework/Versions/A/Frameworks/OSServices.framework/Versions/A/OSServices
0x000000000551f000 	/System/Library/Frameworks/CoreServices.framework/Versions/A/Frameworks/SearchKit.framework/Versions/A/SearchKit
0x000000000551f000 	/System/Library/Frameworks/CoreServices.framework/Versions/A/Frameworks/AE.framework/Versions/A/AE
0x000000000551f000 	/System/Library/Frameworks/CoreServices.framework/Versions/A/Frameworks/LaunchServices.framework/Versions/A/LaunchServices
0x000000000551f000 	/System/Library/Frameworks/CoreServices.framework/Versions/A/Frameworks/DictionaryServices.framework/Versions/A/DictionaryServices
0x000000000551f000 	/System/Library/Frameworks/CoreServices.framework/Versions/A/Frameworks/SharedFileList.framework/Versions/A/SharedFileList
0x000000000551f000 	/System/Library/Frameworks/NetFS.framework/Versions/A/NetFS
0x000000000551f000 	/System/Library/PrivateFrameworks/NetAuth.framework/Versions/A/NetAuth
0x000000000551f000 	/System/Library/PrivateFrameworks/login.framework/Versions/A/Frameworks/loginsupport.framework/Versions/A/loginsupport
0x000000000551f000 	/System/Library/PrivateFrameworks/TCC.framework/Versions/A/TCC
0x000000000551f000 	/usr/lib/libmecabra.dylib
0x000000000551f000 	/System/Library/Frameworks/ApplicationServices.framework/Versions/A/Frameworks/ATS.framework/Versions/A/ATS
0x000000000551f000 	/System/Library/Frameworks/ApplicationServices.framework/Versions/A/Frameworks/ColorSync.framework/Versions/A/ColorSync
0x000000000551f000 	/System/Library/Frameworks/ApplicationServices.framework/Versions/A/Frameworks/HIServices.framework/Versions/A/HIServices
0x000000000551f000 	/System/Library/Frameworks/ApplicationServices.framework/Versions/A/Frameworks/LangAnalysis.framework/Versions/A/LangAnalysis
0x000000000551f000 	/System/Library/Frameworks/ApplicationServices.framework/Versions/A/Frameworks/PrintCore.framework/Versions/A/PrintCore
0x000000000551f000 	/System/Library/Frameworks/ApplicationServices.framework/Versions/A/Frameworks/QD.framework/Versions/A/QD
0x000000000551f000 	/System/Library/Frameworks/ApplicationServices.framework/Versions/A/Frameworks/SpeechSynthesis.framework/Versions/A/SpeechSynthesis
0x000000000551f000 	/System/Library/Frameworks/Accelerate.framework/Versions/A/Frameworks/vImage.framework/Versions/A/vImage
0x000000000551f000 	/System/Library/Frameworks/Accelerate.framework/Versions/A/Frameworks/vecLib.framework/Versions/A/vecLib
0x000000000551f000 	/System/Library/Frameworks/Accelerate.framework/Versions/A/Frameworks/vecLib.framework/Versions/A/libvDSP.dylib
0x000000000551f000 	/System/Library/Frameworks/Accelerate.framework/Versions/A/Frameworks/vecLib.framework/Versions/A/libBNNS.dylib
0x000000000551f000 	/System/Library/Frameworks/Accelerate.framework/Versions/A/Frameworks/vecLib.framework/Versions/A/libQuadrature.dylib
0x000000000551f000 	/System/Library/Frameworks/Accelerate.framework/Versions/A/Frameworks/vecLib.framework/Versions/A/libvMisc.dylib
0x000000000551f000 	/System/Library/Frameworks/Accelerate.framework/Versions/A/Frameworks/vecLib.framework/Versions/A/libLAPACK.dylib
0x000000000551f000 	/System/Library/Frameworks/Accelerate.framework/Versions/A/Frameworks/vecLib.framework/Versions/A/libBLAS.dylib
0x000000000551f000 	/System/Library/Frameworks/Accelerate.framework/Versions/A/Frameworks/vecLib.framework/Versions/A/libLinearAlgebra.dylib
0x000000000551f000 	/System/Library/Frameworks/Accelerate.framework/Versions/A/Frameworks/vecLib.framework/Versions/A/libSparseBLAS.dylib
0x000000000551f000 	/System/Library/Frameworks/ApplicationServices.framework/Versions/A/Frameworks/ATS.framework/Versions/A/Resources/libFontParser.dylib
0x000000000551f000 	/System/Library/Frameworks/ApplicationServices.framework/Versions/A/Frameworks/ATS.framework/Versions/A/Resources/libFontRegistry.dylib
0x000000000551f000 	/System/Library/Frameworks/ImageIO.framework/Versions/A/Resources/libJPEG.dylib
0x000000000551f000 	/System/Library/Frameworks/ImageIO.framework/Versions/A/Resources/libTIFF.dylib
0x000000000551f000 	/System/Library/Frameworks/ImageIO.framework/Versions/A/Resources/libPng.dylib
0x000000000551f000 	/System/Library/Frameworks/ImageIO.framework/Versions/A/Resources/libGIF.dylib
0x000000000551f000 	/System/Library/Frameworks/ImageIO.framework/Versions/A/Resources/libJP2.dylib
0x000000000551f000 	/System/Library/Frameworks/ImageIO.framework/Versions/A/Resources/libRadiance.dylib
0x000000000551f000 	/usr/lib/libcompression.dylib
0x000000000551f000 	/System/Library/PrivateFrameworks/AppleJPEG.framework/Versions/A/AppleJPEG
0x000000000551f000 	/usr/lib/libcups.2.dylib
0x000000000551f000 	/System/Library/Frameworks/Kerberos.framework/Versions/A/Kerberos
0x000000000551f000 	/System/Library/Frameworks/GSS.framework/Versions/A/GSS
0x000000000551f000 	/usr/lib/libresolv.9.dylib
0x000000000551f000 	/usr/lib/libiconv.2.dylib
0x000000000551f000 	/System/Library/PrivateFrameworks/Heimdal.framework/Versions/A/Heimdal
0x000000000551f000 	/usr/lib/libheimdal-asn1.dylib
0x000000000551f000 	/System/Library/Frameworks/OpenDirectory.framework/Versions/A/OpenDirectory
0x000000000551f000 	/System/Library/PrivateFrameworks/CommonAuth.framework/Versions/A/CommonAuth
0x000000000551f000 	/System/Library/Frameworks/OpenDirectory.framework/Versions/A/Frameworks/CFOpenDirectory.framework/Versions/A/CFOpenDirectory
0x000000000551f000 	/System/Library/Frameworks/SecurityFoundation.framework/Versions/A/SecurityFoundation
0x000000000551f000 	/System/Library/PrivateFrameworks/LanguageModeling.framework/Versions/A/LanguageModeling
0x000000000551f000 	/usr/lib/libmarisa.dylib
0x000000000551f000 	/usr/lib/libChineseTokenizer.dylib
0x000000000551f000 	/usr/lib/libcmph.dylib
0x000000000551f000 	/System/Library/PrivateFrameworks/CoreEmoji.framework/Versions/A/CoreEmoji
0x000000000551f000 	/System/Library/Frameworks/ServiceManagement.framework/Versions/A/ServiceManagement
0x000000000551f000 	/usr/lib/libxslt.1.dylib
0x000000000551f000 	/System/Library/Frameworks/Carbon.framework/Versions/A/Frameworks/Ink.framework/Versions/A/Ink
0x000000000551f000 	/System/Library/PrivateFrameworks/TextureIO.framework/Versions/A/TextureIO
0x000000000551f000 	/System/Library/Frameworks/Metal.framework/Versions/A/Metal
0x000000000551f000 	/usr/lib/libate.dylib
0x000000000551f000 	/System/Library/PrivateFrameworks/GPUCompiler.framework/libmetal_timestamp.dylib
0x000000000551f000 	/System/Library/Frameworks/OpenGL.framework/Versions/A/Libraries/libCoreFSCache.dylib
0x000000000551f000 	/System/Library/PrivateFrameworks/IOAccelerator.framework/Versions/A/IOAccelerator
0x000000000551f000 	/System/Library/Frameworks/CoreVideo.framework/Versions/A/CoreVideo
0x000000000551f000 	/usr/lib/libFosl_dynamic.dylib
0x000000000551f000 	/System/Library/PrivateFrameworks/MetalPerformanceShaders.framework/Versions/A/MetalPerformanceShaders
0x000000000551f000 	/System/Library/PrivateFrameworks/FaceCore.framework/Versions/A/FaceCore
0x000000000551f000 	/System/Library/Frameworks/OpenCL.framework/Versions/A/OpenCL
0x000000000551f000 	/System/Library/Frameworks/OpenGL.framework/Versions/A/Libraries/libGLU.dylib
0x000000000551f000 	/System/Library/Frameworks/OpenGL.framework/Versions/A/Libraries/libGFXShared.dylib
0x000000000551f000 	/System/Library/Frameworks/OpenGL.framework/Versions/A/Libraries/libGL.dylib
0x000000000551f000 	/System/Library/Frameworks/OpenGL.framework/Versions/A/Libraries/libGLImage.dylib
0x000000000551f000 	/System/Library/Frameworks/OpenGL.framework/Versions/A/Libraries/libCVMSPluginSupport.dylib
0x000000000551f000 	/System/Library/Frameworks/OpenGL.framework/Versions/A/Libraries/libCoreVMClient.dylib
0x000000000551f000 	/System/Library/PrivateFrameworks/CrashReporterSupport.framework/Versions/A/CrashReporterSupport
0x000000000551f000 	/System/Library/PrivateFrameworks/Sharing.framework/Versions/A/Sharing
0x000000000551f000 	/System/Library/PrivateFrameworks/IconServices.framework/Versions/A/IconServices
0x000000000551f000 	/System/Library/PrivateFrameworks/ProtocolBuffer.framework/Versions/A/ProtocolBuffer
0x000000000551f000 	/System/Library/PrivateFrameworks/Apple80211.framework/Versions/A/Apple80211
0x000000000551f000 	/System/Library/Frameworks/CoreWLAN.framework/Versions/A/CoreWLAN
0x000000000551f000 	/System/Library/PrivateFrameworks/CoreUtils.framework/Versions/A/CoreUtils
0x000000000551f000 	/System/Library/Frameworks/IOBluetooth.framework/Versions/A/IOBluetooth
0x000000000551f000 	/System/Library/PrivateFrameworks/CoreWiFi.framework/Versions/A/CoreWiFi
0x000000000551f000 	/System/Library/Frameworks/CoreBluetooth.framework/Versions/A/CoreBluetooth
0x000000000551f000 	/System/Library/Frameworks/CoreDisplay.framework/Versions/A/CoreDisplay
0x000000000551f000 	/System/Library/PrivateFrameworks/IOPresentment.framework/Versions/A/IOPresentment
0x000000000551f000 	/System/Library/PrivateFrameworks/DSExternalDisplay.framework/Versions/A/DSExternalDisplay
0x000000000551f000 	/System/Library/PrivateFrameworks/DebugSymbols.framework/Versions/A/DebugSymbols
0x000000000551f000 	/System/Library/PrivateFrameworks/CoreSymbolication.framework/Versions/A/CoreSymbolication
0x000000000551f000 	/System/Library/PrivateFrameworks/Symbolication.framework/Versions/A/Symbolication
0x000000000551f000 	/System/Library/PrivateFrameworks/AppleFSCompression.framework/Versions/A/AppleFSCompression
0x000000000551f000 	/System/Library/PrivateFrameworks/SpeechRecognitionCore.framework/Versions/A/SpeechRecognitionCore
0x000000000551f000 	/System/Library/PrivateFrameworks/ChunkingLibrary.framework/Versions/A/ChunkingLibrary
0x000000010f53d000 	/Library/Java/JavaVirtualMachines/jdk1.8.0_161.jdk/Contents/Home/jre/lib/server/libjvm.dylib
0x000000000551f000 	/usr/lib/libstdc++.6.dylib
0x00000001104eb000 	/Library/Java/JavaVirtualMachines/jdk1.8.0_161.jdk/Contents/Home/jre/lib/libverify.dylib
0x00000001104f9000 	/Library/Java/JavaVirtualMachines/jdk1.8.0_161.jdk/Contents/Home/jre/lib/libjava.dylib
0x0000000110539000 	/Library/Java/JavaVirtualMachines/jdk1.8.0_161.jdk/Contents/Home/jre/lib/libzip.dylib
0x00000001105ef000 	/Library/Java/JavaVirtualMachines/jdk1.8.0_161.jdk/Contents/Home/jre/lib/libnio.dylib
0x0000000118639000 	/Library/Java/JavaVirtualMachines/jdk1.8.0_161.jdk/Contents/Home/jre/lib/./libnet.dylib

VM Arguments:
java_command: /Users/mohammadomar/Desktop/node-js-getting-started/ont.jar /Users/mohammadomar/Desktop/node-js-getting-started/ontologies/ww.owl /Users/mohammadomar/Desktop/node-js-getting-started/questions/ jh.json
java_class_path (initial): /Users/mohammadomar/Desktop/node-js-getting-started/ont.jar
Launcher Type: SUN_STANDARD

Environment Variables:
PATH=/Users/mohammadomar/.npm-packages/lib/node_modules/npm/bin/node-gyp-bin:/Users/mohammadomar/Desktop/node-js-getting-started/node_modules/.bin:/Users/mohammadomar/.npm-packages/bin:/usr/local/bin:/usr/bin:/bin:/usr/sbin:/sbin:/Users/mohammadomar/.npm-packages/bin
SHELL=/bin/bash

Signal Handlers:
SIGSEGV: [libjvm.dylib+0x5b5439], sa_mask[0]=11111111011111110111111111111111, sa_flags=SA_ONSTACK|SA_RESTART|SA_SIGINFO
SIGBUS: [libjvm.dylib+0x5b5439], sa_mask[0]=11111111011111110111111111111111, sa_flags=SA_RESTART|SA_SIGINFO
SIGFPE: [libjvm.dylib+0x48ae24], sa_mask[0]=11111111011111110111111111111111, sa_flags=SA_RESTART|SA_SIGINFO
SIGPIPE: [libjvm.dylib+0x48ae24], sa_mask[0]=11111111011111110111111111111111, sa_flags=SA_RESTART|SA_SIGINFO
SIGXFSZ: [libjvm.dylib+0x48ae24], sa_mask[0]=11111111011111110111111111111111, sa_flags=SA_RESTART|SA_SIGINFO
SIGILL: [libjvm.dylib+0x48ae24], sa_mask[0]=11111111011111110111111111111111, sa_flags=SA_RESTART|SA_SIGINFO
SIGUSR1: SIG_DFL, sa_mask[0]=11111111011111110111111111111111, sa_flags=none
SIGUSR2: [libjvm.dylib+0x48a942], sa_mask[0]=00000000000000000000000000000000, sa_flags=SA_RESTART|SA_SIGINFO
SIGHUP: [libjvm.dylib+0x488f0d], sa_mask[0]=11111111011111110111111111111111, sa_flags=SA_RESTART|SA_SIGINFO
SIGINT: [libjvm.dylib+0x488f0d], sa_mask[0]=11111111011111110111111111111111, sa_flags=SA_RESTART|SA_SIGINFO
SIGTERM: [libjvm.dylib+0x488f0d], sa_mask[0]=11111111011111110111111111111111, sa_flags=SA_RESTART|SA_SIGINFO
SIGQUIT: [libjvm.dylib+0x488f0d], sa_mask[0]=11111111011111110111111111111111, sa_flags=SA_RESTART|SA_SIGINFO


---------------  S Y S T E M  ---------------

OS:Bsduname:Darwin 16.7.0 Darwin Kernel Version 16.7.0: Thu Jan 11 22:59:40 PST 2018; root:xnu-3789.73.8~1/RELEASE_X86_64 x86_64
rlimit: STACK 8192k, CORE 0k, NPROC 709, NOFILE 10240, AS infinity
load average:7.86 4.53 4.64

CPU:total 2 (initial active 2) (2 cores per cpu, 1 threads per core) family 6 model 23 stepping 10, cmov, cx8, fxsr, mmx, sse, sse2, sse3, ssse3, sse4.1, tsc

Memory: 4k page, physical 8388608k(25316k free)

/proc/meminfo:


vm_info: Java HotSpot(TM) 64-Bit Server VM (25.161-b12) for bsd-amd64 JRE (1.8.0_161-b12), built on Dec 19 2017 16:22:20 by "java_re" with gcc 4.2.1 (Based on Apple Inc. build 5658) (LLVM build 2336.11.00)

time: Tue Apr 24 11:44:05 2018
elapsed time: 42 seconds (0d 0h 0m 42s)

