#
# A fatal error has been detected by the Java Runtime Environment:
#
#  SIGSEGV (0xb) at pc=0x0000000103bf2970, pid=918, tid=0x0000000000000307
#
# JRE version:  (8.0_161-b12) (build )
# Java VM: Java HotSpot(TM) 64-Bit Server VM (25.161-b12 mixed mode bsd-amd64 compressed oops)
# Problematic frame:
# V  [libjvm.dylib+0x48a970]
#
# Failed to write core dump. Core dumps have been disabled. To enable core dumping, try "ulimit -c unlimited" before starting Java again
#
# If you would like to submit a bug report, please visit:
#   http://bugreport.java.com/bugreport/crash.jsp
#

---------------  T H R E A D  ---------------

Current thread is native thread

siginfo: si_signo: 11 (SIGSEGV), si_code: 1 (SEGV_MAPERR), si_addr: 0x0000000000000128

Registers:
RAX=0x0000000000000000, RBX=0x00007fff5c542d30, RCX=0x00007fffd3784408, RDX=0x00007fff5c542d30
RSP=0x00007fff5c542860, RBP=0x00007fff5c542890, RSI=0x00007fff5c542cc8, RDI=0x0000000000000103
R8 =0x00007fff5c542d30, R9 =0x00000000ffffffff, R10=0x0000000000000c00, R11=0x0000000000000206
R12=0x0000000000000c00, R13=0x0000000000000000, R14=0x00007fff5c542cc8, R15=0x0000000000000002
RIP=0x0000000103bf2970, EFLAGS=0x0000000000010202, ERR=0x0000000000000004
  TRAPNO=0x000000000000000e

Top of Stack: (sp=0x00007fff5c542860)
0x00007fff5c542860:   0000000000000000 00007fff5c542d30
0x00007fff5c542870:   0000000000000c00 0000000000000000
0x00007fff5c542880:   00007fff5c542f60 0000000000000e03
0x00007fff5c542890:   00007fff5c5428a0 00007fffcaa1bb3a
0x00007fff5c5428a0:   00007fff5c542e30 0000000000019e00
0x00007fff5c5428b0:   00019f00d00b0978 00007fffd361a2d0
0x00007fff5c5428c0:   0100001f00000085 00007fffd3756b18
0x00007fff5c5428d0:   0000000010004005 00000000ffffffff
0x00007fff5c5428e0:   00007fff5c542de8 0000000000000000
0x00007fff5c5428f0:   00007fff5c542f60 0000000007000806
0x00007fff5c542900:   00007fff5c542e30 00007fff5c542de8
0x00007fff5c542910:   0000000000000e03 00000000ffffffff
0x00007fff5c542920:   0000000000000c00 0000000000000206
0x00007fff5c542930:   0000000000000c00 0000000000000000
0x00007fff5c542940:   00007fff5c542f60 0000000000000e03
0x00007fff5c542950:   00007fffca93334a 0000000000000206
0x00007fff5c542960:   0000000000000007 0000000000000000
0x00007fff5c542970:   0000000000000000 0000000000000000
0x00007fff5c542980:   000000000000037f 0000000000000000
0x00007fff5c542990:   0000000000000000 0000ffff00001fa0
0x00007fff5c5429a0:   0000000000000000 000000000000ffff
0x00007fff5c5429b0:   0000000000000000 0000000000000000
0x00007fff5c5429c0:   0000000000000000 0000000000000000
0x00007fff5c5429d0:   00cf93000000ffff 000000000000ffff
0x00007fff5c5429e0:   ea600009d4951800 0000000000004008
0x00007fff5c5429f0:   aa0c80069ad42800 000000000000400d
0x00007fff5c542a00:   995200044d013a80 000000000000400d
0x00007fff5c542a10:   9445008c08000124 000000000000c03c
0x00007fff5c542a20:   41c0574bd54941f2 0000000000000000
0x00007fff5c542a30:   41c0574bd5000000 0000000000000000
0x00007fff5c542a40:   c3de3f8bc3665d26 439c0743c99a2da8
0x00007fff5c542a50:   67726f2e65686361 736e6f6d6d6f632f 

Instructions: (pc=0x0000000103bf2970)
0x0000000103bf2950:   83 ec 08 48 89 d3 49 89 f6 e8 bc 46 14 00 44 8b
0x0000000103bf2960:   38 48 8d 05 a8 18 3b 00 48 63 38 e8 8c 49 14 00
0x0000000103bf2970:   4c 8b a0 28 01 00 00 41 83 7c 24 34 01 0f 85 e2
0x0000000103bf2980:   00 00 00 49 89 5c 24 40 4d 89 74 24 38 49 8d 5c 

Register to memory mapping:

RAX=0x0000000000000000 is an unknown value
RBX=0x00007fff5c542d30 is an unknown value
RCX=0x00007fffd3784408: _thread+0x48 in /usr/lib/system/libsystem_pthread.dylib at 0x00007fffcaa22000
RDX=0x00007fff5c542d30 is an unknown value
RSP=0x00007fff5c542860 is an unknown value
RBP=0x00007fff5c542890 is an unknown value
RSI=0x00007fff5c542cc8 is an unknown value
RDI=0x0000000000000103 is an unknown value
R8 =0x00007fff5c542d30 is an unknown value
R9 =0x00000000ffffffff is an unknown value
R10=0x0000000000000c00 is an unknown value
R11=0x0000000000000206 is an unknown value
R12=0x0000000000000c00 is an unknown value
R13=0x0000000000000000 is an unknown value
R14=0x00007fff5c542cc8 is an unknown value
R15=0x0000000000000002 is an unknown value


Stack: [0x00007fff5bd47000,0x00007fff5c547000],  sp=0x00007fff5c542860,  free space=8174k
Native frames: (J=compiled Java code, j=interpreted, Vv=VM code, C=native code)
V  [libjvm.dylib+0x48a970]
C  [libsystem_platform.dylib+0x2b3a]  _sigtramp+0x1a
C  0x0000000000019e00
C  [CoreFoundation+0x85874]  __CFRunLoopServiceMachPort+0xd4
C  [CoreFoundation+0x84cf1]  __CFRunLoopRun+0x551
C  [CoreFoundation+0x84544]  CFRunLoopRunSpecific+0x1a4
C  [java+0x647a]  CreateExecutionEnvironment+0x367
C  [java+0x212c]  JLI_Launch+0x7a0
C  [java+0x84d7]  main+0x65
C  [java+0x1984]  start+0x34


---------------  P R O C E S S  ---------------

VM state:not at safepoint (normal execution)

VM Mutex/Monitor currently owned by a thread: None

Heap:
 PSYoungGen      total 38400K, used 665K [0x0000000795580000, 0x0000000798000000, 0x00000007c0000000)
  eden space 33280K, 2% used [0x0000000795580000,0x0000000795626670,0x0000000797600000)
  from space 5120K, 0% used [0x0000000797b00000,0x0000000797b00000,0x0000000798000000)
  to   space 5120K, 0% used [0x0000000797600000,0x0000000797600000,0x0000000797b00000)
 ParOldGen       total 87552K, used 0K [0x0000000740000000, 0x0000000745580000, 0x0000000795580000)
  object space 87552K, 0% used [0x0000000740000000,0x0000000740000000,0x0000000745580000)
 Metaspace       used 1448K, capacity 4480K, committed 4480K, reserved 1056768K
  class space    used 157K, capacity 384K, committed 384K, reserved 1048576K

Card table byte_map: [0x0000000104fc0000,0x00000001053c1000] byte_map_base: 0x00000001015c0000

Marking Bits: (ParMarkBitMap*) 0x000000010405f6c0
 Begin Bits: [0x00000001148cb000, 0x00000001168cb000)
 End Bits:   [0x00000001168cb000, 0x00000001188cb000)

Polling page: 0x000000010475a000

CodeCache: size=245760Kb used=409Kb max_used=409Kb free=245351Kb
 bounds [0x00000001058cb000, 0x0000000105b3b000, 0x00000001148cb000]
 total_blobs=113 nmethods=0 adapters=90
 compilation: enabled

Compilation events (0 events):
No events

GC Heap History (0 events):
No events

Deoptimization events (0 events):
No events

Classes redefined (0 events):
No events

Internal exceptions (2 events):
Event: 0.547 Thread 0x00007fb16280d000 Exception <a 'java/lang/NoSuchMethodError': Method sun.misc.Unsafe.defineClass(Ljava/lang/String;[BII)Ljava/lang/Class; name or signature does not match> (0x0000000795587ca0) thrown at [/Users/java_re/workspace/8-2-build-macosx-x86_64/jdk8u161/10277/hotsp
Event: 0.548 Thread 0x00007fb16280d000 Exception <a 'java/lang/NoSuchMethodError': Method sun.misc.Unsafe.prefetchRead(Ljava/lang/Object;J)V name or signature does not match> (0x0000000795587f88) thrown at [/Users/java_re/workspace/8-2-build-macosx-x86_64/jdk8u161/10277/hotspot/src/share/vm/pr

Events (10 events):
Event: 1.012 loading class java/io/BufferedInputStream done
Event: 1.012 loading class java/util/concurrent/atomic/AtomicReferenceFieldUpdater
Event: 1.012 loading class java/util/concurrent/atomic/AtomicReferenceFieldUpdater done
Event: 1.012 loading class java/util/concurrent/atomic/AtomicReferenceFieldUpdater$AtomicReferenceFieldUpdaterImpl
Event: 1.013 loading class java/util/concurrent/atomic/AtomicReferenceFieldUpdater$AtomicReferenceFieldUpdaterImpl done
Event: 1.013 loading class java/util/concurrent/atomic/AtomicReferenceFieldUpdater$AtomicReferenceFieldUpdaterImpl$1
Event: 1.013 loading class java/security/PrivilegedExceptionAction
Event: 1.013 loading class java/security/PrivilegedExceptionAction done
Event: 1.013 loading class java/util/concurrent/atomic/AtomicReferenceFieldUpdater$AtomicReferenceFieldUpdaterImpl$1 done
Event: 1.014 loading class sun/reflect/misc/ReflectUtil


Dynamic libraries:
0x000000003f6de000 	/System/Library/Frameworks/Cocoa.framework/Versions/A/Cocoa
0x000000003f6de000 	/System/Library/Frameworks/Security.framework/Versions/A/Security
0x000000003f6de000 	/System/Library/Frameworks/ApplicationServices.framework/Versions/A/ApplicationServices
0x000000003f6de000 	/usr/lib/libz.1.dylib
0x000000003f6de000 	/usr/lib/libSystem.B.dylib
0x000000003f6de000 	/usr/lib/libobjc.A.dylib
0x000000003f6de000 	/System/Library/Frameworks/CoreFoundation.framework/Versions/A/CoreFoundation
0x000000003f6de000 	/System/Library/Frameworks/Foundation.framework/Versions/C/Foundation
0x000000003f6de000 	/System/Library/Frameworks/AppKit.framework/Versions/C/AppKit
0x000000003f6de000 	/System/Library/Frameworks/CoreData.framework/Versions/A/CoreData
0x000000003f6de000 	/System/Library/PrivateFrameworks/RemoteViewServices.framework/Versions/A/RemoteViewServices
0x000000003f6de000 	/System/Library/PrivateFrameworks/UIFoundation.framework/Versions/A/UIFoundation
0x000000003f6de000 	/System/Library/PrivateFrameworks/DFRFoundation.framework/Versions/A/DFRFoundation
0x000000003f6de000 	/usr/lib/libenergytrace.dylib
0x000000003f6de000 	/System/Library/PrivateFrameworks/SkyLight.framework/Versions/A/SkyLight
0x000000003f6de000 	/System/Library/Frameworks/CoreGraphics.framework/Versions/A/CoreGraphics
0x000000003f6de000 	/usr/lib/libScreenReader.dylib
0x000000003f6de000 	/System/Library/Frameworks/Accelerate.framework/Versions/A/Accelerate
0x000000003f6de000 	/System/Library/Frameworks/IOSurface.framework/Versions/A/IOSurface
0x000000003f6de000 	/System/Library/Frameworks/AudioToolbox.framework/Versions/A/AudioToolbox
0x000000003f6de000 	/System/Library/Frameworks/AudioUnit.framework/Versions/A/AudioUnit
0x000000003f6de000 	/System/Library/PrivateFrameworks/DataDetectorsCore.framework/Versions/A/DataDetectorsCore
0x000000003f6de000 	/System/Library/PrivateFrameworks/DesktopServicesPriv.framework/Versions/A/DesktopServicesPriv
0x000000003f6de000 	/System/Library/Frameworks/Carbon.framework/Versions/A/Frameworks/HIToolbox.framework/Versions/A/HIToolbox
0x000000003f6de000 	/usr/lib/libicucore.A.dylib
0x000000003f6de000 	/System/Library/Frameworks/QuartzCore.framework/Versions/A/QuartzCore
0x000000003f6de000 	/System/Library/Frameworks/Carbon.framework/Versions/A/Frameworks/SpeechRecognition.framework/Versions/A/SpeechRecognition
0x000000003f6de000 	/usr/lib/libauto.dylib
0x000000003f6de000 	/usr/lib/libxml2.2.dylib
0x000000003f6de000 	/System/Library/PrivateFrameworks/CoreUI.framework/Versions/A/CoreUI
0x000000003f6de000 	/System/Library/Frameworks/CoreAudio.framework/Versions/A/CoreAudio
0x000000003f6de000 	/System/Library/Frameworks/DiskArbitration.framework/Versions/A/DiskArbitration
0x000000003f6de000 	/usr/lib/liblangid.dylib
0x000000003f6de000 	/System/Library/PrivateFrameworks/MultitouchSupport.framework/Versions/A/MultitouchSupport
0x000000003f6de000 	/System/Library/Frameworks/IOKit.framework/Versions/A/IOKit
0x000000003f6de000 	/usr/lib/libDiagnosticMessagesClient.dylib
0x000000003f6de000 	/System/Library/Frameworks/CoreServices.framework/Versions/A/CoreServices
0x000000003f6de000 	/System/Library/PrivateFrameworks/PerformanceAnalysis.framework/Versions/A/PerformanceAnalysis
0x000000003f6de000 	/System/Library/PrivateFrameworks/GenerationalStorage.framework/Versions/A/GenerationalStorage
0x000000003f6de000 	/System/Library/Frameworks/OpenGL.framework/Versions/A/OpenGL
0x000000003f6de000 	/System/Library/Frameworks/CoreImage.framework/Versions/A/CoreImage
0x000000003f6de000 	/System/Library/Frameworks/CoreText.framework/Versions/A/CoreText
0x000000003f6de000 	/System/Library/Frameworks/ImageIO.framework/Versions/A/ImageIO
0x000000003f6de000 	/System/Library/PrivateFrameworks/Backup.framework/Versions/A/Backup
0x000000003f6de000 	/usr/lib/libarchive.2.dylib
0x000000003f6de000 	/System/Library/Frameworks/CFNetwork.framework/Versions/A/CFNetwork
0x000000003f6de000 	/System/Library/Frameworks/SystemConfiguration.framework/Versions/A/SystemConfiguration
0x000000003f6de000 	/usr/lib/libCRFSuite.dylib
0x000000003f6de000 	/usr/lib/libc++.1.dylib
0x000000003f6de000 	/usr/lib/libc++abi.dylib
0x000000003f6de000 	/usr/lib/system/libcache.dylib
0x000000003f6de000 	/usr/lib/system/libcommonCrypto.dylib
0x000000003f6de000 	/usr/lib/system/libcompiler_rt.dylib
0x000000003f6de000 	/usr/lib/system/libcopyfile.dylib
0x000000003f6de000 	/usr/lib/system/libcorecrypto.dylib
0x000000003f6de000 	/usr/lib/system/libdispatch.dylib
0x000000003f6de000 	/usr/lib/system/libdyld.dylib
0x000000003f6de000 	/usr/lib/system/libkeymgr.dylib
0x000000003f6de000 	/usr/lib/system/liblaunch.dylib
0x000000003f6de000 	/usr/lib/system/libmacho.dylib
0x000000003f6de000 	/usr/lib/system/libquarantine.dylib
0x000000003f6de000 	/usr/lib/system/libremovefile.dylib
0x000000003f6de000 	/usr/lib/system/libsystem_asl.dylib
0x000000003f6de000 	/usr/lib/system/libsystem_blocks.dylib
0x000000003f6de000 	/usr/lib/system/libsystem_c.dylib
0x000000003f6de000 	/usr/lib/system/libsystem_configuration.dylib
0x000000003f6de000 	/usr/lib/system/libsystem_coreservices.dylib
0x000000003f6de000 	/usr/lib/system/libsystem_coretls.dylib
0x000000003f6de000 	/usr/lib/system/libsystem_dnssd.dylib
0x000000003f6de000 	/usr/lib/system/libsystem_info.dylib
0x000000003f6de000 	/usr/lib/system/libsystem_kernel.dylib
0x000000003f6de000 	/usr/lib/system/libsystem_m.dylib
0x000000003f6de000 	/usr/lib/system/libsystem_malloc.dylib
0x000000003f6de000 	/usr/lib/system/libsystem_network.dylib
0x000000003f6de000 	/usr/lib/system/libsystem_networkextension.dylib
0x000000003f6de000 	/usr/lib/system/libsystem_notify.dylib
0x000000003f6de000 	/usr/lib/system/libsystem_platform.dylib
0x000000003f6de000 	/usr/lib/system/libsystem_pthread.dylib
0x000000003f6de000 	/usr/lib/system/libsystem_sandbox.dylib
0x000000003f6de000 	/usr/lib/system/libsystem_secinit.dylib
0x000000003f6de000 	/usr/lib/system/libsystem_symptoms.dylib
0x000000003f6de000 	/usr/lib/system/libsystem_trace.dylib
0x000000003f6de000 	/usr/lib/system/libunwind.dylib
0x000000003f6de000 	/usr/lib/system/libxpc.dylib
0x000000003f6de000 	/usr/lib/libbsm.0.dylib
0x000000003f6de000 	/usr/lib/system/libkxld.dylib
0x000000003f6de000 	/usr/lib/libcoretls.dylib
0x000000003f6de000 	/usr/lib/libcoretls_cfhelpers.dylib
0x000000003f6de000 	/usr/lib/libOpenScriptingUtil.dylib
0x000000003f6de000 	/usr/lib/libpam.2.dylib
0x000000003f6de000 	/usr/lib/libsqlite3.dylib
0x000000003f6de000 	/usr/lib/libxar.1.dylib
0x000000003f6de000 	/usr/lib/libbz2.1.0.dylib
0x000000003f6de000 	/usr/lib/liblzma.5.dylib
0x000000003f6de000 	/usr/lib/libnetwork.dylib
0x000000003f6de000 	/usr/lib/libpcap.A.dylib
0x000000003f6de000 	/System/Library/Frameworks/CoreServices.framework/Versions/A/Frameworks/FSEvents.framework/Versions/A/FSEvents
0x000000003f6de000 	/System/Library/Frameworks/CoreServices.framework/Versions/A/Frameworks/CarbonCore.framework/Versions/A/CarbonCore
0x000000003f6de000 	/System/Library/Frameworks/CoreServices.framework/Versions/A/Frameworks/Metadata.framework/Versions/A/Metadata
0x000000003f6de000 	/System/Library/Frameworks/CoreServices.framework/Versions/A/Frameworks/OSServices.framework/Versions/A/OSServices
0x000000003f6de000 	/System/Library/Frameworks/CoreServices.framework/Versions/A/Frameworks/SearchKit.framework/Versions/A/SearchKit
0x000000003f6de000 	/System/Library/Frameworks/CoreServices.framework/Versions/A/Frameworks/AE.framework/Versions/A/AE
0x000000003f6de000 	/System/Library/Frameworks/CoreServices.framework/Versions/A/Frameworks/LaunchServices.framework/Versions/A/LaunchServices
0x000000003f6de000 	/System/Library/Frameworks/CoreServices.framework/Versions/A/Frameworks/DictionaryServices.framework/Versions/A/DictionaryServices
0x000000003f6de000 	/System/Library/Frameworks/CoreServices.framework/Versions/A/Frameworks/SharedFileList.framework/Versions/A/SharedFileList
0x000000003f6de000 	/System/Library/Frameworks/NetFS.framework/Versions/A/NetFS
0x000000003f6de000 	/System/Library/PrivateFrameworks/NetAuth.framework/Versions/A/NetAuth
0x000000003f6de000 	/System/Library/PrivateFrameworks/login.framework/Versions/A/Frameworks/loginsupport.framework/Versions/A/loginsupport
0x000000003f6de000 	/System/Library/PrivateFrameworks/TCC.framework/Versions/A/TCC
0x000000003f6de000 	/usr/lib/libmecabra.dylib
0x000000003f6de000 	/System/Library/Frameworks/ApplicationServices.framework/Versions/A/Frameworks/ATS.framework/Versions/A/ATS
0x000000003f6de000 	/System/Library/Frameworks/ApplicationServices.framework/Versions/A/Frameworks/ColorSync.framework/Versions/A/ColorSync
0x000000003f6de000 	/System/Library/Frameworks/ApplicationServices.framework/Versions/A/Frameworks/HIServices.framework/Versions/A/HIServices
0x000000003f6de000 	/System/Library/Frameworks/ApplicationServices.framework/Versions/A/Frameworks/LangAnalysis.framework/Versions/A/LangAnalysis
0x000000003f6de000 	/System/Library/Frameworks/ApplicationServices.framework/Versions/A/Frameworks/PrintCore.framework/Versions/A/PrintCore
0x000000003f6de000 	/System/Library/Frameworks/ApplicationServices.framework/Versions/A/Frameworks/QD.framework/Versions/A/QD
0x000000003f6de000 	/System/Library/Frameworks/ApplicationServices.framework/Versions/A/Frameworks/SpeechSynthesis.framework/Versions/A/SpeechSynthesis
0x000000003f6de000 	/System/Library/Frameworks/Accelerate.framework/Versions/A/Frameworks/vImage.framework/Versions/A/vImage
0x000000003f6de000 	/System/Library/Frameworks/Accelerate.framework/Versions/A/Frameworks/vecLib.framework/Versions/A/vecLib
0x000000003f6de000 	/System/Library/Frameworks/Accelerate.framework/Versions/A/Frameworks/vecLib.framework/Versions/A/libvDSP.dylib
0x000000003f6de000 	/System/Library/Frameworks/Accelerate.framework/Versions/A/Frameworks/vecLib.framework/Versions/A/libBNNS.dylib
0x000000003f6de000 	/System/Library/Frameworks/Accelerate.framework/Versions/A/Frameworks/vecLib.framework/Versions/A/libQuadrature.dylib
0x000000003f6de000 	/System/Library/Frameworks/Accelerate.framework/Versions/A/Frameworks/vecLib.framework/Versions/A/libvMisc.dylib
0x000000003f6de000 	/System/Library/Frameworks/Accelerate.framework/Versions/A/Frameworks/vecLib.framework/Versions/A/libLAPACK.dylib
0x000000003f6de000 	/System/Library/Frameworks/Accelerate.framework/Versions/A/Frameworks/vecLib.framework/Versions/A/libBLAS.dylib
0x000000003f6de000 	/System/Library/Frameworks/Accelerate.framework/Versions/A/Frameworks/vecLib.framework/Versions/A/libLinearAlgebra.dylib
0x000000003f6de000 	/System/Library/Frameworks/Accelerate.framework/Versions/A/Frameworks/vecLib.framework/Versions/A/libSparseBLAS.dylib
0x000000003f6de000 	/System/Library/Frameworks/ApplicationServices.framework/Versions/A/Frameworks/ATS.framework/Versions/A/Resources/libFontParser.dylib
0x000000003f6de000 	/System/Library/Frameworks/ApplicationServices.framework/Versions/A/Frameworks/ATS.framework/Versions/A/Resources/libFontRegistry.dylib
0x000000003f6de000 	/System/Library/Frameworks/ImageIO.framework/Versions/A/Resources/libJPEG.dylib
0x000000003f6de000 	/System/Library/Frameworks/ImageIO.framework/Versions/A/Resources/libTIFF.dylib
0x000000003f6de000 	/System/Library/Frameworks/ImageIO.framework/Versions/A/Resources/libPng.dylib
0x000000003f6de000 	/System/Library/Frameworks/ImageIO.framework/Versions/A/Resources/libGIF.dylib
0x000000003f6de000 	/System/Library/Frameworks/ImageIO.framework/Versions/A/Resources/libJP2.dylib
0x000000003f6de000 	/System/Library/Frameworks/ImageIO.framework/Versions/A/Resources/libRadiance.dylib
0x000000003f6de000 	/usr/lib/libcompression.dylib
0x000000003f6de000 	/System/Library/PrivateFrameworks/AppleJPEG.framework/Versions/A/AppleJPEG
0x000000003f6de000 	/usr/lib/libcups.2.dylib
0x000000003f6de000 	/System/Library/Frameworks/Kerberos.framework/Versions/A/Kerberos
0x000000003f6de000 	/System/Library/Frameworks/GSS.framework/Versions/A/GSS
0x000000003f6de000 	/usr/lib/libresolv.9.dylib
0x000000003f6de000 	/usr/lib/libiconv.2.dylib
0x000000003f6de000 	/System/Library/PrivateFrameworks/Heimdal.framework/Versions/A/Heimdal
0x000000003f6de000 	/usr/lib/libheimdal-asn1.dylib
0x000000003f6de000 	/System/Library/Frameworks/OpenDirectory.framework/Versions/A/OpenDirectory
0x000000003f6de000 	/System/Library/PrivateFrameworks/CommonAuth.framework/Versions/A/CommonAuth
0x000000003f6de000 	/System/Library/Frameworks/OpenDirectory.framework/Versions/A/Frameworks/CFOpenDirectory.framework/Versions/A/CFOpenDirectory
0x000000003f6de000 	/System/Library/Frameworks/SecurityFoundation.framework/Versions/A/SecurityFoundation
0x000000003f6de000 	/System/Library/PrivateFrameworks/LanguageModeling.framework/Versions/A/LanguageModeling
0x000000003f6de000 	/usr/lib/libmarisa.dylib
0x000000003f6de000 	/usr/lib/libChineseTokenizer.dylib
0x000000003f6de000 	/usr/lib/libcmph.dylib
0x000000003f6de000 	/System/Library/PrivateFrameworks/CoreEmoji.framework/Versions/A/CoreEmoji
0x000000003f6de000 	/System/Library/Frameworks/ServiceManagement.framework/Versions/A/ServiceManagement
0x000000003f6de000 	/usr/lib/libxslt.1.dylib
0x000000003f6de000 	/System/Library/Frameworks/Carbon.framework/Versions/A/Frameworks/Ink.framework/Versions/A/Ink
0x000000003f6de000 	/System/Library/PrivateFrameworks/TextureIO.framework/Versions/A/TextureIO
0x000000003f6de000 	/System/Library/Frameworks/Metal.framework/Versions/A/Metal
0x000000003f6de000 	/usr/lib/libate.dylib
0x000000003f6de000 	/System/Library/PrivateFrameworks/GPUCompiler.framework/libmetal_timestamp.dylib
0x000000003f6de000 	/System/Library/Frameworks/OpenGL.framework/Versions/A/Libraries/libCoreFSCache.dylib
0x000000003f6de000 	/System/Library/PrivateFrameworks/IOAccelerator.framework/Versions/A/IOAccelerator
0x000000003f6de000 	/System/Library/Frameworks/CoreVideo.framework/Versions/A/CoreVideo
0x000000003f6de000 	/usr/lib/libFosl_dynamic.dylib
0x000000003f6de000 	/System/Library/PrivateFrameworks/MetalPerformanceShaders.framework/Versions/A/MetalPerformanceShaders
0x000000003f6de000 	/System/Library/PrivateFrameworks/FaceCore.framework/Versions/A/FaceCore
0x000000003f6de000 	/System/Library/Frameworks/OpenCL.framework/Versions/A/OpenCL
0x000000003f6de000 	/System/Library/Frameworks/OpenGL.framework/Versions/A/Libraries/libGLU.dylib
0x000000003f6de000 	/System/Library/Frameworks/OpenGL.framework/Versions/A/Libraries/libGFXShared.dylib
0x000000003f6de000 	/System/Library/Frameworks/OpenGL.framework/Versions/A/Libraries/libGL.dylib
0x000000003f6de000 	/System/Library/Frameworks/OpenGL.framework/Versions/A/Libraries/libGLImage.dylib
0x000000003f6de000 	/System/Library/Frameworks/OpenGL.framework/Versions/A/Libraries/libCVMSPluginSupport.dylib
0x000000003f6de000 	/System/Library/Frameworks/OpenGL.framework/Versions/A/Libraries/libCoreVMClient.dylib
0x000000003f6de000 	/System/Library/PrivateFrameworks/CrashReporterSupport.framework/Versions/A/CrashReporterSupport
0x000000003f6de000 	/System/Library/PrivateFrameworks/Sharing.framework/Versions/A/Sharing
0x000000003f6de000 	/System/Library/PrivateFrameworks/IconServices.framework/Versions/A/IconServices
0x000000003f6de000 	/System/Library/PrivateFrameworks/ProtocolBuffer.framework/Versions/A/ProtocolBuffer
0x000000003f6de000 	/System/Library/PrivateFrameworks/Apple80211.framework/Versions/A/Apple80211
0x000000003f6de000 	/System/Library/Frameworks/CoreWLAN.framework/Versions/A/CoreWLAN
0x000000003f6de000 	/System/Library/PrivateFrameworks/CoreUtils.framework/Versions/A/CoreUtils
0x000000003f6de000 	/System/Library/Frameworks/IOBluetooth.framework/Versions/A/IOBluetooth
0x000000003f6de000 	/System/Library/PrivateFrameworks/CoreWiFi.framework/Versions/A/CoreWiFi
0x000000003f6de000 	/System/Library/Frameworks/CoreBluetooth.framework/Versions/A/CoreBluetooth
0x000000003f6de000 	/System/Library/Frameworks/CoreDisplay.framework/Versions/A/CoreDisplay
0x000000003f6de000 	/System/Library/PrivateFrameworks/IOPresentment.framework/Versions/A/IOPresentment
0x000000003f6de000 	/System/Library/PrivateFrameworks/DSExternalDisplay.framework/Versions/A/DSExternalDisplay
0x000000003f6de000 	/System/Library/PrivateFrameworks/DebugSymbols.framework/Versions/A/DebugSymbols
0x000000003f6de000 	/System/Library/PrivateFrameworks/CoreSymbolication.framework/Versions/A/CoreSymbolication
0x000000003f6de000 	/System/Library/PrivateFrameworks/Symbolication.framework/Versions/A/Symbolication
0x000000003f6de000 	/System/Library/PrivateFrameworks/AppleFSCompression.framework/Versions/A/AppleFSCompression
0x000000003f6de000 	/System/Library/PrivateFrameworks/SpeechRecognitionCore.framework/Versions/A/SpeechRecognitionCore
0x000000003f6de000 	/System/Library/PrivateFrameworks/ChunkingLibrary.framework/Versions/A/ChunkingLibrary
0x0000000103768000 	/Library/Java/JavaVirtualMachines/jdk1.8.0_161.jdk/Contents/Home/jre/lib/server/libjvm.dylib
0x000000003f6de000 	/usr/lib/libstdc++.6.dylib
0x0000000104716000 	/Library/Java/JavaVirtualMachines/jdk1.8.0_161.jdk/Contents/Home/jre/lib/libverify.dylib
0x0000000104724000 	/Library/Java/JavaVirtualMachines/jdk1.8.0_161.jdk/Contents/Home/jre/lib/libjava.dylib
0x0000000104764000 	/Library/Java/JavaVirtualMachines/jdk1.8.0_161.jdk/Contents/Home/jre/lib/libzip.dylib

VM Arguments:
java_command: /Users/mohammadomar/Desktop/node-js-getting-started/ont.jar /Users/mohammadomar/Desktop/node-js-getting-started/ontologies/prop.owl /Users/mohammadomar/Desktop/node-js-getting-started/questions/ DARAB.json
java_class_path (initial): /Users/mohammadomar/Desktop/node-js-getting-started/ont.jar
Launcher Type: SUN_STANDARD

Environment Variables:
PATH=/Users/mohammadomar/.npm-packages/lib/node_modules/npm/bin/node-gyp-bin:/Users/mohammadomar/Desktop/node-js-getting-started/node_modules/.bin:/Users/mohammadomar/.npm-packages/bin:/usr/local/bin:/usr/bin:/bin:/usr/sbin:/sbin:/Users/mohammadomar/.npm-packages/bin
SHELL=/bin/bash

Signal Handlers:
SIGSEGV: [libjvm.dylib+0x5b5439], sa_mask[0]=11111111011111110111111111111111, sa_flags=SA_ONSTACK|SA_RESTART|SA_SIGINFO
SIGBUS: [libjvm.dylib+0x5b5439], sa_mask[0]=11111111011111110111111111111111, sa_flags=SA_RESTART|SA_SIGINFO
SIGFPE: [libjvm.dylib+0x48ae24], sa_mask[0]=11111111011111110111111111111111, sa_flags=SA_RESTART|SA_SIGINFO
SIGPIPE: [libjvm.dylib+0x48ae24], sa_mask[0]=11111111011111110111111111111111, sa_flags=SA_RESTART|SA_SIGINFO
SIGXFSZ: [libjvm.dylib+0x48ae24], sa_mask[0]=11111111011111110111111111111111, sa_flags=SA_RESTART|SA_SIGINFO
SIGILL: [libjvm.dylib+0x48ae24], sa_mask[0]=11111111011111110111111111111111, sa_flags=SA_RESTART|SA_SIGINFO
SIGUSR1: SIG_DFL, sa_mask[0]=11111111011111110111111111111111, sa_flags=none
SIGUSR2: [libjvm.dylib+0x48a942], sa_mask[0]=00000000000000000000000000000000, sa_flags=SA_RESTART|SA_SIGINFO
SIGHUP: SIG_DFL, sa_mask[0]=00000000000000000000000000000000, sa_flags=none
SIGINT: SIG_DFL, sa_mask[0]=00000000000000000000000000000000, sa_flags=none
SIGTERM: SIG_DFL, sa_mask[0]=11111111011111110111111111111111, sa_flags=none
SIGQUIT: SIG_DFL, sa_mask[0]=00000000000000000000000000000000, sa_flags=none


---------------  S Y S T E M  ---------------

OS:Bsduname:Darwin 16.7.0 Darwin Kernel Version 16.7.0: Thu Jan 11 22:59:40 PST 2018; root:xnu-3789.73.8~1/RELEASE_X86_64 x86_64
rlimit: STACK 8192k, CORE 0k, NPROC 709, NOFILE 10240, AS infinity
load average:195.90 109.89 57.15

CPU:total 2 (initial active 2) (2 cores per cpu, 1 threads per core) family 6 model 23 stepping 10, cmov, cx8, fxsr, mmx, sse, sse2, sse3, ssse3, sse4.1, tsc

Memory: 4k page, physical 8388608k(38736k free)

/proc/meminfo:


vm_info: Java HotSpot(TM) 64-Bit Server VM (25.161-b12) for bsd-amd64 JRE (1.8.0_161-b12), built on Dec 19 2017 16:22:20 by "java_re" with gcc 4.2.1 (Based on Apple Inc. build 5658) (LLVM build 2336.11.00)

time: Fri May 18 08:10:03 2018
elapsed time: 1 seconds (0d 0h 0m 1s)

