#
# A fatal error has been detected by the Java Runtime Environment:
#
#  SIGSEGV (0xb) at pc=0x0000000104e8a970, pid=8395, tid=0x0000000000000307
#
# JRE version: Java(TM) SE Runtime Environment (8.0_161-b12) (build 1.8.0_161-b12)
# Java VM: Java HotSpot(TM) 64-Bit Server VM (25.161-b12 mixed mode bsd-amd64 compressed oops)
# Problematic frame:
# V  [libjvm.dylib+0x48a970]  SR_handler(int, __siginfo*, __darwin_ucontext*)+0x2e
#
# Failed to write core dump. Core dumps have been disabled. To enable core dumping, try "ulimit -c unlimited" before starting Java again
#
# If you would like to submit a bug report, please visit:
#   http://bugreport.java.com/bugreport/crash.jsp
#

---------------  T H R E A D  ---------------

Current thread is native thread

siginfo: si_signo: 11 (SIGSEGV), si_code: 1 (SEGV_MAPERR), si_addr: 0x0000000000000128

Registers:
RAX=0x0000000000000000, RBX=0x00007fff5b7c5da0, RCX=0x00007fff995c5408, RDX=0x00007fff5b7c5da0
RSP=0x00007fff5b7c58d0, RBP=0x00007fff5b7c5900, RSI=0x00007fff5b7c5d38, RDI=0x0000000000000103
R8 =0x00007fff5b7c5da0, R9 =0x00000000ffffffff, R10=0x0000000000000c00, R11=0x0000000000000206
R12=0x0000000000000c00, R13=0x0000000000000000, R14=0x00007fff5b7c5d38, R15=0x0000000000000002
RIP=0x0000000104e8a970, EFLAGS=0x0000000000010202, ERR=0x0000000000000004
  TRAPNO=0x000000000000000e

Top of Stack: (sp=0x00007fff5b7c58d0)
0x00007fff5b7c58d0:   0000000000000000 00007fff5b7c5da0
0x00007fff5b7c58e0:   0000000000000c00 0000000000000000
0x00007fff5b7c58f0:   00007fff5b7c5fd0 0000000000000d03
0x00007fff5b7c5900:   00007fff5b7c5910 00007fff9085cb3a
0x00007fff5b7c5910:   00007fff5b7c5ea0 0000000000019e00
0x00007fff5b7c5920:   00019f0095ef1978 00007fff9945b2d0
0x00007fff5b7c5930:   0100001f00000085 00007fff9062393f
0x00007fff5b7c5940:   0000000010004005 00000000ffffffff
0x00007fff5b7c5950:   00007fff5b7c5e58 0000000000000000
0x00007fff5b7c5960:   00007fff5b7c5fd0 0000000007000806
0x00007fff5b7c5970:   00007fff5b7c5ea0 00007fff5b7c5e58
0x00007fff5b7c5980:   0000000000000d03 00000000ffffffff
0x00007fff5b7c5990:   0000000000000c00 0000000000000206
0x00007fff5b7c59a0:   0000000000000c00 0000000000000000
0x00007fff5b7c59b0:   00007fff5b7c5fd0 0000000000000d03
0x00007fff5b7c59c0:   00007fff9077434a 0000000000000206
0x00007fff5b7c59d0:   0000000000000007 0000000000000000
0x00007fff5b7c59e0:   0000000000000000 0000000000000000
0x00007fff5b7c59f0:   000000000000037f 0000000000000000
0x00007fff5b7c5a00:   0000000000000000 0000ffff00001fa0
0x00007fff5b7c5a10:   0000000000000000 000000000000ffff
0x00007fff5b7c5a20:   0000000000000000 0000000000000000
0x00007fff5b7c5a30:   0000000000000000 0000000000000000
0x00007fff5b7c5a40:   00cf93000000ffff 000000000000ffff
0x00007fff5b7c5a50:   ea600009d4951800 0000000000004008
0x00007fff5b7c5a60:   aa0c80069ad42800 000000000000400d
0x00007fff5b7c5a70:   995200044d013a80 000000000000400d
0x00007fff5b7c5a80:   f083304624680416 000000000000c03d
0x00007fff5b7c5a90:   41c04792d5524ebe 0000000000000000
0x00007fff5b7c5aa0:   41c04792d5000000 0000000000000000
0x00007fff5b7c5ab0:   c3de3f824de052d0 439c07db21fad2f8
0x00007fff5b7c5ac0:   67726f2e65686361 736e6f6d6d6f632f 

Instructions: (pc=0x0000000104e8a970)
0x0000000104e8a950:   83 ec 08 48 89 d3 49 89 f6 e8 bc 46 14 00 44 8b
0x0000000104e8a960:   38 48 8d 05 a8 18 3b 00 48 63 38 e8 8c 49 14 00
0x0000000104e8a970:   4c 8b a0 28 01 00 00 41 83 7c 24 34 01 0f 85 e2
0x0000000104e8a980:   00 00 00 49 89 5c 24 40 4d 89 74 24 38 49 8d 5c 

Register to memory mapping:

RAX=0x0000000000000000 is an unknown value
RBX=0x00007fff5b7c5da0 is an unknown value
RCX=0x00007fff995c5408: _thread+0x48 in /usr/lib/system/libsystem_pthread.dylib at 0x00007fff90863000
RDX=0x00007fff5b7c5da0 is an unknown value
RSP=0x00007fff5b7c58d0 is an unknown value
RBP=0x00007fff5b7c5900 is an unknown value
RSI=0x00007fff5b7c5d38 is an unknown value
RDI=0x0000000000000103 is an unknown value
R8 =0x00007fff5b7c5da0 is an unknown value
R9 =0x00000000ffffffff is an unknown value
R10=0x0000000000000c00 is an unknown value
R11=0x0000000000000206 is an unknown value
R12=0x0000000000000c00 is an unknown value
R13=0x0000000000000000 is an unknown value
R14=0x00007fff5b7c5d38 is an unknown value
R15=0x0000000000000002 is an unknown value


Stack: [0x00007fff5afca000,0x00007fff5b7ca000],  sp=0x00007fff5b7c58d0,  free space=8174k
Native frames: (J=compiled Java code, j=interpreted, Vv=VM code, C=native code)
V  [libjvm.dylib+0x48a970]  SR_handler(int, __siginfo*, __darwin_ucontext*)+0x2e
C  [libsystem_platform.dylib+0x2b3a]  _sigtramp+0x1a
C  0x0000000000019e00
C  [CoreFoundation+0x85874]  __CFRunLoopServiceMachPort+0xd4
C  [CoreFoundation+0x84cf1]  __CFRunLoopRun+0x551
C  [CoreFoundation+0x84544]  CFRunLoopRunSpecific+0x1a4
C  [java+0x647a]  CreateExecutionEnvironment+0x367
C  [java+0x212c]  JLI_Launch+0x7a0
C  [java+0x84d7]  main+0x65
C  [java+0x1984]  start+0x34


---------------  P R O C E S S  ---------------

VM state:at safepoint (shutting down)

VM Mutex/Monitor currently owned by a thread:  ([mutex/lock_event])
[0x00007ff92b511d60] Threads_lock - owner thread: 0x00007ff92b83a000

Heap:
 PSYoungGen      total 672256K, used 286209K [0x0000000795580000, 0x00000007bfe80000, 0x00000007c0000000)
  eden space 665088K, 41% used [0x0000000795580000,0x00000007a66206d0,0x00000007bdf00000)
  from space 7168K, 98% used [0x00000007bdf00000,0x00000007be5e0010,0x00000007be600000)
  to   space 15872K, 0% used [0x00000007bef00000,0x00000007bef00000,0x00000007bfe80000)
 ParOldGen       total 87552K, used 37921K [0x0000000740000000, 0x0000000745580000, 0x0000000795580000)
  object space 87552K, 43% used [0x0000000740000000,0x0000000742508688,0x0000000745580000)
 Metaspace       used 19163K, capacity 19498K, committed 19712K, reserved 1067008K
  class space    used 2398K, capacity 2513K, committed 2560K, reserved 1048576K

Card table byte_map: [0x0000000105d6e000,0x000000010616f000] byte_map_base: 0x000000010236e000

Marking Bits: (ParMarkBitMap*) 0x00000001052f76c0
 Begin Bits: [0x000000010641a000, 0x000000010841a000)
 End Bits:   [0x000000010841a000, 0x000000010a41a000)

Polling page: 0x0000000104529000

CodeCache: size=245760Kb used=8763Kb max_used=8763Kb free=236996Kb
 bounds [0x0000000113db1000, 0x0000000114651000, 0x0000000122db1000]
 total_blobs=2702 nmethods=2338 adapters=279
 compilation: enabled

Compilation events (10 events):
Event: 42.971 Thread 0x00007ff92b857800 2400       3       java.util.LinkedHashMap$LinkedHashIterator::nextNode (54 bytes)
Event: 42.971 Thread 0x00007ff92b857800 nmethod 2400 0x0000000114641b50 code [0x0000000114641ce0, 0x0000000114642078]
Event: 42.987 Thread 0x00007ff92b857800 2401       1       com.fasterxml.jackson.databind.JavaType::getRawClass (5 bytes)
Event: 42.987 Thread 0x00007ff92b857800 nmethod 2401 0x0000000114641890 code [0x00000001146419e0, 0x0000000114641af0]
Event: 42.988 Thread 0x00007ff92b857800 2403       1       com.fasterxml.jackson.databind.MapperFeature::getMask (5 bytes)
Event: 42.988 Thread 0x00007ff92b857800 nmethod 2403 0x0000000114641250 code [0x00000001146413a0, 0x00000001146414b0]
Event: 42.995 Thread 0x00007ff92b857800 2404       1       java.lang.reflect.Field::getDeclaringClass (5 bytes)
Event: 42.995 Thread 0x00007ff92b857800 nmethod 2404 0x0000000114640f90 code [0x00000001146410e0, 0x00000001146411f0]
Event: 42.995 Thread 0x00007ff92b857800 2405       1       com.fasterxml.jackson.core.io.SerializedString::getValue (5 bytes)
Event: 42.995 Thread 0x00007ff92b857800 nmethod 2405 0x0000000114640cd0 code [0x0000000114640e20, 0x0000000114640f30]

GC Heap History (10 events):
Event: 24.049 GC heap before
{Heap before GC invocations=9 (full 0):
 PSYoungGen      total 280576K, used 274208K [0x0000000795580000, 0x00000007a7580000, 0x00000007c0000000)
  eden space 266240K, 100% used [0x0000000795580000,0x00000007a5980000,0x00000007a5980000)
  from space 14336K, 55% used [0x00000007a6780000,0x00000007a6f48050,0x00000007a7580000)
  to   space 14336K, 0% used [0x00000007a5980000,0x00000007a5980000,0x00000007a6780000)
 ParOldGen       total 87552K, used 34162K [0x0000000740000000, 0x0000000745580000, 0x0000000795580000)
  object space 87552K, 39% used [0x0000000740000000,0x000000074215c8c8,0x0000000745580000)
 Metaspace       used 15173K, capacity 15376K, committed 15744K, reserved 1062912K
  class space    used 1974K, capacity 2062K, committed 2176K, reserved 1048576K
Event: 24.107 GC heap after
Heap after GC invocations=9 (full 0):
 PSYoungGen      total 280576K, used 1440K [0x0000000795580000, 0x00000007b1380000, 0x00000007c0000000)
  eden space 266240K, 0% used [0x0000000795580000,0x0000000795580000,0x00000007a5980000)
  from space 14336K, 10% used [0x00000007a5980000,0x00000007a5ae8000,0x00000007a6780000)
  to   space 15360K, 0% used [0x00000007b0480000,0x00000007b0480000,0x00000007b1380000)
 ParOldGen       total 87552K, used 37670K [0x0000000740000000, 0x0000000745580000, 0x0000000795580000)
  object space 87552K, 43% used [0x0000000740000000,0x00000007424c9978,0x0000000745580000)
 Metaspace       used 15173K, capacity 15376K, committed 15744K, reserved 1062912K
  class space    used 1974K, capacity 2062K, committed 2176K, reserved 1048576K
}
Event: 27.908 GC heap before
{Heap before GC invocations=10 (full 0):
 PSYoungGen      total 280576K, used 267680K [0x0000000795580000, 0x00000007b1380000, 0x00000007c0000000)
  eden space 266240K, 100% used [0x0000000795580000,0x00000007a5980000,0x00000007a5980000)
  from space 14336K, 10% used [0x00000007a5980000,0x00000007a5ae8000,0x00000007a6780000)
  to   space 15360K, 0% used [0x00000007b0480000,0x00000007b0480000,0x00000007b1380000)
 ParOldGen       total 87552K, used 37670K [0x0000000740000000, 0x0000000745580000, 0x0000000795580000)
  object space 87552K, 43% used [0x0000000740000000,0x00000007424c9978,0x0000000745580000)
 Metaspace       used 15215K, capacity 15504K, committed 15744K, reserved 1062912K
  class space    used 1974K, capacity 2062K, committed 2176K, reserved 1048576K
Event: 27.919 GC heap after
Heap after GC invocations=10 (full 0):
 PSYoungGen      total 440320K, used 1376K [0x0000000795580000, 0x00000007b1580000, 0x00000007c0000000)
  eden space 424960K, 0% used [0x0000000795580000,0x0000000795580000,0x00000007af480000)
  from space 15360K, 8% used [0x00000007b0480000,0x00000007b05d8000,0x00000007b1380000)
  to   space 16384K, 0% used [0x00000007af480000,0x00000007af480000,0x00000007b0480000)
 ParOldGen       total 87552K, used 37741K [0x0000000740000000, 0x0000000745580000, 0x0000000795580000)
  object space 87552K, 43% used [0x0000000740000000,0x00000007424db678,0x0000000745580000)
 Metaspace       used 15215K, capacity 15504K, committed 15744K, reserved 1062912K
  class space    used 1974K, capacity 2062K, committed 2176K, reserved 1048576K
}
Event: 31.921 GC heap before
{Heap before GC invocations=11 (full 0):
 PSYoungGen      total 440320K, used 426336K [0x0000000795580000, 0x00000007b1580000, 0x00000007c0000000)
  eden space 424960K, 100% used [0x0000000795580000,0x00000007af480000,0x00000007af480000)
  from space 15360K, 8% used [0x00000007b0480000,0x00000007b05d8000,0x00000007b1380000)
  to   space 16384K, 0% used [0x00000007af480000,0x00000007af480000,0x00000007b0480000)
 ParOldGen       total 87552K, used 37741K [0x0000000740000000, 0x0000000745580000, 0x0000000795580000)
  object space 87552K, 43% used [0x0000000740000000,0x00000007424db678,0x0000000745580000)
 Metaspace       used 15249K, capacity 15512K, committed 15744K, reserved 1062912K
  class space    used 1974K, capacity 2062K, committed 2176K, reserved 1048576K
Event: 31.941 GC heap after
Heap after GC invocations=11 (full 0):
 PSYoungGen      total 441344K, used 1376K [0x0000000795580000, 0x00000007c0000000, 0x00000007c0000000)
  eden space 424960K, 0% used [0x0000000795580000,0x0000000795580000,0x00000007af480000)
  from space 16384K, 8% used [0x00000007af480000,0x00000007af5d8000,0x00000007b0480000)
  to   space 16384K, 0% used [0x00000007bf000000,0x00000007bf000000,0x00000007c0000000)
 ParOldGen       total 87552K, used 37797K [0x0000000740000000, 0x0000000745580000, 0x0000000795580000)
  object space 87552K, 43% used [0x0000000740000000,0x00000007424e9678,0x0000000745580000)
 Metaspace       used 15249K, capacity 15512K, committed 15744K, reserved 1062912K
  class space    used 1974K, capacity 2062K, committed 2176K, reserved 1048576K
}
Event: 35.669 GC heap before
{Heap before GC invocations=12 (full 0):
 PSYoungGen      total 441344K, used 426336K [0x0000000795580000, 0x00000007c0000000, 0x00000007c0000000)
  eden space 424960K, 100% used [0x0000000795580000,0x00000007af480000,0x00000007af480000)
  from space 16384K, 8% used [0x00000007af480000,0x00000007af5d8000,0x00000007b0480000)
  to   space 16384K, 0% used [0x00000007bf000000,0x00000007bf000000,0x00000007c0000000)
 ParOldGen       total 87552K, used 37797K [0x0000000740000000, 0x0000000745580000, 0x0000000795580000)
  object space 87552K, 43% used [0x0000000740000000,0x00000007424e9678,0x0000000745580000)
 Metaspace       used 15252K, capacity 15512K, committed 15744K, reserved 1062912K
  class space    used 1974K, capacity 2062K, committed 2176K, reserved 1048576K
Event: 35.679 GC heap after
Heap after GC invocations=12 (full 0):
 PSYoungGen      total 681472K, used 1408K [0x0000000795580000, 0x00000007c0000000, 0x00000007c0000000)
  eden space 665088K, 0% used [0x0000000795580000,0x0000000795580000,0x00000007bdf00000)
  from space 16384K, 8% used [0x00000007bf000000,0x00000007bf160000,0x00000007c0000000)
  to   space 16896K, 0% used [0x00000007bdf00000,0x00000007bdf00000,0x00000007bef80000)
 ParOldGen       total 87552K, used 37853K [0x0000000740000000, 0x0000000745580000, 0x0000000795580000)
  object space 87552K, 43% used [0x0000000740000000,0x00000007424f7678,0x0000000745580000)
 Metaspace       used 15252K, capacity 15512K, committed 15744K, reserved 1062912K
  class space    used 1974K, capacity 2062K, committed 2176K, reserved 1048576K
}
Event: 39.703 GC heap before
{Heap before GC invocations=13 (full 0):
 PSYoungGen      total 681472K, used 666496K [0x0000000795580000, 0x00000007c0000000, 0x00000007c0000000)
  eden space 665088K, 100% used [0x0000000795580000,0x00000007bdf00000,0x00000007bdf00000)
  from space 16384K, 8% used [0x00000007bf000000,0x00000007bf160000,0x00000007c0000000)
  to   space 16896K, 0% used [0x00000007bdf00000,0x00000007bdf00000,0x00000007bef80000)
 ParOldGen       total 87552K, used 37853K [0x0000000740000000, 0x0000000745580000, 0x0000000795580000)
  object space 87552K, 43% used [0x0000000740000000,0x00000007424f7678,0x0000000745580000)
 Metaspace       used 15273K, capacity 15524K, committed 15744K, reserved 1062912K
  class space    used 1977K, capacity 2064K, committed 2176K, reserved 1048576K
Event: 39.757 GC heap after
Heap after GC invocations=13 (full 0):
 PSYoungGen      total 672256K, used 7040K [0x0000000795580000, 0x00000007bfe80000, 0x00000007c0000000)
  eden space 665088K, 0% used [0x0000000795580000,0x0000000795580000,0x00000007bdf00000)
  from space 7168K, 98% used [0x00000007bdf00000,0x00000007be5e0010,0x00000007be600000)
  to   space 15872K, 0% used [0x00000007bef00000,0x00000007bef00000,0x00000007bfe80000)
 ParOldGen       total 87552K, used 37921K [0x0000000740000000, 0x0000000745580000, 0x0000000795580000)
  object space 87552K, 43% used [0x0000000740000000,0x0000000742508688,0x0000000745580000)
 Metaspace       used 15273K, capacity 15524K, committed 15744K, reserved 1062912K
  class space    used 1977K, capacity 2064K, committed 2176K, reserved 1048576K
}

Deoptimization events (10 events):
Event: 42.449 Thread 0x00007ff92c002000 Uncommon trap: reason=class_check action=maybe_recompile pc=0x00000001143e8184 method=java.util.AbstractCollection.isEmpty()Z @ 1
Event: 42.453 Thread 0x00007ff92c002000 Uncommon trap: reason=class_check action=maybe_recompile pc=0x000000011406cad4 method=java.io.DataInputStream.readInt()I @ 4
Event: 42.454 Thread 0x00007ff92c002000 Uncommon trap: reason=class_check action=maybe_recompile pc=0x000000011406cad4 method=java.io.DataInputStream.readInt()I @ 4
Event: 42.454 Thread 0x00007ff92c002000 Uncommon trap: reason=class_check action=maybe_recompile pc=0x000000011406cad4 method=java.io.DataInputStream.readInt()I @ 4
Event: 42.454 Thread 0x00007ff92c002000 Uncommon trap: reason=class_check action=maybe_recompile pc=0x000000011406cad4 method=java.io.DataInputStream.readInt()I @ 4
Event: 42.456 Thread 0x00007ff92c002000 Uncommon trap: reason=class_check action=maybe_recompile pc=0x00000001143e8184 method=java.util.AbstractCollection.isEmpty()Z @ 1
Event: 42.769 Thread 0x00007ff92c002000 Uncommon trap: reason=class_check action=maybe_recompile pc=0x00000001146354b0 method=java.util.concurrent.ConcurrentHashMap.putVal(Ljava/lang/Object;Ljava/lang/Object;Z)Ljava/lang/Object; @ 192
Event: 42.769 Thread 0x00007ff92c002000 Uncommon trap: reason=class_check action=maybe_recompile pc=0x00000001146354b0 method=java.util.concurrent.ConcurrentHashMap.putVal(Ljava/lang/Object;Ljava/lang/Object;Z)Ljava/lang/Object; @ 192
Event: 42.770 Thread 0x00007ff92c002000 Uncommon trap: reason=class_check action=maybe_recompile pc=0x00000001146354b0 method=java.util.concurrent.ConcurrentHashMap.putVal(Ljava/lang/Object;Ljava/lang/Object;Z)Ljava/lang/Object; @ 192
Event: 42.770 Thread 0x00007ff92c002000 Uncommon trap: reason=class_check action=maybe_recompile pc=0x00000001146354b0 method=java.util.concurrent.ConcurrentHashMap.putVal(Ljava/lang/Object;Ljava/lang/Object;Z)Ljava/lang/Object; @ 192

Classes redefined (0 events):
No events

Internal exceptions (10 events):
Event: 42.763 Thread 0x00007ff92c002000 Exception <a 'java/lang/ArrayIndexOutOfBoundsException': 18> (0x00000007a45d10c0) thrown at [/Users/java_re/workspace/8-2-build-macosx-x86_64/jdk8u161/10277/hotspot/src/share/vm/interpreter/interpreterRuntime.cpp, line 366]
Event: 42.764 Thread 0x00007ff92c002000 Exception <a 'java/lang/ArrayIndexOutOfBoundsException'> (0x00000007a45d2b88) thrown at [/Users/java_re/workspace/8-2-build-macosx-x86_64/jdk8u161/10277/hotspot/src/share/vm/runtime/sharedRuntime.cpp, line 605]
Event: 42.766 Thread 0x00007ff92c002000 Exception <a 'java/lang/ArrayIndexOutOfBoundsException'> (0x00000007a45d41b0) thrown at [/Users/java_re/workspace/8-2-build-macosx-x86_64/jdk8u161/10277/hotspot/src/share/vm/runtime/sharedRuntime.cpp, line 605]
Event: 42.767 Thread 0x00007ff92c002000 Exception <a 'java/lang/ArrayIndexOutOfBoundsException'> (0x00000007a45d90d0) thrown at [/Users/java_re/workspace/8-2-build-macosx-x86_64/jdk8u161/10277/hotspot/src/share/vm/runtime/sharedRuntime.cpp, line 605]
Event: 42.767 Thread 0x00007ff92c002000 Exception <a 'java/lang/ArrayIndexOutOfBoundsException'> (0x00000007a45d9b50) thrown at [/Users/java_re/workspace/8-2-build-macosx-x86_64/jdk8u161/10277/hotspot/src/share/vm/runtime/sharedRuntime.cpp, line 605]
Event: 42.767 Thread 0x00007ff92c002000 Exception <a 'java/lang/ArrayIndexOutOfBoundsException'> (0x00000007a45da9d0) thrown at [/Users/java_re/workspace/8-2-build-macosx-x86_64/jdk8u161/10277/hotspot/src/share/vm/runtime/sharedRuntime.cpp, line 605]
Event: 42.767 Thread 0x00007ff92c002000 Exception <a 'java/lang/ArrayIndexOutOfBoundsException'> (0x00000007a45db818) thrown at [/Users/java_re/workspace/8-2-build-macosx-x86_64/jdk8u161/10277/hotspot/src/share/vm/runtime/sharedRuntime.cpp, line 605]
Event: 42.767 Thread 0x00007ff92c002000 Exception <a 'java/lang/ArrayIndexOutOfBoundsException'> (0x00000007a45dd370) thrown at [/Users/java_re/workspace/8-2-build-macosx-x86_64/jdk8u161/10277/hotspot/src/share/vm/runtime/sharedRuntime.cpp, line 605]
Event: 42.767 Thread 0x00007ff92c002000 Exception <a 'java/lang/ArrayIndexOutOfBoundsException'> (0x00000007a45de880) thrown at [/Users/java_re/workspace/8-2-build-macosx-x86_64/jdk8u161/10277/hotspot/src/share/vm/runtime/sharedRuntime.cpp, line 605]
Event: 42.768 Thread 0x00007ff92c002000 Exception <a 'java/lang/ArrayIndexOutOfBoundsException'> (0x00000007a45e2e10) thrown at [/Users/java_re/workspace/8-2-build-macosx-x86_64/jdk8u161/10277/hotspot/src/share/vm/runtime/sharedRuntime.cpp, line 605]

Events (10 events):
Event: 42.996 loading class java/util/IdentityHashMap$KeySet
Event: 42.996 loading class java/util/IdentityHashMap$KeySet done
Event: 42.996 loading class java/util/IdentityHashMap$KeyIterator
Event: 42.996 loading class java/util/IdentityHashMap$IdentityHashMapIterator
Event: 42.996 loading class java/util/IdentityHashMap$IdentityHashMapIterator done
Event: 42.996 loading class java/util/IdentityHashMap$KeyIterator done
Event: 42.997 Thread 0x00007ff92d1be800 Thread added: 0x00007ff92d1be800
Event: 42.998 Thread 0x00007ff92d1be800 Thread exited: 0x00007ff92d1be800
Event: 43.000 Thread 0x00007ff92b81a800 Thread exited: 0x00007ff92b81a800
Event: 43.001 Thread 0x00007ff92d11c800 Thread exited: 0x00007ff92d11c800


Dynamic libraries:
0x000000000551f000 	/System/Library/Frameworks/Cocoa.framework/Versions/A/Cocoa
0x000000000551f000 	/System/Library/Frameworks/Security.framework/Versions/A/Security
0x000000000551f000 	/System/Library/Frameworks/ApplicationServices.framework/Versions/A/ApplicationServices
0x000000000551f000 	/usr/lib/libz.1.dylib
0x000000000551f000 	/usr/lib/libSystem.B.dylib
0x000000000551f000 	/usr/lib/libobjc.A.dylib
0x000000000551f000 	/System/Library/Frameworks/CoreFoundation.framework/Versions/A/CoreFoundation
0x000000000551f000 	/System/Library/Frameworks/Foundation.framework/Versions/C/Foundation
0x000000000551f000 	/System/Library/Frameworks/AppKit.framework/Versions/C/AppKit
0x000000000551f000 	/System/Library/Frameworks/CoreData.framework/Versions/A/CoreData
0x000000000551f000 	/System/Library/PrivateFrameworks/RemoteViewServices.framework/Versions/A/RemoteViewServices
0x000000000551f000 	/System/Library/PrivateFrameworks/UIFoundation.framework/Versions/A/UIFoundation
0x000000000551f000 	/System/Library/PrivateFrameworks/DFRFoundation.framework/Versions/A/DFRFoundation
0x000000000551f000 	/usr/lib/libenergytrace.dylib
0x000000000551f000 	/System/Library/PrivateFrameworks/SkyLight.framework/Versions/A/SkyLight
0x000000000551f000 	/System/Library/Frameworks/CoreGraphics.framework/Versions/A/CoreGraphics
0x000000000551f000 	/usr/lib/libScreenReader.dylib
0x000000000551f000 	/System/Library/Frameworks/Accelerate.framework/Versions/A/Accelerate
0x000000000551f000 	/System/Library/Frameworks/IOSurface.framework/Versions/A/IOSurface
0x000000000551f000 	/System/Library/Frameworks/AudioToolbox.framework/Versions/A/AudioToolbox
0x000000000551f000 	/System/Library/Frameworks/AudioUnit.framework/Versions/A/AudioUnit
0x000000000551f000 	/System/Library/PrivateFrameworks/DataDetectorsCore.framework/Versions/A/DataDetectorsCore
0x000000000551f000 	/System/Library/PrivateFrameworks/DesktopServicesPriv.framework/Versions/A/DesktopServicesPriv
0x000000000551f000 	/System/Library/Frameworks/Carbon.framework/Versions/A/Frameworks/HIToolbox.framework/Versions/A/HIToolbox
0x000000000551f000 	/usr/lib/libicucore.A.dylib
0x000000000551f000 	/System/Library/Frameworks/QuartzCore.framework/Versions/A/QuartzCore
0x000000000551f000 	/System/Library/Frameworks/Carbon.framework/Versions/A/Frameworks/SpeechRecognition.framework/Versions/A/SpeechRecognition
0x000000000551f000 	/usr/lib/libauto.dylib
0x000000000551f000 	/usr/lib/libxml2.2.dylib
0x000000000551f000 	/System/Library/PrivateFrameworks/CoreUI.framework/Versions/A/CoreUI
0x000000000551f000 	/System/Library/Frameworks/CoreAudio.framework/Versions/A/CoreAudio
0x000000000551f000 	/System/Library/Frameworks/DiskArbitration.framework/Versions/A/DiskArbitration
0x000000000551f000 	/usr/lib/liblangid.dylib
0x000000000551f000 	/System/Library/PrivateFrameworks/MultitouchSupport.framework/Versions/A/MultitouchSupport
0x000000000551f000 	/System/Library/Frameworks/IOKit.framework/Versions/A/IOKit
0x000000000551f000 	/usr/lib/libDiagnosticMessagesClient.dylib
0x000000000551f000 	/System/Library/Frameworks/CoreServices.framework/Versions/A/CoreServices
0x000000000551f000 	/System/Library/PrivateFrameworks/PerformanceAnalysis.framework/Versions/A/PerformanceAnalysis
0x000000000551f000 	/System/Library/PrivateFrameworks/GenerationalStorage.framework/Versions/A/GenerationalStorage
0x000000000551f000 	/System/Library/Frameworks/OpenGL.framework/Versions/A/OpenGL
0x000000000551f000 	/System/Library/Frameworks/CoreImage.framework/Versions/A/CoreImage
0x000000000551f000 	/System/Library/Frameworks/CoreText.framework/Versions/A/CoreText
0x000000000551f000 	/System/Library/Frameworks/ImageIO.framework/Versions/A/ImageIO
0x000000000551f000 	/System/Library/PrivateFrameworks/Backup.framework/Versions/A/Backup
0x000000000551f000 	/usr/lib/libarchive.2.dylib
0x000000000551f000 	/System/Library/Frameworks/CFNetwork.framework/Versions/A/CFNetwork
0x000000000551f000 	/System/Library/Frameworks/SystemConfiguration.framework/Versions/A/SystemConfiguration
0x000000000551f000 	/usr/lib/libCRFSuite.dylib
0x000000000551f000 	/usr/lib/libc++.1.dylib
0x000000000551f000 	/usr/lib/libc++abi.dylib
0x000000000551f000 	/usr/lib/system/libcache.dylib
0x000000000551f000 	/usr/lib/system/libcommonCrypto.dylib
0x000000000551f000 	/usr/lib/system/libcompiler_rt.dylib
0x000000000551f000 	/usr/lib/system/libcopyfile.dylib
0x000000000551f000 	/usr/lib/system/libcorecrypto.dylib
0x000000000551f000 	/usr/lib/system/libdispatch.dylib
0x000000000551f000 	/usr/lib/system/libdyld.dylib
0x000000000551f000 	/usr/lib/system/libkeymgr.dylib
0x000000000551f000 	/usr/lib/system/liblaunch.dylib
0x000000000551f000 	/usr/lib/system/libmacho.dylib
0x000000000551f000 	/usr/lib/system/libquarantine.dylib
0x000000000551f000 	/usr/lib/system/libremovefile.dylib
0x000000000551f000 	/usr/lib/system/libsystem_asl.dylib
0x000000000551f000 	/usr/lib/system/libsystem_blocks.dylib
0x000000000551f000 	/usr/lib/system/libsystem_c.dylib
0x000000000551f000 	/usr/lib/system/libsystem_configuration.dylib
0x000000000551f000 	/usr/lib/system/libsystem_coreservices.dylib
0x000000000551f000 	/usr/lib/system/libsystem_coretls.dylib
0x000000000551f000 	/usr/lib/system/libsystem_dnssd.dylib
0x000000000551f000 	/usr/lib/system/libsystem_info.dylib
0x000000000551f000 	/usr/lib/system/libsystem_kernel.dylib
0x000000000551f000 	/usr/lib/system/libsystem_m.dylib
0x000000000551f000 	/usr/lib/system/libsystem_malloc.dylib
0x000000000551f000 	/usr/lib/system/libsystem_network.dylib
0x000000000551f000 	/usr/lib/system/libsystem_networkextension.dylib
0x000000000551f000 	/usr/lib/system/libsystem_notify.dylib
0x000000000551f000 	/usr/lib/system/libsystem_platform.dylib
0x000000000551f000 	/usr/lib/system/libsystem_pthread.dylib
0x000000000551f000 	/usr/lib/system/libsystem_sandbox.dylib
0x000000000551f000 	/usr/lib/system/libsystem_secinit.dylib
0x000000000551f000 	/usr/lib/system/libsystem_symptoms.dylib
0x000000000551f000 	/usr/lib/system/libsystem_trace.dylib
0x000000000551f000 	/usr/lib/system/libunwind.dylib
0x000000000551f000 	/usr/lib/system/libxpc.dylib
0x000000000551f000 	/usr/lib/libbsm.0.dylib
0x000000000551f000 	/usr/lib/system/libkxld.dylib
0x000000000551f000 	/usr/lib/libcoretls.dylib
0x000000000551f000 	/usr/lib/libcoretls_cfhelpers.dylib
0x000000000551f000 	/usr/lib/libOpenScriptingUtil.dylib
0x000000000551f000 	/usr/lib/libpam.2.dylib
0x000000000551f000 	/usr/lib/libsqlite3.dylib
0x000000000551f000 	/usr/lib/libxar.1.dylib
0x000000000551f000 	/usr/lib/libbz2.1.0.dylib
0x000000000551f000 	/usr/lib/liblzma.5.dylib
0x000000000551f000 	/usr/lib/libnetwork.dylib
0x000000000551f000 	/usr/lib/libpcap.A.dylib
0x000000000551f000 	/System/Library/Frameworks/CoreServices.framework/Versions/A/Frameworks/FSEvents.framework/Versions/A/FSEvents
0x000000000551f000 	/System/Library/Frameworks/CoreServices.framework/Versions/A/Frameworks/CarbonCore.framework/Versions/A/CarbonCore
0x000000000551f000 	/System/Library/Frameworks/CoreServices.framework/Versions/A/Frameworks/Metadata.framework/Versions/A/Metadata
0x000000000551f000 	/System/Library/Frameworks/CoreServices.framework/Versions/A/Frameworks/OSServices.framework/Versions/A/OSServices
0x000000000551f000 	/System/Library/Frameworks/CoreServices.framework/Versions/A/Frameworks/SearchKit.framework/Versions/A/SearchKit
0x000000000551f000 	/System/Library/Frameworks/CoreServices.framework/Versions/A/Frameworks/AE.framework/Versions/A/AE
0x000000000551f000 	/System/Library/Frameworks/CoreServices.framework/Versions/A/Frameworks/LaunchServices.framework/Versions/A/LaunchServices
0x000000000551f000 	/System/Library/Frameworks/CoreServices.framework/Versions/A/Frameworks/DictionaryServices.framework/Versions/A/DictionaryServices
0x000000000551f000 	/System/Library/Frameworks/CoreServices.framework/Versions/A/Frameworks/SharedFileList.framework/Versions/A/SharedFileList
0x000000000551f000 	/System/Library/Frameworks/NetFS.framework/Versions/A/NetFS
0x000000000551f000 	/System/Library/PrivateFrameworks/NetAuth.framework/Versions/A/NetAuth
0x000000000551f000 	/System/Library/PrivateFrameworks/login.framework/Versions/A/Frameworks/loginsupport.framework/Versions/A/loginsupport
0x000000000551f000 	/System/Library/PrivateFrameworks/TCC.framework/Versions/A/TCC
0x000000000551f000 	/usr/lib/libmecabra.dylib
0x000000000551f000 	/System/Library/Frameworks/ApplicationServices.framework/Versions/A/Frameworks/ATS.framework/Versions/A/ATS
0x000000000551f000 	/System/Library/Frameworks/ApplicationServices.framework/Versions/A/Frameworks/ColorSync.framework/Versions/A/ColorSync
0x000000000551f000 	/System/Library/Frameworks/ApplicationServices.framework/Versions/A/Frameworks/HIServices.framework/Versions/A/HIServices
0x000000000551f000 	/System/Library/Frameworks/ApplicationServices.framework/Versions/A/Frameworks/LangAnalysis.framework/Versions/A/LangAnalysis
0x000000000551f000 	/System/Library/Frameworks/ApplicationServices.framework/Versions/A/Frameworks/PrintCore.framework/Versions/A/PrintCore
0x000000000551f000 	/System/Library/Frameworks/ApplicationServices.framework/Versions/A/Frameworks/QD.framework/Versions/A/QD
0x000000000551f000 	/System/Library/Frameworks/ApplicationServices.framework/Versions/A/Frameworks/SpeechSynthesis.framework/Versions/A/SpeechSynthesis
0x000000000551f000 	/System/Library/Frameworks/Accelerate.framework/Versions/A/Frameworks/vImage.framework/Versions/A/vImage
0x000000000551f000 	/System/Library/Frameworks/Accelerate.framework/Versions/A/Frameworks/vecLib.framework/Versions/A/vecLib
0x000000000551f000 	/System/Library/Frameworks/Accelerate.framework/Versions/A/Frameworks/vecLib.framework/Versions/A/libvDSP.dylib
0x000000000551f000 	/System/Library/Frameworks/Accelerate.framework/Versions/A/Frameworks/vecLib.framework/Versions/A/libBNNS.dylib
0x000000000551f000 	/System/Library/Frameworks/Accelerate.framework/Versions/A/Frameworks/vecLib.framework/Versions/A/libQuadrature.dylib
0x000000000551f000 	/System/Library/Frameworks/Accelerate.framework/Versions/A/Frameworks/vecLib.framework/Versions/A/libvMisc.dylib
0x000000000551f000 	/System/Library/Frameworks/Accelerate.framework/Versions/A/Frameworks/vecLib.framework/Versions/A/libLAPACK.dylib
0x000000000551f000 	/System/Library/Frameworks/Accelerate.framework/Versions/A/Frameworks/vecLib.framework/Versions/A/libBLAS.dylib
0x000000000551f000 	/System/Library/Frameworks/Accelerate.framework/Versions/A/Frameworks/vecLib.framework/Versions/A/libLinearAlgebra.dylib
0x000000000551f000 	/System/Library/Frameworks/Accelerate.framework/Versions/A/Frameworks/vecLib.framework/Versions/A/libSparseBLAS.dylib
0x000000000551f000 	/System/Library/Frameworks/ApplicationServices.framework/Versions/A/Frameworks/ATS.framework/Versions/A/Resources/libFontParser.dylib
0x000000000551f000 	/System/Library/Frameworks/ApplicationServices.framework/Versions/A/Frameworks/ATS.framework/Versions/A/Resources/libFontRegistry.dylib
0x000000000551f000 	/System/Library/Frameworks/ImageIO.framework/Versions/A/Resources/libJPEG.dylib
0x000000000551f000 	/System/Library/Frameworks/ImageIO.framework/Versions/A/Resources/libTIFF.dylib
0x000000000551f000 	/System/Library/Frameworks/ImageIO.framework/Versions/A/Resources/libPng.dylib
0x000000000551f000 	/System/Library/Frameworks/ImageIO.framework/Versions/A/Resources/libGIF.dylib
0x000000000551f000 	/System/Library/Frameworks/ImageIO.framework/Versions/A/Resources/libJP2.dylib
0x000000000551f000 	/System/Library/Frameworks/ImageIO.framework/Versions/A/Resources/libRadiance.dylib
0x000000000551f000 	/usr/lib/libcompression.dylib
0x000000000551f000 	/System/Library/PrivateFrameworks/AppleJPEG.framework/Versions/A/AppleJPEG
0x000000000551f000 	/usr/lib/libcups.2.dylib
0x000000000551f000 	/System/Library/Frameworks/Kerberos.framework/Versions/A/Kerberos
0x000000000551f000 	/System/Library/Frameworks/GSS.framework/Versions/A/GSS
0x000000000551f000 	/usr/lib/libresolv.9.dylib
0x000000000551f000 	/usr/lib/libiconv.2.dylib
0x000000000551f000 	/System/Library/PrivateFrameworks/Heimdal.framework/Versions/A/Heimdal
0x000000000551f000 	/usr/lib/libheimdal-asn1.dylib
0x000000000551f000 	/System/Library/Frameworks/OpenDirectory.framework/Versions/A/OpenDirectory
0x000000000551f000 	/System/Library/PrivateFrameworks/CommonAuth.framework/Versions/A/CommonAuth
0x000000000551f000 	/System/Library/Frameworks/OpenDirectory.framework/Versions/A/Frameworks/CFOpenDirectory.framework/Versions/A/CFOpenDirectory
0x000000000551f000 	/System/Library/Frameworks/SecurityFoundation.framework/Versions/A/SecurityFoundation
0x000000000551f000 	/System/Library/PrivateFrameworks/LanguageModeling.framework/Versions/A/LanguageModeling
0x000000000551f000 	/usr/lib/libmarisa.dylib
0x000000000551f000 	/usr/lib/libChineseTokenizer.dylib
0x000000000551f000 	/usr/lib/libcmph.dylib
0x000000000551f000 	/System/Library/PrivateFrameworks/CoreEmoji.framework/Versions/A/CoreEmoji
0x000000000551f000 	/System/Library/Frameworks/ServiceManagement.framework/Versions/A/ServiceManagement
0x000000000551f000 	/usr/lib/libxslt.1.dylib
0x000000000551f000 	/System/Library/Frameworks/Carbon.framework/Versions/A/Frameworks/Ink.framework/Versions/A/Ink
0x000000000551f000 	/System/Library/PrivateFrameworks/TextureIO.framework/Versions/A/TextureIO
0x000000000551f000 	/System/Library/Frameworks/Metal.framework/Versions/A/Metal
0x000000000551f000 	/usr/lib/libate.dylib
0x000000000551f000 	/System/Library/PrivateFrameworks/GPUCompiler.framework/libmetal_timestamp.dylib
0x000000000551f000 	/System/Library/Frameworks/OpenGL.framework/Versions/A/Libraries/libCoreFSCache.dylib
0x000000000551f000 	/System/Library/PrivateFrameworks/IOAccelerator.framework/Versions/A/IOAccelerator
0x000000000551f000 	/System/Library/Frameworks/CoreVideo.framework/Versions/A/CoreVideo
0x000000000551f000 	/usr/lib/libFosl_dynamic.dylib
0x000000000551f000 	/System/Library/PrivateFrameworks/MetalPerformanceShaders.framework/Versions/A/MetalPerformanceShaders
0x000000000551f000 	/System/Library/PrivateFrameworks/FaceCore.framework/Versions/A/FaceCore
0x000000000551f000 	/System/Library/Frameworks/OpenCL.framework/Versions/A/OpenCL
0x000000000551f000 	/System/Library/Frameworks/OpenGL.framework/Versions/A/Libraries/libGLU.dylib
0x000000000551f000 	/System/Library/Frameworks/OpenGL.framework/Versions/A/Libraries/libGFXShared.dylib
0x000000000551f000 	/System/Library/Frameworks/OpenGL.framework/Versions/A/Libraries/libGL.dylib
0x000000000551f000 	/System/Library/Frameworks/OpenGL.framework/Versions/A/Libraries/libGLImage.dylib
0x000000000551f000 	/System/Library/Frameworks/OpenGL.framework/Versions/A/Libraries/libCVMSPluginSupport.dylib
0x000000000551f000 	/System/Library/Frameworks/OpenGL.framework/Versions/A/Libraries/libCoreVMClient.dylib
0x000000000551f000 	/System/Library/PrivateFrameworks/CrashReporterSupport.framework/Versions/A/CrashReporterSupport
0x000000000551f000 	/System/Library/PrivateFrameworks/Sharing.framework/Versions/A/Sharing
0x000000000551f000 	/System/Library/PrivateFrameworks/IconServices.framework/Versions/A/IconServices
0x000000000551f000 	/System/Library/PrivateFrameworks/ProtocolBuffer.framework/Versions/A/ProtocolBuffer
0x000000000551f000 	/System/Library/PrivateFrameworks/Apple80211.framework/Versions/A/Apple80211
0x000000000551f000 	/System/Library/Frameworks/CoreWLAN.framework/Versions/A/CoreWLAN
0x000000000551f000 	/System/Library/PrivateFrameworks/CoreUtils.framework/Versions/A/CoreUtils
0x000000000551f000 	/System/Library/Frameworks/IOBluetooth.framework/Versions/A/IOBluetooth
0x000000000551f000 	/System/Library/PrivateFrameworks/CoreWiFi.framework/Versions/A/CoreWiFi
0x000000000551f000 	/System/Library/Frameworks/CoreBluetooth.framework/Versions/A/CoreBluetooth
0x000000000551f000 	/System/Library/Frameworks/CoreDisplay.framework/Versions/A/CoreDisplay
0x000000000551f000 	/System/Library/PrivateFrameworks/IOPresentment.framework/Versions/A/IOPresentment
0x000000000551f000 	/System/Library/PrivateFrameworks/DSExternalDisplay.framework/Versions/A/DSExternalDisplay
0x000000000551f000 	/System/Library/PrivateFrameworks/DebugSymbols.framework/Versions/A/DebugSymbols
0x000000000551f000 	/System/Library/PrivateFrameworks/CoreSymbolication.framework/Versions/A/CoreSymbolication
0x000000000551f000 	/System/Library/PrivateFrameworks/Symbolication.framework/Versions/A/Symbolication
0x000000000551f000 	/System/Library/PrivateFrameworks/AppleFSCompression.framework/Versions/A/AppleFSCompression
0x000000000551f000 	/System/Library/PrivateFrameworks/SpeechRecognitionCore.framework/Versions/A/SpeechRecognitionCore
0x000000000551f000 	/System/Library/PrivateFrameworks/ChunkingLibrary.framework/Versions/A/ChunkingLibrary
0x0000000104a00000 	/Library/Java/JavaVirtualMachines/jdk1.8.0_161.jdk/Contents/Home/jre/lib/server/libjvm.dylib
0x000000000551f000 	/usr/lib/libstdc++.6.dylib
0x00000001044e5000 	/Library/Java/JavaVirtualMachines/jdk1.8.0_161.jdk/Contents/Home/jre/lib/libverify.dylib
0x00000001044f3000 	/Library/Java/JavaVirtualMachines/jdk1.8.0_161.jdk/Contents/Home/jre/lib/libjava.dylib
0x0000000104533000 	/Library/Java/JavaVirtualMachines/jdk1.8.0_161.jdk/Contents/Home/jre/lib/libzip.dylib
0x000000010d5d1000 	/Library/Java/JavaVirtualMachines/jdk1.8.0_161.jdk/Contents/Home/jre/lib/libnio.dylib
0x000000010d5e1000 	/Library/Java/JavaVirtualMachines/jdk1.8.0_161.jdk/Contents/Home/jre/lib/./libnet.dylib

VM Arguments:
java_command: /Users/mohammadomar/Desktop/node-js-getting-started/ont.jar /Users/mohammadomar/Desktop/node-js-getting-started/ontologies/ww.owl /Users/mohammadomar/Desktop/node-js-getting-started/questions/ jh.json
java_class_path (initial): /Users/mohammadomar/Desktop/node-js-getting-started/ont.jar
Launcher Type: SUN_STANDARD

Environment Variables:
PATH=/Users/mohammadomar/.npm-packages/lib/node_modules/npm/bin/node-gyp-bin:/Users/mohammadomar/Desktop/node-js-getting-started/node_modules/.bin:/Users/mohammadomar/.npm-packages/bin:/usr/local/bin:/usr/bin:/bin:/usr/sbin:/sbin:/Users/mohammadomar/.npm-packages/bin
SHELL=/bin/bash

Signal Handlers:
SIGSEGV: [libjvm.dylib+0x5b5439], sa_mask[0]=11111111011111110111111111111111, sa_flags=SA_ONSTACK|SA_RESTART|SA_SIGINFO
SIGBUS: [libjvm.dylib+0x5b5439], sa_mask[0]=11111111011111110111111111111111, sa_flags=SA_RESTART|SA_SIGINFO
SIGFPE: [libjvm.dylib+0x48ae24], sa_mask[0]=11111111011111110111111111111111, sa_flags=SA_RESTART|SA_SIGINFO
SIGPIPE: [libjvm.dylib+0x48ae24], sa_mask[0]=11111111011111110111111111111111, sa_flags=SA_RESTART|SA_SIGINFO
SIGXFSZ: [libjvm.dylib+0x48ae24], sa_mask[0]=11111111011111110111111111111111, sa_flags=SA_RESTART|SA_SIGINFO
SIGILL: [libjvm.dylib+0x48ae24], sa_mask[0]=11111111011111110111111111111111, sa_flags=SA_RESTART|SA_SIGINFO
SIGUSR1: SIG_DFL, sa_mask[0]=11111111011111110111111111111111, sa_flags=none
SIGUSR2: [libjvm.dylib+0x48a942], sa_mask[0]=00000000000000000000000000000000, sa_flags=SA_RESTART|SA_SIGINFO
SIGHUP: [libjvm.dylib+0x488f0d], sa_mask[0]=11111111011111110111111111111111, sa_flags=SA_RESTART|SA_SIGINFO
SIGINT: [libjvm.dylib+0x488f0d], sa_mask[0]=11111111011111110111111111111111, sa_flags=SA_RESTART|SA_SIGINFO
SIGTERM: [libjvm.dylib+0x488f0d], sa_mask[0]=11111111011111110111111111111111, sa_flags=SA_RESTART|SA_SIGINFO
SIGQUIT: [libjvm.dylib+0x488f0d], sa_mask[0]=11111111011111110111111111111111, sa_flags=SA_RESTART|SA_SIGINFO


---------------  S Y S T E M  ---------------

OS:Bsduname:Darwin 16.7.0 Darwin Kernel Version 16.7.0: Thu Jan 11 22:59:40 PST 2018; root:xnu-3789.73.8~1/RELEASE_X86_64 x86_64
rlimit: STACK 8192k, CORE 0k, NPROC 709, NOFILE 10240, AS infinity
load average:7.86 4.53 4.64

CPU:total 2 (initial active 2) (2 cores per cpu, 1 threads per core) family 6 model 23 stepping 10, cmov, cx8, fxsr, mmx, sse, sse2, sse3, ssse3, sse4.1, tsc

Memory: 4k page, physical 8388608k(16572k free)

/proc/meminfo:


vm_info: Java HotSpot(TM) 64-Bit Server VM (25.161-b12) for bsd-amd64 JRE (1.8.0_161-b12), built on Dec 19 2017 16:22:20 by "java_re" with gcc 4.2.1 (Based on Apple Inc. build 5658) (LLVM build 2336.11.00)

time: Tue Apr 24 11:44:05 2018
elapsed time: 43 seconds (0d 0h 0m 43s)

