#
# A fatal error has been detected by the Java Runtime Environment:
#
#  SIGSEGV (0xb) at pc=0x000000010448a970, pid=11743, tid=0x0000000000000307
#
# JRE version: Java(TM) SE Runtime Environment (8.0_161-b12) (build 1.8.0_161-b12)
# Java VM: Java HotSpot(TM) 64-Bit Server VM (25.161-b12 mixed mode bsd-amd64 compressed oops)
# Problematic frame:
# V  [libjvm.dylib+0x48a970]
#
# Failed to write core dump. Core dumps have been disabled. To enable core dumping, try "ulimit -c unlimited" before starting Java again
#
# If you would like to submit a bug report, please visit:
#   http://bugreport.java.com/bugreport/crash.jsp
#

---------------  T H R E A D  ---------------

Current thread is native thread

siginfo: si_signo: 11 (SIGSEGV), si_code: 1 (SEGV_MAPERR), si_addr: 0x0000000000000128

Registers:
RAX=0x0000000000000000, RBX=0x00007fff5c5dfd30, RCX=0x00007fffcf9d9408, RDX=0x00007fff5c5dfd30
RSP=0x00007fff5c5df860, RBP=0x00007fff5c5df890, RSI=0x00007fff5c5dfcc8, RDI=0x0000000000000103
R8 =0x00007fff5c5dfd30, R9 =0x00000000ffffffff, R10=0x0000000000000c00, R11=0x0000000000000206
R12=0x0000000000000c00, R13=0x0000000000000000, R14=0x00007fff5c5dfcc8, R15=0x0000000000000002
RIP=0x000000010448a970, EFLAGS=0x0000000000010202, ERR=0x0000000000000004
  TRAPNO=0x000000000000000e

Top of Stack: (sp=0x00007fff5c5df860)
0x00007fff5c5df860:   0000000000000000 00007fff5c5dfd30
0x00007fff5c5df870:   0000000000000c00 0000000000000000
0x00007fff5c5df880:   00007fff5c5dff60 0000000000000d03
0x00007fff5c5df890:   00007fff5c5df8a0 00007fffc6c70b3a
0x00007fff5c5df8a0:   00007fff5c5dfe30 0000000000019e00
0x00007fff5c5df8b0:   00019f00cc305978 00007fffcf86f2d0
0x00007fff5c5df8c0:   0100001f00000085 00007fffcf9abb18
0x00007fff5c5df8d0:   0000000010004005 00000000ffffffff
0x00007fff5c5df8e0:   00007fff5c5dfde8 0000000000000000
0x00007fff5c5df8f0:   00007fff5c5dff60 0000000007000806
0x00007fff5c5df900:   00007fff5c5dfe30 00007fff5c5dfde8
0x00007fff5c5df910:   0000000000000d03 00000000ffffffff
0x00007fff5c5df920:   0000000000000c00 0000000000000206
0x00007fff5c5df930:   0000000000000c00 0000000000000000
0x00007fff5c5df940:   00007fff5c5dff60 0000000000000d03
0x00007fff5c5df950:   00007fffc6b8834a 0000000000000206
0x00007fff5c5df960:   0000000000000007 0000000000000000
0x00007fff5c5df970:   0000000000000000 0000000000000000
0x00007fff5c5df980:   000000000000037f 0000000000000000
0x00007fff5c5df990:   0000000000000000 0000ffff00001fa0
0x00007fff5c5df9a0:   0000000000000000 000000000000ffff
0x00007fff5c5df9b0:   0000000000000000 0000000000000000
0x00007fff5c5df9c0:   0000000000000000 0000000000000000
0x00007fff5c5df9d0:   00cf93000000ffff 000000000000ffff
0x00007fff5c5df9e0:   ea600009d4951800 0000000000004008
0x00007fff5c5df9f0:   aa0c80069ad42800 000000000000400d
0x00007fff5c5dfa00:   995200044d013a80 000000000000400d
0x00007fff5c5dfa10:   8801100000024800 000000000000c033
0x00007fff5c5dfa20:   41c0506cd96325dd 0000000000000000
0x00007fff5c5dfa30:   41c0506cd9000000 0000000000000000
0x00007fff5c5dfa40:   c3de3f7f5aae9c1c 439c080a55163e46
0x00007fff5c5dfa50:   67726f2e65686361 736e6f6d6d6f632f 

Instructions: (pc=0x000000010448a970)
0x000000010448a950:   83 ec 08 48 89 d3 49 89 f6 e8 bc 46 14 00 44 8b
0x000000010448a960:   38 48 8d 05 a8 18 3b 00 48 63 38 e8 8c 49 14 00
0x000000010448a970:   4c 8b a0 28 01 00 00 41 83 7c 24 34 01 0f 85 e2
0x000000010448a980:   00 00 00 49 89 5c 24 40 4d 89 74 24 38 49 8d 5c 

Register to memory mapping:

RAX=0x0000000000000000 is an unknown value
RBX=0x00007fff5c5dfd30 is an unknown value
RCX=0x00007fffcf9d9408: _thread+0x48 in /usr/lib/system/libsystem_pthread.dylib at 0x00007fffc6c77000
RDX=0x00007fff5c5dfd30 is an unknown value
RSP=0x00007fff5c5df860 is an unknown value
RBP=0x00007fff5c5df890 is an unknown value
RSI=0x00007fff5c5dfcc8 is an unknown value
RDI=0x0000000000000103 is an unknown value
R8 =0x00007fff5c5dfd30 is an unknown value
R9 =0x00000000ffffffff is an unknown value
R10=0x0000000000000c00 is an unknown value
R11=0x0000000000000206 is an unknown value
R12=0x0000000000000c00 is an unknown value
R13=0x0000000000000000 is an unknown value
R14=0x00007fff5c5dfcc8 is an unknown value
R15=0x0000000000000002 is an unknown value


Stack: [0x00007fff5bde4000,0x00007fff5c5e4000],  sp=0x00007fff5c5df860,  free space=8174k
Native frames: (J=compiled Java code, j=interpreted, Vv=VM code, C=native code)
V  [libjvm.dylib+0x48a970]
C  [libsystem_platform.dylib+0x2b3a]  _sigtramp+0x1a
C  0x0000000000019e00
C  [CoreFoundation+0x85874]  __CFRunLoopServiceMachPort+0xd4
C  [CoreFoundation+0x84cf1]  __CFRunLoopRun+0x551
C  [CoreFoundation+0x84544]  CFRunLoopRunSpecific+0x1a4
C  [java+0x647a]  CreateExecutionEnvironment+0x367
C  [java+0x212c]  JLI_Launch+0x7a0
C  [java+0x84d7]  main+0x65
C  [java+0x1984]  start+0x34


---------------  P R O C E S S  ---------------

VM state:not at safepoint (normal execution)

VM Mutex/Monitor currently owned by a thread: None

Heap:
 PSYoungGen      total 605184K, used 85238K [0x0000000795580000, 0x00000007bef80000, 0x00000007c0000000)
  eden space 604160K, 13% used [0x0000000795580000,0x000000079a815888,0x00000007ba380000)
  from space 1024K, 65% used [0x00000007bd080000,0x00000007bd128000,0x00000007bd180000)
  to   space 16384K, 0% used [0x00000007bdf80000,0x00000007bdf80000,0x00000007bef80000)
 ParOldGen       total 87552K, used 37549K [0x0000000740000000, 0x0000000745580000, 0x0000000795580000)
  object space 87552K, 42% used [0x0000000740000000,0x00000007424ab4a8,0x0000000745580000)
 Metaspace       used 15327K, capacity 15600K, committed 15744K, reserved 1062912K
  class space    used 1980K, capacity 2066K, committed 2176K, reserved 1048576K

Card table byte_map: [0x000000011436e000,0x000000011476f000] byte_map_base: 0x000000011096e000

Marking Bits: (ParMarkBitMap*) 0x00000001048f76c0
 Begin Bits: [0x000000011476f000, 0x000000011676f000)
 End Bits:   [0x000000011676f000, 0x000000011876f000)

Polling page: 0x000000010370f000

CodeCache: size=245760Kb used=6974Kb max_used=8750Kb free=238785Kb
 bounds [0x0000000104fae000, 0x000000010584e000, 0x0000000113fae000]
 total_blobs=2301 nmethods=1959 adapters=256
 compilation: enabled

Compilation events (10 events):
Event: 67.096 Thread 0x00007f8744010000 2421 %     3       Annotation::AnnotaionQuestion @ 157 (893 bytes)
Event: 67.111 Thread 0x00007f8744010000 nmethod 2421% 0x00000001055bdc50 code [0x00000001055be7c0, 0x00000001055c7f78]
Event: 67.371 Thread 0x00007f8744010000 2422       3       java.nio.CharBuffer::arrayOffset (35 bytes)
Event: 67.371 Thread 0x00007f8744010000 nmethod 2422 0x00000001056bf710 code [0x00000001056bf8a0, 0x00000001056bfbb8]
Event: 68.373 Thread 0x00007f8744010000 2423       3       org.apache.jena.ontology.impl.OntModelImpl::listNamedClasses (15 bytes)
Event: 68.375 Thread 0x00007f8744010000 nmethod 2423 0x00000001056d6d10 code [0x00000001056d6fe0, 0x00000001056d8298]
Event: 68.376 Thread 0x00007f8744010000 2424       3       org.apache.jena.ontology.impl.OWLProfile::getClassDescriptionTypes (25 bytes)
Event: 68.377 Thread 0x00007f8744010000 nmethod 2424 0x0000000105437910 code [0x0000000105437ae0, 0x00000001054383c8]
Event: 68.551 Thread 0x00007f8744010000 2425       1       org.apache.jena.ontology.impl.OWLProfile::COMMENT (4 bytes)
Event: 68.551 Thread 0x00007f8744010000 nmethod 2425 0x0000000105233110 code [0x0000000105233260, 0x0000000105233370]

GC Heap History (10 events):
Event: 44.256 GC heap before
{Heap before GC invocations=11 (full 0):
 PSYoungGen      total 438272K, used 423776K [0x0000000795580000, 0x00000007b1280000, 0x00000007c0000000)
  eden space 422400K, 100% used [0x0000000795580000,0x00000007af200000,0x00000007af200000)
  from space 15872K, 8% used [0x00000007b0200000,0x00000007b0358000,0x00000007b1180000)
  to   space 16384K, 0% used [0x00000007af200000,0x00000007af200000,0x00000007b0200000)
 ParOldGen       total 87552K, used 36717K [0x0000000740000000, 0x0000000745580000, 0x0000000795580000)
  object space 87552K, 41% used [0x0000000740000000,0x00000007423db788,0x0000000745580000)
 Metaspace       used 15243K, capacity 15512K, committed 15744K, reserved 1062912K
  class space    used 1973K, capacity 2062K, committed 2176K, reserved 1048576K
Event: 44.294 GC heap after
Heap after GC invocations=11 (full 0):
 PSYoungGen      total 438784K, used 1376K [0x0000000795580000, 0x00000007c0000000, 0x00000007c0000000)
  eden space 422400K, 0% used [0x0000000795580000,0x0000000795580000,0x00000007af200000)
  from space 16384K, 8% used [0x00000007af200000,0x00000007af358000,0x00000007b0200000)
  to   space 16896K, 0% used [0x00000007bef80000,0x00000007bef80000,0x00000007c0000000)
 ParOldGen       total 87552K, used 36789K [0x0000000740000000, 0x0000000745580000, 0x0000000795580000)
  object space 87552K, 42% used [0x0000000740000000,0x00000007423ed488,0x0000000745580000)
 Metaspace       used 15243K, capacity 15512K, committed 15744K, reserved 1062912K
  class space    used 1973K, capacity 2062K, committed 2176K, reserved 1048576K
}
Event: 47.822 GC heap before
{Heap before GC invocations=12 (full 0):
 PSYoungGen      total 438784K, used 423776K [0x0000000795580000, 0x00000007c0000000, 0x00000007c0000000)
  eden space 422400K, 100% used [0x0000000795580000,0x00000007af200000,0x00000007af200000)
  from space 16384K, 8% used [0x00000007af200000,0x00000007af358000,0x00000007b0200000)
  to   space 16896K, 0% used [0x00000007bef80000,0x00000007bef80000,0x00000007c0000000)
 ParOldGen       total 87552K, used 36789K [0x0000000740000000, 0x0000000745580000, 0x0000000795580000)
  object space 87552K, 42% used [0x0000000740000000,0x00000007423ed488,0x0000000745580000)
 Metaspace       used 15251K, capacity 15512K, committed 15744K, reserved 1062912K
  class space    used 1973K, capacity 2062K, committed 2176K, reserved 1048576K
Event: 47.836 GC heap after
Heap after GC invocations=12 (full 0):
 PSYoungGen      total 681984K, used 1408K [0x0000000795580000, 0x00000007c0000000, 0x00000007c0000000)
  eden space 665088K, 0% used [0x0000000795580000,0x0000000795580000,0x00000007bdf00000)
  from space 16896K, 8% used [0x00000007bef80000,0x00000007bf0e0000,0x00000007c0000000)
  to   space 16896K, 0% used [0x00000007bdf00000,0x00000007bdf00000,0x00000007bef80000)
 ParOldGen       total 87552K, used 36853K [0x0000000740000000, 0x0000000745580000, 0x0000000795580000)
  object space 87552K, 42% used [0x0000000740000000,0x00000007423fd488,0x0000000745580000)
 Metaspace       used 15251K, capacity 15512K, committed 15744K, reserved 1062912K
  class space    used 1973K, capacity 2062K, committed 2176K, reserved 1048576K
}
Event: 54.126 GC heap before
{Heap before GC invocations=13 (full 0):
 PSYoungGen      total 681984K, used 666496K [0x0000000795580000, 0x00000007c0000000, 0x00000007c0000000)
  eden space 665088K, 100% used [0x0000000795580000,0x00000007bdf00000,0x00000007bdf00000)
  from space 16896K, 8% used [0x00000007bef80000,0x00000007bf0e0000,0x00000007c0000000)
  to   space 16896K, 0% used [0x00000007bdf00000,0x00000007bdf00000,0x00000007bef80000)
 ParOldGen       total 87552K, used 36853K [0x0000000740000000, 0x0000000745580000, 0x0000000795580000)
  object space 87552K, 42% used [0x0000000740000000,0x00000007423fd488,0x0000000745580000)
 Metaspace       used 15272K, capacity 15524K, committed 15744K, reserved 1062912K
  class space    used 1975K, capacity 2064K, committed 2176K, reserved 1048576K
Event: 54.186 GC heap after
Heap after GC invocations=13 (full 0):
 PSYoungGen      total 673280K, used 7936K [0x0000000795580000, 0x00000007bff00000, 0x00000007c0000000)
  eden space 665088K, 0% used [0x0000000795580000,0x0000000795580000,0x00000007bdf00000)
  from space 8192K, 96% used [0x00000007bdf00000,0x00000007be6c0010,0x00000007be700000)
  to   space 16384K, 0% used [0x00000007bef00000,0x00000007bef00000,0x00000007bff00000)
 ParOldGen       total 87552K, used 36917K [0x0000000740000000, 0x0000000745580000, 0x0000000795580000)
  object space 87552K, 42% used [0x0000000740000000,0x000000074240d488,0x0000000745580000)
 Metaspace       used 15272K, capacity 15524K, committed 15744K, reserved 1062912K
  class space    used 1975K, capacity 2064K, committed 2176K, reserved 1048576K
}
Event: 62.192 GC heap before
{Heap before GC invocations=14 (full 0):
 PSYoungGen      total 673280K, used 673024K [0x0000000795580000, 0x00000007bff00000, 0x00000007c0000000)
  eden space 665088K, 100% used [0x0000000795580000,0x00000007bdf00000,0x00000007bdf00000)
  from space 8192K, 96% used [0x00000007bdf00000,0x00000007be6c0010,0x00000007be700000)
  to   space 16384K, 0% used [0x00000007bef00000,0x00000007bef00000,0x00000007bff00000)
 ParOldGen       total 87552K, used 36917K [0x0000000740000000, 0x0000000745580000, 0x0000000795580000)
  object space 87552K, 42% used [0x0000000740000000,0x000000074240d488,0x0000000745580000)
 Metaspace       used 15319K, capacity 15600K, committed 15744K, reserved 1062912K
  class space    used 1980K, capacity 2066K, committed 2176K, reserved 1048576K
Event: 62.216 GC heap after
Heap after GC invocations=14 (full 0):
 PSYoungGen      total 635392K, used 1184K [0x0000000795580000, 0x00000007bf080000, 0x00000007c0000000)
  eden space 633856K, 0% used [0x0000000795580000,0x0000000795580000,0x00000007bc080000)
  from space 1536K, 77% used [0x00000007bef00000,0x00000007bf028000,0x00000007bf080000)
  to   space 16384K, 0% used [0x00000007bd080000,0x00000007bd080000,0x00000007be080000)
 ParOldGen       total 87552K, used 37349K [0x0000000740000000, 0x0000000745580000, 0x0000000795580000)
  object space 87552K, 42% used [0x0000000740000000,0x00000007424794a8,0x0000000745580000)
 Metaspace       used 15319K, capacity 15600K, committed 15744K, reserved 1062912K
  class space    used 1980K, capacity 2066K, committed 2176K, reserved 1048576K
}
Event: 69.480 GC heap before
{Heap before GC invocations=15 (full 0):
 PSYoungGen      total 635392K, used 635040K [0x0000000795580000, 0x00000007bf080000, 0x00000007c0000000)
  eden space 633856K, 100% used [0x0000000795580000,0x00000007bc080000,0x00000007bc080000)
  from space 1536K, 77% used [0x00000007bef00000,0x00000007bf028000,0x00000007bf080000)
  to   space 16384K, 0% used [0x00000007bd080000,0x00000007bd080000,0x00000007be080000)
 ParOldGen       total 87552K, used 37349K [0x0000000740000000, 0x0000000745580000, 0x0000000795580000)
  object space 87552K, 42% used [0x0000000740000000,0x00000007424794a8,0x0000000745580000)
 Metaspace       used 15327K, capacity 15600K, committed 15744K, reserved 1062912K
  class space    used 1980K, capacity 2066K, committed 2176K, reserved 1048576K
Event: 69.487 GC heap after
Heap after GC invocations=15 (full 0):
 PSYoungGen      total 605184K, used 672K [0x0000000795580000, 0x00000007bef80000, 0x00000007c0000000)
  eden space 604160K, 0% used [0x0000000795580000,0x0000000795580000,0x00000007ba380000)
  from space 1024K, 65% used [0x00000007bd080000,0x00000007bd128000,0x00000007bd180000)
  to   space 16384K, 0% used [0x00000007bdf80000,0x00000007bdf80000,0x00000007bef80000)
 ParOldGen       total 87552K, used 37549K [0x0000000740000000, 0x0000000745580000, 0x0000000795580000)
  object space 87552K, 42% used [0x0000000740000000,0x00000007424ab4a8,0x0000000745580000)
 Metaspace       used 15327K, capacity 15600K, committed 15744K, reserved 1062912K
  class space    used 1980K, capacity 2066K, committed 2176K, reserved 1048576K
}

Deoptimization events (10 events):
Event: 56.153 Thread 0x00007f8743809800 Uncommon trap: reason=bimorphic action=maybe_recompile pc=0x00000001054f73e0 method=org.apache.jena.enhanced.Polymorphic.findExistingView(Ljava/lang/Class;)Ljava/lang/Object; @ 11
Event: 56.234 Thread 0x00007f8743809800 Uncommon trap: reason=bimorphic action=maybe_recompile pc=0x00000001054f73e0 method=org.apache.jena.enhanced.Polymorphic.findExistingView(Ljava/lang/Class;)Ljava/lang/Object; @ 11
Event: 56.304 Thread 0x00007f8743809800 Uncommon trap: reason=bimorphic action=maybe_recompile pc=0x00000001050dd908 method=org.apache.jena.enhanced.Polymorphic.findExistingView(Ljava/lang/Class;)Ljava/lang/Object; @ 11
Event: 56.507 Thread 0x00007f8743809800 Uncommon trap: reason=unstable_if action=reinterpret pc=0x00000001057990e4 method=org.apache.jena.reasoner.rulesys.Functor.isFunctor(Lorg/apache/jena/graph/Node;)Z @ 10
Event: 56.508 Thread 0x00007f8743809800 Uncommon trap: reason=bimorphic action=maybe_recompile pc=0x00000001057de628 method=org.apache.jena.rdf.model.impl.StatementImpl.createObject(Lorg/apache/jena/graph/Node;Lorg/apache/jena/enhanced/EnhGraph;)Lorg/apache/jena/rdf/model/RDFNode; @ 1
Event: 56.790 Thread 0x00007f8743809800 Uncommon trap: reason=bimorphic action=maybe_recompile pc=0x00000001057de628 method=org.apache.jena.rdf.model.impl.StatementImpl.createObject(Lorg/apache/jena/graph/Node;Lorg/apache/jena/enhanced/EnhGraph;)Lorg/apache/jena/rdf/model/RDFNode; @ 1
Event: 57.088 Thread 0x00007f8743809800 Uncommon trap: reason=bimorphic action=maybe_recompile pc=0x00000001057de628 method=org.apache.jena.rdf.model.impl.StatementImpl.createObject(Lorg/apache/jena/graph/Node;Lorg/apache/jena/enhanced/EnhGraph;)Lorg/apache/jena/rdf/model/RDFNode; @ 1
Event: 57.089 Thread 0x00007f8743809800 Uncommon trap: reason=bimorphic action=maybe_recompile pc=0x00000001057de628 method=org.apache.jena.rdf.model.impl.StatementImpl.createObject(Lorg/apache/jena/graph/Node;Lorg/apache/jena/enhanced/EnhGraph;)Lorg/apache/jena/rdf/model/RDFNode; @ 1
Event: 57.092 Thread 0x00007f8743809800 Uncommon trap: reason=bimorphic action=maybe_recompile pc=0x00000001057e66e8 method=org.apache.jena.rdf.model.impl.StatementImpl.createObject(Lorg/apache/jena/graph/Node;Lorg/apache/jena/enhanced/EnhGraph;)Lorg/apache/jena/rdf/model/RDFNode; @ 1
Event: 67.046 Thread 0x00007f8743809800 Uncommon trap: reason=unstable_if action=reinterpret pc=0x00000001052a1c6c method=Annotation.AnnotaionQuestion(Lorg/apache/jena/ontology/OntModel;Ljava/lang/String;Ljava/lang/String;)Ljava/util/ArrayList; @ 373

Classes redefined (0 events):
No events

Internal exceptions (10 events):
Event: 0.313 Thread 0x00007f8743809800 Exception <a 'java/lang/NoSuchFieldError': method resolution failed> (0x00000007958a20e0) thrown at [/Users/java_re/workspace/8-2-build-macosx-x86_64/jdk8u161/10277/hotspot/src/share/vm/prims/methodHandles.cpp, line 1167]
Event: 0.460 Thread 0x00007f8743809800 Exception <a 'java/security/PrivilegedActionException'> (0x0000000795940370) thrown at [/Users/java_re/workspace/8-2-build-macosx-x86_64/jdk8u161/10277/hotspot/src/share/vm/prims/jvm.cpp, line 1390]
Event: 0.460 Thread 0x00007f8743809800 Exception <a 'java/security/PrivilegedActionException'> (0x0000000795940580) thrown at [/Users/java_re/workspace/8-2-build-macosx-x86_64/jdk8u161/10277/hotspot/src/share/vm/prims/jvm.cpp, line 1390]
Event: 0.470 Thread 0x00007f8743809800 Exception <a 'java/security/PrivilegedActionException'> (0x0000000795943a98) thrown at [/Users/java_re/workspace/8-2-build-macosx-x86_64/jdk8u161/10277/hotspot/src/share/vm/prims/jvm.cpp, line 1390]
Event: 0.470 Thread 0x00007f8743809800 Exception <a 'java/security/PrivilegedActionException'> (0x0000000795943ca8) thrown at [/Users/java_re/workspace/8-2-build-macosx-x86_64/jdk8u161/10277/hotspot/src/share/vm/prims/jvm.cpp, line 1390]
Event: 2.010 Thread 0x00007f8743809800 Exception <a 'java/lang/NoSuchMethodError': java.lang.Object.lambda$and$0(Ljava/util/function/Predicate;Ljava/lang/Object;)Z> (0x00000007971d5280) thrown at [/Users/java_re/workspace/8-2-build-macosx-x86_64/jdk8u161/10277/hotspot/src/share/vm/interpreter/
Event: 3.375 Thread 0x00007f8743809800 Exception <a 'java/lang/NoSuchMethodError': java.lang.Object.lambda$negate$1(Ljava/lang/Object;)Z> (0x0000000796ea9908) thrown at [/Users/java_re/workspace/8-2-build-macosx-x86_64/jdk8u161/10277/hotspot/src/share/vm/interpreter/linkResolver.cpp, line 620]
Event: 17.907 Thread 0x00007f8743809800 Implicit null exception at 0x00000001056895d4 to 0x0000000105689ba1
Event: 56.014 Thread 0x00007f8743809800 Exception <a 'java/lang/NullPointerException'> (0x00000007a0212198) thrown at [/Users/java_re/workspace/8-2-build-macosx-x86_64/jdk8u161/10277/hotspot/src/share/vm/interpreter/linkResolver.cpp, line 1287]
Event: 56.014 Thread 0x00007f8743809800 Exception <a 'java/lang/NullPointerException'> (0x00000007a02144e8) thrown at [/Users/java_re/workspace/8-2-build-macosx-x86_64/jdk8u161/10277/hotspot/src/share/vm/interpreter/linkResolver.cpp, line 1287]

Events (10 events):
Event: 57.092 Thread 0x00007f8743809800 DEOPT UNPACKING pc=0x0000000104ff347a sp=0x0000700000fb2340 mode 2
Event: 62.192 Executing VM operation: ParallelGCFailedAllocation
Event: 62.216 Executing VM operation: ParallelGCFailedAllocation done
Event: 66.326 Thread 0x00007f8743809800 DEOPT PACKING pc=0x00000001056eab9d sp=0x0000700000fb2540
Event: 66.326 Thread 0x00007f8743809800 DEOPT UNPACKING pc=0x0000000104ff50c4 sp=0x0000700000fb24f0 mode 0
Event: 67.046 Thread 0x00007f8743809800 Uncommon trap: trap_request=0xffffff65 fr.pc=0x00000001052a1c6c
Event: 67.046 Thread 0x00007f8743809800 DEOPT PACKING pc=0x00000001052a1c6c sp=0x0000700000fb2740
Event: 67.046 Thread 0x00007f8743809800 DEOPT UNPACKING pc=0x0000000104ff347a sp=0x0000700000fb2780 mode 2
Event: 69.480 Executing VM operation: ParallelGCFailedAllocation
Event: 69.487 Executing VM operation: ParallelGCFailedAllocation done


Dynamic libraries:
0x000000003b933000 	/System/Library/Frameworks/Cocoa.framework/Versions/A/Cocoa
0x000000003b933000 	/System/Library/Frameworks/Security.framework/Versions/A/Security
0x000000003b933000 	/System/Library/Frameworks/ApplicationServices.framework/Versions/A/ApplicationServices
0x000000003b933000 	/usr/lib/libz.1.dylib
0x000000003b933000 	/usr/lib/libSystem.B.dylib
0x000000003b933000 	/usr/lib/libobjc.A.dylib
0x000000003b933000 	/System/Library/Frameworks/CoreFoundation.framework/Versions/A/CoreFoundation
0x000000003b933000 	/System/Library/Frameworks/Foundation.framework/Versions/C/Foundation
0x000000003b933000 	/System/Library/Frameworks/AppKit.framework/Versions/C/AppKit
0x000000003b933000 	/System/Library/Frameworks/CoreData.framework/Versions/A/CoreData
0x000000003b933000 	/System/Library/PrivateFrameworks/RemoteViewServices.framework/Versions/A/RemoteViewServices
0x000000003b933000 	/System/Library/PrivateFrameworks/UIFoundation.framework/Versions/A/UIFoundation
0x000000003b933000 	/System/Library/PrivateFrameworks/DFRFoundation.framework/Versions/A/DFRFoundation
0x000000003b933000 	/usr/lib/libenergytrace.dylib
0x000000003b933000 	/System/Library/PrivateFrameworks/SkyLight.framework/Versions/A/SkyLight
0x000000003b933000 	/System/Library/Frameworks/CoreGraphics.framework/Versions/A/CoreGraphics
0x000000003b933000 	/usr/lib/libScreenReader.dylib
0x000000003b933000 	/System/Library/Frameworks/Accelerate.framework/Versions/A/Accelerate
0x000000003b933000 	/System/Library/Frameworks/IOSurface.framework/Versions/A/IOSurface
0x000000003b933000 	/System/Library/Frameworks/AudioToolbox.framework/Versions/A/AudioToolbox
0x000000003b933000 	/System/Library/Frameworks/AudioUnit.framework/Versions/A/AudioUnit
0x000000003b933000 	/System/Library/PrivateFrameworks/DataDetectorsCore.framework/Versions/A/DataDetectorsCore
0x000000003b933000 	/System/Library/PrivateFrameworks/DesktopServicesPriv.framework/Versions/A/DesktopServicesPriv
0x000000003b933000 	/System/Library/Frameworks/Carbon.framework/Versions/A/Frameworks/HIToolbox.framework/Versions/A/HIToolbox
0x000000003b933000 	/usr/lib/libicucore.A.dylib
0x000000003b933000 	/System/Library/Frameworks/QuartzCore.framework/Versions/A/QuartzCore
0x000000003b933000 	/System/Library/Frameworks/Carbon.framework/Versions/A/Frameworks/SpeechRecognition.framework/Versions/A/SpeechRecognition
0x000000003b933000 	/usr/lib/libauto.dylib
0x000000003b933000 	/usr/lib/libxml2.2.dylib
0x000000003b933000 	/System/Library/PrivateFrameworks/CoreUI.framework/Versions/A/CoreUI
0x000000003b933000 	/System/Library/Frameworks/CoreAudio.framework/Versions/A/CoreAudio
0x000000003b933000 	/System/Library/Frameworks/DiskArbitration.framework/Versions/A/DiskArbitration
0x000000003b933000 	/usr/lib/liblangid.dylib
0x000000003b933000 	/System/Library/PrivateFrameworks/MultitouchSupport.framework/Versions/A/MultitouchSupport
0x000000003b933000 	/System/Library/Frameworks/IOKit.framework/Versions/A/IOKit
0x000000003b933000 	/usr/lib/libDiagnosticMessagesClient.dylib
0x000000003b933000 	/System/Library/Frameworks/CoreServices.framework/Versions/A/CoreServices
0x000000003b933000 	/System/Library/PrivateFrameworks/PerformanceAnalysis.framework/Versions/A/PerformanceAnalysis
0x000000003b933000 	/System/Library/PrivateFrameworks/GenerationalStorage.framework/Versions/A/GenerationalStorage
0x000000003b933000 	/System/Library/Frameworks/OpenGL.framework/Versions/A/OpenGL
0x000000003b933000 	/System/Library/Frameworks/CoreImage.framework/Versions/A/CoreImage
0x000000003b933000 	/System/Library/Frameworks/CoreText.framework/Versions/A/CoreText
0x000000003b933000 	/System/Library/Frameworks/ImageIO.framework/Versions/A/ImageIO
0x000000003b933000 	/System/Library/PrivateFrameworks/Backup.framework/Versions/A/Backup
0x000000003b933000 	/usr/lib/libarchive.2.dylib
0x000000003b933000 	/System/Library/Frameworks/CFNetwork.framework/Versions/A/CFNetwork
0x000000003b933000 	/System/Library/Frameworks/SystemConfiguration.framework/Versions/A/SystemConfiguration
0x000000003b933000 	/usr/lib/libCRFSuite.dylib
0x000000003b933000 	/usr/lib/libc++.1.dylib
0x000000003b933000 	/usr/lib/libc++abi.dylib
0x000000003b933000 	/usr/lib/system/libcache.dylib
0x000000003b933000 	/usr/lib/system/libcommonCrypto.dylib
0x000000003b933000 	/usr/lib/system/libcompiler_rt.dylib
0x000000003b933000 	/usr/lib/system/libcopyfile.dylib
0x000000003b933000 	/usr/lib/system/libcorecrypto.dylib
0x000000003b933000 	/usr/lib/system/libdispatch.dylib
0x000000003b933000 	/usr/lib/system/libdyld.dylib
0x000000003b933000 	/usr/lib/system/libkeymgr.dylib
0x000000003b933000 	/usr/lib/system/liblaunch.dylib
0x000000003b933000 	/usr/lib/system/libmacho.dylib
0x000000003b933000 	/usr/lib/system/libquarantine.dylib
0x000000003b933000 	/usr/lib/system/libremovefile.dylib
0x000000003b933000 	/usr/lib/system/libsystem_asl.dylib
0x000000003b933000 	/usr/lib/system/libsystem_blocks.dylib
0x000000003b933000 	/usr/lib/system/libsystem_c.dylib
0x000000003b933000 	/usr/lib/system/libsystem_configuration.dylib
0x000000003b933000 	/usr/lib/system/libsystem_coreservices.dylib
0x000000003b933000 	/usr/lib/system/libsystem_coretls.dylib
0x000000003b933000 	/usr/lib/system/libsystem_dnssd.dylib
0x000000003b933000 	/usr/lib/system/libsystem_info.dylib
0x000000003b933000 	/usr/lib/system/libsystem_kernel.dylib
0x000000003b933000 	/usr/lib/system/libsystem_m.dylib
0x000000003b933000 	/usr/lib/system/libsystem_malloc.dylib
0x000000003b933000 	/usr/lib/system/libsystem_network.dylib
0x000000003b933000 	/usr/lib/system/libsystem_networkextension.dylib
0x000000003b933000 	/usr/lib/system/libsystem_notify.dylib
0x000000003b933000 	/usr/lib/system/libsystem_platform.dylib
0x000000003b933000 	/usr/lib/system/libsystem_pthread.dylib
0x000000003b933000 	/usr/lib/system/libsystem_sandbox.dylib
0x000000003b933000 	/usr/lib/system/libsystem_secinit.dylib
0x000000003b933000 	/usr/lib/system/libsystem_symptoms.dylib
0x000000003b933000 	/usr/lib/system/libsystem_trace.dylib
0x000000003b933000 	/usr/lib/system/libunwind.dylib
0x000000003b933000 	/usr/lib/system/libxpc.dylib
0x000000003b933000 	/usr/lib/libbsm.0.dylib
0x000000003b933000 	/usr/lib/system/libkxld.dylib
0x000000003b933000 	/usr/lib/libcoretls.dylib
0x000000003b933000 	/usr/lib/libcoretls_cfhelpers.dylib
0x000000003b933000 	/usr/lib/libOpenScriptingUtil.dylib
0x000000003b933000 	/usr/lib/libpam.2.dylib
0x000000003b933000 	/usr/lib/libsqlite3.dylib
0x000000003b933000 	/usr/lib/libxar.1.dylib
0x000000003b933000 	/usr/lib/libbz2.1.0.dylib
0x000000003b933000 	/usr/lib/liblzma.5.dylib
0x000000003b933000 	/usr/lib/libnetwork.dylib
0x000000003b933000 	/usr/lib/libpcap.A.dylib
0x000000003b933000 	/System/Library/Frameworks/CoreServices.framework/Versions/A/Frameworks/FSEvents.framework/Versions/A/FSEvents
0x000000003b933000 	/System/Library/Frameworks/CoreServices.framework/Versions/A/Frameworks/CarbonCore.framework/Versions/A/CarbonCore
0x000000003b933000 	/System/Library/Frameworks/CoreServices.framework/Versions/A/Frameworks/Metadata.framework/Versions/A/Metadata
0x000000003b933000 	/System/Library/Frameworks/CoreServices.framework/Versions/A/Frameworks/OSServices.framework/Versions/A/OSServices
0x000000003b933000 	/System/Library/Frameworks/CoreServices.framework/Versions/A/Frameworks/SearchKit.framework/Versions/A/SearchKit
0x000000003b933000 	/System/Library/Frameworks/CoreServices.framework/Versions/A/Frameworks/AE.framework/Versions/A/AE
0x000000003b933000 	/System/Library/Frameworks/CoreServices.framework/Versions/A/Frameworks/LaunchServices.framework/Versions/A/LaunchServices
0x000000003b933000 	/System/Library/Frameworks/CoreServices.framework/Versions/A/Frameworks/DictionaryServices.framework/Versions/A/DictionaryServices
0x000000003b933000 	/System/Library/Frameworks/CoreServices.framework/Versions/A/Frameworks/SharedFileList.framework/Versions/A/SharedFileList
0x000000003b933000 	/System/Library/Frameworks/NetFS.framework/Versions/A/NetFS
0x000000003b933000 	/System/Library/PrivateFrameworks/NetAuth.framework/Versions/A/NetAuth
0x000000003b933000 	/System/Library/PrivateFrameworks/login.framework/Versions/A/Frameworks/loginsupport.framework/Versions/A/loginsupport
0x000000003b933000 	/System/Library/PrivateFrameworks/TCC.framework/Versions/A/TCC
0x000000003b933000 	/usr/lib/libmecabra.dylib
0x000000003b933000 	/System/Library/Frameworks/ApplicationServices.framework/Versions/A/Frameworks/ATS.framework/Versions/A/ATS
0x000000003b933000 	/System/Library/Frameworks/ApplicationServices.framework/Versions/A/Frameworks/ColorSync.framework/Versions/A/ColorSync
0x000000003b933000 	/System/Library/Frameworks/ApplicationServices.framework/Versions/A/Frameworks/HIServices.framework/Versions/A/HIServices
0x000000003b933000 	/System/Library/Frameworks/ApplicationServices.framework/Versions/A/Frameworks/LangAnalysis.framework/Versions/A/LangAnalysis
0x000000003b933000 	/System/Library/Frameworks/ApplicationServices.framework/Versions/A/Frameworks/PrintCore.framework/Versions/A/PrintCore
0x000000003b933000 	/System/Library/Frameworks/ApplicationServices.framework/Versions/A/Frameworks/QD.framework/Versions/A/QD
0x000000003b933000 	/System/Library/Frameworks/ApplicationServices.framework/Versions/A/Frameworks/SpeechSynthesis.framework/Versions/A/SpeechSynthesis
0x000000003b933000 	/System/Library/Frameworks/Accelerate.framework/Versions/A/Frameworks/vImage.framework/Versions/A/vImage
0x000000003b933000 	/System/Library/Frameworks/Accelerate.framework/Versions/A/Frameworks/vecLib.framework/Versions/A/vecLib
0x000000003b933000 	/System/Library/Frameworks/Accelerate.framework/Versions/A/Frameworks/vecLib.framework/Versions/A/libvDSP.dylib
0x000000003b933000 	/System/Library/Frameworks/Accelerate.framework/Versions/A/Frameworks/vecLib.framework/Versions/A/libBNNS.dylib
0x000000003b933000 	/System/Library/Frameworks/Accelerate.framework/Versions/A/Frameworks/vecLib.framework/Versions/A/libQuadrature.dylib
0x000000003b933000 	/System/Library/Frameworks/Accelerate.framework/Versions/A/Frameworks/vecLib.framework/Versions/A/libvMisc.dylib
0x000000003b933000 	/System/Library/Frameworks/Accelerate.framework/Versions/A/Frameworks/vecLib.framework/Versions/A/libLAPACK.dylib
0x000000003b933000 	/System/Library/Frameworks/Accelerate.framework/Versions/A/Frameworks/vecLib.framework/Versions/A/libBLAS.dylib
0x000000003b933000 	/System/Library/Frameworks/Accelerate.framework/Versions/A/Frameworks/vecLib.framework/Versions/A/libLinearAlgebra.dylib
0x000000003b933000 	/System/Library/Frameworks/Accelerate.framework/Versions/A/Frameworks/vecLib.framework/Versions/A/libSparseBLAS.dylib
0x000000003b933000 	/System/Library/Frameworks/ApplicationServices.framework/Versions/A/Frameworks/ATS.framework/Versions/A/Resources/libFontParser.dylib
0x000000003b933000 	/System/Library/Frameworks/ApplicationServices.framework/Versions/A/Frameworks/ATS.framework/Versions/A/Resources/libFontRegistry.dylib
0x000000003b933000 	/System/Library/Frameworks/ImageIO.framework/Versions/A/Resources/libJPEG.dylib
0x000000003b933000 	/System/Library/Frameworks/ImageIO.framework/Versions/A/Resources/libTIFF.dylib
0x000000003b933000 	/System/Library/Frameworks/ImageIO.framework/Versions/A/Resources/libPng.dylib
0x000000003b933000 	/System/Library/Frameworks/ImageIO.framework/Versions/A/Resources/libGIF.dylib
0x000000003b933000 	/System/Library/Frameworks/ImageIO.framework/Versions/A/Resources/libJP2.dylib
0x000000003b933000 	/System/Library/Frameworks/ImageIO.framework/Versions/A/Resources/libRadiance.dylib
0x000000003b933000 	/usr/lib/libcompression.dylib
0x000000003b933000 	/System/Library/PrivateFrameworks/AppleJPEG.framework/Versions/A/AppleJPEG
0x000000003b933000 	/usr/lib/libcups.2.dylib
0x000000003b933000 	/System/Library/Frameworks/Kerberos.framework/Versions/A/Kerberos
0x000000003b933000 	/System/Library/Frameworks/GSS.framework/Versions/A/GSS
0x000000003b933000 	/usr/lib/libresolv.9.dylib
0x000000003b933000 	/usr/lib/libiconv.2.dylib
0x000000003b933000 	/System/Library/PrivateFrameworks/Heimdal.framework/Versions/A/Heimdal
0x000000003b933000 	/usr/lib/libheimdal-asn1.dylib
0x000000003b933000 	/System/Library/Frameworks/OpenDirectory.framework/Versions/A/OpenDirectory
0x000000003b933000 	/System/Library/PrivateFrameworks/CommonAuth.framework/Versions/A/CommonAuth
0x000000003b933000 	/System/Library/Frameworks/OpenDirectory.framework/Versions/A/Frameworks/CFOpenDirectory.framework/Versions/A/CFOpenDirectory
0x000000003b933000 	/System/Library/Frameworks/SecurityFoundation.framework/Versions/A/SecurityFoundation
0x000000003b933000 	/System/Library/PrivateFrameworks/LanguageModeling.framework/Versions/A/LanguageModeling
0x000000003b933000 	/usr/lib/libmarisa.dylib
0x000000003b933000 	/usr/lib/libChineseTokenizer.dylib
0x000000003b933000 	/usr/lib/libcmph.dylib
0x000000003b933000 	/System/Library/PrivateFrameworks/CoreEmoji.framework/Versions/A/CoreEmoji
0x000000003b933000 	/System/Library/Frameworks/ServiceManagement.framework/Versions/A/ServiceManagement
0x000000003b933000 	/usr/lib/libxslt.1.dylib
0x000000003b933000 	/System/Library/Frameworks/Carbon.framework/Versions/A/Frameworks/Ink.framework/Versions/A/Ink
0x000000003b933000 	/System/Library/PrivateFrameworks/TextureIO.framework/Versions/A/TextureIO
0x000000003b933000 	/System/Library/Frameworks/Metal.framework/Versions/A/Metal
0x000000003b933000 	/usr/lib/libate.dylib
0x000000003b933000 	/System/Library/PrivateFrameworks/GPUCompiler.framework/libmetal_timestamp.dylib
0x000000003b933000 	/System/Library/Frameworks/OpenGL.framework/Versions/A/Libraries/libCoreFSCache.dylib
0x000000003b933000 	/System/Library/PrivateFrameworks/IOAccelerator.framework/Versions/A/IOAccelerator
0x000000003b933000 	/System/Library/Frameworks/CoreVideo.framework/Versions/A/CoreVideo
0x000000003b933000 	/usr/lib/libFosl_dynamic.dylib
0x000000003b933000 	/System/Library/PrivateFrameworks/MetalPerformanceShaders.framework/Versions/A/MetalPerformanceShaders
0x000000003b933000 	/System/Library/PrivateFrameworks/FaceCore.framework/Versions/A/FaceCore
0x000000003b933000 	/System/Library/Frameworks/OpenCL.framework/Versions/A/OpenCL
0x000000003b933000 	/System/Library/Frameworks/OpenGL.framework/Versions/A/Libraries/libGLU.dylib
0x000000003b933000 	/System/Library/Frameworks/OpenGL.framework/Versions/A/Libraries/libGFXShared.dylib
0x000000003b933000 	/System/Library/Frameworks/OpenGL.framework/Versions/A/Libraries/libGL.dylib
0x000000003b933000 	/System/Library/Frameworks/OpenGL.framework/Versions/A/Libraries/libGLImage.dylib
0x000000003b933000 	/System/Library/Frameworks/OpenGL.framework/Versions/A/Libraries/libCVMSPluginSupport.dylib
0x000000003b933000 	/System/Library/Frameworks/OpenGL.framework/Versions/A/Libraries/libCoreVMClient.dylib
0x000000003b933000 	/System/Library/PrivateFrameworks/CrashReporterSupport.framework/Versions/A/CrashReporterSupport
0x000000003b933000 	/System/Library/PrivateFrameworks/Sharing.framework/Versions/A/Sharing
0x000000003b933000 	/System/Library/PrivateFrameworks/IconServices.framework/Versions/A/IconServices
0x000000003b933000 	/System/Library/PrivateFrameworks/ProtocolBuffer.framework/Versions/A/ProtocolBuffer
0x000000003b933000 	/System/Library/PrivateFrameworks/Apple80211.framework/Versions/A/Apple80211
0x000000003b933000 	/System/Library/Frameworks/CoreWLAN.framework/Versions/A/CoreWLAN
0x000000003b933000 	/System/Library/PrivateFrameworks/CoreUtils.framework/Versions/A/CoreUtils
0x000000003b933000 	/System/Library/Frameworks/IOBluetooth.framework/Versions/A/IOBluetooth
0x000000003b933000 	/System/Library/PrivateFrameworks/CoreWiFi.framework/Versions/A/CoreWiFi
0x000000003b933000 	/System/Library/Frameworks/CoreBluetooth.framework/Versions/A/CoreBluetooth
0x000000003b933000 	/System/Library/Frameworks/CoreDisplay.framework/Versions/A/CoreDisplay
0x000000003b933000 	/System/Library/PrivateFrameworks/IOPresentment.framework/Versions/A/IOPresentment
0x000000003b933000 	/System/Library/PrivateFrameworks/DSExternalDisplay.framework/Versions/A/DSExternalDisplay
0x000000003b933000 	/System/Library/PrivateFrameworks/DebugSymbols.framework/Versions/A/DebugSymbols
0x000000003b933000 	/System/Library/PrivateFrameworks/CoreSymbolication.framework/Versions/A/CoreSymbolication
0x000000003b933000 	/System/Library/PrivateFrameworks/Symbolication.framework/Versions/A/Symbolication
0x000000003b933000 	/System/Library/PrivateFrameworks/AppleFSCompression.framework/Versions/A/AppleFSCompression
0x000000003b933000 	/System/Library/PrivateFrameworks/SpeechRecognitionCore.framework/Versions/A/SpeechRecognitionCore
0x000000003b933000 	/System/Library/PrivateFrameworks/ChunkingLibrary.framework/Versions/A/ChunkingLibrary
0x0000000104000000 	/Library/Java/JavaVirtualMachines/jdk1.8.0_161.jdk/Contents/Home/jre/lib/server/libjvm.dylib
0x000000003b933000 	/usr/lib/libstdc++.6.dylib
0x00000001036cb000 	/Library/Java/JavaVirtualMachines/jdk1.8.0_161.jdk/Contents/Home/jre/lib/libverify.dylib
0x00000001036d9000 	/Library/Java/JavaVirtualMachines/jdk1.8.0_161.jdk/Contents/Home/jre/lib/libjava.dylib
0x0000000103719000 	/Library/Java/JavaVirtualMachines/jdk1.8.0_161.jdk/Contents/Home/jre/lib/libzip.dylib
0x0000000103ad0000 	/Library/Java/JavaVirtualMachines/jdk1.8.0_161.jdk/Contents/Home/jre/lib/libnio.dylib
0x000000011b855000 	/Library/Java/JavaVirtualMachines/jdk1.8.0_161.jdk/Contents/Home/jre/lib/./libnet.dylib

VM Arguments:
java_command: /Users/mohammadomar/Desktop/node-js-getting-started/ont.jar /Users/mohammadomar/Desktop/node-js-getting-started/ontologies/prop.owl /Users/mohammadomar/Desktop/node-js-getting-started/questions/ 0099.json
java_class_path (initial): /Users/mohammadomar/Desktop/node-js-getting-started/ont.jar
Launcher Type: SUN_STANDARD

Environment Variables:
PATH=/Users/mohammadomar/.npm-packages/lib/node_modules/npm/bin/node-gyp-bin:/Users/mohammadomar/Desktop/node-js-getting-started/node_modules/.bin:/Users/mohammadomar/.npm-packages/bin:/usr/local/bin:/usr/bin:/bin:/usr/sbin:/sbin:/Users/mohammadomar/.npm-packages/bin
SHELL=/bin/bash

Signal Handlers:
SIGSEGV: [libjvm.dylib+0x5b5439], sa_mask[0]=11111111011111110111111111111111, sa_flags=SA_ONSTACK|SA_RESTART|SA_SIGINFO
SIGBUS: [libjvm.dylib+0x5b5439], sa_mask[0]=11111111011111110111111111111111, sa_flags=SA_RESTART|SA_SIGINFO
SIGFPE: [libjvm.dylib+0x48ae24], sa_mask[0]=11111111011111110111111111111111, sa_flags=SA_RESTART|SA_SIGINFO
SIGPIPE: [libjvm.dylib+0x48ae24], sa_mask[0]=11111111011111110111111111111111, sa_flags=SA_RESTART|SA_SIGINFO
SIGXFSZ: [libjvm.dylib+0x48ae24], sa_mask[0]=11111111011111110111111111111111, sa_flags=SA_RESTART|SA_SIGINFO
SIGILL: [libjvm.dylib+0x48ae24], sa_mask[0]=11111111011111110111111111111111, sa_flags=SA_RESTART|SA_SIGINFO
SIGUSR1: SIG_DFL, sa_mask[0]=11111111011111110111111111111111, sa_flags=none
SIGUSR2: [libjvm.dylib+0x48a942], sa_mask[0]=00000000000000000000000000000000, sa_flags=SA_RESTART|SA_SIGINFO
SIGHUP: [libjvm.dylib+0x488f0d], sa_mask[0]=11111111011111110111111111111111, sa_flags=SA_RESTART|SA_SIGINFO
SIGINT: [libjvm.dylib+0x488f0d], sa_mask[0]=11111111011111110111111111111111, sa_flags=SA_RESTART|SA_SIGINFO
SIGTERM: [libjvm.dylib+0x488f0d], sa_mask[0]=11111111011111110111111111111111, sa_flags=SA_RESTART|SA_SIGINFO
SIGQUIT: [libjvm.dylib+0x488f0d], sa_mask[0]=11111111011111110111111111111111, sa_flags=SA_RESTART|SA_SIGINFO


---------------  S Y S T E M  ---------------

OS:Bsduname:Darwin 16.7.0 Darwin Kernel Version 16.7.0: Thu Jan 11 22:59:40 PST 2018; root:xnu-3789.73.8~1/RELEASE_X86_64 x86_64
rlimit: STACK 8192k, CORE 0k, NPROC 709, NOFILE 10240, AS infinity
load average:13.98 7.02 6.28

CPU:total 2 (initial active 2) (2 cores per cpu, 1 threads per core) family 6 model 23 stepping 10, cmov, cx8, fxsr, mmx, sse, sse2, sse3, ssse3, sse4.1, tsc

Memory: 4k page, physical 8388608k(781752k free)

/proc/meminfo:


vm_info: Java HotSpot(TM) 64-Bit Server VM (25.161-b12) for bsd-amd64 JRE (1.8.0_161-b12), built on Dec 19 2017 16:22:20 by "java_re" with gcc 4.2.1 (Based on Apple Inc. build 5658) (LLVM build 2336.11.00)

time: Mon May  7 22:01:14 2018
elapsed time: 71 seconds (0d 0h 1m 11s)

