#
# A fatal error has been detected by the Java Runtime Environment:
#
#  SIGSEGV (0xb) at pc=0x000000010ec8a970, pid=57817, tid=0x0000000000000307
#
# JRE version: Java(TM) SE Runtime Environment (8.0_161-b12) (build 1.8.0_161-b12)
# Java VM: Java HotSpot(TM) 64-Bit Server VM (25.161-b12 mixed mode bsd-amd64 compressed oops)
# Problematic frame:
# V  [libjvm.dylib+0x48a970]
#
# Failed to write core dump. Core dumps have been disabled. To enable core dumping, try "ulimit -c unlimited" before starting Java again
#
# If you would like to submit a bug report, please visit:
#   http://bugreport.java.com/bugreport/crash.jsp
#

---------------  T H R E A D  ---------------

Current thread is native thread

siginfo: si_signo: 11 (SIGSEGV), si_code: 1 (SEGV_MAPERR), si_addr: 0x0000000000000128

Registers:
RAX=0x0000000000000000, RBX=0x00007fff5199ad30, RCX=0x00007fff9d2da408, RDX=0x00007fff5199ad30
RSP=0x00007fff5199a860, RBP=0x00007fff5199a890, RSI=0x00007fff5199acc8, RDI=0x0000000000000103
R8 =0x00007fff5199ad30, R9 =0x00000000ffffffff, R10=0x0000000000000c00, R11=0x0000000000000206
R12=0x0000000000000c00, R13=0x0000000000000000, R14=0x00007fff5199acc8, R15=0x0000000000000002
RIP=0x000000010ec8a970, EFLAGS=0x0000000000010202, ERR=0x0000000000000004
  TRAPNO=0x000000000000000e

Top of Stack: (sp=0x00007fff5199a860)
0x00007fff5199a860:   0000000000000000 00007fff5199ad30
0x00007fff5199a870:   0000000000000c00 0000000000000000
0x00007fff5199a880:   00007fff5199af60 0000000000000d03
0x00007fff5199a890:   00007fff5199a8a0 00007fff94571b3a
0x00007fff5199a8a0:   00007fff5199ae30 0000000000019e00
0x00007fff5199a8b0:   00019f0099c06978 00007fff9d1702d0
0x00007fff5199a8c0:   0100001f00000085 00007fff9433893f
0x00007fff5199a8d0:   0000000010004005 00000000ffffffff
0x00007fff5199a8e0:   00007fff5199ade8 0000000000000000
0x00007fff5199a8f0:   00007fff5199af60 0000000007000806
0x00007fff5199a900:   00007fff5199ae30 00007fff5199ade8
0x00007fff5199a910:   0000000000000d03 00000000ffffffff
0x00007fff5199a920:   0000000000000c00 0000000000000206
0x00007fff5199a930:   0000000000000c00 0000000000000000
0x00007fff5199a940:   00007fff5199af60 0000000000000d03
0x00007fff5199a950:   00007fff9448934a 0000000000000206
0x00007fff5199a960:   0000000000000007 0000000000000000
0x00007fff5199a970:   0000000000000000 0000000000000000
0x00007fff5199a980:   000000000000037f 0000000000000000
0x00007fff5199a990:   0000000000000000 0000ffff00001fa0
0x00007fff5199a9a0:   0000000000000000 000000000000ffff
0x00007fff5199a9b0:   0000000000000000 0000000000000000
0x00007fff5199a9c0:   0000000000000000 0000000000000000
0x00007fff5199a9d0:   00cf93000000ffff 000000000000ffff
0x00007fff5199a9e0:   ea600009d4951800 0000000000004008
0x00007fff5199a9f0:   aa0c80069ad42800 000000000000400d
0x00007fff5199aa00:   995200044d013a80 000000000000400d
0x00007fff5199aa10:   8801100000024800 000000000000c033
0x00007fff5199aa20:   41c0580923e95864 0000000000000000
0x00007fff5199aa30:   41c0580923800000 0000000000000000
0x00007fff5199aa40:   c3de3f84c97397d0 439c07b368c68306
0x00007fff5199aa50:   67726f2e65686361 736e6f6d6d6f632f 

Instructions: (pc=0x000000010ec8a970)
0x000000010ec8a950:   83 ec 08 48 89 d3 49 89 f6 e8 bc 46 14 00 44 8b
0x000000010ec8a960:   38 48 8d 05 a8 18 3b 00 48 63 38 e8 8c 49 14 00
0x000000010ec8a970:   4c 8b a0 28 01 00 00 41 83 7c 24 34 01 0f 85 e2
0x000000010ec8a980:   00 00 00 49 89 5c 24 40 4d 89 74 24 38 49 8d 5c 

Register to memory mapping:

RAX=0x0000000000000000 is an unknown value
RBX=0x00007fff5199ad30 is an unknown value
RCX=0x00007fff9d2da408: _thread+0x48 in /usr/lib/system/libsystem_pthread.dylib at 0x00007fff94578000
RDX=0x00007fff5199ad30 is an unknown value
RSP=0x00007fff5199a860 is an unknown value
RBP=0x00007fff5199a890 is an unknown value
RSI=0x00007fff5199acc8 is an unknown value
RDI=0x0000000000000103 is an unknown value
R8 =0x00007fff5199ad30 is an unknown value
R9 =0x00000000ffffffff is an unknown value
R10=0x0000000000000c00 is an unknown value
R11=0x0000000000000206 is an unknown value
R12=0x0000000000000c00 is an unknown value
R13=0x0000000000000000 is an unknown value
R14=0x00007fff5199acc8 is an unknown value
R15=0x0000000000000002 is an unknown value


Stack: [0x00007fff5119f000,0x00007fff5199f000],  sp=0x00007fff5199a860,  free space=8174k
Native frames: (J=compiled Java code, j=interpreted, Vv=VM code, C=native code)
V  [libjvm.dylib+0x48a970]
C  [libsystem_platform.dylib+0x2b3a]  _sigtramp+0x1a
C  0x0000000000019e00
C  [CoreFoundation+0x85874]  __CFRunLoopServiceMachPort+0xd4
C  [CoreFoundation+0x84cf1]  __CFRunLoopRun+0x551
C  [CoreFoundation+0x84544]  CFRunLoopRunSpecific+0x1a4
C  [java+0x647a]  CreateExecutionEnvironment+0x367
C  [java+0x212c]  JLI_Launch+0x7a0
C  [java+0x84d7]  main+0x65
C  [java+0x1984]  start+0x34


---------------  P R O C E S S  ---------------

VM state:not at safepoint (normal execution)

VM Mutex/Monitor currently owned by a thread: None

Heap:
 PSYoungGen      total 542720K, used 299041K [0x0000000795580000, 0x00000007b7380000, 0x00000007c0000000)
  eden space 531968K, 56% used [0x0000000795580000,0x00000007a78e06c0,0x00000007b5d00000)
  from space 10752K, 6% used [0x00000007b6800000,0x00000007b68a8000,0x00000007b7280000)
  to   space 11264K, 0% used [0x00000007b5d00000,0x00000007b5d00000,0x00000007b6800000)
 ParOldGen       total 87552K, used 11565K [0x0000000740000000, 0x0000000745580000, 0x0000000795580000)
  object space 87552K, 13% used [0x0000000740000000,0x0000000740b4b680,0x0000000745580000)
 Metaspace       used 15294K, capacity 15596K, committed 15744K, reserved 1062912K
  class space    used 1978K, capacity 2066K, committed 2176K, reserved 1048576K

Card table byte_map: [0x000000010fb6e000,0x000000010ff6f000] byte_map_base: 0x000000010c16e000

Marking Bits: (ParMarkBitMap*) 0x000000010f0f76c0
 Begin Bits: [0x00000001221db000, 0x00000001241db000)
 End Bits:   [0x00000001241db000, 0x00000001261db000)

Polling page: 0x000000010e354000

CodeCache: size=245760Kb used=8333Kb max_used=8339Kb free=237427Kb
 bounds [0x00000001131db000, 0x0000000113a0b000, 0x00000001221db000]
 total_blobs=2586 nmethods=2245 adapters=256
 compilation: enabled

Compilation events (10 events):
Event: 13.968 Thread 0x00007fe5f5033000 2267       2       java.lang.invoke.LambdaForm$MH/625576447::identity_L (8 bytes)
Event: 13.968 Thread 0x00007fe5f5033000 nmethod 2267 0x00000001139b29d0 code [0x00000001139b2b40, 0x00000001139b2cb0]
Event: 13.971 Thread 0x00007fe5f5033000 2268       2       org.apache.jena.ontology.impl.OntClassImpl::listInstances (49 bytes)
Event: 13.972 Thread 0x00007fe5f5033000 nmethod 2268 0x00000001139b2190 code [0x00000001139b2340, 0x00000001139b2778]
Event: 13.975 Thread 0x00007fe5f5033000 2270   !   2       OntUtil::keyInd1 (45 bytes)
Event: 13.975 Thread 0x00007fe5f5033000 nmethod 2270 0x00000001139b1c10 code [0x00000001139b1da0, 0x00000001139b2048]
Event: 13.978 Thread 0x00007fe5f5033000 2271       2       java.lang.Exception::<init> (5 bytes)
Event: 13.979 Thread 0x00007fe5f5033000 nmethod 2271 0x00000001139b6a90 code [0x00000001139b6c00, 0x00000001139b6dc8]
Event: 13.979 Thread 0x00007fe5f5033000 2272       2       java.util.NoSuchElementException::<init> (5 bytes)
Event: 13.979 Thread 0x00007fe5f5033000 nmethod 2272 0x00000001139b1890 code [0x00000001139b1a00, 0x00000001139b1b68]

GC Heap History (10 events):
Event: 4.814 GC heap before
{Heap before GC invocations=4 (full 0):
 PSYoungGen      total 71680K, used 71575K [0x0000000795580000, 0x000000079e180000, 0x00000007c0000000)
  eden space 66560K, 100% used [0x0000000795580000,0x0000000799680000,0x0000000799680000)
  from space 5120K, 97% used [0x0000000799680000,0x0000000799b65ff8,0x0000000799b80000)
  to   space 5120K, 0% used [0x000000079dc80000,0x000000079dc80000,0x000000079e180000)
 ParOldGen       total 87552K, used 6662K [0x0000000740000000, 0x0000000745580000, 0x0000000795580000)
  object space 87552K, 7% used [0x0000000740000000,0x00000007406819c0,0x0000000745580000)
 Metaspace       used 15194K, capacity 15482K, committed 15744K, reserved 1062912K
  class space    used 1971K, capacity 2057K, committed 2176K, reserved 1048576K
Event: 4.831 GC heap after
Heap after GC invocations=4 (full 0):
 PSYoungGen      total 138240K, used 4981K [0x0000000795580000, 0x000000079e180000, 0x00000007c0000000)
  eden space 133120K, 0% used [0x0000000795580000,0x0000000795580000,0x000000079d780000)
  from space 5120K, 97% used [0x000000079dc80000,0x000000079e15d508,0x000000079e180000)
  to   space 5120K, 0% used [0x000000079d780000,0x000000079d780000,0x000000079dc80000)
 ParOldGen       total 87552K, used 6670K [0x0000000740000000, 0x0000000745580000, 0x0000000795580000)
  object space 87552K, 7% used [0x0000000740000000,0x00000007406839c0,0x0000000745580000)
 Metaspace       used 15194K, capacity 15482K, committed 15744K, reserved 1062912K
  class space    used 1971K, capacity 2057K, committed 2176K, reserved 1048576K
}
Event: 6.106 GC heap before
{Heap before GC invocations=5 (full 0):
 PSYoungGen      total 138240K, used 138101K [0x0000000795580000, 0x000000079e180000, 0x00000007c0000000)
  eden space 133120K, 100% used [0x0000000795580000,0x000000079d780000,0x000000079d780000)
  from space 5120K, 97% used [0x000000079dc80000,0x000000079e15d508,0x000000079e180000)
  to   space 5120K, 0% used [0x000000079d780000,0x000000079d780000,0x000000079dc80000)
 ParOldGen       total 87552K, used 6670K [0x0000000740000000, 0x0000000745580000, 0x0000000795580000)
  object space 87552K, 7% used [0x0000000740000000,0x00000007406839c0,0x0000000745580000)
 Metaspace       used 15215K, capacity 15486K, committed 15744K, reserved 1062912K
  class space    used 1971K, capacity 2057K, committed 2176K, reserved 1048576K
Event: 6.124 GC heap after
Heap after GC invocations=5 (full 0):
 PSYoungGen      total 138240K, used 5064K [0x0000000795580000, 0x00000007a6d80000, 0x00000007c0000000)
  eden space 133120K, 0% used [0x0000000795580000,0x0000000795580000,0x000000079d780000)
  from space 5120K, 98% used [0x000000079d780000,0x000000079dc72290,0x000000079dc80000)
  to   space 10240K, 0% used [0x00000007a6380000,0x00000007a6380000,0x00000007a6d80000)
 ParOldGen       total 87552K, used 6678K [0x0000000740000000, 0x0000000745580000, 0x0000000795580000)
  object space 87552K, 7% used [0x0000000740000000,0x00000007406859c0,0x0000000745580000)
 Metaspace       used 15215K, capacity 15486K, committed 15744K, reserved 1062912K
  class space    used 1971K, capacity 2057K, committed 2176K, reserved 1048576K
}
Event: 6.653 GC heap before
{Heap before GC invocations=6 (full 0):
 PSYoungGen      total 138240K, used 138184K [0x0000000795580000, 0x00000007a6d80000, 0x00000007c0000000)
  eden space 133120K, 100% used [0x0000000795580000,0x000000079d780000,0x000000079d780000)
  from space 5120K, 98% used [0x000000079d780000,0x000000079dc72290,0x000000079dc80000)
  to   space 10240K, 0% used [0x00000007a6380000,0x00000007a6380000,0x00000007a6d80000)
 ParOldGen       total 87552K, used 6678K [0x0000000740000000, 0x0000000745580000, 0x0000000795580000)
  object space 87552K, 7% used [0x0000000740000000,0x00000007406859c0,0x0000000745580000)
 Metaspace       used 15216K, capacity 15486K, committed 15744K, reserved 1062912K
  class space    used 1971K, capacity 2057K, committed 2176K, reserved 1048576K
Event: 6.671 GC heap after
Heap after GC invocations=6 (full 0):
 PSYoungGen      total 276480K, used 5117K [0x0000000795580000, 0x00000007a6d80000, 0x00000007c0000000)
  eden space 266240K, 0% used [0x0000000795580000,0x0000000795580000,0x00000007a5980000)
  from space 10240K, 49% used [0x00000007a6380000,0x00000007a687f728,0x00000007a6d80000)
  to   space 10240K, 0% used [0x00000007a5980000,0x00000007a5980000,0x00000007a6380000)
 ParOldGen       total 87552K, used 6686K [0x0000000740000000, 0x0000000745580000, 0x0000000795580000)
  object space 87552K, 7% used [0x0000000740000000,0x00000007406879c0,0x0000000745580000)
 Metaspace       used 15216K, capacity 15486K, committed 15744K, reserved 1062912K
  class space    used 1971K, capacity 2057K, committed 2176K, reserved 1048576K
}
Event: 9.115 GC heap before
{Heap before GC invocations=7 (full 0):
 PSYoungGen      total 276480K, used 271357K [0x0000000795580000, 0x00000007a6d80000, 0x00000007c0000000)
  eden space 266240K, 100% used [0x0000000795580000,0x00000007a5980000,0x00000007a5980000)
  from space 10240K, 49% used [0x00000007a6380000,0x00000007a687f728,0x00000007a6d80000)
  to   space 10240K, 0% used [0x00000007a5980000,0x00000007a5980000,0x00000007a6380000)
 ParOldGen       total 87552K, used 6686K [0x0000000740000000, 0x0000000745580000, 0x0000000795580000)
  object space 87552K, 7% used [0x0000000740000000,0x00000007406879c0,0x0000000745580000)
 Metaspace       used 15240K, capacity 15486K, committed 15744K, reserved 1062912K
  class space    used 1972K, capacity 2057K, committed 2176K, reserved 1048576K
Event: 9.137 GC heap after
Heap after GC invocations=7 (full 0):
 PSYoungGen      total 276480K, used 928K [0x0000000795580000, 0x00000007b7280000, 0x00000007c0000000)
  eden space 266240K, 0% used [0x0000000795580000,0x0000000795580000,0x00000007a5980000)
  from space 10240K, 9% used [0x00000007a5980000,0x00000007a5a68000,0x00000007a6380000)
  to   space 10752K, 0% used [0x00000007b6800000,0x00000007b6800000,0x00000007b7280000)
 ParOldGen       total 87552K, used 11325K [0x0000000740000000, 0x0000000745580000, 0x0000000795580000)
  object space 87552K, 12% used [0x0000000740000000,0x0000000740b0f680,0x0000000745580000)
 Metaspace       used 15240K, capacity 15486K, committed 15744K, reserved 1062912K
  class space    used 1972K, capacity 2057K, committed 2176K, reserved 1048576K
}
Event: 9.892 GC heap before
{Heap before GC invocations=8 (full 0):
 PSYoungGen      total 276480K, used 267168K [0x0000000795580000, 0x00000007b7280000, 0x00000007c0000000)
  eden space 266240K, 100% used [0x0000000795580000,0x00000007a5980000,0x00000007a5980000)
  from space 10240K, 9% used [0x00000007a5980000,0x00000007a5a68000,0x00000007a6380000)
  to   space 10752K, 0% used [0x00000007b6800000,0x00000007b6800000,0x00000007b7280000)
 ParOldGen       total 87552K, used 11325K [0x0000000740000000, 0x0000000745580000, 0x0000000795580000)
  object space 87552K, 12% used [0x0000000740000000,0x0000000740b0f680,0x0000000745580000)
 Metaspace       used 15247K, capacity 15486K, committed 15744K, reserved 1062912K
  class space    used 1972K, capacity 2057K, committed 2176K, reserved 1048576K
Event: 9.896 GC heap after
Heap after GC invocations=8 (full 0):
 PSYoungGen      total 542720K, used 672K [0x0000000795580000, 0x00000007b7380000, 0x00000007c0000000)
  eden space 531968K, 0% used [0x0000000795580000,0x0000000795580000,0x00000007b5d00000)
  from space 10752K, 6% used [0x00000007b6800000,0x00000007b68a8000,0x00000007b7280000)
  to   space 11264K, 0% used [0x00000007b5d00000,0x00000007b5d00000,0x00000007b6800000)
 ParOldGen       total 87552K, used 11565K [0x0000000740000000, 0x0000000745580000, 0x0000000795580000)
  object space 87552K, 13% used [0x0000000740000000,0x0000000740b4b680,0x0000000745580000)
 Metaspace       used 15247K, capacity 15486K, committed 15744K, reserved 1062912K
  class space    used 1972K, capacity 2057K, committed 2176K, reserved 1048576K
}

Deoptimization events (10 events):
Event: 11.029 Thread 0x00007fe5f4803800 Uncommon trap: reason=class_check action=maybe_recompile pc=0x000000011397c4ac method=org.apache.jena.reasoner.TriplePattern.isGround()Z @ 24
Event: 11.029 Thread 0x00007fe5f4803800 Uncommon trap: reason=bimorphic action=maybe_recompile pc=0x00000001137504f8 method=org.apache.jena.mem.NodeToTriplesMapMem.iterator(Lorg/apache/jena/graph/Node;Lorg/apache/jena/graph/Node;Lorg/apache/jena/graph/Node;)Lorg/apache/jena/util/iterator/Extend
Event: 11.029 Thread 0x00007fe5f4803800 Uncommon trap: reason=bimorphic action=maybe_recompile pc=0x00000001137504f8 method=org.apache.jena.mem.NodeToTriplesMapMem.iterator(Lorg/apache/jena/graph/Node;Lorg/apache/jena/graph/Node;Lorg/apache/jena/graph/Node;)Lorg/apache/jena/util/iterator/Extend
Event: 11.046 Thread 0x00007fe5f4803800 Uncommon trap: reason=class_check action=maybe_recompile pc=0x000000011397c4ac method=org.apache.jena.reasoner.TriplePattern.isGround()Z @ 24
Event: 11.046 Thread 0x00007fe5f4803800 Uncommon trap: reason=class_check action=maybe_recompile pc=0x000000011397c4ac method=org.apache.jena.reasoner.TriplePattern.isGround()Z @ 24
Event: 11.046 Thread 0x00007fe5f4803800 Uncommon trap: reason=class_check action=maybe_recompile pc=0x000000011397c4ac method=org.apache.jena.reasoner.TriplePattern.isGround()Z @ 24
Event: 13.793 Thread 0x00007fe5f4803800 Uncommon trap: reason=bimorphic action=maybe_recompile pc=0x0000000113807044 method=org.apache.jena.reasoner.rulesys.impl.FrameObject.close()V @ 11
Event: 13.793 Thread 0x00007fe5f4803800 Uncommon trap: reason=bimorphic action=maybe_recompile pc=0x0000000113807044 method=org.apache.jena.reasoner.rulesys.impl.FrameObject.close()V @ 11
Event: 13.793 Thread 0x00007fe5f4803800 Uncommon trap: reason=bimorphic action=maybe_recompile pc=0x0000000113807044 method=org.apache.jena.reasoner.rulesys.impl.FrameObject.close()V @ 11
Event: 13.793 Thread 0x00007fe5f4803800 Uncommon trap: reason=bimorphic action=maybe_recompile pc=0x0000000113807044 method=org.apache.jena.reasoner.rulesys.impl.FrameObject.close()V @ 11

Classes redefined (0 events):
No events

Internal exceptions (10 events):
Event: 0.043 Thread 0x00007fe5f4803800 Exception <a 'java/lang/NoSuchMethodError': Method sun.misc.Unsafe.prefetchRead(Ljava/lang/Object;J)V name or signature does not match> (0x0000000795587f88) thrown at [/Users/java_re/workspace/8-2-build-macosx-x86_64/jdk8u161/10277/hotspot/src/share/vm/pr
Event: 0.292 Thread 0x00007fe5f4803800 Exception <a 'java/lang/NoSuchFieldError': method resolution failed> (0x0000000795895098) thrown at [/Users/java_re/workspace/8-2-build-macosx-x86_64/jdk8u161/10277/hotspot/src/share/vm/prims/methodHandles.cpp, line 1167]
Event: 0.295 Thread 0x00007fe5f4803800 Exception <a 'java/lang/NoSuchFieldError': method resolution failed> (0x00000007958a2498) thrown at [/Users/java_re/workspace/8-2-build-macosx-x86_64/jdk8u161/10277/hotspot/src/share/vm/prims/methodHandles.cpp, line 1167]
Event: 0.335 Thread 0x00007fe5f4803800 Exception <a 'java/security/PrivilegedActionException'> (0x0000000795940770) thrown at [/Users/java_re/workspace/8-2-build-macosx-x86_64/jdk8u161/10277/hotspot/src/share/vm/prims/jvm.cpp, line 1390]
Event: 0.335 Thread 0x00007fe5f4803800 Exception <a 'java/security/PrivilegedActionException'> (0x0000000795940980) thrown at [/Users/java_re/workspace/8-2-build-macosx-x86_64/jdk8u161/10277/hotspot/src/share/vm/prims/jvm.cpp, line 1390]
Event: 0.341 Thread 0x00007fe5f4803800 Exception <a 'java/security/PrivilegedActionException'> (0x0000000795943e98) thrown at [/Users/java_re/workspace/8-2-build-macosx-x86_64/jdk8u161/10277/hotspot/src/share/vm/prims/jvm.cpp, line 1390]
Event: 0.341 Thread 0x00007fe5f4803800 Exception <a 'java/security/PrivilegedActionException'> (0x00000007959440a8) thrown at [/Users/java_re/workspace/8-2-build-macosx-x86_64/jdk8u161/10277/hotspot/src/share/vm/prims/jvm.cpp, line 1390]
Event: 1.596 Thread 0x00007fe5f4803800 Exception <a 'java/lang/NoSuchMethodError': java.lang.Object.lambda$and$0(Ljava/util/function/Predicate;Ljava/lang/Object;)Z> (0x00000007971d1d08) thrown at [/Users/java_re/workspace/8-2-build-macosx-x86_64/jdk8u161/10277/hotspot/src/share/vm/interpreter/
Event: 2.956 Thread 0x00007fe5f4803800 Exception <a 'java/lang/NoSuchMethodError': java.lang.Object.lambda$negate$1(Ljava/lang/Object;)Z> (0x0000000796f2bb30) thrown at [/Users/java_re/workspace/8-2-build-macosx-x86_64/jdk8u161/10277/hotspot/src/share/vm/interpreter/linkResolver.cpp, line 620]
Event: 10.420 Thread 0x00007fe5f4803800 Implicit null exception at 0x00000001137dada9 to 0x00000001137daedd

Events (10 events):
Event: 13.793 Thread 0x00007fe5f4803800 DEOPT UNPACKING pc=0x000000011322047a sp=0x000070000abf2d80 mode 2
Event: 13.793 Thread 0x00007fe5f4803800 Uncommon trap: trap_request=0xffffffc6 fr.pc=0x0000000113807044
Event: 13.793 Thread 0x00007fe5f4803800 DEOPT PACKING pc=0x0000000113807044 sp=0x000070000abf2d70
Event: 13.793 Thread 0x00007fe5f4803800 DEOPT UNPACKING pc=0x000000011322047a sp=0x000070000abf2d80 mode 2
Event: 13.793 Thread 0x00007fe5f4803800 Uncommon trap: trap_request=0xffffffc6 fr.pc=0x0000000113807044
Event: 13.793 Thread 0x00007fe5f4803800 DEOPT PACKING pc=0x0000000113807044 sp=0x000070000abf2d70
Event: 13.793 Thread 0x00007fe5f4803800 DEOPT UNPACKING pc=0x000000011322047a sp=0x000070000abf2d80 mode 2
Event: 13.793 Thread 0x00007fe5f4803800 Uncommon trap: trap_request=0xffffffc6 fr.pc=0x0000000113807044
Event: 13.793 Thread 0x00007fe5f4803800 DEOPT PACKING pc=0x0000000113807044 sp=0x000070000abf2d70
Event: 13.793 Thread 0x00007fe5f4803800 DEOPT UNPACKING pc=0x000000011322047a sp=0x000070000abf2d80 mode 2


Dynamic libraries:
0x0000000009234000 	/System/Library/Frameworks/Cocoa.framework/Versions/A/Cocoa
0x0000000009234000 	/System/Library/Frameworks/Security.framework/Versions/A/Security
0x0000000009234000 	/System/Library/Frameworks/ApplicationServices.framework/Versions/A/ApplicationServices
0x0000000009234000 	/usr/lib/libz.1.dylib
0x0000000009234000 	/usr/lib/libSystem.B.dylib
0x0000000009234000 	/usr/lib/libobjc.A.dylib
0x0000000009234000 	/System/Library/Frameworks/CoreFoundation.framework/Versions/A/CoreFoundation
0x0000000009234000 	/System/Library/Frameworks/Foundation.framework/Versions/C/Foundation
0x0000000009234000 	/System/Library/Frameworks/AppKit.framework/Versions/C/AppKit
0x0000000009234000 	/System/Library/Frameworks/CoreData.framework/Versions/A/CoreData
0x0000000009234000 	/System/Library/PrivateFrameworks/RemoteViewServices.framework/Versions/A/RemoteViewServices
0x0000000009234000 	/System/Library/PrivateFrameworks/UIFoundation.framework/Versions/A/UIFoundation
0x0000000009234000 	/System/Library/PrivateFrameworks/DFRFoundation.framework/Versions/A/DFRFoundation
0x0000000009234000 	/usr/lib/libenergytrace.dylib
0x0000000009234000 	/System/Library/PrivateFrameworks/SkyLight.framework/Versions/A/SkyLight
0x0000000009234000 	/System/Library/Frameworks/CoreGraphics.framework/Versions/A/CoreGraphics
0x0000000009234000 	/usr/lib/libScreenReader.dylib
0x0000000009234000 	/System/Library/Frameworks/Accelerate.framework/Versions/A/Accelerate
0x0000000009234000 	/System/Library/Frameworks/IOSurface.framework/Versions/A/IOSurface
0x0000000009234000 	/System/Library/Frameworks/AudioToolbox.framework/Versions/A/AudioToolbox
0x0000000009234000 	/System/Library/Frameworks/AudioUnit.framework/Versions/A/AudioUnit
0x0000000009234000 	/System/Library/PrivateFrameworks/DataDetectorsCore.framework/Versions/A/DataDetectorsCore
0x0000000009234000 	/System/Library/PrivateFrameworks/DesktopServicesPriv.framework/Versions/A/DesktopServicesPriv
0x0000000009234000 	/System/Library/Frameworks/Carbon.framework/Versions/A/Frameworks/HIToolbox.framework/Versions/A/HIToolbox
0x0000000009234000 	/usr/lib/libicucore.A.dylib
0x0000000009234000 	/System/Library/Frameworks/QuartzCore.framework/Versions/A/QuartzCore
0x0000000009234000 	/System/Library/Frameworks/Carbon.framework/Versions/A/Frameworks/SpeechRecognition.framework/Versions/A/SpeechRecognition
0x0000000009234000 	/usr/lib/libauto.dylib
0x0000000009234000 	/usr/lib/libxml2.2.dylib
0x0000000009234000 	/System/Library/PrivateFrameworks/CoreUI.framework/Versions/A/CoreUI
0x0000000009234000 	/System/Library/Frameworks/CoreAudio.framework/Versions/A/CoreAudio
0x0000000009234000 	/System/Library/Frameworks/DiskArbitration.framework/Versions/A/DiskArbitration
0x0000000009234000 	/usr/lib/liblangid.dylib
0x0000000009234000 	/System/Library/PrivateFrameworks/MultitouchSupport.framework/Versions/A/MultitouchSupport
0x0000000009234000 	/System/Library/Frameworks/IOKit.framework/Versions/A/IOKit
0x0000000009234000 	/usr/lib/libDiagnosticMessagesClient.dylib
0x0000000009234000 	/System/Library/Frameworks/CoreServices.framework/Versions/A/CoreServices
0x0000000009234000 	/System/Library/PrivateFrameworks/PerformanceAnalysis.framework/Versions/A/PerformanceAnalysis
0x0000000009234000 	/System/Library/PrivateFrameworks/GenerationalStorage.framework/Versions/A/GenerationalStorage
0x0000000009234000 	/System/Library/Frameworks/OpenGL.framework/Versions/A/OpenGL
0x0000000009234000 	/System/Library/Frameworks/CoreImage.framework/Versions/A/CoreImage
0x0000000009234000 	/System/Library/Frameworks/CoreText.framework/Versions/A/CoreText
0x0000000009234000 	/System/Library/Frameworks/ImageIO.framework/Versions/A/ImageIO
0x0000000009234000 	/System/Library/PrivateFrameworks/Backup.framework/Versions/A/Backup
0x0000000009234000 	/usr/lib/libarchive.2.dylib
0x0000000009234000 	/System/Library/Frameworks/CFNetwork.framework/Versions/A/CFNetwork
0x0000000009234000 	/System/Library/Frameworks/SystemConfiguration.framework/Versions/A/SystemConfiguration
0x0000000009234000 	/usr/lib/libCRFSuite.dylib
0x0000000009234000 	/usr/lib/libc++.1.dylib
0x0000000009234000 	/usr/lib/libc++abi.dylib
0x0000000009234000 	/usr/lib/system/libcache.dylib
0x0000000009234000 	/usr/lib/system/libcommonCrypto.dylib
0x0000000009234000 	/usr/lib/system/libcompiler_rt.dylib
0x0000000009234000 	/usr/lib/system/libcopyfile.dylib
0x0000000009234000 	/usr/lib/system/libcorecrypto.dylib
0x0000000009234000 	/usr/lib/system/libdispatch.dylib
0x0000000009234000 	/usr/lib/system/libdyld.dylib
0x0000000009234000 	/usr/lib/system/libkeymgr.dylib
0x0000000009234000 	/usr/lib/system/liblaunch.dylib
0x0000000009234000 	/usr/lib/system/libmacho.dylib
0x0000000009234000 	/usr/lib/system/libquarantine.dylib
0x0000000009234000 	/usr/lib/system/libremovefile.dylib
0x0000000009234000 	/usr/lib/system/libsystem_asl.dylib
0x0000000009234000 	/usr/lib/system/libsystem_blocks.dylib
0x0000000009234000 	/usr/lib/system/libsystem_c.dylib
0x0000000009234000 	/usr/lib/system/libsystem_configuration.dylib
0x0000000009234000 	/usr/lib/system/libsystem_coreservices.dylib
0x0000000009234000 	/usr/lib/system/libsystem_coretls.dylib
0x0000000009234000 	/usr/lib/system/libsystem_dnssd.dylib
0x0000000009234000 	/usr/lib/system/libsystem_info.dylib
0x0000000009234000 	/usr/lib/system/libsystem_kernel.dylib
0x0000000009234000 	/usr/lib/system/libsystem_m.dylib
0x0000000009234000 	/usr/lib/system/libsystem_malloc.dylib
0x0000000009234000 	/usr/lib/system/libsystem_network.dylib
0x0000000009234000 	/usr/lib/system/libsystem_networkextension.dylib
0x0000000009234000 	/usr/lib/system/libsystem_notify.dylib
0x0000000009234000 	/usr/lib/system/libsystem_platform.dylib
0x0000000009234000 	/usr/lib/system/libsystem_pthread.dylib
0x0000000009234000 	/usr/lib/system/libsystem_sandbox.dylib
0x0000000009234000 	/usr/lib/system/libsystem_secinit.dylib
0x0000000009234000 	/usr/lib/system/libsystem_symptoms.dylib
0x0000000009234000 	/usr/lib/system/libsystem_trace.dylib
0x0000000009234000 	/usr/lib/system/libunwind.dylib
0x0000000009234000 	/usr/lib/system/libxpc.dylib
0x0000000009234000 	/usr/lib/libbsm.0.dylib
0x0000000009234000 	/usr/lib/system/libkxld.dylib
0x0000000009234000 	/usr/lib/libcoretls.dylib
0x0000000009234000 	/usr/lib/libcoretls_cfhelpers.dylib
0x0000000009234000 	/usr/lib/libOpenScriptingUtil.dylib
0x0000000009234000 	/usr/lib/libpam.2.dylib
0x0000000009234000 	/usr/lib/libsqlite3.dylib
0x0000000009234000 	/usr/lib/libxar.1.dylib
0x0000000009234000 	/usr/lib/libbz2.1.0.dylib
0x0000000009234000 	/usr/lib/liblzma.5.dylib
0x0000000009234000 	/usr/lib/libnetwork.dylib
0x0000000009234000 	/usr/lib/libpcap.A.dylib
0x0000000009234000 	/System/Library/Frameworks/CoreServices.framework/Versions/A/Frameworks/FSEvents.framework/Versions/A/FSEvents
0x0000000009234000 	/System/Library/Frameworks/CoreServices.framework/Versions/A/Frameworks/CarbonCore.framework/Versions/A/CarbonCore
0x0000000009234000 	/System/Library/Frameworks/CoreServices.framework/Versions/A/Frameworks/Metadata.framework/Versions/A/Metadata
0x0000000009234000 	/System/Library/Frameworks/CoreServices.framework/Versions/A/Frameworks/OSServices.framework/Versions/A/OSServices
0x0000000009234000 	/System/Library/Frameworks/CoreServices.framework/Versions/A/Frameworks/SearchKit.framework/Versions/A/SearchKit
0x0000000009234000 	/System/Library/Frameworks/CoreServices.framework/Versions/A/Frameworks/AE.framework/Versions/A/AE
0x0000000009234000 	/System/Library/Frameworks/CoreServices.framework/Versions/A/Frameworks/LaunchServices.framework/Versions/A/LaunchServices
0x0000000009234000 	/System/Library/Frameworks/CoreServices.framework/Versions/A/Frameworks/DictionaryServices.framework/Versions/A/DictionaryServices
0x0000000009234000 	/System/Library/Frameworks/CoreServices.framework/Versions/A/Frameworks/SharedFileList.framework/Versions/A/SharedFileList
0x0000000009234000 	/System/Library/Frameworks/NetFS.framework/Versions/A/NetFS
0x0000000009234000 	/System/Library/PrivateFrameworks/NetAuth.framework/Versions/A/NetAuth
0x0000000009234000 	/System/Library/PrivateFrameworks/login.framework/Versions/A/Frameworks/loginsupport.framework/Versions/A/loginsupport
0x0000000009234000 	/System/Library/PrivateFrameworks/TCC.framework/Versions/A/TCC
0x0000000009234000 	/usr/lib/libmecabra.dylib
0x0000000009234000 	/System/Library/Frameworks/ApplicationServices.framework/Versions/A/Frameworks/ATS.framework/Versions/A/ATS
0x0000000009234000 	/System/Library/Frameworks/ApplicationServices.framework/Versions/A/Frameworks/ColorSync.framework/Versions/A/ColorSync
0x0000000009234000 	/System/Library/Frameworks/ApplicationServices.framework/Versions/A/Frameworks/HIServices.framework/Versions/A/HIServices
0x0000000009234000 	/System/Library/Frameworks/ApplicationServices.framework/Versions/A/Frameworks/LangAnalysis.framework/Versions/A/LangAnalysis
0x0000000009234000 	/System/Library/Frameworks/ApplicationServices.framework/Versions/A/Frameworks/PrintCore.framework/Versions/A/PrintCore
0x0000000009234000 	/System/Library/Frameworks/ApplicationServices.framework/Versions/A/Frameworks/QD.framework/Versions/A/QD
0x0000000009234000 	/System/Library/Frameworks/ApplicationServices.framework/Versions/A/Frameworks/SpeechSynthesis.framework/Versions/A/SpeechSynthesis
0x0000000009234000 	/System/Library/Frameworks/Accelerate.framework/Versions/A/Frameworks/vImage.framework/Versions/A/vImage
0x0000000009234000 	/System/Library/Frameworks/Accelerate.framework/Versions/A/Frameworks/vecLib.framework/Versions/A/vecLib
0x0000000009234000 	/System/Library/Frameworks/Accelerate.framework/Versions/A/Frameworks/vecLib.framework/Versions/A/libvDSP.dylib
0x0000000009234000 	/System/Library/Frameworks/Accelerate.framework/Versions/A/Frameworks/vecLib.framework/Versions/A/libBNNS.dylib
0x0000000009234000 	/System/Library/Frameworks/Accelerate.framework/Versions/A/Frameworks/vecLib.framework/Versions/A/libQuadrature.dylib
0x0000000009234000 	/System/Library/Frameworks/Accelerate.framework/Versions/A/Frameworks/vecLib.framework/Versions/A/libvMisc.dylib
0x0000000009234000 	/System/Library/Frameworks/Accelerate.framework/Versions/A/Frameworks/vecLib.framework/Versions/A/libLAPACK.dylib
0x0000000009234000 	/System/Library/Frameworks/Accelerate.framework/Versions/A/Frameworks/vecLib.framework/Versions/A/libBLAS.dylib
0x0000000009234000 	/System/Library/Frameworks/Accelerate.framework/Versions/A/Frameworks/vecLib.framework/Versions/A/libLinearAlgebra.dylib
0x0000000009234000 	/System/Library/Frameworks/Accelerate.framework/Versions/A/Frameworks/vecLib.framework/Versions/A/libSparseBLAS.dylib
0x0000000009234000 	/System/Library/Frameworks/ApplicationServices.framework/Versions/A/Frameworks/ATS.framework/Versions/A/Resources/libFontParser.dylib
0x0000000009234000 	/System/Library/Frameworks/ApplicationServices.framework/Versions/A/Frameworks/ATS.framework/Versions/A/Resources/libFontRegistry.dylib
0x0000000009234000 	/System/Library/Frameworks/ImageIO.framework/Versions/A/Resources/libJPEG.dylib
0x0000000009234000 	/System/Library/Frameworks/ImageIO.framework/Versions/A/Resources/libTIFF.dylib
0x0000000009234000 	/System/Library/Frameworks/ImageIO.framework/Versions/A/Resources/libPng.dylib
0x0000000009234000 	/System/Library/Frameworks/ImageIO.framework/Versions/A/Resources/libGIF.dylib
0x0000000009234000 	/System/Library/Frameworks/ImageIO.framework/Versions/A/Resources/libJP2.dylib
0x0000000009234000 	/System/Library/Frameworks/ImageIO.framework/Versions/A/Resources/libRadiance.dylib
0x0000000009234000 	/usr/lib/libcompression.dylib
0x0000000009234000 	/System/Library/PrivateFrameworks/AppleJPEG.framework/Versions/A/AppleJPEG
0x0000000009234000 	/usr/lib/libcups.2.dylib
0x0000000009234000 	/System/Library/Frameworks/Kerberos.framework/Versions/A/Kerberos
0x0000000009234000 	/System/Library/Frameworks/GSS.framework/Versions/A/GSS
0x0000000009234000 	/usr/lib/libresolv.9.dylib
0x0000000009234000 	/usr/lib/libiconv.2.dylib
0x0000000009234000 	/System/Library/PrivateFrameworks/Heimdal.framework/Versions/A/Heimdal
0x0000000009234000 	/usr/lib/libheimdal-asn1.dylib
0x0000000009234000 	/System/Library/Frameworks/OpenDirectory.framework/Versions/A/OpenDirectory
0x0000000009234000 	/System/Library/PrivateFrameworks/CommonAuth.framework/Versions/A/CommonAuth
0x0000000009234000 	/System/Library/Frameworks/OpenDirectory.framework/Versions/A/Frameworks/CFOpenDirectory.framework/Versions/A/CFOpenDirectory
0x0000000009234000 	/System/Library/Frameworks/SecurityFoundation.framework/Versions/A/SecurityFoundation
0x0000000009234000 	/System/Library/PrivateFrameworks/LanguageModeling.framework/Versions/A/LanguageModeling
0x0000000009234000 	/usr/lib/libmarisa.dylib
0x0000000009234000 	/usr/lib/libChineseTokenizer.dylib
0x0000000009234000 	/usr/lib/libcmph.dylib
0x0000000009234000 	/System/Library/PrivateFrameworks/CoreEmoji.framework/Versions/A/CoreEmoji
0x0000000009234000 	/System/Library/Frameworks/ServiceManagement.framework/Versions/A/ServiceManagement
0x0000000009234000 	/usr/lib/libxslt.1.dylib
0x0000000009234000 	/System/Library/Frameworks/Carbon.framework/Versions/A/Frameworks/Ink.framework/Versions/A/Ink
0x0000000009234000 	/System/Library/PrivateFrameworks/TextureIO.framework/Versions/A/TextureIO
0x0000000009234000 	/System/Library/Frameworks/Metal.framework/Versions/A/Metal
0x0000000009234000 	/usr/lib/libate.dylib
0x0000000009234000 	/System/Library/PrivateFrameworks/GPUCompiler.framework/libmetal_timestamp.dylib
0x0000000009234000 	/System/Library/Frameworks/OpenGL.framework/Versions/A/Libraries/libCoreFSCache.dylib
0x0000000009234000 	/System/Library/PrivateFrameworks/IOAccelerator.framework/Versions/A/IOAccelerator
0x0000000009234000 	/System/Library/Frameworks/CoreVideo.framework/Versions/A/CoreVideo
0x0000000009234000 	/usr/lib/libFosl_dynamic.dylib
0x0000000009234000 	/System/Library/PrivateFrameworks/MetalPerformanceShaders.framework/Versions/A/MetalPerformanceShaders
0x0000000009234000 	/System/Library/PrivateFrameworks/FaceCore.framework/Versions/A/FaceCore
0x0000000009234000 	/System/Library/Frameworks/OpenCL.framework/Versions/A/OpenCL
0x0000000009234000 	/System/Library/Frameworks/OpenGL.framework/Versions/A/Libraries/libGLU.dylib
0x0000000009234000 	/System/Library/Frameworks/OpenGL.framework/Versions/A/Libraries/libGFXShared.dylib
0x0000000009234000 	/System/Library/Frameworks/OpenGL.framework/Versions/A/Libraries/libGL.dylib
0x0000000009234000 	/System/Library/Frameworks/OpenGL.framework/Versions/A/Libraries/libGLImage.dylib
0x0000000009234000 	/System/Library/Frameworks/OpenGL.framework/Versions/A/Libraries/libCVMSPluginSupport.dylib
0x0000000009234000 	/System/Library/Frameworks/OpenGL.framework/Versions/A/Libraries/libCoreVMClient.dylib
0x0000000009234000 	/System/Library/PrivateFrameworks/CrashReporterSupport.framework/Versions/A/CrashReporterSupport
0x0000000009234000 	/System/Library/PrivateFrameworks/Sharing.framework/Versions/A/Sharing
0x0000000009234000 	/System/Library/PrivateFrameworks/IconServices.framework/Versions/A/IconServices
0x0000000009234000 	/System/Library/PrivateFrameworks/ProtocolBuffer.framework/Versions/A/ProtocolBuffer
0x0000000009234000 	/System/Library/PrivateFrameworks/Apple80211.framework/Versions/A/Apple80211
0x0000000009234000 	/System/Library/Frameworks/CoreWLAN.framework/Versions/A/CoreWLAN
0x0000000009234000 	/System/Library/PrivateFrameworks/CoreUtils.framework/Versions/A/CoreUtils
0x0000000009234000 	/System/Library/Frameworks/IOBluetooth.framework/Versions/A/IOBluetooth
0x0000000009234000 	/System/Library/PrivateFrameworks/CoreWiFi.framework/Versions/A/CoreWiFi
0x0000000009234000 	/System/Library/Frameworks/CoreBluetooth.framework/Versions/A/CoreBluetooth
0x0000000009234000 	/System/Library/Frameworks/CoreDisplay.framework/Versions/A/CoreDisplay
0x0000000009234000 	/System/Library/PrivateFrameworks/IOPresentment.framework/Versions/A/IOPresentment
0x0000000009234000 	/System/Library/PrivateFrameworks/DSExternalDisplay.framework/Versions/A/DSExternalDisplay
0x0000000009234000 	/System/Library/PrivateFrameworks/DebugSymbols.framework/Versions/A/DebugSymbols
0x0000000009234000 	/System/Library/PrivateFrameworks/CoreSymbolication.framework/Versions/A/CoreSymbolication
0x0000000009234000 	/System/Library/PrivateFrameworks/Symbolication.framework/Versions/A/Symbolication
0x0000000009234000 	/System/Library/PrivateFrameworks/AppleFSCompression.framework/Versions/A/AppleFSCompression
0x0000000009234000 	/System/Library/PrivateFrameworks/SpeechRecognitionCore.framework/Versions/A/SpeechRecognitionCore
0x0000000009234000 	/System/Library/PrivateFrameworks/ChunkingLibrary.framework/Versions/A/ChunkingLibrary
0x000000010e800000 	/Library/Java/JavaVirtualMachines/jdk1.8.0_161.jdk/Contents/Home/jre/lib/server/libjvm.dylib
0x0000000009234000 	/usr/lib/libstdc++.6.dylib
0x000000010e310000 	/Library/Java/JavaVirtualMachines/jdk1.8.0_161.jdk/Contents/Home/jre/lib/libverify.dylib
0x000000010e31e000 	/Library/Java/JavaVirtualMachines/jdk1.8.0_161.jdk/Contents/Home/jre/lib/libjava.dylib
0x000000010e35e000 	/Library/Java/JavaVirtualMachines/jdk1.8.0_161.jdk/Contents/Home/jre/lib/libzip.dylib
0x0000000111b4e000 	/Library/Java/JavaVirtualMachines/jdk1.8.0_161.jdk/Contents/Home/jre/lib/libnio.dylib
0x0000000111b5e000 	/Library/Java/JavaVirtualMachines/jdk1.8.0_161.jdk/Contents/Home/jre/lib/./libnet.dylib

VM Arguments:
java_command: /Users/mohammadomar/Desktop/node-js-getting-started/ont.jar /Users/mohammadomar/Desktop/node-js-getting-started/ontologies/prop.owl /Users/mohammadomar/Desktop/node-js-getting-started/questions/ iii.json
java_class_path (initial): /Users/mohammadomar/Desktop/node-js-getting-started/ont.jar
Launcher Type: SUN_STANDARD

Environment Variables:
PATH=/Users/mohammadomar/.npm-packages/lib/node_modules/npm/bin/node-gyp-bin:/Users/mohammadomar/Desktop/node-js-getting-started/node_modules/.bin:/Users/mohammadomar/.npm-packages/bin:/usr/local/bin:/usr/bin:/bin:/usr/sbin:/sbin:/Users/mohammadomar/.npm-packages/bin
SHELL=/bin/bash

Signal Handlers:
SIGSEGV: [libjvm.dylib+0x5b5439], sa_mask[0]=11111111011111110111111111111111, sa_flags=SA_ONSTACK|SA_RESTART|SA_SIGINFO
SIGBUS: [libjvm.dylib+0x5b5439], sa_mask[0]=11111111011111110111111111111111, sa_flags=SA_RESTART|SA_SIGINFO
SIGFPE: [libjvm.dylib+0x48ae24], sa_mask[0]=11111111011111110111111111111111, sa_flags=SA_RESTART|SA_SIGINFO
SIGPIPE: [libjvm.dylib+0x48ae24], sa_mask[0]=11111111011111110111111111111111, sa_flags=SA_RESTART|SA_SIGINFO
SIGXFSZ: [libjvm.dylib+0x48ae24], sa_mask[0]=11111111011111110111111111111111, sa_flags=SA_RESTART|SA_SIGINFO
SIGILL: [libjvm.dylib+0x48ae24], sa_mask[0]=11111111011111110111111111111111, sa_flags=SA_RESTART|SA_SIGINFO
SIGUSR1: SIG_DFL, sa_mask[0]=00000000000000000000000000000000, sa_flags=SA_RESTART
SIGUSR2: [libjvm.dylib+0x48a942], sa_mask[0]=00000000000000000000000000000000, sa_flags=SA_RESTART|SA_SIGINFO
SIGHUP: [libjvm.dylib+0x488f0d], sa_mask[0]=11111111011111110111111111111111, sa_flags=SA_RESTART|SA_SIGINFO
SIGINT: [libjvm.dylib+0x488f0d], sa_mask[0]=11111111011111110111111111111111, sa_flags=SA_RESTART|SA_SIGINFO
SIGTERM: [libjvm.dylib+0x488f0d], sa_mask[0]=11111111011111110111111111111111, sa_flags=SA_RESTART|SA_SIGINFO
SIGQUIT: [libjvm.dylib+0x488f0d], sa_mask[0]=11111111011111110111111111111111, sa_flags=SA_RESTART|SA_SIGINFO


---------------  S Y S T E M  ---------------

OS:Bsduname:Darwin 16.7.0 Darwin Kernel Version 16.7.0: Thu Jan 11 22:59:40 PST 2018; root:xnu-3789.73.8~1/RELEASE_X86_64 x86_64
rlimit: STACK 8192k, CORE 0k, NPROC 709, NOFILE 10240, AS infinity
load average:4.95 3.14 4.33

CPU:total 2 (initial active 2) (2 cores per cpu, 1 threads per core) family 6 model 23 stepping 10, cmov, cx8, fxsr, mmx, sse, sse2, sse3, ssse3, sse4.1, tsc

Memory: 4k page, physical 8388608k(646028k free)

/proc/meminfo:


vm_info: Java HotSpot(TM) 64-Bit Server VM (25.161-b12) for bsd-amd64 JRE (1.8.0_161-b12), built on Dec 19 2017 16:22:20 by "java_re" with gcc 4.2.1 (Based on Apple Inc. build 5658) (LLVM build 2336.11.00)

time: Sat May 19 11:05:42 2018
elapsed time: 14 seconds (0d 0h 0m 14s)

