#
# A fatal error has been detected by the Java Runtime Environment:
#
#  SIGSEGV (0xb) at pc=0x0000000109708970, pid=7752, tid=0x0000000000000307
#
# JRE version: Java(TM) SE Runtime Environment (8.0_161-b12) (build 1.8.0_161-b12)
# Java VM: Java HotSpot(TM) 64-Bit Server VM (25.161-b12 mixed mode bsd-amd64 compressed oops)
# Problematic frame:
# V  [libjvm.dylib+0x48a970]  SR_handler(int, __siginfo*, __darwin_ucontext*)+0x2e
#
# Failed to write core dump. Core dumps have been disabled. To enable core dumping, try "ulimit -c unlimited" before starting Java again
#
# If you would like to submit a bug report, please visit:
#   http://bugreport.java.com/bugreport/crash.jsp
#

---------------  T H R E A D  ---------------

Current thread is native thread

siginfo: si_signo: 11 (SIGSEGV), si_code: 1 (SEGV_MAPERR), si_addr: 0x0000000000000128

Registers:
RAX=0x0000000000000000, RBX=0x00007fff56a2cda0, RCX=0x00007fff995c5408, RDX=0x00007fff56a2cda0
RSP=0x00007fff56a2c8d0, RBP=0x00007fff56a2c900, RSI=0x00007fff56a2cd38, RDI=0x0000000000000103
R8 =0x00007fff56a2cda0, R9 =0x00000000ffffffff, R10=0x0000000000000c00, R11=0x0000000000000206
R12=0x0000000000000c00, R13=0x0000000000000000, R14=0x00007fff56a2cd38, R15=0x0000000000000002
RIP=0x0000000109708970, EFLAGS=0x0000000000010202, ERR=0x0000000000000004
  TRAPNO=0x000000000000000e

Top of Stack: (sp=0x00007fff56a2c8d0)
0x00007fff56a2c8d0:   0000000000000000 00007fff56a2cda0
0x00007fff56a2c8e0:   0000000000000c00 0000000000000000
0x00007fff56a2c8f0:   00007fff56a2cfd0 0000000000000e03
0x00007fff56a2c900:   00007fff56a2c910 00007fff9085cb3a
0x00007fff56a2c910:   00007fff56a2cea0 0000000000019e00
0x00007fff56a2c920:   00019f0095ef1978 00007fff9945b2d0
0x00007fff56a2c930:   0100001f00000085 00007fff9062393f
0x00007fff56a2c940:   0000000010004005 00000000ffffffff
0x00007fff56a2c950:   00007fff56a2ce58 0000000000000000
0x00007fff56a2c960:   00007fff56a2cfd0 0000000007000806
0x00007fff56a2c970:   00007fff56a2cea0 00007fff56a2ce58
0x00007fff56a2c980:   0000000000000e03 00000000ffffffff
0x00007fff56a2c990:   0000000000000c00 0000000000000206
0x00007fff56a2c9a0:   0000000000000c00 0000000000000000
0x00007fff56a2c9b0:   00007fff56a2cfd0 0000000000000e03
0x00007fff56a2c9c0:   00007fff9077434a 0000000000000206
0x00007fff56a2c9d0:   0000000000000007 0000000000000000
0x00007fff56a2c9e0:   0000000000000000 0000000000000000
0x00007fff56a2c9f0:   000000000000037f 0000000000000000
0x00007fff56a2ca00:   0000000000000000 0000ffff00001fa0
0x00007fff56a2ca10:   0000000000000000 000000000000ffff
0x00007fff56a2ca20:   0000000000000000 0000000000000000
0x00007fff56a2ca30:   0000000000000000 0000000000000000
0x00007fff56a2ca40:   00cf93000000ffff 000000000000ffff
0x00007fff56a2ca50:   ea600009d4951800 0000000000004008
0x00007fff56a2ca60:   aa0c80069ad42800 000000000000400d
0x00007fff56a2ca70:   995200044d013a80 000000000000400d
0x00007fff56a2ca80:   f083304624680416 000000000000c03d
0x00007fff56a2ca90:   41c0478f01e50d17 0000000000000000
0x00007fff56a2caa0:   41c0478f01800000 0000000000000000
0x00007fff56a2cab0:   c3de3f82bfe6167d 439c07d4019e982c
0x00007fff56a2cac0:   67726f2e65686361 736e6f6d6d6f632f 

Instructions: (pc=0x0000000109708970)
0x0000000109708950:   83 ec 08 48 89 d3 49 89 f6 e8 bc 46 14 00 44 8b
0x0000000109708960:   38 48 8d 05 a8 18 3b 00 48 63 38 e8 8c 49 14 00
0x0000000109708970:   4c 8b a0 28 01 00 00 41 83 7c 24 34 01 0f 85 e2
0x0000000109708980:   00 00 00 49 89 5c 24 40 4d 89 74 24 38 49 8d 5c 

Register to memory mapping:

RAX=0x0000000000000000 is an unknown value
RBX=0x00007fff56a2cda0 is an unknown value
RCX=0x00007fff995c5408: _thread+0x48 in /usr/lib/system/libsystem_pthread.dylib at 0x00007fff90863000
RDX=0x00007fff56a2cda0 is an unknown value
RSP=0x00007fff56a2c8d0 is an unknown value
RBP=0x00007fff56a2c900 is an unknown value
RSI=0x00007fff56a2cd38 is an unknown value
RDI=0x0000000000000103 is an unknown value
R8 =0x00007fff56a2cda0 is an unknown value
R9 =0x00000000ffffffff is an unknown value
R10=0x0000000000000c00 is an unknown value
R11=0x0000000000000206 is an unknown value
R12=0x0000000000000c00 is an unknown value
R13=0x0000000000000000 is an unknown value
R14=0x00007fff56a2cd38 is an unknown value
R15=0x0000000000000002 is an unknown value


Stack: [0x00007fff56231000,0x00007fff56a31000],  sp=0x00007fff56a2c8d0,  free space=8174k
Native frames: (J=compiled Java code, j=interpreted, Vv=VM code, C=native code)
V  [libjvm.dylib+0x48a970]  SR_handler(int, __siginfo*, __darwin_ucontext*)+0x2e
C  [libsystem_platform.dylib+0x2b3a]  _sigtramp+0x1a
C  0x0000000000019e00
C  [CoreFoundation+0x85874]  __CFRunLoopServiceMachPort+0xd4
C  [CoreFoundation+0x84cf1]  __CFRunLoopRun+0x551
C  [CoreFoundation+0x84544]  CFRunLoopRunSpecific+0x1a4
C  [java+0x647a]  CreateExecutionEnvironment+0x367
C  [java+0x212c]  JLI_Launch+0x7a0
C  [java+0x84d7]  main+0x65
C  [java+0x1984]  start+0x34


---------------  P R O C E S S  ---------------

VM state:not at safepoint (normal execution)

VM Mutex/Monitor currently owned by a thread: None

Heap:
 PSYoungGen      total 278016K, used 183934K [0x0000000795580000, 0x00000007a7080000, 0x00000007c0000000)
  eden space 266240K, 66% used [0x0000000795580000,0x00000007a01c9270,0x00000007a5980000)
  from space 11776K, 63% used [0x00000007a6500000,0x00000007a6c56608,0x00000007a7080000)
  to   space 11776K, 0% used [0x00000007a5980000,0x00000007a5980000,0x00000007a6500000)
 ParOldGen       total 87552K, used 16172K [0x0000000740000000, 0x0000000745580000, 0x0000000795580000)
  object space 87552K, 18% used [0x0000000740000000,0x0000000740fcb350,0x0000000745580000)
 Metaspace       used 18891K, capacity 19114K, committed 19456K, reserved 1067008K
  class space    used 2360K, capacity 2449K, committed 2560K, reserved 1048576K

Card table byte_map: [0x000000010abc0000,0x000000010afc1000] byte_map_base: 0x00000001071c0000

Marking Bits: (ParMarkBitMap*) 0x0000000109b756c0
 Begin Bits: [0x000000010b26c000, 0x000000010d26c000)
 End Bits:   [0x000000010d26c000, 0x000000010f26c000)

Polling page: 0x000000010a270000

CodeCache: size=245760Kb used=7253Kb max_used=7253Kb free=238506Kb
 bounds [0x0000000111b25000, 0x0000000112245000, 0x0000000120b25000]
 total_blobs=2409 nmethods=2048 adapters=276
 compilation: enabled

Compilation events (10 events):
Event: 9.944 Thread 0x00007fc5a589d000 2071   !   2       sun.reflect.generics.parser.SignatureParser::current (40 bytes)
Event: 9.944 Thread 0x00007fc5a589d000 nmethod 2071 0x000000011223c790 code [0x000000011223c900, 0x000000011223cab0]
Event: 9.944 Thread 0x00007fc5a589d000 2072       2       sun.reflect.generics.parser.SignatureParser::advance (37 bytes)
Event: 9.944 Thread 0x00007fc5a589d000 nmethod 2072 0x000000011223cbd0 code [0x000000011223cd20, 0x000000011223ce70]
Event: 9.963 Thread 0x00007fc5a589d000 2073       2       java.lang.Enum::<init> (15 bytes)
Event: 9.963 Thread 0x00007fc5a589d000 nmethod 2073 0x000000011223d110 code [0x000000011223d260, 0x000000011223d3d0]
Event: 9.995 Thread 0x00007fc5a589d000 2074       2       java.util.LinkedHashMap::newNode (23 bytes)
Event: 9.995 Thread 0x00007fc5a589d000 nmethod 2074 0x000000011223d450 code [0x000000011223d5c0, 0x000000011223d850]
Event: 9.995 Thread 0x00007fc5a589d000 2075       2       java.util.LinkedHashMap$Entry::<init> (10 bytes)
Event: 9.996 Thread 0x00007fc5a589d000 nmethod 2075 0x000000011223d950 code [0x000000011223daa0, 0x000000011223dc30]

GC Heap History (10 events):
Event: 3.056 GC heap before
{Heap before GC invocations=2 (full 0):
 PSYoungGen      total 38400K, used 38398K [0x0000000795580000, 0x000000079a080000, 0x00000007c0000000)
  eden space 33280K, 100% used [0x0000000795580000,0x0000000797600000,0x0000000797600000)
  from space 5120K, 99% used [0x0000000797600000,0x0000000797aff8c0,0x0000000797b00000)
  to   space 5120K, 0% used [0x0000000799b80000,0x0000000799b80000,0x000000079a080000)
 ParOldGen       total 87552K, used 4607K [0x0000000740000000, 0x0000000745580000, 0x0000000795580000)
  object space 87552K, 5% used [0x0000000740000000,0x000000074047fea8,0x0000000745580000)
 Metaspace       used 14997K, capacity 15268K, committed 15360K, reserved 1062912K
  class space    used 1947K, capacity 2030K, committed 2048K, reserved 1048576K
Event: 3.077 GC heap after
Heap after GC invocations=2 (full 0):
 PSYoungGen      total 71680K, used 5097K [0x0000000795580000, 0x000000079a080000, 0x00000007c0000000)
  eden space 66560K, 0% used [0x0000000795580000,0x0000000795580000,0x0000000799680000)
  from space 5120K, 99% used [0x0000000799b80000,0x000000079a07a608,0x000000079a080000)
  to   space 5120K, 0% used [0x0000000799680000,0x0000000799680000,0x0000000799b80000)
 ParOldGen       total 87552K, used 5994K [0x0000000740000000, 0x0000000745580000, 0x0000000795580000)
  object space 87552K, 6% used [0x0000000740000000,0x00000007405da958,0x0000000745580000)
 Metaspace       used 14997K, capacity 15268K, committed 15360K, reserved 1062912K
  class space    used 1947K, capacity 2030K, committed 2048K, reserved 1048576K
}
Event: 4.396 GC heap before
{Heap before GC invocations=3 (full 0):
 PSYoungGen      total 71680K, used 71657K [0x0000000795580000, 0x000000079a080000, 0x00000007c0000000)
  eden space 66560K, 100% used [0x0000000795580000,0x0000000799680000,0x0000000799680000)
  from space 5120K, 99% used [0x0000000799b80000,0x000000079a07a608,0x000000079a080000)
  to   space 5120K, 0% used [0x0000000799680000,0x0000000799680000,0x0000000799b80000)
 ParOldGen       total 87552K, used 5994K [0x0000000740000000, 0x0000000745580000, 0x0000000795580000)
  object space 87552K, 6% used [0x0000000740000000,0x00000007405da958,0x0000000745580000)
 Metaspace       used 15002K, capacity 15268K, committed 15360K, reserved 1062912K
  class space    used 1947K, capacity 2030K, committed 2048K, reserved 1048576K
Event: 4.427 GC heap after
Heap after GC invocations=3 (full 0):
 PSYoungGen      total 71680K, used 5113K [0x0000000795580000, 0x000000079e180000, 0x00000007c0000000)
  eden space 66560K, 0% used [0x0000000795580000,0x0000000795580000,0x0000000799680000)
  from space 5120K, 99% used [0x0000000799680000,0x0000000799b7e618,0x0000000799b80000)
  to   space 5120K, 0% used [0x000000079dc80000,0x000000079dc80000,0x000000079e180000)
 ParOldGen       total 87552K, used 7850K [0x0000000740000000, 0x0000000745580000, 0x0000000795580000)
  object space 87552K, 8% used [0x0000000740000000,0x00000007407aa998,0x0000000745580000)
 Metaspace       used 15002K, capacity 15268K, committed 15360K, reserved 1062912K
  class space    used 1947K, capacity 2030K, committed 2048K, reserved 1048576K
}
Event: 5.687 GC heap before
{Heap before GC invocations=4 (full 0):
 PSYoungGen      total 71680K, used 71673K [0x0000000795580000, 0x000000079e180000, 0x00000007c0000000)
  eden space 66560K, 100% used [0x0000000795580000,0x0000000799680000,0x0000000799680000)
  from space 5120K, 99% used [0x0000000799680000,0x0000000799b7e618,0x0000000799b80000)
  to   space 5120K, 0% used [0x000000079dc80000,0x000000079dc80000,0x000000079e180000)
 ParOldGen       total 87552K, used 7850K [0x0000000740000000, 0x0000000745580000, 0x0000000795580000)
  object space 87552K, 8% used [0x0000000740000000,0x00000007407aa998,0x0000000745580000)
 Metaspace       used 15172K, capacity 15428K, committed 15744K, reserved 1062912K
  class space    used 1977K, capacity 2062K, committed 2176K, reserved 1048576K
Event: 5.721 GC heap after
Heap after GC invocations=4 (full 0):
 PSYoungGen      total 138240K, used 5097K [0x0000000795580000, 0x000000079e180000, 0x00000007c0000000)
  eden space 133120K, 0% used [0x0000000795580000,0x0000000795580000,0x000000079d780000)
  from space 5120K, 99% used [0x000000079dc80000,0x000000079e17a5e8,0x000000079e180000)
  to   space 5120K, 0% used [0x000000079d780000,0x000000079d780000,0x000000079dc80000)
 ParOldGen       total 87552K, used 10076K [0x0000000740000000, 0x0000000745580000, 0x0000000795580000)
  object space 87552K, 11% used [0x0000000740000000,0x00000007409d7310,0x0000000745580000)
 Metaspace       used 15172K, capacity 15428K, committed 15744K, reserved 1062912K
  class space    used 1977K, capacity 2062K, committed 2176K, reserved 1048576K
}
Event: 7.265 GC heap before
{Heap before GC invocations=5 (full 0):
 PSYoungGen      total 138240K, used 138217K [0x0000000795580000, 0x000000079e180000, 0x00000007c0000000)
  eden space 133120K, 100% used [0x0000000795580000,0x000000079d780000,0x000000079d780000)
  from space 5120K, 99% used [0x000000079dc80000,0x000000079e17a5e8,0x000000079e180000)
  to   space 5120K, 0% used [0x000000079d780000,0x000000079d780000,0x000000079dc80000)
 ParOldGen       total 87552K, used 10076K [0x0000000740000000, 0x0000000745580000, 0x0000000795580000)
  object space 87552K, 11% used [0x0000000740000000,0x00000007409d7310,0x0000000745580000)
 Metaspace       used 15186K, capacity 15428K, committed 15744K, reserved 1062912K
  class space    used 1977K, capacity 2062K, committed 2176K, reserved 1048576K
Event: 7.328 GC heap after
Heap after GC invocations=5 (full 0):
 PSYoungGen      total 138240K, used 5113K [0x0000000795580000, 0x00000007a7080000, 0x00000007c0000000)
  eden space 133120K, 0% used [0x0000000795580000,0x0000000795580000,0x000000079d780000)
  from space 5120K, 99% used [0x000000079d780000,0x000000079dc7e5d8,0x000000079dc80000)
  to   space 11776K, 0% used [0x00000007a6500000,0x00000007a6500000,0x00000007a7080000)
 ParOldGen       total 87552K, used 16172K [0x0000000740000000, 0x0000000745580000, 0x0000000795580000)
  object space 87552K, 18% used [0x0000000740000000,0x0000000740fcb350,0x0000000745580000)
 Metaspace       used 15186K, capacity 15428K, committed 15744K, reserved 1062912K
  class space    used 1977K, capacity 2062K, committed 2176K, reserved 1048576K
}
Event: 8.435 GC heap before
{Heap before GC invocations=6 (full 0):
 PSYoungGen      total 138240K, used 138233K [0x0000000795580000, 0x00000007a7080000, 0x00000007c0000000)
  eden space 133120K, 100% used [0x0000000795580000,0x000000079d780000,0x000000079d780000)
  from space 5120K, 99% used [0x000000079d780000,0x000000079dc7e5d8,0x000000079dc80000)
  to   space 11776K, 0% used [0x00000007a6500000,0x00000007a6500000,0x00000007a7080000)
 ParOldGen       total 87552K, used 16172K [0x0000000740000000, 0x0000000745580000, 0x0000000795580000)
  object space 87552K, 18% used [0x0000000740000000,0x0000000740fcb350,0x0000000745580000)
 Metaspace       used 15205K, capacity 15496K, committed 15744K, reserved 1062912K
  class space    used 1977K, capacity 2062K, committed 2176K, reserved 1048576K
Event: 8.484 GC heap after
Heap after GC invocations=6 (full 0):
 PSYoungGen      total 278016K, used 7513K [0x0000000795580000, 0x00000007a7080000, 0x00000007c0000000)
  eden space 266240K, 0% used [0x0000000795580000,0x0000000795580000,0x00000007a5980000)
  from space 11776K, 63% used [0x00000007a6500000,0x00000007a6c56608,0x00000007a7080000)
  to   space 11776K, 0% used [0x00000007a5980000,0x00000007a5980000,0x00000007a6500000)
 ParOldGen       total 87552K, used 16172K [0x0000000740000000, 0x0000000745580000, 0x0000000795580000)
  object space 87552K, 18% used [0x0000000740000000,0x0000000740fcb350,0x0000000745580000)
 Metaspace       used 15205K, capacity 15496K, committed 15744K, reserved 1062912K
  class space    used 1977K, capacity 2062K, committed 2176K, reserved 1048576K
}

Deoptimization events (10 events):
Event: 2.987 Thread 0x00007fc5a6002800 Uncommon trap: reason=bimorphic action=maybe_recompile pc=0x000000011201f538 method=org.apache.jena.graph.Triple.sameAs(Lorg/apache/jena/graph/Node;Lorg/apache/jena/graph/Node;Lorg/apache/jena/graph/Node;)Z @ 5
Event: 2.987 Thread 0x00007fc5a6002800 Uncommon trap: reason=bimorphic action=maybe_recompile pc=0x000000011201f538 method=org.apache.jena.graph.Triple.sameAs(Lorg/apache/jena/graph/Node;Lorg/apache/jena/graph/Node;Lorg/apache/jena/graph/Node;)Z @ 5
Event: 4.457 Thread 0x00007fc5a6002800 Uncommon trap: reason=unstable_if action=reinterpret pc=0x00000001120b99c4 method=org.apache.jena.ext.com.google.common.cache.LocalCache$Segment.getLiveValue(Lorg/apache/jena/ext/com/google/common/cache/LocalCache$ReferenceEntry;J)Ljava/lang/Object; @ 30
Event: 7.337 Thread 0x00007fc5a6002800 Uncommon trap: reason=null_check action=make_not_entrant pc=0x0000000112171524 method=org.apache.jena.ext.com.google.common.cache.LocalCache$Segment.reclaimValue(Ljava/lang/Object;ILorg/apache/jena/ext/com/google/common/cache/LocalCache$ValueReference;)Z 
Event: 7.649 Thread 0x00007fc5a6002800 Uncommon trap: reason=unstable_if action=reinterpret pc=0x00000001120adf84 method=org.apache.jena.reasoner.TriplePattern.equals(Ljava/lang/Object;)Z @ 22
Event: 9.645 Thread 0x00007fc5a6002800 Uncommon trap: reason=unstable_if action=reinterpret pc=0x000000011211aa10 method=java.util.HashMap.clear()V @ 16
Event: 9.684 Thread 0x00007fc5a6002800 Uncommon trap: reason=class_check action=maybe_recompile pc=0x0000000111df6414 method=java.io.DataInputStream.readInt()I @ 4
Event: 9.684 Thread 0x00007fc5a6002800 Uncommon trap: reason=class_check action=maybe_recompile pc=0x0000000111df6414 method=java.io.DataInputStream.readInt()I @ 4
Event: 9.684 Thread 0x00007fc5a6002800 Uncommon trap: reason=class_check action=maybe_recompile pc=0x0000000111df6414 method=java.io.DataInputStream.readInt()I @ 4
Event: 9.684 Thread 0x00007fc5a6002800 Uncommon trap: reason=class_check action=maybe_recompile pc=0x0000000111df6414 method=java.io.DataInputStream.readInt()I @ 4

Classes redefined (0 events):
No events

Internal exceptions (10 events):
Event: 9.924 Thread 0x00007fc5a6002800 Exception <a 'java/lang/ArrayIndexOutOfBoundsException': 18> (0x00000007a010ebe8) thrown at [/Users/java_re/workspace/8-2-build-macosx-x86_64/jdk8u161/10277/hotspot/src/share/vm/interpreter/interpreterRuntime.cpp, line 366]
Event: 9.941 Thread 0x00007fc5a6002800 Exception <a 'java/lang/ArrayIndexOutOfBoundsException': 139> (0x00000007a01106b0) thrown at [/Users/java_re/workspace/8-2-build-macosx-x86_64/jdk8u161/10277/hotspot/src/share/vm/interpreter/interpreterRuntime.cpp, line 366]
Event: 9.943 Thread 0x00007fc5a6002800 Exception <a 'java/lang/ArrayIndexOutOfBoundsException': 78> (0x00000007a0111cd8) thrown at [/Users/java_re/workspace/8-2-build-macosx-x86_64/jdk8u161/10277/hotspot/src/share/vm/interpreter/interpreterRuntime.cpp, line 366]
Event: 9.943 Thread 0x00007fc5a6002800 Exception <a 'java/lang/ArrayIndexOutOfBoundsException': 65> (0x00000007a0116bf8) thrown at [/Users/java_re/workspace/8-2-build-macosx-x86_64/jdk8u161/10277/hotspot/src/share/vm/interpreter/interpreterRuntime.cpp, line 366]
Event: 9.943 Thread 0x00007fc5a6002800 Exception <a 'java/lang/ArrayIndexOutOfBoundsException': 40> (0x00000007a0117678) thrown at [/Users/java_re/workspace/8-2-build-macosx-x86_64/jdk8u161/10277/hotspot/src/share/vm/interpreter/interpreterRuntime.cpp, line 366]
Event: 9.944 Thread 0x00007fc5a6002800 Exception <a 'java/lang/ArrayIndexOutOfBoundsException': 67> (0x00000007a01184f8) thrown at [/Users/java_re/workspace/8-2-build-macosx-x86_64/jdk8u161/10277/hotspot/src/share/vm/interpreter/interpreterRuntime.cpp, line 366]
Event: 9.944 Thread 0x00007fc5a6002800 Exception <a 'java/lang/ArrayIndexOutOfBoundsException': 60> (0x00000007a0119340) thrown at [/Users/java_re/workspace/8-2-build-macosx-x86_64/jdk8u161/10277/hotspot/src/share/vm/interpreter/interpreterRuntime.cpp, line 366]
Event: 9.953 Thread 0x00007fc5a6002800 Exception <a 'java/lang/ArrayIndexOutOfBoundsException'> (0x00000007a011ae98) thrown at [/Users/java_re/workspace/8-2-build-macosx-x86_64/jdk8u161/10277/hotspot/src/share/vm/runtime/sharedRuntime.cpp, line 605]
Event: 9.953 Thread 0x00007fc5a6002800 Exception <a 'java/lang/ArrayIndexOutOfBoundsException'> (0x00000007a011c3a8) thrown at [/Users/java_re/workspace/8-2-build-macosx-x86_64/jdk8u161/10277/hotspot/src/share/vm/runtime/sharedRuntime.cpp, line 605]
Event: 9.954 Thread 0x00007fc5a6002800 Exception <a 'java/lang/ArrayIndexOutOfBoundsException'> (0x00000007a0120938) thrown at [/Users/java_re/workspace/8-2-build-macosx-x86_64/jdk8u161/10277/hotspot/src/share/vm/runtime/sharedRuntime.cpp, line 605]

Events (10 events):
Event: 9.995 loading class com/fasterxml/jackson/annotation/JsonProperty
Event: 9.995 loading class com/fasterxml/jackson/annotation/JsonProperty done
Event: 9.996 loading class com/fasterxml/jackson/annotation/JsonAutoDetect$1
Event: 9.996 loading class com/fasterxml/jackson/annotation/JsonAutoDetect$1 done
Event: 9.997 loading class com/fasterxml/jackson/annotation/PropertyAccessor
Event: 9.997 loading class com/fasterxml/jackson/annotation/PropertyAccessor done
Event: 9.997 loading class com/fasterxml/jackson/annotation/JsonIgnore
Event: 9.997 loading class com/fasterxml/jackson/annotation/JsonIgnore done
Event: 9.998 loading class com/fasterxml/jackson/databind/introspect/POJOPropertyBuilder
Event: 9.998 loading class com/fasterxml/jackson/databind/introspect/POJOPropertyBuilder done


Dynamic libraries:
0x000000000551f000 	/System/Library/Frameworks/Cocoa.framework/Versions/A/Cocoa
0x000000000551f000 	/System/Library/Frameworks/Security.framework/Versions/A/Security
0x000000000551f000 	/System/Library/Frameworks/ApplicationServices.framework/Versions/A/ApplicationServices
0x000000000551f000 	/usr/lib/libz.1.dylib
0x000000000551f000 	/usr/lib/libSystem.B.dylib
0x000000000551f000 	/usr/lib/libobjc.A.dylib
0x000000000551f000 	/System/Library/Frameworks/CoreFoundation.framework/Versions/A/CoreFoundation
0x000000000551f000 	/System/Library/Frameworks/Foundation.framework/Versions/C/Foundation
0x000000000551f000 	/System/Library/Frameworks/AppKit.framework/Versions/C/AppKit
0x000000000551f000 	/System/Library/Frameworks/CoreData.framework/Versions/A/CoreData
0x000000000551f000 	/System/Library/PrivateFrameworks/RemoteViewServices.framework/Versions/A/RemoteViewServices
0x000000000551f000 	/System/Library/PrivateFrameworks/UIFoundation.framework/Versions/A/UIFoundation
0x000000000551f000 	/System/Library/PrivateFrameworks/DFRFoundation.framework/Versions/A/DFRFoundation
0x000000000551f000 	/usr/lib/libenergytrace.dylib
0x000000000551f000 	/System/Library/PrivateFrameworks/SkyLight.framework/Versions/A/SkyLight
0x000000000551f000 	/System/Library/Frameworks/CoreGraphics.framework/Versions/A/CoreGraphics
0x000000000551f000 	/usr/lib/libScreenReader.dylib
0x000000000551f000 	/System/Library/Frameworks/Accelerate.framework/Versions/A/Accelerate
0x000000000551f000 	/System/Library/Frameworks/IOSurface.framework/Versions/A/IOSurface
0x000000000551f000 	/System/Library/Frameworks/AudioToolbox.framework/Versions/A/AudioToolbox
0x000000000551f000 	/System/Library/Frameworks/AudioUnit.framework/Versions/A/AudioUnit
0x000000000551f000 	/System/Library/PrivateFrameworks/DataDetectorsCore.framework/Versions/A/DataDetectorsCore
0x000000000551f000 	/System/Library/PrivateFrameworks/DesktopServicesPriv.framework/Versions/A/DesktopServicesPriv
0x000000000551f000 	/System/Library/Frameworks/Carbon.framework/Versions/A/Frameworks/HIToolbox.framework/Versions/A/HIToolbox
0x000000000551f000 	/usr/lib/libicucore.A.dylib
0x000000000551f000 	/System/Library/Frameworks/QuartzCore.framework/Versions/A/QuartzCore
0x000000000551f000 	/System/Library/Frameworks/Carbon.framework/Versions/A/Frameworks/SpeechRecognition.framework/Versions/A/SpeechRecognition
0x000000000551f000 	/usr/lib/libauto.dylib
0x000000000551f000 	/usr/lib/libxml2.2.dylib
0x000000000551f000 	/System/Library/PrivateFrameworks/CoreUI.framework/Versions/A/CoreUI
0x000000000551f000 	/System/Library/Frameworks/CoreAudio.framework/Versions/A/CoreAudio
0x000000000551f000 	/System/Library/Frameworks/DiskArbitration.framework/Versions/A/DiskArbitration
0x000000000551f000 	/usr/lib/liblangid.dylib
0x000000000551f000 	/System/Library/PrivateFrameworks/MultitouchSupport.framework/Versions/A/MultitouchSupport
0x000000000551f000 	/System/Library/Frameworks/IOKit.framework/Versions/A/IOKit
0x000000000551f000 	/usr/lib/libDiagnosticMessagesClient.dylib
0x000000000551f000 	/System/Library/Frameworks/CoreServices.framework/Versions/A/CoreServices
0x000000000551f000 	/System/Library/PrivateFrameworks/PerformanceAnalysis.framework/Versions/A/PerformanceAnalysis
0x000000000551f000 	/System/Library/PrivateFrameworks/GenerationalStorage.framework/Versions/A/GenerationalStorage
0x000000000551f000 	/System/Library/Frameworks/OpenGL.framework/Versions/A/OpenGL
0x000000000551f000 	/System/Library/Frameworks/CoreImage.framework/Versions/A/CoreImage
0x000000000551f000 	/System/Library/Frameworks/CoreText.framework/Versions/A/CoreText
0x000000000551f000 	/System/Library/Frameworks/ImageIO.framework/Versions/A/ImageIO
0x000000000551f000 	/System/Library/PrivateFrameworks/Backup.framework/Versions/A/Backup
0x000000000551f000 	/usr/lib/libarchive.2.dylib
0x000000000551f000 	/System/Library/Frameworks/CFNetwork.framework/Versions/A/CFNetwork
0x000000000551f000 	/System/Library/Frameworks/SystemConfiguration.framework/Versions/A/SystemConfiguration
0x000000000551f000 	/usr/lib/libCRFSuite.dylib
0x000000000551f000 	/usr/lib/libc++.1.dylib
0x000000000551f000 	/usr/lib/libc++abi.dylib
0x000000000551f000 	/usr/lib/system/libcache.dylib
0x000000000551f000 	/usr/lib/system/libcommonCrypto.dylib
0x000000000551f000 	/usr/lib/system/libcompiler_rt.dylib
0x000000000551f000 	/usr/lib/system/libcopyfile.dylib
0x000000000551f000 	/usr/lib/system/libcorecrypto.dylib
0x000000000551f000 	/usr/lib/system/libdispatch.dylib
0x000000000551f000 	/usr/lib/system/libdyld.dylib
0x000000000551f000 	/usr/lib/system/libkeymgr.dylib
0x000000000551f000 	/usr/lib/system/liblaunch.dylib
0x000000000551f000 	/usr/lib/system/libmacho.dylib
0x000000000551f000 	/usr/lib/system/libquarantine.dylib
0x000000000551f000 	/usr/lib/system/libremovefile.dylib
0x000000000551f000 	/usr/lib/system/libsystem_asl.dylib
0x000000000551f000 	/usr/lib/system/libsystem_blocks.dylib
0x000000000551f000 	/usr/lib/system/libsystem_c.dylib
0x000000000551f000 	/usr/lib/system/libsystem_configuration.dylib
0x000000000551f000 	/usr/lib/system/libsystem_coreservices.dylib
0x000000000551f000 	/usr/lib/system/libsystem_coretls.dylib
0x000000000551f000 	/usr/lib/system/libsystem_dnssd.dylib
0x000000000551f000 	/usr/lib/system/libsystem_info.dylib
0x000000000551f000 	/usr/lib/system/libsystem_kernel.dylib
0x000000000551f000 	/usr/lib/system/libsystem_m.dylib
0x000000000551f000 	/usr/lib/system/libsystem_malloc.dylib
0x000000000551f000 	/usr/lib/system/libsystem_network.dylib
0x000000000551f000 	/usr/lib/system/libsystem_networkextension.dylib
0x000000000551f000 	/usr/lib/system/libsystem_notify.dylib
0x000000000551f000 	/usr/lib/system/libsystem_platform.dylib
0x000000000551f000 	/usr/lib/system/libsystem_pthread.dylib
0x000000000551f000 	/usr/lib/system/libsystem_sandbox.dylib
0x000000000551f000 	/usr/lib/system/libsystem_secinit.dylib
0x000000000551f000 	/usr/lib/system/libsystem_symptoms.dylib
0x000000000551f000 	/usr/lib/system/libsystem_trace.dylib
0x000000000551f000 	/usr/lib/system/libunwind.dylib
0x000000000551f000 	/usr/lib/system/libxpc.dylib
0x000000000551f000 	/usr/lib/libbsm.0.dylib
0x000000000551f000 	/usr/lib/system/libkxld.dylib
0x000000000551f000 	/usr/lib/libcoretls.dylib
0x000000000551f000 	/usr/lib/libcoretls_cfhelpers.dylib
0x000000000551f000 	/usr/lib/libOpenScriptingUtil.dylib
0x000000000551f000 	/usr/lib/libpam.2.dylib
0x000000000551f000 	/usr/lib/libsqlite3.dylib
0x000000000551f000 	/usr/lib/libxar.1.dylib
0x000000000551f000 	/usr/lib/libbz2.1.0.dylib
0x000000000551f000 	/usr/lib/liblzma.5.dylib
0x000000000551f000 	/usr/lib/libnetwork.dylib
0x000000000551f000 	/usr/lib/libpcap.A.dylib
0x000000000551f000 	/System/Library/Frameworks/CoreServices.framework/Versions/A/Frameworks/FSEvents.framework/Versions/A/FSEvents
0x000000000551f000 	/System/Library/Frameworks/CoreServices.framework/Versions/A/Frameworks/CarbonCore.framework/Versions/A/CarbonCore
0x000000000551f000 	/System/Library/Frameworks/CoreServices.framework/Versions/A/Frameworks/Metadata.framework/Versions/A/Metadata
0x000000000551f000 	/System/Library/Frameworks/CoreServices.framework/Versions/A/Frameworks/OSServices.framework/Versions/A/OSServices
0x000000000551f000 	/System/Library/Frameworks/CoreServices.framework/Versions/A/Frameworks/SearchKit.framework/Versions/A/SearchKit
0x000000000551f000 	/System/Library/Frameworks/CoreServices.framework/Versions/A/Frameworks/AE.framework/Versions/A/AE
0x000000000551f000 	/System/Library/Frameworks/CoreServices.framework/Versions/A/Frameworks/LaunchServices.framework/Versions/A/LaunchServices
0x000000000551f000 	/System/Library/Frameworks/CoreServices.framework/Versions/A/Frameworks/DictionaryServices.framework/Versions/A/DictionaryServices
0x000000000551f000 	/System/Library/Frameworks/CoreServices.framework/Versions/A/Frameworks/SharedFileList.framework/Versions/A/SharedFileList
0x000000000551f000 	/System/Library/Frameworks/NetFS.framework/Versions/A/NetFS
0x000000000551f000 	/System/Library/PrivateFrameworks/NetAuth.framework/Versions/A/NetAuth
0x000000000551f000 	/System/Library/PrivateFrameworks/login.framework/Versions/A/Frameworks/loginsupport.framework/Versions/A/loginsupport
0x000000000551f000 	/System/Library/PrivateFrameworks/TCC.framework/Versions/A/TCC
0x000000000551f000 	/usr/lib/libmecabra.dylib
0x000000000551f000 	/System/Library/Frameworks/ApplicationServices.framework/Versions/A/Frameworks/ATS.framework/Versions/A/ATS
0x000000000551f000 	/System/Library/Frameworks/ApplicationServices.framework/Versions/A/Frameworks/ColorSync.framework/Versions/A/ColorSync
0x000000000551f000 	/System/Library/Frameworks/ApplicationServices.framework/Versions/A/Frameworks/HIServices.framework/Versions/A/HIServices
0x000000000551f000 	/System/Library/Frameworks/ApplicationServices.framework/Versions/A/Frameworks/LangAnalysis.framework/Versions/A/LangAnalysis
0x000000000551f000 	/System/Library/Frameworks/ApplicationServices.framework/Versions/A/Frameworks/PrintCore.framework/Versions/A/PrintCore
0x000000000551f000 	/System/Library/Frameworks/ApplicationServices.framework/Versions/A/Frameworks/QD.framework/Versions/A/QD
0x000000000551f000 	/System/Library/Frameworks/ApplicationServices.framework/Versions/A/Frameworks/SpeechSynthesis.framework/Versions/A/SpeechSynthesis
0x000000000551f000 	/System/Library/Frameworks/Accelerate.framework/Versions/A/Frameworks/vImage.framework/Versions/A/vImage
0x000000000551f000 	/System/Library/Frameworks/Accelerate.framework/Versions/A/Frameworks/vecLib.framework/Versions/A/vecLib
0x000000000551f000 	/System/Library/Frameworks/Accelerate.framework/Versions/A/Frameworks/vecLib.framework/Versions/A/libvDSP.dylib
0x000000000551f000 	/System/Library/Frameworks/Accelerate.framework/Versions/A/Frameworks/vecLib.framework/Versions/A/libBNNS.dylib
0x000000000551f000 	/System/Library/Frameworks/Accelerate.framework/Versions/A/Frameworks/vecLib.framework/Versions/A/libQuadrature.dylib
0x000000000551f000 	/System/Library/Frameworks/Accelerate.framework/Versions/A/Frameworks/vecLib.framework/Versions/A/libvMisc.dylib
0x000000000551f000 	/System/Library/Frameworks/Accelerate.framework/Versions/A/Frameworks/vecLib.framework/Versions/A/libLAPACK.dylib
0x000000000551f000 	/System/Library/Frameworks/Accelerate.framework/Versions/A/Frameworks/vecLib.framework/Versions/A/libBLAS.dylib
0x000000000551f000 	/System/Library/Frameworks/Accelerate.framework/Versions/A/Frameworks/vecLib.framework/Versions/A/libLinearAlgebra.dylib
0x000000000551f000 	/System/Library/Frameworks/Accelerate.framework/Versions/A/Frameworks/vecLib.framework/Versions/A/libSparseBLAS.dylib
0x000000000551f000 	/System/Library/Frameworks/ApplicationServices.framework/Versions/A/Frameworks/ATS.framework/Versions/A/Resources/libFontParser.dylib
0x000000000551f000 	/System/Library/Frameworks/ApplicationServices.framework/Versions/A/Frameworks/ATS.framework/Versions/A/Resources/libFontRegistry.dylib
0x000000000551f000 	/System/Library/Frameworks/ImageIO.framework/Versions/A/Resources/libJPEG.dylib
0x000000000551f000 	/System/Library/Frameworks/ImageIO.framework/Versions/A/Resources/libTIFF.dylib
0x000000000551f000 	/System/Library/Frameworks/ImageIO.framework/Versions/A/Resources/libPng.dylib
0x000000000551f000 	/System/Library/Frameworks/ImageIO.framework/Versions/A/Resources/libGIF.dylib
0x000000000551f000 	/System/Library/Frameworks/ImageIO.framework/Versions/A/Resources/libJP2.dylib
0x000000000551f000 	/System/Library/Frameworks/ImageIO.framework/Versions/A/Resources/libRadiance.dylib
0x000000000551f000 	/usr/lib/libcompression.dylib
0x000000000551f000 	/System/Library/PrivateFrameworks/AppleJPEG.framework/Versions/A/AppleJPEG
0x000000000551f000 	/usr/lib/libcups.2.dylib
0x000000000551f000 	/System/Library/Frameworks/Kerberos.framework/Versions/A/Kerberos
0x000000000551f000 	/System/Library/Frameworks/GSS.framework/Versions/A/GSS
0x000000000551f000 	/usr/lib/libresolv.9.dylib
0x000000000551f000 	/usr/lib/libiconv.2.dylib
0x000000000551f000 	/System/Library/PrivateFrameworks/Heimdal.framework/Versions/A/Heimdal
0x000000000551f000 	/usr/lib/libheimdal-asn1.dylib
0x000000000551f000 	/System/Library/Frameworks/OpenDirectory.framework/Versions/A/OpenDirectory
0x000000000551f000 	/System/Library/PrivateFrameworks/CommonAuth.framework/Versions/A/CommonAuth
0x000000000551f000 	/System/Library/Frameworks/OpenDirectory.framework/Versions/A/Frameworks/CFOpenDirectory.framework/Versions/A/CFOpenDirectory
0x000000000551f000 	/System/Library/Frameworks/SecurityFoundation.framework/Versions/A/SecurityFoundation
0x000000000551f000 	/System/Library/PrivateFrameworks/LanguageModeling.framework/Versions/A/LanguageModeling
0x000000000551f000 	/usr/lib/libmarisa.dylib
0x000000000551f000 	/usr/lib/libChineseTokenizer.dylib
0x000000000551f000 	/usr/lib/libcmph.dylib
0x000000000551f000 	/System/Library/PrivateFrameworks/CoreEmoji.framework/Versions/A/CoreEmoji
0x000000000551f000 	/System/Library/Frameworks/ServiceManagement.framework/Versions/A/ServiceManagement
0x000000000551f000 	/usr/lib/libxslt.1.dylib
0x000000000551f000 	/System/Library/Frameworks/Carbon.framework/Versions/A/Frameworks/Ink.framework/Versions/A/Ink
0x000000000551f000 	/System/Library/PrivateFrameworks/TextureIO.framework/Versions/A/TextureIO
0x000000000551f000 	/System/Library/Frameworks/Metal.framework/Versions/A/Metal
0x000000000551f000 	/usr/lib/libate.dylib
0x000000000551f000 	/System/Library/PrivateFrameworks/GPUCompiler.framework/libmetal_timestamp.dylib
0x000000000551f000 	/System/Library/Frameworks/OpenGL.framework/Versions/A/Libraries/libCoreFSCache.dylib
0x000000000551f000 	/System/Library/PrivateFrameworks/IOAccelerator.framework/Versions/A/IOAccelerator
0x000000000551f000 	/System/Library/Frameworks/CoreVideo.framework/Versions/A/CoreVideo
0x000000000551f000 	/usr/lib/libFosl_dynamic.dylib
0x000000000551f000 	/System/Library/PrivateFrameworks/MetalPerformanceShaders.framework/Versions/A/MetalPerformanceShaders
0x000000000551f000 	/System/Library/PrivateFrameworks/FaceCore.framework/Versions/A/FaceCore
0x000000000551f000 	/System/Library/Frameworks/OpenCL.framework/Versions/A/OpenCL
0x000000000551f000 	/System/Library/Frameworks/OpenGL.framework/Versions/A/Libraries/libGLU.dylib
0x000000000551f000 	/System/Library/Frameworks/OpenGL.framework/Versions/A/Libraries/libGFXShared.dylib
0x000000000551f000 	/System/Library/Frameworks/OpenGL.framework/Versions/A/Libraries/libGL.dylib
0x000000000551f000 	/System/Library/Frameworks/OpenGL.framework/Versions/A/Libraries/libGLImage.dylib
0x000000000551f000 	/System/Library/Frameworks/OpenGL.framework/Versions/A/Libraries/libCVMSPluginSupport.dylib
0x000000000551f000 	/System/Library/Frameworks/OpenGL.framework/Versions/A/Libraries/libCoreVMClient.dylib
0x000000000551f000 	/System/Library/PrivateFrameworks/CrashReporterSupport.framework/Versions/A/CrashReporterSupport
0x000000000551f000 	/System/Library/PrivateFrameworks/Sharing.framework/Versions/A/Sharing
0x000000000551f000 	/System/Library/PrivateFrameworks/IconServices.framework/Versions/A/IconServices
0x000000000551f000 	/System/Library/PrivateFrameworks/ProtocolBuffer.framework/Versions/A/ProtocolBuffer
0x000000000551f000 	/System/Library/PrivateFrameworks/Apple80211.framework/Versions/A/Apple80211
0x000000000551f000 	/System/Library/Frameworks/CoreWLAN.framework/Versions/A/CoreWLAN
0x000000000551f000 	/System/Library/PrivateFrameworks/CoreUtils.framework/Versions/A/CoreUtils
0x000000000551f000 	/System/Library/Frameworks/IOBluetooth.framework/Versions/A/IOBluetooth
0x000000000551f000 	/System/Library/PrivateFrameworks/CoreWiFi.framework/Versions/A/CoreWiFi
0x000000000551f000 	/System/Library/Frameworks/CoreBluetooth.framework/Versions/A/CoreBluetooth
0x000000000551f000 	/System/Library/Frameworks/CoreDisplay.framework/Versions/A/CoreDisplay
0x000000000551f000 	/System/Library/PrivateFrameworks/IOPresentment.framework/Versions/A/IOPresentment
0x000000000551f000 	/System/Library/PrivateFrameworks/DSExternalDisplay.framework/Versions/A/DSExternalDisplay
0x000000000551f000 	/System/Library/PrivateFrameworks/DebugSymbols.framework/Versions/A/DebugSymbols
0x000000000551f000 	/System/Library/PrivateFrameworks/CoreSymbolication.framework/Versions/A/CoreSymbolication
0x000000000551f000 	/System/Library/PrivateFrameworks/Symbolication.framework/Versions/A/Symbolication
0x000000000551f000 	/System/Library/PrivateFrameworks/AppleFSCompression.framework/Versions/A/AppleFSCompression
0x000000000551f000 	/System/Library/PrivateFrameworks/SpeechRecognitionCore.framework/Versions/A/SpeechRecognitionCore
0x000000000551f000 	/System/Library/PrivateFrameworks/ChunkingLibrary.framework/Versions/A/ChunkingLibrary
0x000000010927e000 	/Library/Java/JavaVirtualMachines/jdk1.8.0_161.jdk/Contents/Home/jre/lib/server/libjvm.dylib
0x000000000551f000 	/usr/lib/libstdc++.6.dylib
0x000000010a22c000 	/Library/Java/JavaVirtualMachines/jdk1.8.0_161.jdk/Contents/Home/jre/lib/libverify.dylib
0x000000010a23a000 	/Library/Java/JavaVirtualMachines/jdk1.8.0_161.jdk/Contents/Home/jre/lib/libjava.dylib
0x000000010a27a000 	/Library/Java/JavaVirtualMachines/jdk1.8.0_161.jdk/Contents/Home/jre/lib/libzip.dylib
0x0000000110ab9000 	/Library/Java/JavaVirtualMachines/jdk1.8.0_161.jdk/Contents/Home/jre/lib/libnio.dylib
0x0000000110ac9000 	/Library/Java/JavaVirtualMachines/jdk1.8.0_161.jdk/Contents/Home/jre/lib/./libnet.dylib

VM Arguments:
java_command: /Users/mohammadomar/Desktop/node-js-getting-started/ont.jar /Users/mohammadomar/Desktop/node-js-getting-started/ontologies/pizzza.owl /Users/mohammadomar/Desktop/node-js-getting-started/questions/ oooiu.json
java_class_path (initial): /Users/mohammadomar/Desktop/node-js-getting-started/ont.jar
Launcher Type: SUN_STANDARD

Environment Variables:
PATH=/Users/mohammadomar/.npm-packages/lib/node_modules/npm/bin/node-gyp-bin:/Users/mohammadomar/Desktop/node-js-getting-started/node_modules/.bin:/Users/mohammadomar/.npm-packages/bin:/usr/local/bin:/usr/bin:/bin:/usr/sbin:/sbin:/Users/mohammadomar/.npm-packages/bin
SHELL=/bin/bash

Signal Handlers:
SIGSEGV: [libjvm.dylib+0x5b5439], sa_mask[0]=11111111011111110111111111111111, sa_flags=SA_ONSTACK|SA_RESTART|SA_SIGINFO
SIGBUS: [libjvm.dylib+0x5b5439], sa_mask[0]=11111111011111110111111111111111, sa_flags=SA_RESTART|SA_SIGINFO
SIGFPE: [libjvm.dylib+0x48ae24], sa_mask[0]=11111111011111110111111111111111, sa_flags=SA_RESTART|SA_SIGINFO
SIGPIPE: [libjvm.dylib+0x48ae24], sa_mask[0]=11111111011111110111111111111111, sa_flags=SA_RESTART|SA_SIGINFO
SIGXFSZ: [libjvm.dylib+0x48ae24], sa_mask[0]=11111111011111110111111111111111, sa_flags=SA_RESTART|SA_SIGINFO
SIGILL: [libjvm.dylib+0x48ae24], sa_mask[0]=11111111011111110111111111111111, sa_flags=SA_RESTART|SA_SIGINFO
SIGUSR1: SIG_DFL, sa_mask[0]=11111111011111110111111111111111, sa_flags=none
SIGUSR2: [libjvm.dylib+0x48a942], sa_mask[0]=00000000000000000000000000000000, sa_flags=SA_RESTART|SA_SIGINFO
SIGHUP: [libjvm.dylib+0x488f0d], sa_mask[0]=11111111011111110111111111111111, sa_flags=SA_RESTART|SA_SIGINFO
SIGINT: [libjvm.dylib+0x488f0d], sa_mask[0]=11111111011111110111111111111111, sa_flags=SA_RESTART|SA_SIGINFO
SIGTERM: [libjvm.dylib+0x488f0d], sa_mask[0]=11111111011111110111111111111111, sa_flags=SA_RESTART|SA_SIGINFO
SIGQUIT: [libjvm.dylib+0x488f0d], sa_mask[0]=11111111011111110111111111111111, sa_flags=SA_RESTART|SA_SIGINFO


---------------  S Y S T E M  ---------------

OS:Bsduname:Darwin 16.7.0 Darwin Kernel Version 16.7.0: Thu Jan 11 22:59:40 PST 2018; root:xnu-3789.73.8~1/RELEASE_X86_64 x86_64
rlimit: STACK 8192k, CORE 0k, NPROC 709, NOFILE 10240, AS infinity
load average:8.98 17.78 10.99

CPU:total 2 (initial active 2) (2 cores per cpu, 1 threads per core) family 6 model 23 stepping 10, cmov, cx8, fxsr, mmx, sse, sse2, sse3, ssse3, sse4.1, tsc

Memory: 4k page, physical 8388608k(34772k free)

/proc/meminfo:


vm_info: Java HotSpot(TM) 64-Bit Server VM (25.161-b12) for bsd-amd64 JRE (1.8.0_161-b12), built on Dec 19 2017 16:22:20 by "java_re" with gcc 4.2.1 (Based on Apple Inc. build 5658) (LLVM build 2336.11.00)

time: Tue Apr 24 11:10:53 2018
elapsed time: 10 seconds (0d 0h 0m 10s)

