#
# A fatal error has been detected by the Java Runtime Environment:
#
#  SIGBUS (0xa) at pc=0x00000001064c4e92, pid=9877, tid=0x0000000000001c03
#
# JRE version: Java(TM) SE Runtime Environment (8.0_161-b12) (build 1.8.0_161-b12)
# Java VM: Java HotSpot(TM) 64-Bit Server VM (25.161-b12 mixed mode bsd-amd64 compressed oops)
# Problematic frame:
# C  [libzip.dylib+0x2e92]  newEntry+0x154
#
# Failed to write core dump. Core dumps have been disabled. To enable core dumping, try "ulimit -c unlimited" before starting Java again
#
# If you would like to submit a bug report, please visit:
#   http://bugreport.java.com/bugreport/crash.jsp
# The crash happened outside the Java Virtual Machine in native code.
# See problematic frame for where to report the bug.
#

---------------  T H R E A D  ---------------

Current thread (0x00007fbb09803800):  JavaThread "main" [_thread_in_native, id=7171, stack(0x000070000341f000,0x000070000351f000)]

siginfo: si_signo: 10 (SIGBUS), si_code: 2 (BUS_ADRERR), si_addr: 0x000000010f66ac70

Registers:
RAX=0x00007fbb09526620, RBX=0x000000010f66ac64, RCX=0x0000000000000001, RDX=0x0000000000000c00
RSP=0x000070000351bf80, RBP=0x000070000351bfe0, RSI=0x0000000000000200, RDI=0x0000000000000ce9
R8 =0x0000000000000048, R9 =0x00007fbb096ce840, R10=0x00000000fffffe00, R11=0x000070000351c05e
R12=0x000000010f59f000, R13=0x0000000000019ab0, R14=0x0000000032285d1a, R15=0x00007fbb096c46f0
RIP=0x00000001064c4e92, EFLAGS=0x0000000000010202, ERR=0x0000000000000004
  TRAPNO=0x000000000000000e

Top of Stack: (sp=0x000070000351bf80)
0x000070000351bf80:   000070000351c650 00000000000000b6
0x000070000351bf90:   000070000351def0 000070000351def4
0x000070000351bfa0:   000070000351bfc0 00007fbb09526620
0x000070000351bfb0:   00007fbb096ce840 00007fbb09526620
0x000070000351bfc0:   000000010f59f000 0000000000019ab0
0x000070000351bfd0:   0000000032285d1a 00007fbb096c46f0
0x000070000351bfe0:   000070000351c040 00000001064c552d
0x000070000351bff0:   000070000351c0a9 000070000351c0a8
0x000070000351c000:   0000004900000000 0000004a01803800
0x000070000351c010:   000070000351c05e 000070000351c4a8
0x000070000351c020:   000000000000004a 000070000351c05e
0x000070000351c030:   00007fbb09526620 00007fbb098039f8
0x000070000351c040:   000070000351c490 00000001064c4238
0x000070000351c050:   000070000351df20 726f700000000001
0x000070000351c060:   6568636170612f67 78652f616e656a2f
0x000070000351c070:   6f672f6d6f632f74 6d6f632f656c676f
0x000070000351c080:   686361632f6e6f6d 436c61636f4c2f65
0x000070000351c090:   6363412465686361 6575657551737365
0x000070000351c0a0:   7373616c632e3224 0000000000000000
0x000070000351c0b0:   00007fffc6b1e680 0000000000000000
0x000070000351c0c0:   000000010701a7da 0000000000000057
0x000070000351c0d0:   000070000351c4c0 00007fffc6ae098b
0x000070000351c0e0:   00007fffcf9bc6b8 0000000106fec931
0x000070000351c0f0:   0000000106fec931 0000000000000005
0x000070000351c100:   000070000351c4f0 00007fffc6ae098b
0x000070000351c110:   0000000000000052 000000010701a7d8
0x000070000351c120:   00000007a4b202a0 00000001151aa1e8
0x000070000351c130:   00000007a4b20288 000000011519f5b4
0x000070000351c140:   0000000711bed4b3 00000007a4b20288
0x000070000351c150:   00000052f80002da 0000000000000001
0x000070000351c160:   0000000000000000 00007fbb09803800
0x000070000351c170:   00000007a4b20200 00007fbb09408350 

Instructions: (pc=0x00000001064c4e92)
0x00000001064c4e72:   49 8b 7f 38 e8 5b 1b 00 00 4d 89 77 38 49 89 5f
0x00000001064c4e82:   40 4c 89 f0 48 85 c0 0f 84 11 05 00 00 48 89 c3
0x00000001064c4e92:   0f b6 43 0c 0f b6 4b 0d 48 c1 e1 08 48 01 c1 0f
0x00000001064c4ea2:   b6 43 0e 0f b6 53 0f 48 c1 e2 08 48 01 c2 48 c1 

Register to memory mapping:

RAX=0x00007fbb09526620 is an unknown value
RBX=0x000000010f66ac64 is an unknown value
RCX=0x0000000000000001 is an unknown value
RDX=0x0000000000000c00 is an unknown value
RSP=0x000070000351bf80 is pointing into the stack for thread: 0x00007fbb09803800
RBP=0x000070000351bfe0 is pointing into the stack for thread: 0x00007fbb09803800
RSI=0x0000000000000200 is an unknown value
RDI=0x0000000000000ce9 is an unknown value
R8 =0x0000000000000048 is an unknown value
R9 =0x00007fbb096ce840 is an unknown value
R10=0x00000000fffffe00 is an unknown value
R11=0x000070000351c05e is pointing into the stack for thread: 0x00007fbb09803800
R12=0x000000010f59f000 is an unknown value
R13=0x0000000000019ab0 is an unknown value
R14=0x0000000032285d1a is an unknown value
R15=0x00007fbb096c46f0 is an unknown value


Stack: [0x000070000341f000,0x000070000351f000],  sp=0x000070000351bf80,  free space=1011k
Native frames: (J=compiled Java code, j=interpreted, Vv=VM code, C=native code)
C  [libzip.dylib+0x2e92]  newEntry+0x154
C  [libzip.dylib+0x352d]  ZIP_GetEntry2+0xd4
C  [libzip.dylib+0x2238]  Java_java_util_zip_ZipFile_getEntry+0xcf
J 310  java.util.zip.ZipFile.getEntry(J[BZ)J (0 bytes) @ 0x0000000115102c8e [0x0000000115102bc0+0xce]
J 594 C2 sun.misc.URLClassPath$JarLoader.getResource(Ljava/lang/String;Z)Lsun/misc/Resource; (85 bytes) @ 0x00000001151d5fc4 [0x00000001151d5ac0+0x504]
J 360 C1 sun.misc.URLClassPath.getResource(Ljava/lang/String;Z)Lsun/misc/Resource; (83 bytes) @ 0x000000011511ae6c [0x000000011511ad00+0x16c]
J 385 C1 java.net.URLClassLoader$1.run()Ljava/lang/Class; (63 bytes) @ 0x000000011512b2bc [0x000000011512b0a0+0x21c]
J 384 C1 java.net.URLClassLoader$1.run()Ljava/lang/Object; (5 bytes) @ 0x000000011512734c [0x00000001151272c0+0x8c]
v  ~StubRoutines::call_stub
V  [libjvm.dylib+0x2ef9aa]  JavaCalls::call_helper(JavaValue*, methodHandle*, JavaCallArguments*, Thread*)+0x6ae
V  [libjvm.dylib+0x35019c]  JVM_DoPrivileged+0x4b8
J 379  java.security.AccessController.doPrivileged(Ljava/security/PrivilegedExceptionAction;Ljava/security/AccessControlContext;)Ljava/lang/Object; (0 bytes) @ 0x0000000115129855 [0x0000000115129780+0xd5]
J 362 C1 java.net.URLClassLoader.findClass(Ljava/lang/String;)Ljava/lang/Class; (47 bytes) @ 0x000000011511ca54 [0x000000011511c8c0+0x194]
J 298 C1 java.lang.ClassLoader.loadClass(Ljava/lang/String;Z)Ljava/lang/Class; (122 bytes) @ 0x00000001150f9524 [0x00000001150f8bc0+0x964]
J 321 C1 sun.misc.Launcher$AppClassLoader.loadClass(Ljava/lang/String;Z)Ljava/lang/Class; (85 bytes) @ 0x0000000115108fa4 [0x0000000115108600+0x9a4]
J 320 C1 java.lang.ClassLoader.loadClass(Ljava/lang/String;)Ljava/lang/Class; (7 bytes) @ 0x0000000115108244 [0x0000000115108140+0x104]
v  ~StubRoutines::call_stub
V  [libjvm.dylib+0x2ef9aa]  JavaCalls::call_helper(JavaValue*, methodHandle*, JavaCallArguments*, Thread*)+0x6ae
V  [libjvm.dylib+0x2f014e]  JavaCalls::call_virtual(JavaValue*, KlassHandle, Symbol*, Symbol*, JavaCallArguments*, Thread*)+0x164
V  [libjvm.dylib+0x2f02a6]  JavaCalls::call_virtual(JavaValue*, Handle, KlassHandle, Symbol*, Symbol*, Handle, Thread*)+0x56
V  [libjvm.dylib+0x53fbc2]  SystemDictionary::load_instance_class(Symbol*, Handle, Thread*)+0x2d8
V  [libjvm.dylib+0x53f38a]  SystemDictionary::resolve_instance_class_or_null(Symbol*, Handle, Handle, Thread*)+0x484
V  [libjvm.dylib+0x53fdde]  SystemDictionary::resolve_or_null(Symbol*, Handle, Handle, Thread*)+0x106
V  [libjvm.dylib+0x540491]  SystemDictionary::resolve_or_fail(Symbol*, Handle, Handle, bool, Thread*)+0x31
V  [libjvm.dylib+0x1e403e]  ConstantPool::klass_at_impl(constantPoolHandle, int, Thread*)+0x2ee
V  [libjvm.dylib+0x453bfe]  ConstantPool::klass_at(int, Thread*)+0x92
V  [libjvm.dylib+0x2eb39d]  InterpreterRuntime::_new(JavaThread*, ConstantPool*, int)+0x2d
j  org.apache.jena.ext.com.google.common.cache.LocalCache$AccessQueue.iterator()Ljava/util/Iterator;+0
j  org.apache.jena.ext.com.google.common.cache.LocalCache$Segment.getNextEvictable()Lorg/apache/jena/ext/com/google/common/cache/LocalCache$ReferenceEntry;+4
J 1506 C1 org.apache.jena.ext.com.google.common.cache.LocalCache$Segment.evictEntries(Lorg/apache/jena/ext/com/google/common/cache/LocalCache$ReferenceEntry;)V (106 bytes) @ 0x00000001154388a4 [0x00000001154383e0+0x4c4]
J 2117 C1 org.apache.jena.ext.com.google.common.cache.LocalCache$Segment.put(Ljava/lang/Object;ILjava/lang/Object;Z)Ljava/lang/Object; (439 bytes) @ 0x00000001156fd1d4 [0x00000001156fc9e0+0x7f4]
J 2122 C1 org.apache.jena.ext.com.google.common.cache.LocalCache.put(Ljava/lang/Object;Ljava/lang/Object;)Ljava/lang/Object; (29 bytes) @ 0x000000011570b254 [0x000000011570b140+0x114]
J 2268 C1 org.apache.jena.enhanced.EnhGraph.getNodeAs(Lorg/apache/jena/graph/Node;Ljava/lang/Class;)Lorg/apache/jena/rdf/model/RDFNode; (54 bytes) @ 0x00000001157b655c [0x00000001157b5aa0+0xabc]
J 2175 C1 org.apache.jena.ontology.impl.OntModelImpl$$Lambda$30.apply(Ljava/lang/Object;)Ljava/lang/Object; (16 bytes) @ 0x000000011575d62c [0x000000011575d360+0x2cc]
J 2148 C2 org.apache.jena.util.iterator.Map1Iterator.next()Ljava/lang/Object; (19 bytes) @ 0x000000011573ea18 [0x000000011573e920+0xf8]
J 1359 C2 org.apache.jena.util.iterator.FilterIterator.hasNext()Z (49 bytes) @ 0x00000001154246ec [0x0000000115424640+0xac]
J 1359 C2 org.apache.jena.util.iterator.FilterIterator.hasNext()Z (49 bytes) @ 0x00000001154246c0 [0x0000000115424640+0x80]
j  OntUtil.generateQuestionWithSuperClassesIndividuals(Lorg/apache/jena/ontology/OntModel;Ljava/lang/String;Ljava/lang/String;)Ljava/util/ArrayList;+305
j  ont.main([Ljava/lang/String;)V+63
v  ~StubRoutines::call_stub
V  [libjvm.dylib+0x2ef9aa]  JavaCalls::call_helper(JavaValue*, methodHandle*, JavaCallArguments*, Thread*)+0x6ae
V  [libjvm.dylib+0x326841]  jni_invoke_static(JNIEnv_*, JavaValue*, _jobject*, JNICallType, _jmethodID*, JNI_ArgumentPusher*, Thread*)+0x1bf
V  [libjvm.dylib+0x31f5cd]  jni_CallStaticVoidMethod+0x15d
C  [java+0x38d1]  JavaMain+0x9c4
C  [libsystem_pthread.dylib+0x393b]  _pthread_body+0xb4
C  [libsystem_pthread.dylib+0x3887]  _pthread_body+0x0
C  [libsystem_pthread.dylib+0x308d]  thread_start+0xd
C  0x0000000000000000

Java frames: (J=compiled Java code, j=interpreted, Vv=VM code)
J 310  java.util.zip.ZipFile.getEntry(J[BZ)J (0 bytes) @ 0x0000000115102c18 [0x0000000115102bc0+0x58]
J 594 C2 sun.misc.URLClassPath$JarLoader.getResource(Ljava/lang/String;Z)Lsun/misc/Resource; (85 bytes) @ 0x00000001151d5fc4 [0x00000001151d5ac0+0x504]
J 360 C1 sun.misc.URLClassPath.getResource(Ljava/lang/String;Z)Lsun/misc/Resource; (83 bytes) @ 0x000000011511ae6c [0x000000011511ad00+0x16c]
J 385 C1 java.net.URLClassLoader$1.run()Ljava/lang/Class; (63 bytes) @ 0x000000011512b2bc [0x000000011512b0a0+0x21c]
J 384 C1 java.net.URLClassLoader$1.run()Ljava/lang/Object; (5 bytes) @ 0x000000011512734c [0x00000001151272c0+0x8c]
v  ~StubRoutines::call_stub
J 379  java.security.AccessController.doPrivileged(Ljava/security/PrivilegedExceptionAction;Ljava/security/AccessControlContext;)Ljava/lang/Object; (0 bytes) @ 0x00000001151297e3 [0x0000000115129780+0x63]
J 362 C1 java.net.URLClassLoader.findClass(Ljava/lang/String;)Ljava/lang/Class; (47 bytes) @ 0x000000011511ca54 [0x000000011511c8c0+0x194]
J 298 C1 java.lang.ClassLoader.loadClass(Ljava/lang/String;Z)Ljava/lang/Class; (122 bytes) @ 0x00000001150f9524 [0x00000001150f8bc0+0x964]
J 321 C1 sun.misc.Launcher$AppClassLoader.loadClass(Ljava/lang/String;Z)Ljava/lang/Class; (85 bytes) @ 0x0000000115108fa4 [0x0000000115108600+0x9a4]
J 320 C1 java.lang.ClassLoader.loadClass(Ljava/lang/String;)Ljava/lang/Class; (7 bytes) @ 0x0000000115108244 [0x0000000115108140+0x104]
v  ~StubRoutines::call_stub
j  org.apache.jena.ext.com.google.common.cache.LocalCache$AccessQueue.iterator()Ljava/util/Iterator;+0
j  org.apache.jena.ext.com.google.common.cache.LocalCache$Segment.getNextEvictable()Lorg/apache/jena/ext/com/google/common/cache/LocalCache$ReferenceEntry;+4
J 1506 C1 org.apache.jena.ext.com.google.common.cache.LocalCache$Segment.evictEntries(Lorg/apache/jena/ext/com/google/common/cache/LocalCache$ReferenceEntry;)V (106 bytes) @ 0x00000001154388a4 [0x00000001154383e0+0x4c4]
J 2117 C1 org.apache.jena.ext.com.google.common.cache.LocalCache$Segment.put(Ljava/lang/Object;ILjava/lang/Object;Z)Ljava/lang/Object; (439 bytes) @ 0x00000001156fd1d4 [0x00000001156fc9e0+0x7f4]
J 2122 C1 org.apache.jena.ext.com.google.common.cache.LocalCache.put(Ljava/lang/Object;Ljava/lang/Object;)Ljava/lang/Object; (29 bytes) @ 0x000000011570b254 [0x000000011570b140+0x114]
J 2268 C1 org.apache.jena.enhanced.EnhGraph.getNodeAs(Lorg/apache/jena/graph/Node;Ljava/lang/Class;)Lorg/apache/jena/rdf/model/RDFNode; (54 bytes) @ 0x00000001157b655c [0x00000001157b5aa0+0xabc]
J 2175 C1 org.apache.jena.ontology.impl.OntModelImpl$$Lambda$30.apply(Ljava/lang/Object;)Ljava/lang/Object; (16 bytes) @ 0x000000011575d62c [0x000000011575d360+0x2cc]
J 2148 C2 org.apache.jena.util.iterator.Map1Iterator.next()Ljava/lang/Object; (19 bytes) @ 0x000000011573ea18 [0x000000011573e920+0xf8]
J 1359 C2 org.apache.jena.util.iterator.FilterIterator.hasNext()Z (49 bytes) @ 0x00000001154246ec [0x0000000115424640+0xac]
J 1359 C2 org.apache.jena.util.iterator.FilterIterator.hasNext()Z (49 bytes) @ 0x00000001154246c0 [0x0000000115424640+0x80]
j  OntUtil.generateQuestionWithSuperClassesIndividuals(Lorg/apache/jena/ontology/OntModel;Ljava/lang/String;Ljava/lang/String;)Ljava/util/ArrayList;+305
j  ont.main([Ljava/lang/String;)V+63
v  ~StubRoutines::call_stub

---------------  P R O C E S S  ---------------

Java Threads: ( => current thread )
  0x00007fbb0a01c000 JavaThread "Service Thread" daemon [_thread_blocked, id=17155, stack(0x0000700003d3a000,0x0000700003e3a000)]
  0x00007fbb09883000 JavaThread "C1 CompilerThread1" daemon [_thread_blocked, id=16643, stack(0x0000700003c37000,0x0000700003d37000)]
  0x00007fbb0a02b000 JavaThread "C2 CompilerThread0" daemon [_thread_blocked, id=16131, stack(0x0000700003b34000,0x0000700003c34000)]
  0x00007fbb0989c000 JavaThread "Signal Dispatcher" daemon [_thread_blocked, id=15619, stack(0x0000700003a31000,0x0000700003b31000)]
  0x00007fbb0a01a000 JavaThread "Finalizer" daemon [_thread_blocked, id=11523, stack(0x000070000392e000,0x0000700003a2e000)]
  0x00007fbb0a017000 JavaThread "Reference Handler" daemon [_thread_blocked, id=11011, stack(0x000070000382b000,0x000070000392b000)]
=>0x00007fbb09803800 JavaThread "main" [_thread_in_native, id=7171, stack(0x000070000341f000,0x000070000351f000)]

Other Threads:
  0x00007fbb09855000 VMThread [stack: 0x0000700003728000,0x0000700003828000] [id=10499]
  0x00007fbb09879000 WatcherThread [stack: 0x0000700003e3d000,0x0000700003f3d000] [id=17667]

VM state:not at safepoint (normal execution)

VM Mutex/Monitor currently owned by a thread: None

Heap:
 PSYoungGen      total 545792K, used 257175K [0x0000000795580000, 0x00000007b7a80000, 0x00000007c0000000)
  eden space 530944K, 47% used [0x0000000795580000,0x00000007a4e45e50,0x00000007b5c00000)
  from space 14848K, 16% used [0x00000007b6b00000,0x00000007b6d60010,0x00000007b7980000)
  to   space 15360K, 0% used [0x00000007b5c00000,0x00000007b5c00000,0x00000007b6b00000)
 ParOldGen       total 87552K, used 33976K [0x0000000740000000, 0x0000000745580000, 0x0000000795580000)
  object space 87552K, 38% used [0x0000000740000000,0x000000074212e258,0x0000000745580000)
 Metaspace       used 15293K, capacity 15576K, committed 15744K, reserved 1062912K
  class space    used 1973K, capacity 2062K, committed 2176K, reserved 1048576K

Card table byte_map: [0x0000000107d6e000,0x000000010816f000] byte_map_base: 0x000000010436e000

Marking Bits: (ParMarkBitMap*) 0x00000001072f76c0
 Begin Bits: [0x000000010841a000, 0x000000010a41a000)
 End Bits:   [0x000000010a41a000, 0x000000010c41a000)

Polling page: 0x00000001064b8000

CodeCache: size=245760Kb used=8772Kb max_used=8785Kb free=236987Kb
 bounds [0x0000000114f5e000, 0x00000001157fe000, 0x0000000123f5e000]
 total_blobs=2622 nmethods=2281 adapters=256
 compilation: enabled

Compilation events (10 events):
Event: 20.594 Thread 0x00007fbb0a02b000 2311       4       org.apache.jena.ext.com.google.common.cache.LocalCache$EntryFactory$2::newEntry (12 bytes)
Event: 20.596 Thread 0x00007fbb0a02b000 nmethod 2311 0x00000001157efc50 code [0x00000001157efda0, 0x00000001157eff18]
Event: 20.598 Thread 0x00007fbb0a02b000 2313   !   4       org.apache.jena.ext.com.google.common.cache.LocalCache$Segment::lockedGetOrLoad (447 bytes)
Event: 20.608 Thread 0x00007fbb09883000 2312       1       org.apache.jena.graph.Node_Blank::isBlank (2 bytes)
Event: 20.608 Thread 0x00007fbb09883000 nmethod 2312 0x00000001157ec950 code [0x00000001157ecaa0, 0x00000001157ecbb0]
Event: 20.668 Thread 0x00007fbb09883000 2315       3       org.apache.jena.ext.com.google.common.cache.LocalCache$StrongValueReference::copyFor (2 bytes)
Event: 20.668 Thread 0x00007fbb09883000 nmethod 2315 0x00000001157ec610 code [0x00000001157ec760, 0x00000001157ec8b0]
Event: 20.693 Thread 0x00007fbb0a02b000 nmethod 2313 0x00000001157f5c50 code [0x00000001157f6040, 0x00000001157f7ff8]
Event: 20.693 Thread 0x00007fbb0a02b000 2314       4       org.apache.jena.ext.com.google.common.cache.LocalCache$Segment::evictEntries (106 bytes)
Event: 20.714 Thread 0x00007fbb0a02b000 nmethod 2314 0x00000001157f2610 code [0x00000001157f2820, 0x00000001157f3078]

GC Heap History (10 events):
Event: 7.546 GC heap before
{Heap before GC invocations=4 (full 0):
 PSYoungGen      total 71680K, used 71657K [0x0000000795580000, 0x000000079e180000, 0x00000007c0000000)
  eden space 66560K, 100% used [0x0000000795580000,0x0000000799680000,0x0000000799680000)
  from space 5120K, 99% used [0x0000000799680000,0x0000000799b7a618,0x0000000799b80000)
  to   space 5120K, 0% used [0x000000079dc80000,0x000000079dc80000,0x000000079e180000)
 ParOldGen       total 87552K, used 15729K [0x0000000740000000, 0x0000000745580000, 0x0000000795580000)
  object space 87552K, 17% used [0x0000000740000000,0x0000000740f5c700,0x0000000745580000)
 Metaspace       used 14998K, capacity 15268K, committed 15360K, reserved 1062912K
  class space    used 1943K, capacity 2030K, committed 2048K, reserved 1048576K
Event: 7.604 GC heap after
Heap after GC invocations=4 (full 0):
 PSYoungGen      total 138240K, used 5097K [0x0000000795580000, 0x000000079e180000, 0x00000007c0000000)
  eden space 133120K, 0% used [0x0000000795580000,0x0000000795580000,0x000000079d780000)
  from space 5120K, 99% used [0x000000079dc80000,0x000000079e17a618,0x000000079e180000)
  to   space 5120K, 0% used [0x000000079d780000,0x000000079d780000,0x000000079dc80000)
 ParOldGen       total 87552K, used 21109K [0x0000000740000000, 0x0000000745580000, 0x0000000795580000)
  object space 87552K, 24% used [0x0000000740000000,0x000000074149d790,0x0000000745580000)
 Metaspace       used 14998K, capacity 15268K, committed 15360K, reserved 1062912K
  class space    used 1943K, capacity 2030K, committed 2048K, reserved 1048576K
}
Event: 9.732 GC heap before
{Heap before GC invocations=5 (full 0):
 PSYoungGen      total 138240K, used 138217K [0x0000000795580000, 0x000000079e180000, 0x00000007c0000000)
  eden space 133120K, 100% used [0x0000000795580000,0x000000079d780000,0x000000079d780000)
  from space 5120K, 99% used [0x000000079dc80000,0x000000079e17a618,0x000000079e180000)
  to   space 5120K, 0% used [0x000000079d780000,0x000000079d780000,0x000000079dc80000)
 ParOldGen       total 87552K, used 21109K [0x0000000740000000, 0x0000000745580000, 0x0000000795580000)
  object space 87552K, 24% used [0x0000000740000000,0x000000074149d790,0x0000000745580000)
 Metaspace       used 14999K, capacity 15268K, committed 15360K, reserved 1062912K
  class space    used 1943K, capacity 2030K, committed 2048K, reserved 1048576K
Event: 9.801 GC heap after
Heap after GC invocations=5 (full 0):
 PSYoungGen      total 138240K, used 5097K [0x0000000795580000, 0x00000007a7380000, 0x00000007c0000000)
  eden space 133120K, 0% used [0x0000000795580000,0x0000000795580000,0x000000079d780000)
  from space 5120K, 99% used [0x000000079d780000,0x000000079dc7a618,0x000000079dc80000)
  to   space 13312K, 0% used [0x00000007a6680000,0x00000007a6680000,0x00000007a7380000)
 ParOldGen       total 87552K, used 28922K [0x0000000740000000, 0x0000000745580000, 0x0000000795580000)
  object space 87552K, 33% used [0x0000000740000000,0x0000000741c3e830,0x0000000745580000)
 Metaspace       used 14999K, capacity 15268K, committed 15360K, reserved 1062912K
  class space    used 1943K, capacity 2030K, committed 2048K, reserved 1048576K
}
Event: 11.514 GC heap before
{Heap before GC invocations=6 (full 0):
 PSYoungGen      total 138240K, used 138217K [0x0000000795580000, 0x00000007a7380000, 0x00000007c0000000)
  eden space 133120K, 100% used [0x0000000795580000,0x000000079d780000,0x000000079d780000)
  from space 5120K, 99% used [0x000000079d780000,0x000000079dc7a618,0x000000079dc80000)
  to   space 13312K, 0% used [0x00000007a6680000,0x00000007a6680000,0x00000007a7380000)
 ParOldGen       total 87552K, used 28922K [0x0000000740000000, 0x0000000745580000, 0x0000000795580000)
  object space 87552K, 33% used [0x0000000740000000,0x0000000741c3e830,0x0000000745580000)
 Metaspace       used 15194K, capacity 15432K, committed 15744K, reserved 1062912K
  class space    used 1973K, capacity 2062K, committed 2176K, reserved 1048576K
Event: 11.573 GC heap after
Heap after GC invocations=6 (full 0):
 PSYoungGen      total 279040K, used 7653K [0x0000000795580000, 0x00000007a7480000, 0x00000007c0000000)
  eden space 265728K, 0% used [0x0000000795580000,0x0000000795580000,0x00000007a5900000)
  from space 13312K, 57% used [0x00000007a6680000,0x00000007a6df9608,0x00000007a7380000)
  to   space 13824K, 0% used [0x00000007a5900000,0x00000007a5900000,0x00000007a6680000)
 ParOldGen       total 87552K, used 28922K [0x0000000740000000, 0x0000000745580000, 0x0000000795580000)
  object space 87552K, 33% used [0x0000000740000000,0x0000000741c3e830,0x0000000745580000)
 Metaspace       used 15194K, capacity 15432K, committed 15744K, reserved 1062912K
  class space    used 1973K, capacity 2062K, committed 2176K, reserved 1048576K
}
Event: 15.890 GC heap before
{Heap before GC invocations=7 (full 0):
 PSYoungGen      total 279040K, used 273381K [0x0000000795580000, 0x00000007a7480000, 0x00000007c0000000)
  eden space 265728K, 100% used [0x0000000795580000,0x00000007a5900000,0x00000007a5900000)
  from space 13312K, 57% used [0x00000007a6680000,0x00000007a6df9608,0x00000007a7380000)
  to   space 13824K, 0% used [0x00000007a5900000,0x00000007a5900000,0x00000007a6680000)
 ParOldGen       total 87552K, used 28922K [0x0000000740000000, 0x0000000745580000, 0x0000000795580000)
  object space 87552K, 33% used [0x0000000740000000,0x0000000741c3e830,0x0000000745580000)
 Metaspace       used 15271K, capacity 15504K, committed 15744K, reserved 1062912K
  class space    used 1973K, capacity 2062K, committed 2176K, reserved 1048576K
Event: 15.970 GC heap after
Heap after GC invocations=7 (full 0):
 PSYoungGen      total 279552K, used 3168K [0x0000000795580000, 0x00000007b7980000, 0x00000007c0000000)
  eden space 265728K, 0% used [0x0000000795580000,0x0000000795580000,0x00000007a5900000)
  from space 13824K, 22% used [0x00000007a5900000,0x00000007a5c18020,0x00000007a6680000)
  to   space 14848K, 0% used [0x00000007b6b00000,0x00000007b6b00000,0x00000007b7980000)
 ParOldGen       total 87552K, used 33288K [0x0000000740000000, 0x0000000745580000, 0x0000000795580000)
  object space 87552K, 38% used [0x0000000740000000,0x00000007420821c8,0x0000000745580000)
 Metaspace       used 15271K, capacity 15504K, committed 15744K, reserved 1062912K
  class space    used 1973K, capacity 2062K, committed 2176K, reserved 1048576K
}
Event: 18.468 GC heap before
{Heap before GC invocations=8 (full 0):
 PSYoungGen      total 279552K, used 268896K [0x0000000795580000, 0x00000007b7980000, 0x00000007c0000000)
  eden space 265728K, 100% used [0x0000000795580000,0x00000007a5900000,0x00000007a5900000)
  from space 13824K, 22% used [0x00000007a5900000,0x00000007a5c18020,0x00000007a6680000)
  to   space 14848K, 0% used [0x00000007b6b00000,0x00000007b6b00000,0x00000007b7980000)
 ParOldGen       total 87552K, used 33288K [0x0000000740000000, 0x0000000745580000, 0x0000000795580000)
  object space 87552K, 38% used [0x0000000740000000,0x00000007420821c8,0x0000000745580000)
 Metaspace       used 15292K, capacity 15576K, committed 15744K, reserved 1062912K
  class space    used 1973K, capacity 2062K, committed 2176K, reserved 1048576K
Event: 18.494 GC heap after
Heap after GC invocations=8 (full 0):
 PSYoungGen      total 545792K, used 2432K [0x0000000795580000, 0x00000007b7a80000, 0x00000007c0000000)
  eden space 530944K, 0% used [0x0000000795580000,0x0000000795580000,0x00000007b5c00000)
  from space 14848K, 16% used [0x00000007b6b00000,0x00000007b6d60010,0x00000007b7980000)
  to   space 15360K, 0% used [0x00000007b5c00000,0x00000007b5c00000,0x00000007b6b00000)
 ParOldGen       total 87552K, used 33976K [0x0000000740000000, 0x0000000745580000, 0x0000000795580000)
  object space 87552K, 38% used [0x0000000740000000,0x000000074212e258,0x0000000745580000)
 Metaspace       used 15292K, capacity 15576K, committed 15744K, reserved 1062912K
  class space    used 1973K, capacity 2062K, committed 2176K, reserved 1048576K
}

Deoptimization events (10 events):
Event: 11.609 Thread 0x00007fbb09803800 Uncommon trap: reason=unstable_if action=reinterpret pc=0x0000000115533914 method=org.apache.jena.ext.com.google.common.cache.LocalCache$Segment.getLiveValue(Lorg/apache/jena/ext/com/google/common/cache/LocalCache$ReferenceEntry;J)Ljava/lang/Object; @ 30
Event: 11.695 Thread 0x00007fbb09803800 Uncommon trap: reason=unstable_if action=reinterpret pc=0x00000001154d4b6c method=org.apache.jena.ext.com.google.common.cache.LocalCache$Segment.getLiveValue(Lorg/apache/jena/ext/com/google/common/cache/LocalCache$ReferenceEntry;J)Ljava/lang/Object; @ 30
Event: 18.496 Thread 0x00007fbb09803800 Uncommon trap: reason=unstable_if action=reinterpret pc=0x0000000115786368 method=org.apache.jena.ext.com.google.common.cache.LocalCache$AccessQueue.contains(Ljava/lang/Object;)Z @ 14
Event: 18.496 Thread 0x00007fbb09803800 Uncommon trap: reason=unstable_if action=reinterpret pc=0x000000011556ef00 method=org.apache.jena.ext.com.google.common.cache.LocalCache$AccessQueue.contains(Ljava/lang/Object;)Z @ 14
Event: 18.496 Thread 0x00007fbb09803800 Uncommon trap: reason=unstable_if action=reinterpret pc=0x0000000115780f00 method=org.apache.jena.ext.com.google.common.cache.LocalCache$AccessQueue.contains(Ljava/lang/Object;)Z @ 14
Event: 20.557 Thread 0x00007fbb09803800 Uncommon trap: reason=bimorphic action=maybe_recompile pc=0x000000011555e6f0 method=org.apache.jena.ext.com.google.common.base.Equivalence$Equals.doHash(Ljava/lang/Object;)I @ 1
Event: 20.557 Thread 0x00007fbb09803800 Uncommon trap: reason=bimorphic action=maybe_recompile pc=0x000000011555e6f0 method=org.apache.jena.ext.com.google.common.base.Equivalence$Equals.doHash(Ljava/lang/Object;)I @ 1
Event: 20.557 Thread 0x00007fbb09803800 Uncommon trap: reason=unstable_if action=reinterpret pc=0x000000011576b904 method=java.util.function.Predicate.lambda$negate$1(Ljava/lang/Object;)Z @ 7
Event: 20.557 Thread 0x00007fbb09803800 Uncommon trap: reason=bimorphic action=maybe_recompile pc=0x000000011555e6f0 method=org.apache.jena.ext.com.google.common.base.Equivalence$Equals.doHash(Ljava/lang/Object;)I @ 1
Event: 20.557 Thread 0x00007fbb09803800 Uncommon trap: reason=bimorphic action=maybe_recompile pc=0x000000011555e6f0 method=org.apache.jena.ext.com.google.common.base.Equivalence$Equals.doHash(Ljava/lang/Object;)I @ 1

Classes redefined (0 events):
No events

Internal exceptions (10 events):
Event: 0.049 Thread 0x00007fbb09803800 Exception <a 'java/lang/NoSuchMethodError': Method sun.misc.Unsafe.prefetchRead(Ljava/lang/Object;J)V name or signature does not match> (0x0000000795587f88) thrown at [/Users/java_re/workspace/8-2-build-macosx-x86_64/jdk8u161/10277/hotspot/src/share/vm/pr
Event: 0.297 Thread 0x00007fbb09803800 Exception <a 'java/lang/NoSuchFieldError': method resolution failed> (0x0000000795894ce0) thrown at [/Users/java_re/workspace/8-2-build-macosx-x86_64/jdk8u161/10277/hotspot/src/share/vm/prims/methodHandles.cpp, line 1167]
Event: 0.300 Thread 0x00007fbb09803800 Exception <a 'java/lang/NoSuchFieldError': method resolution failed> (0x00000007958a20e0) thrown at [/Users/java_re/workspace/8-2-build-macosx-x86_64/jdk8u161/10277/hotspot/src/share/vm/prims/methodHandles.cpp, line 1167]
Event: 0.353 Thread 0x00007fbb09803800 Exception <a 'java/security/PrivilegedActionException'> (0x0000000795940370) thrown at [/Users/java_re/workspace/8-2-build-macosx-x86_64/jdk8u161/10277/hotspot/src/share/vm/prims/jvm.cpp, line 1390]
Event: 0.353 Thread 0x00007fbb09803800 Exception <a 'java/security/PrivilegedActionException'> (0x0000000795940580) thrown at [/Users/java_re/workspace/8-2-build-macosx-x86_64/jdk8u161/10277/hotspot/src/share/vm/prims/jvm.cpp, line 1390]
Event: 0.354 Thread 0x00007fbb09803800 Exception <a 'java/security/PrivilegedActionException'> (0x0000000795943a98) thrown at [/Users/java_re/workspace/8-2-build-macosx-x86_64/jdk8u161/10277/hotspot/src/share/vm/prims/jvm.cpp, line 1390]
Event: 0.354 Thread 0x00007fbb09803800 Exception <a 'java/security/PrivilegedActionException'> (0x0000000795943ca8) thrown at [/Users/java_re/workspace/8-2-build-macosx-x86_64/jdk8u161/10277/hotspot/src/share/vm/prims/jvm.cpp, line 1390]
Event: 2.473 Thread 0x00007fbb09803800 Exception <a 'java/lang/NoSuchMethodError': java.lang.Object.lambda$and$0(Ljava/util/function/Predicate;Ljava/lang/Object;)Z> (0x00000007971ce300) thrown at [/Users/java_re/workspace/8-2-build-macosx-x86_64/jdk8u161/10277/hotspot/src/share/vm/interpreter/
Event: 3.926 Thread 0x00007fbb09803800 Exception <a 'java/lang/NoSuchMethodError': java.lang.Object.lambda$negate$1(Ljava/lang/Object;)Z> (0x0000000796fcc228) thrown at [/Users/java_re/workspace/8-2-build-macosx-x86_64/jdk8u161/10277/hotspot/src/share/vm/interpreter/linkResolver.cpp, line 620]
Event: 8.076 Thread 0x00007fbb09803800 Implicit null exception at 0x000000011557ace4 to 0x000000011557b2ad

Events (10 events):
Event: 20.557 Thread 0x00007fbb09803800 DEOPT PACKING pc=0x000000011576b904 sp=0x000070000351e730
Event: 20.557 Thread 0x00007fbb09803800 DEOPT UNPACKING pc=0x0000000114fa347a sp=0x000070000351e688 mode 2
Event: 20.557 Thread 0x00007fbb09803800 Uncommon trap: trap_request=0xffffffc6 fr.pc=0x000000011555e6f0
Event: 20.557 Thread 0x00007fbb09803800 DEOPT PACKING pc=0x000000011555e6f0 sp=0x000070000351e4b0
Event: 20.557 Thread 0x00007fbb09803800 DEOPT UNPACKING pc=0x0000000114fa347a sp=0x000070000351e468 mode 2
Event: 20.557 Thread 0x00007fbb09803800 Uncommon trap: trap_request=0xffffffc6 fr.pc=0x000000011555e6f0
Event: 20.557 Thread 0x00007fbb09803800 DEOPT PACKING pc=0x000000011555e6f0 sp=0x000070000351e4a0
Event: 20.557 Thread 0x00007fbb09803800 DEOPT UNPACKING pc=0x0000000114fa347a sp=0x000070000351e458 mode 2
Event: 20.701 loading class org/apache/jena/ext/com/google/common/cache/LocalCache$AccessQueue$2
Event: 20.701 loading class org/apache/jena/ext/com/google/common/cache/LocalCache$AccessQueue$2 done


Dynamic libraries:
0x000000003b933000 	/System/Library/Frameworks/Cocoa.framework/Versions/A/Cocoa
0x000000003b933000 	/System/Library/Frameworks/Security.framework/Versions/A/Security
0x000000003b933000 	/System/Library/Frameworks/ApplicationServices.framework/Versions/A/ApplicationServices
0x000000003b933000 	/usr/lib/libz.1.dylib
0x000000003b933000 	/usr/lib/libSystem.B.dylib
0x000000003b933000 	/usr/lib/libobjc.A.dylib
0x000000003b933000 	/System/Library/Frameworks/CoreFoundation.framework/Versions/A/CoreFoundation
0x000000003b933000 	/System/Library/Frameworks/Foundation.framework/Versions/C/Foundation
0x000000003b933000 	/System/Library/Frameworks/AppKit.framework/Versions/C/AppKit
0x000000003b933000 	/System/Library/Frameworks/CoreData.framework/Versions/A/CoreData
0x000000003b933000 	/System/Library/PrivateFrameworks/RemoteViewServices.framework/Versions/A/RemoteViewServices
0x000000003b933000 	/System/Library/PrivateFrameworks/UIFoundation.framework/Versions/A/UIFoundation
0x000000003b933000 	/System/Library/PrivateFrameworks/DFRFoundation.framework/Versions/A/DFRFoundation
0x000000003b933000 	/usr/lib/libenergytrace.dylib
0x000000003b933000 	/System/Library/PrivateFrameworks/SkyLight.framework/Versions/A/SkyLight
0x000000003b933000 	/System/Library/Frameworks/CoreGraphics.framework/Versions/A/CoreGraphics
0x000000003b933000 	/usr/lib/libScreenReader.dylib
0x000000003b933000 	/System/Library/Frameworks/Accelerate.framework/Versions/A/Accelerate
0x000000003b933000 	/System/Library/Frameworks/IOSurface.framework/Versions/A/IOSurface
0x000000003b933000 	/System/Library/Frameworks/AudioToolbox.framework/Versions/A/AudioToolbox
0x000000003b933000 	/System/Library/Frameworks/AudioUnit.framework/Versions/A/AudioUnit
0x000000003b933000 	/System/Library/PrivateFrameworks/DataDetectorsCore.framework/Versions/A/DataDetectorsCore
0x000000003b933000 	/System/Library/PrivateFrameworks/DesktopServicesPriv.framework/Versions/A/DesktopServicesPriv
0x000000003b933000 	/System/Library/Frameworks/Carbon.framework/Versions/A/Frameworks/HIToolbox.framework/Versions/A/HIToolbox
0x000000003b933000 	/usr/lib/libicucore.A.dylib
0x000000003b933000 	/System/Library/Frameworks/QuartzCore.framework/Versions/A/QuartzCore
0x000000003b933000 	/System/Library/Frameworks/Carbon.framework/Versions/A/Frameworks/SpeechRecognition.framework/Versions/A/SpeechRecognition
0x000000003b933000 	/usr/lib/libauto.dylib
0x000000003b933000 	/usr/lib/libxml2.2.dylib
0x000000003b933000 	/System/Library/PrivateFrameworks/CoreUI.framework/Versions/A/CoreUI
0x000000003b933000 	/System/Library/Frameworks/CoreAudio.framework/Versions/A/CoreAudio
0x000000003b933000 	/System/Library/Frameworks/DiskArbitration.framework/Versions/A/DiskArbitration
0x000000003b933000 	/usr/lib/liblangid.dylib
0x000000003b933000 	/System/Library/PrivateFrameworks/MultitouchSupport.framework/Versions/A/MultitouchSupport
0x000000003b933000 	/System/Library/Frameworks/IOKit.framework/Versions/A/IOKit
0x000000003b933000 	/usr/lib/libDiagnosticMessagesClient.dylib
0x000000003b933000 	/System/Library/Frameworks/CoreServices.framework/Versions/A/CoreServices
0x000000003b933000 	/System/Library/PrivateFrameworks/PerformanceAnalysis.framework/Versions/A/PerformanceAnalysis
0x000000003b933000 	/System/Library/PrivateFrameworks/GenerationalStorage.framework/Versions/A/GenerationalStorage
0x000000003b933000 	/System/Library/Frameworks/OpenGL.framework/Versions/A/OpenGL
0x000000003b933000 	/System/Library/Frameworks/CoreImage.framework/Versions/A/CoreImage
0x000000003b933000 	/System/Library/Frameworks/CoreText.framework/Versions/A/CoreText
0x000000003b933000 	/System/Library/Frameworks/ImageIO.framework/Versions/A/ImageIO
0x000000003b933000 	/System/Library/PrivateFrameworks/Backup.framework/Versions/A/Backup
0x000000003b933000 	/usr/lib/libarchive.2.dylib
0x000000003b933000 	/System/Library/Frameworks/CFNetwork.framework/Versions/A/CFNetwork
0x000000003b933000 	/System/Library/Frameworks/SystemConfiguration.framework/Versions/A/SystemConfiguration
0x000000003b933000 	/usr/lib/libCRFSuite.dylib
0x000000003b933000 	/usr/lib/libc++.1.dylib
0x000000003b933000 	/usr/lib/libc++abi.dylib
0x000000003b933000 	/usr/lib/system/libcache.dylib
0x000000003b933000 	/usr/lib/system/libcommonCrypto.dylib
0x000000003b933000 	/usr/lib/system/libcompiler_rt.dylib
0x000000003b933000 	/usr/lib/system/libcopyfile.dylib
0x000000003b933000 	/usr/lib/system/libcorecrypto.dylib
0x000000003b933000 	/usr/lib/system/libdispatch.dylib
0x000000003b933000 	/usr/lib/system/libdyld.dylib
0x000000003b933000 	/usr/lib/system/libkeymgr.dylib
0x000000003b933000 	/usr/lib/system/liblaunch.dylib
0x000000003b933000 	/usr/lib/system/libmacho.dylib
0x000000003b933000 	/usr/lib/system/libquarantine.dylib
0x000000003b933000 	/usr/lib/system/libremovefile.dylib
0x000000003b933000 	/usr/lib/system/libsystem_asl.dylib
0x000000003b933000 	/usr/lib/system/libsystem_blocks.dylib
0x000000003b933000 	/usr/lib/system/libsystem_c.dylib
0x000000003b933000 	/usr/lib/system/libsystem_configuration.dylib
0x000000003b933000 	/usr/lib/system/libsystem_coreservices.dylib
0x000000003b933000 	/usr/lib/system/libsystem_coretls.dylib
0x000000003b933000 	/usr/lib/system/libsystem_dnssd.dylib
0x000000003b933000 	/usr/lib/system/libsystem_info.dylib
0x000000003b933000 	/usr/lib/system/libsystem_kernel.dylib
0x000000003b933000 	/usr/lib/system/libsystem_m.dylib
0x000000003b933000 	/usr/lib/system/libsystem_malloc.dylib
0x000000003b933000 	/usr/lib/system/libsystem_network.dylib
0x000000003b933000 	/usr/lib/system/libsystem_networkextension.dylib
0x000000003b933000 	/usr/lib/system/libsystem_notify.dylib
0x000000003b933000 	/usr/lib/system/libsystem_platform.dylib
0x000000003b933000 	/usr/lib/system/libsystem_pthread.dylib
0x000000003b933000 	/usr/lib/system/libsystem_sandbox.dylib
0x000000003b933000 	/usr/lib/system/libsystem_secinit.dylib
0x000000003b933000 	/usr/lib/system/libsystem_symptoms.dylib
0x000000003b933000 	/usr/lib/system/libsystem_trace.dylib
0x000000003b933000 	/usr/lib/system/libunwind.dylib
0x000000003b933000 	/usr/lib/system/libxpc.dylib
0x000000003b933000 	/usr/lib/libbsm.0.dylib
0x000000003b933000 	/usr/lib/system/libkxld.dylib
0x000000003b933000 	/usr/lib/libcoretls.dylib
0x000000003b933000 	/usr/lib/libcoretls_cfhelpers.dylib
0x000000003b933000 	/usr/lib/libOpenScriptingUtil.dylib
0x000000003b933000 	/usr/lib/libpam.2.dylib
0x000000003b933000 	/usr/lib/libsqlite3.dylib
0x000000003b933000 	/usr/lib/libxar.1.dylib
0x000000003b933000 	/usr/lib/libbz2.1.0.dylib
0x000000003b933000 	/usr/lib/liblzma.5.dylib
0x000000003b933000 	/usr/lib/libnetwork.dylib
0x000000003b933000 	/usr/lib/libpcap.A.dylib
0x000000003b933000 	/System/Library/Frameworks/CoreServices.framework/Versions/A/Frameworks/FSEvents.framework/Versions/A/FSEvents
0x000000003b933000 	/System/Library/Frameworks/CoreServices.framework/Versions/A/Frameworks/CarbonCore.framework/Versions/A/CarbonCore
0x000000003b933000 	/System/Library/Frameworks/CoreServices.framework/Versions/A/Frameworks/Metadata.framework/Versions/A/Metadata
0x000000003b933000 	/System/Library/Frameworks/CoreServices.framework/Versions/A/Frameworks/OSServices.framework/Versions/A/OSServices
0x000000003b933000 	/System/Library/Frameworks/CoreServices.framework/Versions/A/Frameworks/SearchKit.framework/Versions/A/SearchKit
0x000000003b933000 	/System/Library/Frameworks/CoreServices.framework/Versions/A/Frameworks/AE.framework/Versions/A/AE
0x000000003b933000 	/System/Library/Frameworks/CoreServices.framework/Versions/A/Frameworks/LaunchServices.framework/Versions/A/LaunchServices
0x000000003b933000 	/System/Library/Frameworks/CoreServices.framework/Versions/A/Frameworks/DictionaryServices.framework/Versions/A/DictionaryServices
0x000000003b933000 	/System/Library/Frameworks/CoreServices.framework/Versions/A/Frameworks/SharedFileList.framework/Versions/A/SharedFileList
0x000000003b933000 	/System/Library/Frameworks/NetFS.framework/Versions/A/NetFS
0x000000003b933000 	/System/Library/PrivateFrameworks/NetAuth.framework/Versions/A/NetAuth
0x000000003b933000 	/System/Library/PrivateFrameworks/login.framework/Versions/A/Frameworks/loginsupport.framework/Versions/A/loginsupport
0x000000003b933000 	/System/Library/PrivateFrameworks/TCC.framework/Versions/A/TCC
0x000000003b933000 	/usr/lib/libmecabra.dylib
0x000000003b933000 	/System/Library/Frameworks/ApplicationServices.framework/Versions/A/Frameworks/ATS.framework/Versions/A/ATS
0x000000003b933000 	/System/Library/Frameworks/ApplicationServices.framework/Versions/A/Frameworks/ColorSync.framework/Versions/A/ColorSync
0x000000003b933000 	/System/Library/Frameworks/ApplicationServices.framework/Versions/A/Frameworks/HIServices.framework/Versions/A/HIServices
0x000000003b933000 	/System/Library/Frameworks/ApplicationServices.framework/Versions/A/Frameworks/LangAnalysis.framework/Versions/A/LangAnalysis
0x000000003b933000 	/System/Library/Frameworks/ApplicationServices.framework/Versions/A/Frameworks/PrintCore.framework/Versions/A/PrintCore
0x000000003b933000 	/System/Library/Frameworks/ApplicationServices.framework/Versions/A/Frameworks/QD.framework/Versions/A/QD
0x000000003b933000 	/System/Library/Frameworks/ApplicationServices.framework/Versions/A/Frameworks/SpeechSynthesis.framework/Versions/A/SpeechSynthesis
0x000000003b933000 	/System/Library/Frameworks/Accelerate.framework/Versions/A/Frameworks/vImage.framework/Versions/A/vImage
0x000000003b933000 	/System/Library/Frameworks/Accelerate.framework/Versions/A/Frameworks/vecLib.framework/Versions/A/vecLib
0x000000003b933000 	/System/Library/Frameworks/Accelerate.framework/Versions/A/Frameworks/vecLib.framework/Versions/A/libvDSP.dylib
0x000000003b933000 	/System/Library/Frameworks/Accelerate.framework/Versions/A/Frameworks/vecLib.framework/Versions/A/libBNNS.dylib
0x000000003b933000 	/System/Library/Frameworks/Accelerate.framework/Versions/A/Frameworks/vecLib.framework/Versions/A/libQuadrature.dylib
0x000000003b933000 	/System/Library/Frameworks/Accelerate.framework/Versions/A/Frameworks/vecLib.framework/Versions/A/libvMisc.dylib
0x000000003b933000 	/System/Library/Frameworks/Accelerate.framework/Versions/A/Frameworks/vecLib.framework/Versions/A/libLAPACK.dylib
0x000000003b933000 	/System/Library/Frameworks/Accelerate.framework/Versions/A/Frameworks/vecLib.framework/Versions/A/libBLAS.dylib
0x000000003b933000 	/System/Library/Frameworks/Accelerate.framework/Versions/A/Frameworks/vecLib.framework/Versions/A/libLinearAlgebra.dylib
0x000000003b933000 	/System/Library/Frameworks/Accelerate.framework/Versions/A/Frameworks/vecLib.framework/Versions/A/libSparseBLAS.dylib
0x000000003b933000 	/System/Library/Frameworks/ApplicationServices.framework/Versions/A/Frameworks/ATS.framework/Versions/A/Resources/libFontParser.dylib
0x000000003b933000 	/System/Library/Frameworks/ApplicationServices.framework/Versions/A/Frameworks/ATS.framework/Versions/A/Resources/libFontRegistry.dylib
0x000000003b933000 	/System/Library/Frameworks/ImageIO.framework/Versions/A/Resources/libJPEG.dylib
0x000000003b933000 	/System/Library/Frameworks/ImageIO.framework/Versions/A/Resources/libTIFF.dylib
0x000000003b933000 	/System/Library/Frameworks/ImageIO.framework/Versions/A/Resources/libPng.dylib
0x000000003b933000 	/System/Library/Frameworks/ImageIO.framework/Versions/A/Resources/libGIF.dylib
0x000000003b933000 	/System/Library/Frameworks/ImageIO.framework/Versions/A/Resources/libJP2.dylib
0x000000003b933000 	/System/Library/Frameworks/ImageIO.framework/Versions/A/Resources/libRadiance.dylib
0x000000003b933000 	/usr/lib/libcompression.dylib
0x000000003b933000 	/System/Library/PrivateFrameworks/AppleJPEG.framework/Versions/A/AppleJPEG
0x000000003b933000 	/usr/lib/libcups.2.dylib
0x000000003b933000 	/System/Library/Frameworks/Kerberos.framework/Versions/A/Kerberos
0x000000003b933000 	/System/Library/Frameworks/GSS.framework/Versions/A/GSS
0x000000003b933000 	/usr/lib/libresolv.9.dylib
0x000000003b933000 	/usr/lib/libiconv.2.dylib
0x000000003b933000 	/System/Library/PrivateFrameworks/Heimdal.framework/Versions/A/Heimdal
0x000000003b933000 	/usr/lib/libheimdal-asn1.dylib
0x000000003b933000 	/System/Library/Frameworks/OpenDirectory.framework/Versions/A/OpenDirectory
0x000000003b933000 	/System/Library/PrivateFrameworks/CommonAuth.framework/Versions/A/CommonAuth
0x000000003b933000 	/System/Library/Frameworks/OpenDirectory.framework/Versions/A/Frameworks/CFOpenDirectory.framework/Versions/A/CFOpenDirectory
0x000000003b933000 	/System/Library/Frameworks/SecurityFoundation.framework/Versions/A/SecurityFoundation
0x000000003b933000 	/System/Library/PrivateFrameworks/LanguageModeling.framework/Versions/A/LanguageModeling
0x000000003b933000 	/usr/lib/libmarisa.dylib
0x000000003b933000 	/usr/lib/libChineseTokenizer.dylib
0x000000003b933000 	/usr/lib/libcmph.dylib
0x000000003b933000 	/System/Library/PrivateFrameworks/CoreEmoji.framework/Versions/A/CoreEmoji
0x000000003b933000 	/System/Library/Frameworks/ServiceManagement.framework/Versions/A/ServiceManagement
0x000000003b933000 	/usr/lib/libxslt.1.dylib
0x000000003b933000 	/System/Library/Frameworks/Carbon.framework/Versions/A/Frameworks/Ink.framework/Versions/A/Ink
0x000000003b933000 	/System/Library/PrivateFrameworks/TextureIO.framework/Versions/A/TextureIO
0x000000003b933000 	/System/Library/Frameworks/Metal.framework/Versions/A/Metal
0x000000003b933000 	/usr/lib/libate.dylib
0x000000003b933000 	/System/Library/PrivateFrameworks/GPUCompiler.framework/libmetal_timestamp.dylib
0x000000003b933000 	/System/Library/Frameworks/OpenGL.framework/Versions/A/Libraries/libCoreFSCache.dylib
0x000000003b933000 	/System/Library/PrivateFrameworks/IOAccelerator.framework/Versions/A/IOAccelerator
0x000000003b933000 	/System/Library/Frameworks/CoreVideo.framework/Versions/A/CoreVideo
0x000000003b933000 	/usr/lib/libFosl_dynamic.dylib
0x000000003b933000 	/System/Library/PrivateFrameworks/MetalPerformanceShaders.framework/Versions/A/MetalPerformanceShaders
0x000000003b933000 	/System/Library/PrivateFrameworks/FaceCore.framework/Versions/A/FaceCore
0x000000003b933000 	/System/Library/Frameworks/OpenCL.framework/Versions/A/OpenCL
0x000000003b933000 	/System/Library/Frameworks/OpenGL.framework/Versions/A/Libraries/libGLU.dylib
0x000000003b933000 	/System/Library/Frameworks/OpenGL.framework/Versions/A/Libraries/libGFXShared.dylib
0x000000003b933000 	/System/Library/Frameworks/OpenGL.framework/Versions/A/Libraries/libGL.dylib
0x000000003b933000 	/System/Library/Frameworks/OpenGL.framework/Versions/A/Libraries/libGLImage.dylib
0x000000003b933000 	/System/Library/Frameworks/OpenGL.framework/Versions/A/Libraries/libCVMSPluginSupport.dylib
0x000000003b933000 	/System/Library/Frameworks/OpenGL.framework/Versions/A/Libraries/libCoreVMClient.dylib
0x000000003b933000 	/System/Library/PrivateFrameworks/CrashReporterSupport.framework/Versions/A/CrashReporterSupport
0x000000003b933000 	/System/Library/PrivateFrameworks/Sharing.framework/Versions/A/Sharing
0x000000003b933000 	/System/Library/PrivateFrameworks/IconServices.framework/Versions/A/IconServices
0x000000003b933000 	/System/Library/PrivateFrameworks/ProtocolBuffer.framework/Versions/A/ProtocolBuffer
0x000000003b933000 	/System/Library/PrivateFrameworks/Apple80211.framework/Versions/A/Apple80211
0x000000003b933000 	/System/Library/Frameworks/CoreWLAN.framework/Versions/A/CoreWLAN
0x000000003b933000 	/System/Library/PrivateFrameworks/CoreUtils.framework/Versions/A/CoreUtils
0x000000003b933000 	/System/Library/Frameworks/IOBluetooth.framework/Versions/A/IOBluetooth
0x000000003b933000 	/System/Library/PrivateFrameworks/CoreWiFi.framework/Versions/A/CoreWiFi
0x000000003b933000 	/System/Library/Frameworks/CoreBluetooth.framework/Versions/A/CoreBluetooth
0x000000003b933000 	/System/Library/Frameworks/CoreDisplay.framework/Versions/A/CoreDisplay
0x000000003b933000 	/System/Library/PrivateFrameworks/IOPresentment.framework/Versions/A/IOPresentment
0x000000003b933000 	/System/Library/PrivateFrameworks/DSExternalDisplay.framework/Versions/A/DSExternalDisplay
0x000000003b933000 	/System/Library/PrivateFrameworks/DebugSymbols.framework/Versions/A/DebugSymbols
0x000000003b933000 	/System/Library/PrivateFrameworks/CoreSymbolication.framework/Versions/A/CoreSymbolication
0x000000003b933000 	/System/Library/PrivateFrameworks/Symbolication.framework/Versions/A/Symbolication
0x000000003b933000 	/System/Library/PrivateFrameworks/AppleFSCompression.framework/Versions/A/AppleFSCompression
0x000000003b933000 	/System/Library/PrivateFrameworks/SpeechRecognitionCore.framework/Versions/A/SpeechRecognitionCore
0x000000003b933000 	/System/Library/PrivateFrameworks/ChunkingLibrary.framework/Versions/A/ChunkingLibrary
0x0000000106a00000 	/Library/Java/JavaVirtualMachines/jdk1.8.0_161.jdk/Contents/Home/jre/lib/server/libjvm.dylib
0x000000003b933000 	/usr/lib/libstdc++.6.dylib
0x0000000106474000 	/Library/Java/JavaVirtualMachines/jdk1.8.0_161.jdk/Contents/Home/jre/lib/libverify.dylib
0x0000000106482000 	/Library/Java/JavaVirtualMachines/jdk1.8.0_161.jdk/Contents/Home/jre/lib/libjava.dylib
0x00000001064c2000 	/Library/Java/JavaVirtualMachines/jdk1.8.0_161.jdk/Contents/Home/jre/lib/libzip.dylib
0x00000001065ee000 	/Library/Java/JavaVirtualMachines/jdk1.8.0_161.jdk/Contents/Home/jre/lib/libnio.dylib
0x000000010f571000 	/Library/Java/JavaVirtualMachines/jdk1.8.0_161.jdk/Contents/Home/jre/lib/./libnet.dylib

VM Arguments:
java_command: /Users/mohammadomar/Desktop/node-js-getting-started/ont.jar /Users/mohammadomar/Desktop/node-js-getting-started/ontologies/prop.owl /Users/mohammadomar/Desktop/node-js-getting-started/questions/ 999.json
java_class_path (initial): /Users/mohammadomar/Desktop/node-js-getting-started/ont.jar
Launcher Type: SUN_STANDARD

Environment Variables:
PATH=/Users/mohammadomar/.npm-packages/lib/node_modules/npm/bin/node-gyp-bin:/Users/mohammadomar/Desktop/node-js-getting-started/node_modules/.bin:/Users/mohammadomar/.npm-packages/bin:/usr/local/bin:/usr/bin:/bin:/usr/sbin:/sbin:/Users/mohammadomar/.npm-packages/bin
SHELL=/bin/bash

Signal Handlers:
SIGSEGV: [libjvm.dylib+0x5b5439], sa_mask[0]=11111111011111110111111111111111, sa_flags=SA_ONSTACK|SA_RESTART|SA_SIGINFO
SIGBUS: [libjvm.dylib+0x5b5439], sa_mask[0]=11111111011111110111111111111111, sa_flags=SA_RESTART|SA_SIGINFO
SIGFPE: [libjvm.dylib+0x48ae24], sa_mask[0]=11111111011111110111111111111111, sa_flags=SA_RESTART|SA_SIGINFO
SIGPIPE: [libjvm.dylib+0x48ae24], sa_mask[0]=11111111011111110111111111111111, sa_flags=SA_RESTART|SA_SIGINFO
SIGXFSZ: [libjvm.dylib+0x48ae24], sa_mask[0]=11111111011111110111111111111111, sa_flags=SA_RESTART|SA_SIGINFO
SIGILL: [libjvm.dylib+0x48ae24], sa_mask[0]=11111111011111110111111111111111, sa_flags=SA_RESTART|SA_SIGINFO
SIGUSR1: SIG_DFL, sa_mask[0]=11111111011111110111111111111111, sa_flags=none
SIGUSR2: [libjvm.dylib+0x48a942], sa_mask[0]=00000000000000000000000000000000, sa_flags=SA_RESTART|SA_SIGINFO
SIGHUP: [libjvm.dylib+0x488f0d], sa_mask[0]=11111111011111110111111111111111, sa_flags=SA_RESTART|SA_SIGINFO
SIGINT: [libjvm.dylib+0x488f0d], sa_mask[0]=11111111011111110111111111111111, sa_flags=SA_RESTART|SA_SIGINFO
SIGTERM: [libjvm.dylib+0x488f0d], sa_mask[0]=11111111011111110111111111111111, sa_flags=SA_RESTART|SA_SIGINFO
SIGQUIT: [libjvm.dylib+0x488f0d], sa_mask[0]=11111111011111110111111111111111, sa_flags=SA_RESTART|SA_SIGINFO


---------------  S Y S T E M  ---------------

OS:Bsduname:Darwin 16.7.0 Darwin Kernel Version 16.7.0: Thu Jan 11 22:59:40 PST 2018; root:xnu-3789.73.8~1/RELEASE_X86_64 x86_64
rlimit: STACK 8192k, CORE 0k, NPROC 709, NOFILE 10240, AS infinity
load average:4.42 2.96 2.91

CPU:total 2 (initial active 2) (2 cores per cpu, 1 threads per core) family 6 model 23 stepping 10, cmov, cx8, fxsr, mmx, sse, sse2, sse3, ssse3, sse4.1, tsc

Memory: 4k page, physical 8388608k(379700k free)

/proc/meminfo:


vm_info: Java HotSpot(TM) 64-Bit Server VM (25.161-b12) for bsd-amd64 JRE (1.8.0_161-b12), built on Dec 19 2017 16:22:20 by "java_re" with gcc 4.2.1 (Based on Apple Inc. build 5658) (LLVM build 2336.11.00)

time: Sun May  6 12:10:44 2018
elapsed time: 20 seconds (0d 0h 0m 20s)

