#
# A fatal error has been detected by the Java Runtime Environment:
#
#  SIGSEGV (0xb) at pc=0x0000000103769970, pid=13078, tid=0x0000000000000307
#
# JRE version: Java(TM) SE Runtime Environment (8.0_161-b12) (build 1.8.0_161-b12)
# Java VM: Java HotSpot(TM) 64-Bit Server VM (25.161-b12 mixed mode bsd-amd64 compressed oops)
# Problematic frame:
# V  [libjvm.dylib+0x48a970]  SR_handler(int, __siginfo*, __darwin_ucontext*)+0x2e
#
# Failed to write core dump. Core dumps have been disabled. To enable core dumping, try "ulimit -c unlimited" before starting Java again
#
# If you would like to submit a bug report, please visit:
#   http://bugreport.java.com/bugreport/crash.jsp
#

---------------  T H R E A D  ---------------

Current thread is native thread

siginfo: si_signo: 11 (SIGSEGV), si_code: 1 (SEGV_MAPERR), si_addr: 0x0000000000000128

Registers:
RAX=0x0000000000000000, RBX=0x00007fff5c9cbd30, RCX=0x00007fffcf9d9408, RDX=0x00007fff5c9cbd30
RSP=0x00007fff5c9cb860, RBP=0x00007fff5c9cb890, RSI=0x00007fff5c9cbcc8, RDI=0x0000000000000103
R8 =0x00007fff5c9cbd30, R9 =0x00000000ffffffff, R10=0x0000000000000c00, R11=0x0000000000000206
R12=0x0000000000000c00, R13=0x0000000000000000, R14=0x00007fff5c9cbcc8, R15=0x0000000000000002
RIP=0x0000000103769970, EFLAGS=0x0000000000010202, ERR=0x0000000000000004
  TRAPNO=0x000000000000000e

Top of Stack: (sp=0x00007fff5c9cb860)
0x00007fff5c9cb860:   0000000000000000 00007fff5c9cbd30
0x00007fff5c9cb870:   0000000000000c00 0000000000000000
0x00007fff5c9cb880:   00007fff5c9cbf60 0000000000000e03
0x00007fff5c9cb890:   00007fff5c9cb8a0 00007fffc6c70b3a
0x00007fff5c9cb8a0:   00007fff5c9cbe30 0000000000019e00
0x00007fff5c9cb8b0:   00019f00cc305978 00007fffcf86f2d0
0x00007fff5c9cb8c0:   0100001f00000085 00007fffcf9abb18
0x00007fff5c9cb8d0:   0000000010004005 00000000ffffffff
0x00007fff5c9cb8e0:   00007fff5c9cbde8 0000000000000000
0x00007fff5c9cb8f0:   00007fff5c9cbf60 0000000007000806
0x00007fff5c9cb900:   00007fff5c9cbe30 00007fff5c9cbde8
0x00007fff5c9cb910:   0000000000000e03 00000000ffffffff
0x00007fff5c9cb920:   0000000000000c00 0000000000000206
0x00007fff5c9cb930:   0000000000000c00 0000000000000000
0x00007fff5c9cb940:   00007fff5c9cbf60 0000000000000e03
0x00007fff5c9cb950:   00007fffc6b8834a 0000000000000206
0x00007fff5c9cb960:   0000000000000007 0000000000000000
0x00007fff5c9cb970:   0000000000000000 0000000000000000
0x00007fff5c9cb980:   000000000000037f 0000000000000000
0x00007fff5c9cb990:   0000000000000000 0000ffff00001fa0
0x00007fff5c9cb9a0:   0000000000000000 000000000000ffff
0x00007fff5c9cb9b0:   0000000000000000 0000000000000000
0x00007fff5c9cb9c0:   0000000000000000 0000000000000000
0x00007fff5c9cb9d0:   00cf93000000ffff 000000000000ffff
0x00007fff5c9cb9e0:   ea600009d4951800 0000000000004008
0x00007fff5c9cb9f0:   aa0c80069ad42800 000000000000400d
0x00007fff5c9cba00:   995200044d013a80 000000000000400d
0x00007fff5c9cba10:   8801100000024800 000000000000c033
0x00007fff5c9cba20:   41c0525a108880d0 0000000000000000
0x00007fff5c9cba30:   41c0525a10800000 0000000000000000
0x00007fff5c9cba40:   c3de3f74ff0732c5 439c08b00f8cd3b5
0x00007fff5c9cba50:   67726f2e65686361 736e6f6d6d6f632f 

Instructions: (pc=0x0000000103769970)
0x0000000103769950:   83 ec 08 48 89 d3 49 89 f6 e8 bc 46 14 00 44 8b
0x0000000103769960:   38 48 8d 05 a8 18 3b 00 48 63 38 e8 8c 49 14 00
0x0000000103769970:   4c 8b a0 28 01 00 00 41 83 7c 24 34 01 0f 85 e2
0x0000000103769980:   00 00 00 49 89 5c 24 40 4d 89 74 24 38 49 8d 5c 

Register to memory mapping:

RAX=0x0000000000000000 is an unknown value
RBX=0x00007fff5c9cbd30 is an unknown value
RCX=0x00007fffcf9d9408: _thread+0x48 in /usr/lib/system/libsystem_pthread.dylib at 0x00007fffc6c77000
RDX=0x00007fff5c9cbd30 is an unknown value
RSP=0x00007fff5c9cb860 is an unknown value
RBP=0x00007fff5c9cb890 is an unknown value
RSI=0x00007fff5c9cbcc8 is an unknown value
RDI=0x0000000000000103 is an unknown value
R8 =0x00007fff5c9cbd30 is an unknown value
R9 =0x00000000ffffffff is an unknown value
R10=0x0000000000000c00 is an unknown value
R11=0x0000000000000206 is an unknown value
R12=0x0000000000000c00 is an unknown value
R13=0x0000000000000000 is an unknown value
R14=0x00007fff5c9cbcc8 is an unknown value
R15=0x0000000000000002 is an unknown value


Stack: [0x00007fff5c1d0000,0x00007fff5c9d0000],  sp=0x00007fff5c9cb860,  free space=8174k
Native frames: (J=compiled Java code, j=interpreted, Vv=VM code, C=native code)
V  [libjvm.dylib+0x48a970]  SR_handler(int, __siginfo*, __darwin_ucontext*)+0x2e
C  [libsystem_platform.dylib+0x2b3a]  _sigtramp+0x1a
C  0x0000000000019e00
C  [CoreFoundation+0x85874]  __CFRunLoopServiceMachPort+0xd4
C  [CoreFoundation+0x84cf1]  __CFRunLoopRun+0x551
C  [CoreFoundation+0x84544]  CFRunLoopRunSpecific+0x1a4
C  [java+0x647a]  CreateExecutionEnvironment+0x367
C  [java+0x212c]  JLI_Launch+0x7a0
C  [java+0x84d7]  main+0x65
C  [java+0x1984]  start+0x34


---------------  P R O C E S S  ---------------

VM state:at safepoint (normal execution)

VM Mutex/Monitor currently owned by a thread:  ([mutex/lock_event])
[0x00007ff8f2410220] Threads_lock - owner thread: 0x00007ff8f304b800
[0x00007ff8f2410720] Heap_lock - owner thread: 0x00007ff8f41ff000

Heap:
 PSYoungGen      total 282624K, used 272512K [0x0000000795580000, 0x00000007a7b80000, 0x00000007c0000000)
  eden space 265728K, 100% used [0x0000000795580000,0x00000007a5900000,0x00000007a5900000)
  from space 16896K, 40% used [0x00000007a6a00000,0x00000007a70a0020,0x00000007a7a80000)
  to   space 17408K, 10% used [0x00000007a5900000,0x00000007a5ac8020,0x00000007a6a00000)
 ParOldGen       total 87552K, used 35760K [0x0000000740000000, 0x0000000745580000, 0x0000000795580000)
  object space 87552K, 40% used [0x0000000740000000,0x00000007422ec080,0x0000000745580000)
 Metaspace       used 19086K, capacity 19320K, committed 19456K, reserved 1067008K
  class space    used 2393K, capacity 2478K, committed 2560K, reserved 1048576K

Card table byte_map: [0x0000000104bc0000,0x0000000104fc1000] byte_map_base: 0x00000001011c0000

Marking Bits: (ParMarkBitMap*) 0x0000000103bd66c0
 Begin Bits: [0x000000010526c000, 0x000000010726c000)
 End Bits:   [0x000000010726c000, 0x000000010926c000)

Polling page: 0x00000001042d1000

CodeCache: size=245760Kb used=7881Kb max_used=7881Kb free=237878Kb
 bounds [0x0000000110b24000, 0x00000001112e4000, 0x000000011fb24000]
 total_blobs=2606 nmethods=2242 adapters=279
 compilation: enabled

Compilation events (10 events):
Event: 14.556 Thread 0x00007ff8f284c800 2267       3       java.lang.ClassLoader::getClassLoadingLock (35 bytes)
Event: 14.557 Thread 0x00007ff8f284c800 nmethod 2267 0x00000001112d2a90 code [0x00000001112d2c20, 0x00000001112d3068]
Event: 14.557 Thread 0x00007ff8f284c800 2268       3       java.lang.ClassLoader::findLoadedClass (16 bytes)
Event: 14.557 Thread 0x00007ff8f284c800 nmethod 2268 0x00000001112d2610 code [0x00000001112d27a0, 0x00000001112d29d8]
Event: 14.560 Thread 0x00007ff8f284c800 2269       3       java.util.LinkedHashMap$LinkedHashIterator::nextNode (54 bytes)
Event: 14.560 Thread 0x00007ff8f284c800 nmethod 2269 0x00000001112d77d0 code [0x00000001112d7960, 0x00000001112d7cf8]
Event: 14.784 Thread 0x00007ff8f284c800 2270       1       com.fasterxml.jackson.databind.JavaType::getRawClass (5 bytes)
Event: 14.784 Thread 0x00007ff8f284c800 nmethod 2270 0x00000001112d4610 code [0x00000001112d4760, 0x00000001112d4870]
Event: 14.849 Thread 0x00007ff8f284c800 2271       1       com.fasterxml.jackson.databind.MapperFeature::getMask (5 bytes)
Event: 14.849 Thread 0x00007ff8f284c800 nmethod 2271 0x00000001112d2350 code [0x00000001112d24a0, 0x00000001112d25b0]

GC Heap History (10 events):
Event: 3.760 GC heap after
Heap after GC invocations=2 (full 0):
 PSYoungGen      total 71680K, used 5107K [0x0000000795580000, 0x000000079a080000, 0x00000007c0000000)
  eden space 66560K, 0% used [0x0000000795580000,0x0000000795580000,0x0000000799680000)
  from space 5120K, 99% used [0x0000000799b80000,0x000000079a07cf68,0x000000079a080000)
  to   space 5120K, 0% used [0x0000000799680000,0x0000000799680000,0x0000000799b80000)
 ParOldGen       total 87552K, used 9245K [0x0000000740000000, 0x0000000745580000, 0x0000000795580000)
  object space 87552K, 10% used [0x0000000740000000,0x0000000740907668,0x0000000745580000)
 Metaspace       used 14891K, capacity 15130K, committed 15360K, reserved 1062912K
  class space    used 1938K, capacity 2027K, committed 2048K, reserved 1048576K
}
Event: 5.960 GC heap before
{Heap before GC invocations=3 (full 0):
 PSYoungGen      total 71680K, used 71667K [0x0000000795580000, 0x000000079a080000, 0x00000007c0000000)
  eden space 66560K, 100% used [0x0000000795580000,0x0000000799680000,0x0000000799680000)
  from space 5120K, 99% used [0x0000000799b80000,0x000000079a07cf68,0x000000079a080000)
  to   space 5120K, 0% used [0x0000000799680000,0x0000000799680000,0x0000000799b80000)
 ParOldGen       total 87552K, used 9245K [0x0000000740000000, 0x0000000745580000, 0x0000000795580000)
  object space 87552K, 10% used [0x0000000740000000,0x0000000740907668,0x0000000745580000)
 Metaspace       used 14969K, capacity 15268K, committed 15360K, reserved 1062912K
  class space    used 1942K, capacity 2030K, committed 2048K, reserved 1048576K
Event: 6.085 GC heap after
Heap after GC invocations=3 (full 0):
 PSYoungGen      total 71680K, used 5097K [0x0000000795580000, 0x000000079e180000, 0x00000007c0000000)
  eden space 66560K, 0% used [0x0000000795580000,0x0000000795580000,0x0000000799680000)
  from space 5120K, 99% used [0x0000000799680000,0x0000000799b7a638,0x0000000799b80000)
  to   space 5120K, 0% used [0x000000079dc80000,0x000000079dc80000,0x000000079e180000)
 ParOldGen       total 87552K, used 21278K [0x0000000740000000, 0x0000000745580000, 0x0000000795580000)
  object space 87552K, 24% used [0x0000000740000000,0x00000007414c7a38,0x0000000745580000)
 Metaspace       used 14969K, capacity 15268K, committed 15360K, reserved 1062912K
  class space    used 1942K, capacity 2030K, committed 2048K, reserved 1048576K
}
Event: 7.115 GC heap before
{Heap before GC invocations=4 (full 0):
 PSYoungGen      total 71680K, used 71657K [0x0000000795580000, 0x000000079e180000, 0x00000007c0000000)
  eden space 66560K, 100% used [0x0000000795580000,0x0000000799680000,0x0000000799680000)
  from space 5120K, 99% used [0x0000000799680000,0x0000000799b7a638,0x0000000799b80000)
  to   space 5120K, 0% used [0x000000079dc80000,0x000000079dc80000,0x000000079e180000)
 ParOldGen       total 87552K, used 21278K [0x0000000740000000, 0x0000000745580000, 0x0000000795580000)
  object space 87552K, 24% used [0x0000000740000000,0x00000007414c7a38,0x0000000745580000)
 Metaspace       used 14999K, capacity 15268K, committed 15360K, reserved 1062912K
  class space    used 1942K, capacity 2030K, committed 2048K, reserved 1048576K
Event: 7.185 GC heap after
Heap after GC invocations=4 (full 0):
 PSYoungGen      total 138240K, used 5097K [0x0000000795580000, 0x000000079e180000, 0x00000007c0000000)
  eden space 133120K, 0% used [0x0000000795580000,0x0000000795580000,0x000000079d780000)
  from space 5120K, 99% used [0x000000079dc80000,0x000000079e17a5f8,0x000000079e180000)
  to   space 5120K, 0% used [0x000000079d780000,0x000000079d780000,0x000000079dc80000)
 ParOldGen       total 87552K, used 25898K [0x0000000740000000, 0x0000000745580000, 0x0000000795580000)
  object space 87552K, 29% used [0x0000000740000000,0x000000074194aac8,0x0000000745580000)
 Metaspace       used 14999K, capacity 15268K, committed 15360K, reserved 1062912K
  class space    used 1942K, capacity 2030K, committed 2048K, reserved 1048576K
}
Event: 9.031 GC heap before
{Heap before GC invocations=5 (full 0):
 PSYoungGen      total 138240K, used 138217K [0x0000000795580000, 0x000000079e180000, 0x00000007c0000000)
  eden space 133120K, 100% used [0x0000000795580000,0x000000079d780000,0x000000079d780000)
  from space 5120K, 99% used [0x000000079dc80000,0x000000079e17a5f8,0x000000079e180000)
  to   space 5120K, 0% used [0x000000079d780000,0x000000079d780000,0x000000079dc80000)
 ParOldGen       total 87552K, used 25898K [0x0000000740000000, 0x0000000745580000, 0x0000000795580000)
  object space 87552K, 29% used [0x0000000740000000,0x000000074194aac8,0x0000000745580000)
 Metaspace       used 15168K, capacity 15444K, committed 15744K, reserved 1062912K
  class space    used 1972K, capacity 2062K, committed 2176K, reserved 1048576K
Event: 9.144 GC heap after
Heap after GC invocations=5 (full 0):
 PSYoungGen      total 138240K, used 5104K [0x0000000795580000, 0x00000007a7a80000, 0x00000007c0000000)
  eden space 133120K, 0% used [0x0000000795580000,0x0000000795580000,0x000000079d780000)
  from space 5120K, 99% used [0x000000079d780000,0x000000079dc7c040,0x000000079dc80000)
  to   space 16896K, 0% used [0x00000007a6a00000,0x00000007a6a00000,0x00000007a7a80000)
 ParOldGen       total 87552K, used 33977K [0x0000000740000000, 0x0000000745580000, 0x0000000795580000)
  object space 87552K, 38% used [0x0000000740000000,0x000000074212e718,0x0000000745580000)
 Metaspace       used 15168K, capacity 15444K, committed 15744K, reserved 1062912K
  class space    used 1972K, capacity 2062K, committed 2176K, reserved 1048576K
}
Event: 10.706 GC heap before
{Heap before GC invocations=6 (full 0):
 PSYoungGen      total 138240K, used 138224K [0x0000000795580000, 0x00000007a7a80000, 0x00000007c0000000)
  eden space 133120K, 100% used [0x0000000795580000,0x000000079d780000,0x000000079d780000)
  from space 5120K, 99% used [0x000000079d780000,0x000000079dc7c040,0x000000079dc80000)
  to   space 16896K, 0% used [0x00000007a6a00000,0x00000007a6a00000,0x00000007a7a80000)
 ParOldGen       total 87552K, used 33977K [0x0000000740000000, 0x0000000745580000, 0x0000000795580000)
  object space 87552K, 38% used [0x0000000740000000,0x000000074212e718,0x0000000745580000)
 Metaspace       used 15183K, capacity 15444K, committed 15744K, reserved 1062912K
  class space    used 1972K, capacity 2062K, committed 2176K, reserved 1048576K
Event: 10.781 GC heap after
Heap after GC invocations=6 (full 0):
 PSYoungGen      total 282624K, used 6784K [0x0000000795580000, 0x00000007a7b80000, 0x00000007c0000000)
  eden space 265728K, 0% used [0x0000000795580000,0x0000000795580000,0x00000007a5900000)
  from space 16896K, 40% used [0x00000007a6a00000,0x00000007a70a0020,0x00000007a7a80000)
  to   space 17408K, 0% used [0x00000007a5900000,0x00000007a5900000,0x00000007a6a00000)
 ParOldGen       total 87552K, used 33977K [0x0000000740000000, 0x0000000745580000, 0x0000000795580000)
  object space 87552K, 38% used [0x0000000740000000,0x000000074212e718,0x0000000745580000)
 Metaspace       used 15183K, capacity 15444K, committed 15744K, reserved 1062912K
  class space    used 1972K, capacity 2062K, committed 2176K, reserved 1048576K
}
Event: 14.925 GC heap before
{Heap before GC invocations=7 (full 0):
 PSYoungGen      total 282624K, used 272512K [0x0000000795580000, 0x00000007a7b80000, 0x00000007c0000000)
  eden space 265728K, 100% used [0x0000000795580000,0x00000007a5900000,0x00000007a5900000)
  from space 16896K, 40% used [0x00000007a6a00000,0x00000007a70a0020,0x00000007a7a80000)
  to   space 17408K, 0% used [0x00000007a5900000,0x00000007a5900000,0x00000007a6a00000)
 ParOldGen       total 87552K, used 33977K [0x0000000740000000, 0x0000000745580000, 0x0000000795580000)
  object space 87552K, 38% used [0x0000000740000000,0x000000074212e718,0x0000000745580000)
 Metaspace       used 19086K, capacity 19320K, committed 19456K, reserved 1067008K
  class space    used 2393K, capacity 2478K, committed 2560K, reserved 1048576K

Deoptimization events (10 events):
Event: 14.061 Thread 0x00007ff8f3006800 Uncommon trap: reason=unstable_if action=reinterpret pc=0x00000001110f5ad0 method=java.util.HashMap.clear()V @ 16
Event: 14.086 Thread 0x00007ff8f3006800 Uncommon trap: reason=unstable_if action=reinterpret pc=0x000000011122dfe8 method=java.util.HashMap.resize()[Ljava/util/HashMap$Node; @ 56
Event: 14.104 Thread 0x00007ff8f3006800 Uncommon trap: reason=class_check action=maybe_recompile pc=0x0000000110df8c94 method=java.io.DataInputStream.readInt()I @ 4
Event: 14.105 Thread 0x00007ff8f3006800 Uncommon trap: reason=class_check action=maybe_recompile pc=0x0000000110df8c94 method=java.io.DataInputStream.readInt()I @ 4
Event: 14.105 Thread 0x00007ff8f3006800 Uncommon trap: reason=class_check action=maybe_recompile pc=0x0000000110df8c94 method=java.io.DataInputStream.readInt()I @ 4
Event: 14.105 Thread 0x00007ff8f3006800 Uncommon trap: reason=class_check action=maybe_recompile pc=0x0000000110df8c94 method=java.io.DataInputStream.readInt()I @ 4
Event: 14.485 Thread 0x00007ff8f3006800 Uncommon trap: reason=class_check action=maybe_recompile pc=0x00000001112cafb0 method=java.util.concurrent.ConcurrentHashMap.putVal(Ljava/lang/Object;Ljava/lang/Object;Z)Ljava/lang/Object; @ 192
Event: 14.485 Thread 0x00007ff8f3006800 Uncommon trap: reason=class_check action=maybe_recompile pc=0x00000001112cafb0 method=java.util.concurrent.ConcurrentHashMap.putVal(Ljava/lang/Object;Ljava/lang/Object;Z)Ljava/lang/Object; @ 192
Event: 14.485 Thread 0x00007ff8f3006800 Uncommon trap: reason=class_check action=maybe_recompile pc=0x00000001112cafb0 method=java.util.concurrent.ConcurrentHashMap.putVal(Ljava/lang/Object;Ljava/lang/Object;Z)Ljava/lang/Object; @ 192
Event: 14.485 Thread 0x00007ff8f3006800 Uncommon trap: reason=class_check action=maybe_recompile pc=0x00000001112cafb0 method=java.util.concurrent.ConcurrentHashMap.putVal(Ljava/lang/Object;Ljava/lang/Object;Z)Ljava/lang/Object; @ 192

Classes redefined (0 events):
No events

Internal exceptions (10 events):
Event: 14.479 Thread 0x00007ff8f3006800 Exception <a 'java/lang/ArrayIndexOutOfBoundsException': 18> (0x00000007a555b7f8) thrown at [/Users/java_re/workspace/8-2-build-macosx-x86_64/jdk8u161/10277/hotspot/src/share/vm/interpreter/interpreterRuntime.cpp, line 366]
Event: 14.480 Thread 0x00007ff8f3006800 Exception <a 'java/lang/ArrayIndexOutOfBoundsException'> (0x00000007a555d2c0) thrown at [/Users/java_re/workspace/8-2-build-macosx-x86_64/jdk8u161/10277/hotspot/src/share/vm/runtime/sharedRuntime.cpp, line 605]
Event: 14.482 Thread 0x00007ff8f3006800 Exception <a 'java/lang/ArrayIndexOutOfBoundsException'> (0x00000007a555e8e8) thrown at [/Users/java_re/workspace/8-2-build-macosx-x86_64/jdk8u161/10277/hotspot/src/share/vm/runtime/sharedRuntime.cpp, line 605]
Event: 14.483 Thread 0x00007ff8f3006800 Exception <a 'java/lang/ArrayIndexOutOfBoundsException'> (0x00000007a5563808) thrown at [/Users/java_re/workspace/8-2-build-macosx-x86_64/jdk8u161/10277/hotspot/src/share/vm/runtime/sharedRuntime.cpp, line 605]
Event: 14.483 Thread 0x00007ff8f3006800 Exception <a 'java/lang/ArrayIndexOutOfBoundsException'> (0x00000007a5564288) thrown at [/Users/java_re/workspace/8-2-build-macosx-x86_64/jdk8u161/10277/hotspot/src/share/vm/runtime/sharedRuntime.cpp, line 605]
Event: 14.483 Thread 0x00007ff8f3006800 Exception <a 'java/lang/ArrayIndexOutOfBoundsException'> (0x00000007a5565108) thrown at [/Users/java_re/workspace/8-2-build-macosx-x86_64/jdk8u161/10277/hotspot/src/share/vm/runtime/sharedRuntime.cpp, line 605]
Event: 14.483 Thread 0x00007ff8f3006800 Exception <a 'java/lang/ArrayIndexOutOfBoundsException'> (0x00000007a5565f50) thrown at [/Users/java_re/workspace/8-2-build-macosx-x86_64/jdk8u161/10277/hotspot/src/share/vm/runtime/sharedRuntime.cpp, line 605]
Event: 14.483 Thread 0x00007ff8f3006800 Exception <a 'java/lang/ArrayIndexOutOfBoundsException'> (0x00000007a5567aa8) thrown at [/Users/java_re/workspace/8-2-build-macosx-x86_64/jdk8u161/10277/hotspot/src/share/vm/runtime/sharedRuntime.cpp, line 605]
Event: 14.483 Thread 0x00007ff8f3006800 Exception <a 'java/lang/ArrayIndexOutOfBoundsException'> (0x00000007a5568fb8) thrown at [/Users/java_re/workspace/8-2-build-macosx-x86_64/jdk8u161/10277/hotspot/src/share/vm/runtime/sharedRuntime.cpp, line 605]
Event: 14.484 Thread 0x00007ff8f3006800 Exception <a 'java/lang/ArrayIndexOutOfBoundsException'> (0x00000007a556d548) thrown at [/Users/java_re/workspace/8-2-build-macosx-x86_64/jdk8u161/10277/hotspot/src/share/vm/runtime/sharedRuntime.cpp, line 605]

Events (10 events):
Event: 14.923 Thread 0x00007ff8f3006800 Thread exited: 0x00007ff8f3006800
Event: 14.923 Thread 0x00007ff8f416e000 Thread added: 0x00007ff8f416e000
Event: 14.923 loading class java/util/IdentityHashMap$KeySet
Event: 14.923 loading class java/util/IdentityHashMap$KeySet done
Event: 14.923 loading class java/util/IdentityHashMap$KeyIterator
Event: 14.923 loading class java/util/IdentityHashMap$IdentityHashMapIterator
Event: 14.923 loading class java/util/IdentityHashMap$IdentityHashMapIterator done
Event: 14.924 loading class java/util/IdentityHashMap$KeyIterator done
Event: 14.925 Thread 0x00007ff8f41ff000 Thread added: 0x00007ff8f41ff000
Event: 14.925 Executing VM operation: ParallelGCFailedAllocation


Dynamic libraries:
0x000000003b933000 	/System/Library/Frameworks/Cocoa.framework/Versions/A/Cocoa
0x000000003b933000 	/System/Library/Frameworks/Security.framework/Versions/A/Security
0x000000003b933000 	/System/Library/Frameworks/ApplicationServices.framework/Versions/A/ApplicationServices
0x000000003b933000 	/usr/lib/libz.1.dylib
0x000000003b933000 	/usr/lib/libSystem.B.dylib
0x000000003b933000 	/usr/lib/libobjc.A.dylib
0x000000003b933000 	/System/Library/Frameworks/CoreFoundation.framework/Versions/A/CoreFoundation
0x000000003b933000 	/System/Library/Frameworks/Foundation.framework/Versions/C/Foundation
0x000000003b933000 	/System/Library/Frameworks/AppKit.framework/Versions/C/AppKit
0x000000003b933000 	/System/Library/Frameworks/CoreData.framework/Versions/A/CoreData
0x000000003b933000 	/System/Library/PrivateFrameworks/RemoteViewServices.framework/Versions/A/RemoteViewServices
0x000000003b933000 	/System/Library/PrivateFrameworks/UIFoundation.framework/Versions/A/UIFoundation
0x000000003b933000 	/System/Library/PrivateFrameworks/DFRFoundation.framework/Versions/A/DFRFoundation
0x000000003b933000 	/usr/lib/libenergytrace.dylib
0x000000003b933000 	/System/Library/PrivateFrameworks/SkyLight.framework/Versions/A/SkyLight
0x000000003b933000 	/System/Library/Frameworks/CoreGraphics.framework/Versions/A/CoreGraphics
0x000000003b933000 	/usr/lib/libScreenReader.dylib
0x000000003b933000 	/System/Library/Frameworks/Accelerate.framework/Versions/A/Accelerate
0x000000003b933000 	/System/Library/Frameworks/IOSurface.framework/Versions/A/IOSurface
0x000000003b933000 	/System/Library/Frameworks/AudioToolbox.framework/Versions/A/AudioToolbox
0x000000003b933000 	/System/Library/Frameworks/AudioUnit.framework/Versions/A/AudioUnit
0x000000003b933000 	/System/Library/PrivateFrameworks/DataDetectorsCore.framework/Versions/A/DataDetectorsCore
0x000000003b933000 	/System/Library/PrivateFrameworks/DesktopServicesPriv.framework/Versions/A/DesktopServicesPriv
0x000000003b933000 	/System/Library/Frameworks/Carbon.framework/Versions/A/Frameworks/HIToolbox.framework/Versions/A/HIToolbox
0x000000003b933000 	/usr/lib/libicucore.A.dylib
0x000000003b933000 	/System/Library/Frameworks/QuartzCore.framework/Versions/A/QuartzCore
0x000000003b933000 	/System/Library/Frameworks/Carbon.framework/Versions/A/Frameworks/SpeechRecognition.framework/Versions/A/SpeechRecognition
0x000000003b933000 	/usr/lib/libauto.dylib
0x000000003b933000 	/usr/lib/libxml2.2.dylib
0x000000003b933000 	/System/Library/PrivateFrameworks/CoreUI.framework/Versions/A/CoreUI
0x000000003b933000 	/System/Library/Frameworks/CoreAudio.framework/Versions/A/CoreAudio
0x000000003b933000 	/System/Library/Frameworks/DiskArbitration.framework/Versions/A/DiskArbitration
0x000000003b933000 	/usr/lib/liblangid.dylib
0x000000003b933000 	/System/Library/PrivateFrameworks/MultitouchSupport.framework/Versions/A/MultitouchSupport
0x000000003b933000 	/System/Library/Frameworks/IOKit.framework/Versions/A/IOKit
0x000000003b933000 	/usr/lib/libDiagnosticMessagesClient.dylib
0x000000003b933000 	/System/Library/Frameworks/CoreServices.framework/Versions/A/CoreServices
0x000000003b933000 	/System/Library/PrivateFrameworks/PerformanceAnalysis.framework/Versions/A/PerformanceAnalysis
0x000000003b933000 	/System/Library/PrivateFrameworks/GenerationalStorage.framework/Versions/A/GenerationalStorage
0x000000003b933000 	/System/Library/Frameworks/OpenGL.framework/Versions/A/OpenGL
0x000000003b933000 	/System/Library/Frameworks/CoreImage.framework/Versions/A/CoreImage
0x000000003b933000 	/System/Library/Frameworks/CoreText.framework/Versions/A/CoreText
0x000000003b933000 	/System/Library/Frameworks/ImageIO.framework/Versions/A/ImageIO
0x000000003b933000 	/System/Library/PrivateFrameworks/Backup.framework/Versions/A/Backup
0x000000003b933000 	/usr/lib/libarchive.2.dylib
0x000000003b933000 	/System/Library/Frameworks/CFNetwork.framework/Versions/A/CFNetwork
0x000000003b933000 	/System/Library/Frameworks/SystemConfiguration.framework/Versions/A/SystemConfiguration
0x000000003b933000 	/usr/lib/libCRFSuite.dylib
0x000000003b933000 	/usr/lib/libc++.1.dylib
0x000000003b933000 	/usr/lib/libc++abi.dylib
0x000000003b933000 	/usr/lib/system/libcache.dylib
0x000000003b933000 	/usr/lib/system/libcommonCrypto.dylib
0x000000003b933000 	/usr/lib/system/libcompiler_rt.dylib
0x000000003b933000 	/usr/lib/system/libcopyfile.dylib
0x000000003b933000 	/usr/lib/system/libcorecrypto.dylib
0x000000003b933000 	/usr/lib/system/libdispatch.dylib
0x000000003b933000 	/usr/lib/system/libdyld.dylib
0x000000003b933000 	/usr/lib/system/libkeymgr.dylib
0x000000003b933000 	/usr/lib/system/liblaunch.dylib
0x000000003b933000 	/usr/lib/system/libmacho.dylib
0x000000003b933000 	/usr/lib/system/libquarantine.dylib
0x000000003b933000 	/usr/lib/system/libremovefile.dylib
0x000000003b933000 	/usr/lib/system/libsystem_asl.dylib
0x000000003b933000 	/usr/lib/system/libsystem_blocks.dylib
0x000000003b933000 	/usr/lib/system/libsystem_c.dylib
0x000000003b933000 	/usr/lib/system/libsystem_configuration.dylib
0x000000003b933000 	/usr/lib/system/libsystem_coreservices.dylib
0x000000003b933000 	/usr/lib/system/libsystem_coretls.dylib
0x000000003b933000 	/usr/lib/system/libsystem_dnssd.dylib
0x000000003b933000 	/usr/lib/system/libsystem_info.dylib
0x000000003b933000 	/usr/lib/system/libsystem_kernel.dylib
0x000000003b933000 	/usr/lib/system/libsystem_m.dylib
0x000000003b933000 	/usr/lib/system/libsystem_malloc.dylib
0x000000003b933000 	/usr/lib/system/libsystem_network.dylib
0x000000003b933000 	/usr/lib/system/libsystem_networkextension.dylib
0x000000003b933000 	/usr/lib/system/libsystem_notify.dylib
0x000000003b933000 	/usr/lib/system/libsystem_platform.dylib
0x000000003b933000 	/usr/lib/system/libsystem_pthread.dylib
0x000000003b933000 	/usr/lib/system/libsystem_sandbox.dylib
0x000000003b933000 	/usr/lib/system/libsystem_secinit.dylib
0x000000003b933000 	/usr/lib/system/libsystem_symptoms.dylib
0x000000003b933000 	/usr/lib/system/libsystem_trace.dylib
0x000000003b933000 	/usr/lib/system/libunwind.dylib
0x000000003b933000 	/usr/lib/system/libxpc.dylib
0x000000003b933000 	/usr/lib/libbsm.0.dylib
0x000000003b933000 	/usr/lib/system/libkxld.dylib
0x000000003b933000 	/usr/lib/libcoretls.dylib
0x000000003b933000 	/usr/lib/libcoretls_cfhelpers.dylib
0x000000003b933000 	/usr/lib/libOpenScriptingUtil.dylib
0x000000003b933000 	/usr/lib/libpam.2.dylib
0x000000003b933000 	/usr/lib/libsqlite3.dylib
0x000000003b933000 	/usr/lib/libxar.1.dylib
0x000000003b933000 	/usr/lib/libbz2.1.0.dylib
0x000000003b933000 	/usr/lib/liblzma.5.dylib
0x000000003b933000 	/usr/lib/libnetwork.dylib
0x000000003b933000 	/usr/lib/libpcap.A.dylib
0x000000003b933000 	/System/Library/Frameworks/CoreServices.framework/Versions/A/Frameworks/FSEvents.framework/Versions/A/FSEvents
0x000000003b933000 	/System/Library/Frameworks/CoreServices.framework/Versions/A/Frameworks/CarbonCore.framework/Versions/A/CarbonCore
0x000000003b933000 	/System/Library/Frameworks/CoreServices.framework/Versions/A/Frameworks/Metadata.framework/Versions/A/Metadata
0x000000003b933000 	/System/Library/Frameworks/CoreServices.framework/Versions/A/Frameworks/OSServices.framework/Versions/A/OSServices
0x000000003b933000 	/System/Library/Frameworks/CoreServices.framework/Versions/A/Frameworks/SearchKit.framework/Versions/A/SearchKit
0x000000003b933000 	/System/Library/Frameworks/CoreServices.framework/Versions/A/Frameworks/AE.framework/Versions/A/AE
0x000000003b933000 	/System/Library/Frameworks/CoreServices.framework/Versions/A/Frameworks/LaunchServices.framework/Versions/A/LaunchServices
0x000000003b933000 	/System/Library/Frameworks/CoreServices.framework/Versions/A/Frameworks/DictionaryServices.framework/Versions/A/DictionaryServices
0x000000003b933000 	/System/Library/Frameworks/CoreServices.framework/Versions/A/Frameworks/SharedFileList.framework/Versions/A/SharedFileList
0x000000003b933000 	/System/Library/Frameworks/NetFS.framework/Versions/A/NetFS
0x000000003b933000 	/System/Library/PrivateFrameworks/NetAuth.framework/Versions/A/NetAuth
0x000000003b933000 	/System/Library/PrivateFrameworks/login.framework/Versions/A/Frameworks/loginsupport.framework/Versions/A/loginsupport
0x000000003b933000 	/System/Library/PrivateFrameworks/TCC.framework/Versions/A/TCC
0x000000003b933000 	/usr/lib/libmecabra.dylib
0x000000003b933000 	/System/Library/Frameworks/ApplicationServices.framework/Versions/A/Frameworks/ATS.framework/Versions/A/ATS
0x000000003b933000 	/System/Library/Frameworks/ApplicationServices.framework/Versions/A/Frameworks/ColorSync.framework/Versions/A/ColorSync
0x000000003b933000 	/System/Library/Frameworks/ApplicationServices.framework/Versions/A/Frameworks/HIServices.framework/Versions/A/HIServices
0x000000003b933000 	/System/Library/Frameworks/ApplicationServices.framework/Versions/A/Frameworks/LangAnalysis.framework/Versions/A/LangAnalysis
0x000000003b933000 	/System/Library/Frameworks/ApplicationServices.framework/Versions/A/Frameworks/PrintCore.framework/Versions/A/PrintCore
0x000000003b933000 	/System/Library/Frameworks/ApplicationServices.framework/Versions/A/Frameworks/QD.framework/Versions/A/QD
0x000000003b933000 	/System/Library/Frameworks/ApplicationServices.framework/Versions/A/Frameworks/SpeechSynthesis.framework/Versions/A/SpeechSynthesis
0x000000003b933000 	/System/Library/Frameworks/Accelerate.framework/Versions/A/Frameworks/vImage.framework/Versions/A/vImage
0x000000003b933000 	/System/Library/Frameworks/Accelerate.framework/Versions/A/Frameworks/vecLib.framework/Versions/A/vecLib
0x000000003b933000 	/System/Library/Frameworks/Accelerate.framework/Versions/A/Frameworks/vecLib.framework/Versions/A/libvDSP.dylib
0x000000003b933000 	/System/Library/Frameworks/Accelerate.framework/Versions/A/Frameworks/vecLib.framework/Versions/A/libBNNS.dylib
0x000000003b933000 	/System/Library/Frameworks/Accelerate.framework/Versions/A/Frameworks/vecLib.framework/Versions/A/libQuadrature.dylib
0x000000003b933000 	/System/Library/Frameworks/Accelerate.framework/Versions/A/Frameworks/vecLib.framework/Versions/A/libvMisc.dylib
0x000000003b933000 	/System/Library/Frameworks/Accelerate.framework/Versions/A/Frameworks/vecLib.framework/Versions/A/libLAPACK.dylib
0x000000003b933000 	/System/Library/Frameworks/Accelerate.framework/Versions/A/Frameworks/vecLib.framework/Versions/A/libBLAS.dylib
0x000000003b933000 	/System/Library/Frameworks/Accelerate.framework/Versions/A/Frameworks/vecLib.framework/Versions/A/libLinearAlgebra.dylib
0x000000003b933000 	/System/Library/Frameworks/Accelerate.framework/Versions/A/Frameworks/vecLib.framework/Versions/A/libSparseBLAS.dylib
0x000000003b933000 	/System/Library/Frameworks/ApplicationServices.framework/Versions/A/Frameworks/ATS.framework/Versions/A/Resources/libFontParser.dylib
0x000000003b933000 	/System/Library/Frameworks/ApplicationServices.framework/Versions/A/Frameworks/ATS.framework/Versions/A/Resources/libFontRegistry.dylib
0x000000003b933000 	/System/Library/Frameworks/ImageIO.framework/Versions/A/Resources/libJPEG.dylib
0x000000003b933000 	/System/Library/Frameworks/ImageIO.framework/Versions/A/Resources/libTIFF.dylib
0x000000003b933000 	/System/Library/Frameworks/ImageIO.framework/Versions/A/Resources/libPng.dylib
0x000000003b933000 	/System/Library/Frameworks/ImageIO.framework/Versions/A/Resources/libGIF.dylib
0x000000003b933000 	/System/Library/Frameworks/ImageIO.framework/Versions/A/Resources/libJP2.dylib
0x000000003b933000 	/System/Library/Frameworks/ImageIO.framework/Versions/A/Resources/libRadiance.dylib
0x000000003b933000 	/usr/lib/libcompression.dylib
0x000000003b933000 	/System/Library/PrivateFrameworks/AppleJPEG.framework/Versions/A/AppleJPEG
0x000000003b933000 	/usr/lib/libcups.2.dylib
0x000000003b933000 	/System/Library/Frameworks/Kerberos.framework/Versions/A/Kerberos
0x000000003b933000 	/System/Library/Frameworks/GSS.framework/Versions/A/GSS
0x000000003b933000 	/usr/lib/libresolv.9.dylib
0x000000003b933000 	/usr/lib/libiconv.2.dylib
0x000000003b933000 	/System/Library/PrivateFrameworks/Heimdal.framework/Versions/A/Heimdal
0x000000003b933000 	/usr/lib/libheimdal-asn1.dylib
0x000000003b933000 	/System/Library/Frameworks/OpenDirectory.framework/Versions/A/OpenDirectory
0x000000003b933000 	/System/Library/PrivateFrameworks/CommonAuth.framework/Versions/A/CommonAuth
0x000000003b933000 	/System/Library/Frameworks/OpenDirectory.framework/Versions/A/Frameworks/CFOpenDirectory.framework/Versions/A/CFOpenDirectory
0x000000003b933000 	/System/Library/Frameworks/SecurityFoundation.framework/Versions/A/SecurityFoundation
0x000000003b933000 	/System/Library/PrivateFrameworks/LanguageModeling.framework/Versions/A/LanguageModeling
0x000000003b933000 	/usr/lib/libmarisa.dylib
0x000000003b933000 	/usr/lib/libChineseTokenizer.dylib
0x000000003b933000 	/usr/lib/libcmph.dylib
0x000000003b933000 	/System/Library/PrivateFrameworks/CoreEmoji.framework/Versions/A/CoreEmoji
0x000000003b933000 	/System/Library/Frameworks/ServiceManagement.framework/Versions/A/ServiceManagement
0x000000003b933000 	/usr/lib/libxslt.1.dylib
0x000000003b933000 	/System/Library/Frameworks/Carbon.framework/Versions/A/Frameworks/Ink.framework/Versions/A/Ink
0x000000003b933000 	/System/Library/PrivateFrameworks/TextureIO.framework/Versions/A/TextureIO
0x000000003b933000 	/System/Library/Frameworks/Metal.framework/Versions/A/Metal
0x000000003b933000 	/usr/lib/libate.dylib
0x000000003b933000 	/System/Library/PrivateFrameworks/GPUCompiler.framework/libmetal_timestamp.dylib
0x000000003b933000 	/System/Library/Frameworks/OpenGL.framework/Versions/A/Libraries/libCoreFSCache.dylib
0x000000003b933000 	/System/Library/PrivateFrameworks/IOAccelerator.framework/Versions/A/IOAccelerator
0x000000003b933000 	/System/Library/Frameworks/CoreVideo.framework/Versions/A/CoreVideo
0x000000003b933000 	/usr/lib/libFosl_dynamic.dylib
0x000000003b933000 	/System/Library/PrivateFrameworks/MetalPerformanceShaders.framework/Versions/A/MetalPerformanceShaders
0x000000003b933000 	/System/Library/PrivateFrameworks/FaceCore.framework/Versions/A/FaceCore
0x000000003b933000 	/System/Library/Frameworks/OpenCL.framework/Versions/A/OpenCL
0x000000003b933000 	/System/Library/Frameworks/OpenGL.framework/Versions/A/Libraries/libGLU.dylib
0x000000003b933000 	/System/Library/Frameworks/OpenGL.framework/Versions/A/Libraries/libGFXShared.dylib
0x000000003b933000 	/System/Library/Frameworks/OpenGL.framework/Versions/A/Libraries/libGL.dylib
0x000000003b933000 	/System/Library/Frameworks/OpenGL.framework/Versions/A/Libraries/libGLImage.dylib
0x000000003b933000 	/System/Library/Frameworks/OpenGL.framework/Versions/A/Libraries/libCVMSPluginSupport.dylib
0x000000003b933000 	/System/Library/Frameworks/OpenGL.framework/Versions/A/Libraries/libCoreVMClient.dylib
0x000000003b933000 	/System/Library/PrivateFrameworks/CrashReporterSupport.framework/Versions/A/CrashReporterSupport
0x000000003b933000 	/System/Library/PrivateFrameworks/Sharing.framework/Versions/A/Sharing
0x000000003b933000 	/System/Library/PrivateFrameworks/IconServices.framework/Versions/A/IconServices
0x000000003b933000 	/System/Library/PrivateFrameworks/ProtocolBuffer.framework/Versions/A/ProtocolBuffer
0x000000003b933000 	/System/Library/PrivateFrameworks/Apple80211.framework/Versions/A/Apple80211
0x000000003b933000 	/System/Library/Frameworks/CoreWLAN.framework/Versions/A/CoreWLAN
0x000000003b933000 	/System/Library/PrivateFrameworks/CoreUtils.framework/Versions/A/CoreUtils
0x000000003b933000 	/System/Library/Frameworks/IOBluetooth.framework/Versions/A/IOBluetooth
0x000000003b933000 	/System/Library/PrivateFrameworks/CoreWiFi.framework/Versions/A/CoreWiFi
0x000000003b933000 	/System/Library/Frameworks/CoreBluetooth.framework/Versions/A/CoreBluetooth
0x000000003b933000 	/System/Library/Frameworks/CoreDisplay.framework/Versions/A/CoreDisplay
0x000000003b933000 	/System/Library/PrivateFrameworks/IOPresentment.framework/Versions/A/IOPresentment
0x000000003b933000 	/System/Library/PrivateFrameworks/DSExternalDisplay.framework/Versions/A/DSExternalDisplay
0x000000003b933000 	/System/Library/PrivateFrameworks/DebugSymbols.framework/Versions/A/DebugSymbols
0x000000003b933000 	/System/Library/PrivateFrameworks/CoreSymbolication.framework/Versions/A/CoreSymbolication
0x000000003b933000 	/System/Library/PrivateFrameworks/Symbolication.framework/Versions/A/Symbolication
0x000000003b933000 	/System/Library/PrivateFrameworks/AppleFSCompression.framework/Versions/A/AppleFSCompression
0x000000003b933000 	/System/Library/PrivateFrameworks/SpeechRecognitionCore.framework/Versions/A/SpeechRecognitionCore
0x000000003b933000 	/System/Library/PrivateFrameworks/ChunkingLibrary.framework/Versions/A/ChunkingLibrary
0x00000001032df000 	/Library/Java/JavaVirtualMachines/jdk1.8.0_161.jdk/Contents/Home/jre/lib/server/libjvm.dylib
0x000000003b933000 	/usr/lib/libstdc++.6.dylib
0x000000010428d000 	/Library/Java/JavaVirtualMachines/jdk1.8.0_161.jdk/Contents/Home/jre/lib/libverify.dylib
0x000000010429b000 	/Library/Java/JavaVirtualMachines/jdk1.8.0_161.jdk/Contents/Home/jre/lib/libjava.dylib
0x00000001042db000 	/Library/Java/JavaVirtualMachines/jdk1.8.0_161.jdk/Contents/Home/jre/lib/libzip.dylib
0x000000010c3cb000 	/Library/Java/JavaVirtualMachines/jdk1.8.0_161.jdk/Contents/Home/jre/lib/libnio.dylib
0x000000010c3db000 	/Library/Java/JavaVirtualMachines/jdk1.8.0_161.jdk/Contents/Home/jre/lib/./libnet.dylib

VM Arguments:
java_command: /Users/mohammadomar/Desktop/node-js-getting-started/ont.jar /Users/mohammadomar/Desktop/node-js-getting-started/ontologies/prop.owl /Users/mohammadomar/Desktop/node-js-getting-started/questions/ classWithSuper.json
java_class_path (initial): /Users/mohammadomar/Desktop/node-js-getting-started/ont.jar
Launcher Type: SUN_STANDARD

Environment Variables:
PATH=/Users/mohammadomar/.npm-packages/lib/node_modules/npm/bin/node-gyp-bin:/Users/mohammadomar/Desktop/node-js-getting-started/node_modules/.bin:/Users/mohammadomar/.npm-packages/bin:/usr/local/bin:/usr/bin:/bin:/usr/sbin:/sbin:/Users/mohammadomar/.npm-packages/bin
SHELL=/bin/bash

Signal Handlers:
SIGSEGV: [libjvm.dylib+0x5b5439], sa_mask[0]=11111111011111110111111111111111, sa_flags=SA_ONSTACK|SA_RESTART|SA_SIGINFO
SIGBUS: [libjvm.dylib+0x5b5439], sa_mask[0]=11111111011111110111111111111111, sa_flags=SA_RESTART|SA_SIGINFO
SIGFPE: [libjvm.dylib+0x48ae24], sa_mask[0]=11111111011111110111111111111111, sa_flags=SA_RESTART|SA_SIGINFO
SIGPIPE: [libjvm.dylib+0x48ae24], sa_mask[0]=11111111011111110111111111111111, sa_flags=SA_RESTART|SA_SIGINFO
SIGXFSZ: [libjvm.dylib+0x48ae24], sa_mask[0]=11111111011111110111111111111111, sa_flags=SA_RESTART|SA_SIGINFO
SIGILL: [libjvm.dylib+0x48ae24], sa_mask[0]=11111111011111110111111111111111, sa_flags=SA_RESTART|SA_SIGINFO
SIGUSR1: SIG_DFL, sa_mask[0]=11111111011111110111111111111111, sa_flags=none
SIGUSR2: [libjvm.dylib+0x48a942], sa_mask[0]=00000000000000000000000000000000, sa_flags=SA_RESTART|SA_SIGINFO
SIGHUP: [libjvm.dylib+0x488f0d], sa_mask[0]=11111111011111110111111111111111, sa_flags=SA_RESTART|SA_SIGINFO
SIGINT: [libjvm.dylib+0x488f0d], sa_mask[0]=11111111011111110111111111111111, sa_flags=SA_RESTART|SA_SIGINFO
SIGTERM: [libjvm.dylib+0x488f0d], sa_mask[0]=11111111011111110111111111111111, sa_flags=SA_RESTART|SA_SIGINFO
SIGQUIT: [libjvm.dylib+0x488f0d], sa_mask[0]=11111111011111110111111111111111, sa_flags=SA_RESTART|SA_SIGINFO


---------------  S Y S T E M  ---------------

OS:Bsduname:Darwin 16.7.0 Darwin Kernel Version 16.7.0: Thu Jan 11 22:59:40 PST 2018; root:xnu-3789.73.8~1/RELEASE_X86_64 x86_64
rlimit: STACK 8192k, CORE 0k, NPROC 709, NOFILE 10240, AS infinity
load average:9.18 6.60 5.05

CPU:total 2 (initial active 2) (2 cores per cpu, 1 threads per core) family 6 model 23 stepping 10, cmov, cx8, fxsr, mmx, sse, sse2, sse3, ssse3, sse4.1, tsc

Memory: 4k page, physical 8388608k(32104k free)

/proc/meminfo:


vm_info: Java HotSpot(TM) 64-Bit Server VM (25.161-b12) for bsd-amd64 JRE (1.8.0_161-b12), built on Dec 19 2017 16:22:20 by "java_re" with gcc 4.2.1 (Based on Apple Inc. build 5658) (LLVM build 2336.11.00)

time: Thu May 10 20:09:04 2018
elapsed time: 15 seconds (0d 0h 0m 15s)

