#
# A fatal error has been detected by the Java Runtime Environment:
#
#  SIGSEGV (0xb) at pc=0x000000010228a970, pid=721, tid=0x0000000000000307
#
# JRE version: Java(TM) SE Runtime Environment (8.0_161-b12) (build 1.8.0_161-b12)
# Java VM: Java HotSpot(TM) 64-Bit Server VM (25.161-b12 mixed mode bsd-amd64 compressed oops)
# Problematic frame:
# V  [libjvm.dylib+0x48a970]
#
# Failed to write core dump. Core dumps have been disabled. To enable core dumping, try "ulimit -c unlimited" before starting Java again
#
# If you would like to submit a bug report, please visit:
#   http://bugreport.java.com/bugreport/crash.jsp
#

---------------  T H R E A D  ---------------

Current thread is native thread

siginfo: si_signo: 11 (SIGSEGV), si_code: 1 (SEGV_MAPERR), si_addr: 0x0000000000000128

Registers:
RAX=0x0000000000000000, RBX=0x00007fff5e382d30, RCX=0x00007fffd3784408, RDX=0x00007fff5e382d30
RSP=0x00007fff5e382860, RBP=0x00007fff5e382890, RSI=0x00007fff5e382cc8, RDI=0x0000000000000103
R8 =0x00007fff5e382d30, R9 =0x00000000ffffffff, R10=0x0000000000000c00, R11=0x0000000000000206
R12=0x0000000000000c00, R13=0x0000000000000000, R14=0x00007fff5e382cc8, R15=0x0000000000000002
RIP=0x000000010228a970, EFLAGS=0x0000000000010202, ERR=0x0000000000000004
  TRAPNO=0x000000000000000e

Top of Stack: (sp=0x00007fff5e382860)
0x00007fff5e382860:   0000000000000000 00007fff5e382d30
0x00007fff5e382870:   0000000000000c00 0000000000000000
0x00007fff5e382880:   00007fff5e382f60 0000000000000d03
0x00007fff5e382890:   00007fff5e3828a0 00007fffcaa1bb3a
0x00007fff5e3828a0:   00007fff5e382e30 0000000000019e00
0x00007fff5e3828b0:   00019f00d00b0978 00007fffd361a2d0
0x00007fff5e3828c0:   0100001f00000085 00007fffd3756b18
0x00007fff5e3828d0:   0000000010004005 00000000ffffffff
0x00007fff5e3828e0:   00007fff5e382de8 0000000000000000
0x00007fff5e3828f0:   00007fff5e382f60 0000000007000806
0x00007fff5e382900:   00007fff5e382e30 00007fff5e382de8
0x00007fff5e382910:   0000000000000d03 00000000ffffffff
0x00007fff5e382920:   0000000000000c00 0000000000000206
0x00007fff5e382930:   0000000000000c00 0000000000000000
0x00007fff5e382940:   00007fff5e382f60 0000000000000d03
0x00007fff5e382950:   00007fffca93334a 0000000000000206
0x00007fff5e382960:   0000000000000007 0000000000000000
0x00007fff5e382970:   0000000000000000 0000000000000000
0x00007fff5e382980:   000000000000037f 0000000000000000
0x00007fff5e382990:   0000000000000000 0000ffff00001fa0
0x00007fff5e3829a0:   0000000000000000 000000000000ffff
0x00007fff5e3829b0:   0000000000000000 0000000000000000
0x00007fff5e3829c0:   0000000000000000 0000000000000000
0x00007fff5e3829d0:   00cf93000000ffff 000000000000ffff
0x00007fff5e3829e0:   ea600009d4951800 0000000000004008
0x00007fff5e3829f0:   aa0c80069ad42800 000000000000400d
0x00007fff5e382a00:   995200044d013a80 000000000000400d
0x00007fff5e382a10:   9445008c08000124 000000000000c03c
0x00007fff5e382a20:   41c05747b04c7cfa 0000000000000000
0x00007fff5e382a30:   41c05747b0000000 0000000000000000
0x00007fff5e382a40:   c3de3f8c3eeac373 439c073c1153c8c9
0x00007fff5e382a50:   67726f2e65686361 736e6f6d6d6f632f 

Instructions: (pc=0x000000010228a970)
0x000000010228a950:   83 ec 08 48 89 d3 49 89 f6 e8 bc 46 14 00 44 8b
0x000000010228a960:   38 48 8d 05 a8 18 3b 00 48 63 38 e8 8c 49 14 00
0x000000010228a970:   4c 8b a0 28 01 00 00 41 83 7c 24 34 01 0f 85 e2
0x000000010228a980:   00 00 00 49 89 5c 24 40 4d 89 74 24 38 49 8d 5c 

Register to memory mapping:

RAX=0x0000000000000000 is an unknown value
RBX=0x00007fff5e382d30 is an unknown value
RCX=0x00007fffd3784408: _thread+0x48 in /usr/lib/system/libsystem_pthread.dylib at 0x00007fffcaa22000
RDX=0x00007fff5e382d30 is an unknown value
RSP=0x00007fff5e382860 is an unknown value
RBP=0x00007fff5e382890 is an unknown value
RSI=0x00007fff5e382cc8 is an unknown value
RDI=0x0000000000000103 is an unknown value
R8 =0x00007fff5e382d30 is an unknown value
R9 =0x00000000ffffffff is an unknown value
R10=0x0000000000000c00 is an unknown value
R11=0x0000000000000206 is an unknown value
R12=0x0000000000000c00 is an unknown value
R13=0x0000000000000000 is an unknown value
R14=0x00007fff5e382cc8 is an unknown value
R15=0x0000000000000002 is an unknown value


Stack: [0x00007fff5db87000,0x00007fff5e387000],  sp=0x00007fff5e382860,  free space=8174k
Native frames: (J=compiled Java code, j=interpreted, Vv=VM code, C=native code)
V  [libjvm.dylib+0x48a970]
C  [libsystem_platform.dylib+0x2b3a]  _sigtramp+0x1a
C  0x0000000000019e00
C  [CoreFoundation+0x85874]  __CFRunLoopServiceMachPort+0xd4
C  [CoreFoundation+0x84cf1]  __CFRunLoopRun+0x551
C  [CoreFoundation+0x84544]  CFRunLoopRunSpecific+0x1a4
C  [java+0x647a]  CreateExecutionEnvironment+0x367
C  [java+0x212c]  JLI_Launch+0x7a0
C  [java+0x84d7]  main+0x65
C  [java+0x1984]  start+0x34


---------------  P R O C E S S  ---------------

VM state:not at safepoint (normal execution)

VM Mutex/Monitor currently owned by a thread: None

Heap:
 PSYoungGen      total 624128K, used 305851K [0x0000000795580000, 0x00000007bf380000, 0x00000007c0000000)
  eden space 611328K, 49% used [0x0000000795580000,0x00000007a7fb6c58,0x00000007baa80000)
  from space 12800K, 3% used [0x00000007bda80000,0x00000007bdaf8000,0x00000007be700000)
  to   space 12288K, 0% used [0x00000007be780000,0x00000007be780000,0x00000007bf380000)
 ParOldGen       total 87552K, used 16124K [0x0000000740000000, 0x0000000745580000, 0x0000000795580000)
  object space 87552K, 18% used [0x0000000740000000,0x0000000740fbf308,0x0000000745580000)
 Metaspace       used 19259K, capacity 19536K, committed 19712K, reserved 1067008K
  class space    used 2397K, capacity 2482K, committed 2560K, reserved 1048576K

Card table byte_map: [0x000000011251a000,0x000000011291b000] byte_map_base: 0x000000010eb1a000

Marking Bits: (ParMarkBitMap*) 0x00000001026f76c0
 Begin Bits: [0x000000011291b000, 0x000000011491b000)
 End Bits:   [0x000000011491b000, 0x000000011691b000)

Polling page: 0x000000010196c000

CodeCache: size=245760Kb used=6994Kb max_used=9150Kb free=238766Kb
 bounds [0x000000010315a000, 0x0000000103a5a000, 0x000000011215a000]
 total_blobs=2367 nmethods=2003 adapters=279
 compilation: enabled

Compilation events (10 events):
Event: 63.141 Thread 0x00007ff3b3862000 2474       3       com.fasterxml.jackson.databind.ser.std.StringSerializer::serialize (9 bytes)
Event: 63.142 Thread 0x00007ff3b3862000 nmethod 2474 0x00000001035871d0 code [0x0000000103587340, 0x0000000103587648]
Event: 63.142 Thread 0x00007ff3b3862000 2475       3       com.fasterxml.jackson.core.json.UTF8JsonGenerator::writeString (115 bytes)
Event: 63.143 Thread 0x00007ff3b3862000 nmethod 2475 0x00000001033d5ad0 code [0x00000001033d5cc0, 0x00000001033d6618]
Event: 63.143 Thread 0x00007ff3b3862000 2473       3       java.lang.Integer::<init> (10 bytes)
Event: 63.143 Thread 0x00007ff3b3862000 nmethod 2473 0x00000001036091d0 code [0x0000000103609340, 0x0000000103609550]
Event: 63.210 Thread 0x00007ff3b3862000 2476       3       com.fasterxml.jackson.databind.ser.std.NullSerializer::serialize (5 bytes)
Event: 63.210 Thread 0x00007ff3b3862000 nmethod 2476 0x000000010364d6d0 code [0x000000010364d840, 0x000000010364da68]
Event: 63.210 Thread 0x00007ff3b3862000 2477       3       com.fasterxml.jackson.core.json.UTF8JsonGenerator::writeNull (11 bytes)
Event: 63.210 Thread 0x00007ff3b3862000 nmethod 2477 0x0000000103810290 code [0x0000000103810400, 0x0000000103810658]

GC Heap History (10 events):
Event: 33.085 GC heap before
{Heap before GC invocations=11 (full 0):
 PSYoungGen      total 436736K, used 434656K [0x0000000795580000, 0x00000007b0e80000, 0x00000007c0000000)
  eden space 424960K, 100% used [0x0000000795580000,0x00000007af480000,0x00000007af480000)
  from space 11776K, 82% used [0x00000007b0100000,0x00000007b0a78050,0x00000007b0c80000)
  to   space 12800K, 0% used [0x00000007af480000,0x00000007af480000,0x00000007b0100000)
 ParOldGen       total 87552K, used 13273K [0x0000000740000000, 0x0000000745580000, 0x0000000795580000)
  object space 87552K, 15% used [0x0000000740000000,0x0000000740cf66f8,0x0000000745580000)
 Metaspace       used 15305K, capacity 15594K, committed 15744K, reserved 1062912K
  class space    used 1977K, capacity 2065K, committed 2176K, reserved 1048576K
Event: 33.118 GC heap after
Heap after GC invocations=11 (full 0):
 PSYoungGen      total 437760K, used 2720K [0x0000000795580000, 0x00000007c0000000, 0x00000007c0000000)
  eden space 424960K, 0% used [0x0000000795580000,0x0000000795580000,0x00000007af480000)
  from space 12800K, 21% used [0x00000007af480000,0x00000007af728000,0x00000007b0100000)
  to   space 12800K, 0% used [0x00000007bf380000,0x00000007bf380000,0x00000007c0000000)
 ParOldGen       total 87552K, used 13972K [0x0000000740000000, 0x0000000745580000, 0x0000000795580000)
  object space 87552K, 15% used [0x0000000740000000,0x0000000740da52c8,0x0000000745580000)
 Metaspace       used 15305K, capacity 15594K, committed 15744K, reserved 1062912K
  class space    used 1977K, capacity 2065K, committed 2176K, reserved 1048576K
}
Event: 35.228 GC heap before
{Heap before GC invocations=12 (full 0):
 PSYoungGen      total 437760K, used 427680K [0x0000000795580000, 0x00000007c0000000, 0x00000007c0000000)
  eden space 424960K, 100% used [0x0000000795580000,0x00000007af480000,0x00000007af480000)
  from space 12800K, 21% used [0x00000007af480000,0x00000007af728000,0x00000007b0100000)
  to   space 12800K, 0% used [0x00000007bf380000,0x00000007bf380000,0x00000007c0000000)
 ParOldGen       total 87552K, used 13972K [0x0000000740000000, 0x0000000745580000, 0x0000000795580000)
  object space 87552K, 15% used [0x0000000740000000,0x0000000740da52c8,0x0000000745580000)
 Metaspace       used 15305K, capacity 15594K, committed 15744K, reserved 1062912K
  class space    used 1977K, capacity 2065K, committed 2176K, reserved 1048576K
Event: 35.247 GC heap after
Heap after GC invocations=12 (full 0):
 PSYoungGen      total 686080K, used 608K [0x0000000795580000, 0x00000007c0000000, 0x00000007c0000000)
  eden space 673280K, 0% used [0x0000000795580000,0x0000000795580000,0x00000007be700000)
  from space 12800K, 4% used [0x00000007bf380000,0x00000007bf418000,0x00000007c0000000)
  to   space 12800K, 0% used [0x00000007be700000,0x00000007be700000,0x00000007bf380000)
 ParOldGen       total 87552K, used 15580K [0x0000000740000000, 0x0000000745580000, 0x0000000795580000)
  object space 87552K, 17% used [0x0000000740000000,0x0000000740f372c8,0x0000000745580000)
 Metaspace       used 15305K, capacity 15594K, committed 15744K, reserved 1062912K
  class space    used 1977K, capacity 2065K, committed 2176K, reserved 1048576K
}
Event: 44.076 GC heap before
{Heap before GC invocations=13 (full 0):
 PSYoungGen      total 686080K, used 673888K [0x0000000795580000, 0x00000007c0000000, 0x00000007c0000000)
  eden space 673280K, 100% used [0x0000000795580000,0x00000007be700000,0x00000007be700000)
  from space 12800K, 4% used [0x00000007bf380000,0x00000007bf418000,0x00000007c0000000)
  to   space 12800K, 0% used [0x00000007be700000,0x00000007be700000,0x00000007bf380000)
 ParOldGen       total 87552K, used 15580K [0x0000000740000000, 0x0000000745580000, 0x0000000795580000)
  object space 87552K, 17% used [0x0000000740000000,0x0000000740f372c8,0x0000000745580000)
 Metaspace       used 15344K, capacity 15600K, committed 15744K, reserved 1062912K
  class space    used 1980K, capacity 2066K, committed 2176K, reserved 1048576K
Event: 44.120 GC heap after
Heap after GC invocations=13 (full 0):
 PSYoungGen      total 676352K, used 2720K [0x0000000795580000, 0x00000007bff00000, 0x00000007c0000000)
  eden space 673280K, 0% used [0x0000000795580000,0x0000000795580000,0x00000007be700000)
  from space 3072K, 88% used [0x00000007be700000,0x00000007be9a8000,0x00000007bea00000)
  to   space 12288K, 0% used [0x00000007bf300000,0x00000007bf300000,0x00000007bff00000)
 ParOldGen       total 87552K, used 15668K [0x0000000740000000, 0x0000000745580000, 0x0000000795580000)
  object space 87552K, 17% used [0x0000000740000000,0x0000000740f4d2c8,0x0000000745580000)
 Metaspace       used 15344K, capacity 15600K, committed 15744K, reserved 1062912K
  class space    used 1980K, capacity 2066K, committed 2176K, reserved 1048576K
}
Event: 51.896 GC heap before
{Heap before GC invocations=14 (full 0):
 PSYoungGen      total 676352K, used 676000K [0x0000000795580000, 0x00000007bff00000, 0x00000007c0000000)
  eden space 673280K, 100% used [0x0000000795580000,0x00000007be700000,0x00000007be700000)
  from space 3072K, 88% used [0x00000007be700000,0x00000007be9a8000,0x00000007bea00000)
  to   space 12288K, 0% used [0x00000007bf300000,0x00000007bf300000,0x00000007bff00000)
 ParOldGen       total 87552K, used 15668K [0x0000000740000000, 0x0000000745580000, 0x0000000795580000)
  object space 87552K, 17% used [0x0000000740000000,0x0000000740f4d2c8,0x0000000745580000)
 Metaspace       used 15360K, capacity 15664K, committed 16000K, reserved 1062912K
  class space    used 1980K, capacity 2066K, committed 2176K, reserved 1048576K
Event: 51.908 GC heap after
Heap after GC invocations=14 (full 0):
 PSYoungGen      total 642048K, used 416K [0x0000000795580000, 0x00000007bf380000, 0x00000007c0000000)
  eden space 641536K, 0% used [0x0000000795580000,0x0000000795580000,0x00000007bc800000)
  from space 512K, 81% used [0x00000007bf300000,0x00000007bf368000,0x00000007bf380000)
  to   space 12800K, 0% used [0x00000007bda80000,0x00000007bda80000,0x00000007be700000)
 ParOldGen       total 87552K, used 16052K [0x0000000740000000, 0x0000000745580000, 0x0000000795580000)
  object space 87552K, 18% used [0x0000000740000000,0x0000000740fad308,0x0000000745580000)
 Metaspace       used 15360K, capacity 15664K, committed 16000K, reserved 1062912K
  class space    used 1980K, capacity 2066K, committed 2176K, reserved 1048576K
}
Event: 59.291 GC heap before
{Heap before GC invocations=15 (full 0):
 PSYoungGen      total 642048K, used 641952K [0x0000000795580000, 0x00000007bf380000, 0x00000007c0000000)
  eden space 641536K, 100% used [0x0000000795580000,0x00000007bc800000,0x00000007bc800000)
  from space 512K, 81% used [0x00000007bf300000,0x00000007bf368000,0x00000007bf380000)
  to   space 12800K, 0% used [0x00000007bda80000,0x00000007bda80000,0x00000007be700000)
 ParOldGen       total 87552K, used 16052K [0x0000000740000000, 0x0000000745580000, 0x0000000795580000)
  object space 87552K, 18% used [0x0000000740000000,0x0000000740fad308,0x0000000745580000)
 Metaspace       used 15362K, capacity 15664K, committed 16000K, reserved 1062912K
  class space    used 1980K, capacity 2066K, committed 2176K, reserved 1048576K
Event: 59.297 GC heap after
Heap after GC invocations=15 (full 0):
 PSYoungGen      total 624128K, used 480K [0x0000000795580000, 0x00000007bf380000, 0x00000007c0000000)
  eden space 611328K, 0% used [0x0000000795580000,0x0000000795580000,0x00000007baa80000)
  from space 12800K, 3% used [0x00000007bda80000,0x00000007bdaf8000,0x00000007be700000)
  to   space 12288K, 0% used [0x00000007be780000,0x00000007be780000,0x00000007bf380000)
 ParOldGen       total 87552K, used 16124K [0x0000000740000000, 0x0000000745580000, 0x0000000795580000)
  object space 87552K, 18% used [0x0000000740000000,0x0000000740fbf308,0x0000000745580000)
 Metaspace       used 15362K, capacity 15664K, committed 16000K, reserved 1062912K
  class space    used 1980K, capacity 2066K, committed 2176K, reserved 1048576K
}

Deoptimization events (10 events):
Event: 62.490 Thread 0x00007ff3b4003800 Uncommon trap: reason=class_check action=maybe_recompile pc=0x0000000103437ad4 method=java.io.DataInputStream.readInt()I @ 4
Event: 62.491 Thread 0x00007ff3b4003800 Uncommon trap: reason=class_check action=maybe_recompile pc=0x0000000103437ad4 method=java.io.DataInputStream.readInt()I @ 4
Event: 62.491 Thread 0x00007ff3b4003800 Uncommon trap: reason=class_check action=maybe_recompile pc=0x0000000103437ad4 method=java.io.DataInputStream.readInt()I @ 4
Event: 62.491 Thread 0x00007ff3b4003800 Uncommon trap: reason=class_check action=maybe_recompile pc=0x0000000103437ad4 method=java.io.DataInputStream.readInt()I @ 4
Event: 62.799 Thread 0x00007ff3b4003800 Uncommon trap: reason=class_check action=maybe_recompile pc=0x00000001034842b4 method=java.util.concurrent.ConcurrentHashMap.putVal(Ljava/lang/Object;Ljava/lang/Object;Z)Ljava/lang/Object; @ 192
Event: 62.799 Thread 0x00007ff3b4003800 Uncommon trap: reason=class_check action=maybe_recompile pc=0x00000001034842b4 method=java.util.concurrent.ConcurrentHashMap.putVal(Ljava/lang/Object;Ljava/lang/Object;Z)Ljava/lang/Object; @ 192
Event: 62.799 Thread 0x00007ff3b4003800 Uncommon trap: reason=class_check action=maybe_recompile pc=0x00000001034842b4 method=java.util.concurrent.ConcurrentHashMap.putVal(Ljava/lang/Object;Ljava/lang/Object;Z)Ljava/lang/Object; @ 192
Event: 62.800 Thread 0x00007ff3b4003800 Uncommon trap: reason=class_check action=maybe_recompile pc=0x00000001034842b4 method=java.util.concurrent.ConcurrentHashMap.putVal(Ljava/lang/Object;Ljava/lang/Object;Z)Ljava/lang/Object; @ 192
Event: 63.102 Thread 0x00007ff3b4003800 Uncommon trap: reason=unstable_if action=reinterpret pc=0x000000010393b230 method=java.util.LinkedList$ListItr.<init>(Ljava/util/LinkedList;I)V @ 26
Event: 63.102 Thread 0x00007ff3b4003800 Uncommon trap: reason=unstable_if action=reinterpret pc=0x000000010393ca8c method=java.util.LinkedList$ListItr.<init>(Ljava/util/LinkedList;I)V @ 26

Classes redefined (0 events):
No events

Internal exceptions (10 events):
Event: 62.791 Thread 0x00007ff3b4003800 Exception <a 'java/lang/ArrayIndexOutOfBoundsException': 18> (0x00000007a76d58a8) thrown at [/Users/java_re/workspace/8-2-build-macosx-x86_64/jdk8u161/10277/hotspot/src/share/vm/interpreter/interpreterRuntime.cpp, line 366]
Event: 62.792 Thread 0x00007ff3b4003800 Exception <a 'java/lang/ArrayIndexOutOfBoundsException': 139> (0x00000007a76d7370) thrown at [/Users/java_re/workspace/8-2-build-macosx-x86_64/jdk8u161/10277/hotspot/src/share/vm/interpreter/interpreterRuntime.cpp, line 366]
Event: 62.793 Thread 0x00007ff3b4003800 Exception <a 'java/lang/ArrayIndexOutOfBoundsException'> (0x00000007a76d8998) thrown at [/Users/java_re/workspace/8-2-build-macosx-x86_64/jdk8u161/10277/hotspot/src/share/vm/runtime/sharedRuntime.cpp, line 605]
Event: 62.794 Thread 0x00007ff3b4003800 Exception <a 'java/lang/ArrayIndexOutOfBoundsException'> (0x00000007a76dd8b8) thrown at [/Users/java_re/workspace/8-2-build-macosx-x86_64/jdk8u161/10277/hotspot/src/share/vm/runtime/sharedRuntime.cpp, line 605]
Event: 62.794 Thread 0x00007ff3b4003800 Exception <a 'java/lang/ArrayIndexOutOfBoundsException'> (0x00000007a76de338) thrown at [/Users/java_re/workspace/8-2-build-macosx-x86_64/jdk8u161/10277/hotspot/src/share/vm/runtime/sharedRuntime.cpp, line 605]
Event: 62.794 Thread 0x00007ff3b4003800 Exception <a 'java/lang/ArrayIndexOutOfBoundsException'> (0x00000007a76df1b8) thrown at [/Users/java_re/workspace/8-2-build-macosx-x86_64/jdk8u161/10277/hotspot/src/share/vm/runtime/sharedRuntime.cpp, line 605]
Event: 62.794 Thread 0x00007ff3b4003800 Exception <a 'java/lang/ArrayIndexOutOfBoundsException'> (0x00000007a76e0000) thrown at [/Users/java_re/workspace/8-2-build-macosx-x86_64/jdk8u161/10277/hotspot/src/share/vm/runtime/sharedRuntime.cpp, line 605]
Event: 62.795 Thread 0x00007ff3b4003800 Exception <a 'java/lang/ArrayIndexOutOfBoundsException'> (0x00000007a76e1b58) thrown at [/Users/java_re/workspace/8-2-build-macosx-x86_64/jdk8u161/10277/hotspot/src/share/vm/runtime/sharedRuntime.cpp, line 605]
Event: 62.795 Thread 0x00007ff3b4003800 Exception <a 'java/lang/ArrayIndexOutOfBoundsException'> (0x00000007a76e3068) thrown at [/Users/java_re/workspace/8-2-build-macosx-x86_64/jdk8u161/10277/hotspot/src/share/vm/runtime/sharedRuntime.cpp, line 605]
Event: 62.797 Thread 0x00007ff3b4003800 Exception <a 'java/lang/ArrayIndexOutOfBoundsException'> (0x00000007a76e75f8) thrown at [/Users/java_re/workspace/8-2-build-macosx-x86_64/jdk8u161/10277/hotspot/src/share/vm/runtime/sharedRuntime.cpp, line 605]

Events (10 events):
Event: 63.111 loading class com/fasterxml/jackson/annotation/JsonSetter
Event: 63.111 loading class com/fasterxml/jackson/annotation/JsonSetter done
Event: 63.113 loading class com/fasterxml/jackson/databind/ser/std/NumberSerializers$1
Event: 63.113 loading class com/fasterxml/jackson/databind/ser/std/NumberSerializers$1 done
Event: 63.114 loading class sun/reflect/UnsafeIntegerFieldAccessorImpl
Event: 63.114 loading class sun/reflect/UnsafeIntegerFieldAccessorImpl done
Event: 63.115 loading class com/fasterxml/jackson/core/io/NumberOutput
Event: 63.115 loading class com/fasterxml/jackson/core/io/NumberOutput done
Event: 63.117 loading class sun/reflect/UnsafeBooleanFieldAccessorImpl
Event: 63.117 loading class sun/reflect/UnsafeBooleanFieldAccessorImpl done


Dynamic libraries:
0x000000003f6de000 	/System/Library/Frameworks/Cocoa.framework/Versions/A/Cocoa
0x000000003f6de000 	/System/Library/Frameworks/Security.framework/Versions/A/Security
0x000000003f6de000 	/System/Library/Frameworks/ApplicationServices.framework/Versions/A/ApplicationServices
0x000000003f6de000 	/usr/lib/libz.1.dylib
0x000000003f6de000 	/usr/lib/libSystem.B.dylib
0x000000003f6de000 	/usr/lib/libobjc.A.dylib
0x000000003f6de000 	/System/Library/Frameworks/CoreFoundation.framework/Versions/A/CoreFoundation
0x000000003f6de000 	/System/Library/Frameworks/Foundation.framework/Versions/C/Foundation
0x000000003f6de000 	/System/Library/Frameworks/AppKit.framework/Versions/C/AppKit
0x000000003f6de000 	/System/Library/Frameworks/CoreData.framework/Versions/A/CoreData
0x000000003f6de000 	/System/Library/PrivateFrameworks/RemoteViewServices.framework/Versions/A/RemoteViewServices
0x000000003f6de000 	/System/Library/PrivateFrameworks/UIFoundation.framework/Versions/A/UIFoundation
0x000000003f6de000 	/System/Library/PrivateFrameworks/DFRFoundation.framework/Versions/A/DFRFoundation
0x000000003f6de000 	/usr/lib/libenergytrace.dylib
0x000000003f6de000 	/System/Library/PrivateFrameworks/SkyLight.framework/Versions/A/SkyLight
0x000000003f6de000 	/System/Library/Frameworks/CoreGraphics.framework/Versions/A/CoreGraphics
0x000000003f6de000 	/usr/lib/libScreenReader.dylib
0x000000003f6de000 	/System/Library/Frameworks/Accelerate.framework/Versions/A/Accelerate
0x000000003f6de000 	/System/Library/Frameworks/IOSurface.framework/Versions/A/IOSurface
0x000000003f6de000 	/System/Library/Frameworks/AudioToolbox.framework/Versions/A/AudioToolbox
0x000000003f6de000 	/System/Library/Frameworks/AudioUnit.framework/Versions/A/AudioUnit
0x000000003f6de000 	/System/Library/PrivateFrameworks/DataDetectorsCore.framework/Versions/A/DataDetectorsCore
0x000000003f6de000 	/System/Library/PrivateFrameworks/DesktopServicesPriv.framework/Versions/A/DesktopServicesPriv
0x000000003f6de000 	/System/Library/Frameworks/Carbon.framework/Versions/A/Frameworks/HIToolbox.framework/Versions/A/HIToolbox
0x000000003f6de000 	/usr/lib/libicucore.A.dylib
0x000000003f6de000 	/System/Library/Frameworks/QuartzCore.framework/Versions/A/QuartzCore
0x000000003f6de000 	/System/Library/Frameworks/Carbon.framework/Versions/A/Frameworks/SpeechRecognition.framework/Versions/A/SpeechRecognition
0x000000003f6de000 	/usr/lib/libauto.dylib
0x000000003f6de000 	/usr/lib/libxml2.2.dylib
0x000000003f6de000 	/System/Library/PrivateFrameworks/CoreUI.framework/Versions/A/CoreUI
0x000000003f6de000 	/System/Library/Frameworks/CoreAudio.framework/Versions/A/CoreAudio
0x000000003f6de000 	/System/Library/Frameworks/DiskArbitration.framework/Versions/A/DiskArbitration
0x000000003f6de000 	/usr/lib/liblangid.dylib
0x000000003f6de000 	/System/Library/PrivateFrameworks/MultitouchSupport.framework/Versions/A/MultitouchSupport
0x000000003f6de000 	/System/Library/Frameworks/IOKit.framework/Versions/A/IOKit
0x000000003f6de000 	/usr/lib/libDiagnosticMessagesClient.dylib
0x000000003f6de000 	/System/Library/Frameworks/CoreServices.framework/Versions/A/CoreServices
0x000000003f6de000 	/System/Library/PrivateFrameworks/PerformanceAnalysis.framework/Versions/A/PerformanceAnalysis
0x000000003f6de000 	/System/Library/PrivateFrameworks/GenerationalStorage.framework/Versions/A/GenerationalStorage
0x000000003f6de000 	/System/Library/Frameworks/OpenGL.framework/Versions/A/OpenGL
0x000000003f6de000 	/System/Library/Frameworks/CoreImage.framework/Versions/A/CoreImage
0x000000003f6de000 	/System/Library/Frameworks/CoreText.framework/Versions/A/CoreText
0x000000003f6de000 	/System/Library/Frameworks/ImageIO.framework/Versions/A/ImageIO
0x000000003f6de000 	/System/Library/PrivateFrameworks/Backup.framework/Versions/A/Backup
0x000000003f6de000 	/usr/lib/libarchive.2.dylib
0x000000003f6de000 	/System/Library/Frameworks/CFNetwork.framework/Versions/A/CFNetwork
0x000000003f6de000 	/System/Library/Frameworks/SystemConfiguration.framework/Versions/A/SystemConfiguration
0x000000003f6de000 	/usr/lib/libCRFSuite.dylib
0x000000003f6de000 	/usr/lib/libc++.1.dylib
0x000000003f6de000 	/usr/lib/libc++abi.dylib
0x000000003f6de000 	/usr/lib/system/libcache.dylib
0x000000003f6de000 	/usr/lib/system/libcommonCrypto.dylib
0x000000003f6de000 	/usr/lib/system/libcompiler_rt.dylib
0x000000003f6de000 	/usr/lib/system/libcopyfile.dylib
0x000000003f6de000 	/usr/lib/system/libcorecrypto.dylib
0x000000003f6de000 	/usr/lib/system/libdispatch.dylib
0x000000003f6de000 	/usr/lib/system/libdyld.dylib
0x000000003f6de000 	/usr/lib/system/libkeymgr.dylib
0x000000003f6de000 	/usr/lib/system/liblaunch.dylib
0x000000003f6de000 	/usr/lib/system/libmacho.dylib
0x000000003f6de000 	/usr/lib/system/libquarantine.dylib
0x000000003f6de000 	/usr/lib/system/libremovefile.dylib
0x000000003f6de000 	/usr/lib/system/libsystem_asl.dylib
0x000000003f6de000 	/usr/lib/system/libsystem_blocks.dylib
0x000000003f6de000 	/usr/lib/system/libsystem_c.dylib
0x000000003f6de000 	/usr/lib/system/libsystem_configuration.dylib
0x000000003f6de000 	/usr/lib/system/libsystem_coreservices.dylib
0x000000003f6de000 	/usr/lib/system/libsystem_coretls.dylib
0x000000003f6de000 	/usr/lib/system/libsystem_dnssd.dylib
0x000000003f6de000 	/usr/lib/system/libsystem_info.dylib
0x000000003f6de000 	/usr/lib/system/libsystem_kernel.dylib
0x000000003f6de000 	/usr/lib/system/libsystem_m.dylib
0x000000003f6de000 	/usr/lib/system/libsystem_malloc.dylib
0x000000003f6de000 	/usr/lib/system/libsystem_network.dylib
0x000000003f6de000 	/usr/lib/system/libsystem_networkextension.dylib
0x000000003f6de000 	/usr/lib/system/libsystem_notify.dylib
0x000000003f6de000 	/usr/lib/system/libsystem_platform.dylib
0x000000003f6de000 	/usr/lib/system/libsystem_pthread.dylib
0x000000003f6de000 	/usr/lib/system/libsystem_sandbox.dylib
0x000000003f6de000 	/usr/lib/system/libsystem_secinit.dylib
0x000000003f6de000 	/usr/lib/system/libsystem_symptoms.dylib
0x000000003f6de000 	/usr/lib/system/libsystem_trace.dylib
0x000000003f6de000 	/usr/lib/system/libunwind.dylib
0x000000003f6de000 	/usr/lib/system/libxpc.dylib
0x000000003f6de000 	/usr/lib/libbsm.0.dylib
0x000000003f6de000 	/usr/lib/system/libkxld.dylib
0x000000003f6de000 	/usr/lib/libcoretls.dylib
0x000000003f6de000 	/usr/lib/libcoretls_cfhelpers.dylib
0x000000003f6de000 	/usr/lib/libOpenScriptingUtil.dylib
0x000000003f6de000 	/usr/lib/libpam.2.dylib
0x000000003f6de000 	/usr/lib/libsqlite3.dylib
0x000000003f6de000 	/usr/lib/libxar.1.dylib
0x000000003f6de000 	/usr/lib/libbz2.1.0.dylib
0x000000003f6de000 	/usr/lib/liblzma.5.dylib
0x000000003f6de000 	/usr/lib/libnetwork.dylib
0x000000003f6de000 	/usr/lib/libpcap.A.dylib
0x000000003f6de000 	/System/Library/Frameworks/CoreServices.framework/Versions/A/Frameworks/FSEvents.framework/Versions/A/FSEvents
0x000000003f6de000 	/System/Library/Frameworks/CoreServices.framework/Versions/A/Frameworks/CarbonCore.framework/Versions/A/CarbonCore
0x000000003f6de000 	/System/Library/Frameworks/CoreServices.framework/Versions/A/Frameworks/Metadata.framework/Versions/A/Metadata
0x000000003f6de000 	/System/Library/Frameworks/CoreServices.framework/Versions/A/Frameworks/OSServices.framework/Versions/A/OSServices
0x000000003f6de000 	/System/Library/Frameworks/CoreServices.framework/Versions/A/Frameworks/SearchKit.framework/Versions/A/SearchKit
0x000000003f6de000 	/System/Library/Frameworks/CoreServices.framework/Versions/A/Frameworks/AE.framework/Versions/A/AE
0x000000003f6de000 	/System/Library/Frameworks/CoreServices.framework/Versions/A/Frameworks/LaunchServices.framework/Versions/A/LaunchServices
0x000000003f6de000 	/System/Library/Frameworks/CoreServices.framework/Versions/A/Frameworks/DictionaryServices.framework/Versions/A/DictionaryServices
0x000000003f6de000 	/System/Library/Frameworks/CoreServices.framework/Versions/A/Frameworks/SharedFileList.framework/Versions/A/SharedFileList
0x000000003f6de000 	/System/Library/Frameworks/NetFS.framework/Versions/A/NetFS
0x000000003f6de000 	/System/Library/PrivateFrameworks/NetAuth.framework/Versions/A/NetAuth
0x000000003f6de000 	/System/Library/PrivateFrameworks/login.framework/Versions/A/Frameworks/loginsupport.framework/Versions/A/loginsupport
0x000000003f6de000 	/System/Library/PrivateFrameworks/TCC.framework/Versions/A/TCC
0x000000003f6de000 	/usr/lib/libmecabra.dylib
0x000000003f6de000 	/System/Library/Frameworks/ApplicationServices.framework/Versions/A/Frameworks/ATS.framework/Versions/A/ATS
0x000000003f6de000 	/System/Library/Frameworks/ApplicationServices.framework/Versions/A/Frameworks/ColorSync.framework/Versions/A/ColorSync
0x000000003f6de000 	/System/Library/Frameworks/ApplicationServices.framework/Versions/A/Frameworks/HIServices.framework/Versions/A/HIServices
0x000000003f6de000 	/System/Library/Frameworks/ApplicationServices.framework/Versions/A/Frameworks/LangAnalysis.framework/Versions/A/LangAnalysis
0x000000003f6de000 	/System/Library/Frameworks/ApplicationServices.framework/Versions/A/Frameworks/PrintCore.framework/Versions/A/PrintCore
0x000000003f6de000 	/System/Library/Frameworks/ApplicationServices.framework/Versions/A/Frameworks/QD.framework/Versions/A/QD
0x000000003f6de000 	/System/Library/Frameworks/ApplicationServices.framework/Versions/A/Frameworks/SpeechSynthesis.framework/Versions/A/SpeechSynthesis
0x000000003f6de000 	/System/Library/Frameworks/Accelerate.framework/Versions/A/Frameworks/vImage.framework/Versions/A/vImage
0x000000003f6de000 	/System/Library/Frameworks/Accelerate.framework/Versions/A/Frameworks/vecLib.framework/Versions/A/vecLib
0x000000003f6de000 	/System/Library/Frameworks/Accelerate.framework/Versions/A/Frameworks/vecLib.framework/Versions/A/libvDSP.dylib
0x000000003f6de000 	/System/Library/Frameworks/Accelerate.framework/Versions/A/Frameworks/vecLib.framework/Versions/A/libBNNS.dylib
0x000000003f6de000 	/System/Library/Frameworks/Accelerate.framework/Versions/A/Frameworks/vecLib.framework/Versions/A/libQuadrature.dylib
0x000000003f6de000 	/System/Library/Frameworks/Accelerate.framework/Versions/A/Frameworks/vecLib.framework/Versions/A/libvMisc.dylib
0x000000003f6de000 	/System/Library/Frameworks/Accelerate.framework/Versions/A/Frameworks/vecLib.framework/Versions/A/libLAPACK.dylib
0x000000003f6de000 	/System/Library/Frameworks/Accelerate.framework/Versions/A/Frameworks/vecLib.framework/Versions/A/libBLAS.dylib
0x000000003f6de000 	/System/Library/Frameworks/Accelerate.framework/Versions/A/Frameworks/vecLib.framework/Versions/A/libLinearAlgebra.dylib
0x000000003f6de000 	/System/Library/Frameworks/Accelerate.framework/Versions/A/Frameworks/vecLib.framework/Versions/A/libSparseBLAS.dylib
0x000000003f6de000 	/System/Library/Frameworks/ApplicationServices.framework/Versions/A/Frameworks/ATS.framework/Versions/A/Resources/libFontParser.dylib
0x000000003f6de000 	/System/Library/Frameworks/ApplicationServices.framework/Versions/A/Frameworks/ATS.framework/Versions/A/Resources/libFontRegistry.dylib
0x000000003f6de000 	/System/Library/Frameworks/ImageIO.framework/Versions/A/Resources/libJPEG.dylib
0x000000003f6de000 	/System/Library/Frameworks/ImageIO.framework/Versions/A/Resources/libTIFF.dylib
0x000000003f6de000 	/System/Library/Frameworks/ImageIO.framework/Versions/A/Resources/libPng.dylib
0x000000003f6de000 	/System/Library/Frameworks/ImageIO.framework/Versions/A/Resources/libGIF.dylib
0x000000003f6de000 	/System/Library/Frameworks/ImageIO.framework/Versions/A/Resources/libJP2.dylib
0x000000003f6de000 	/System/Library/Frameworks/ImageIO.framework/Versions/A/Resources/libRadiance.dylib
0x000000003f6de000 	/usr/lib/libcompression.dylib
0x000000003f6de000 	/System/Library/PrivateFrameworks/AppleJPEG.framework/Versions/A/AppleJPEG
0x000000003f6de000 	/usr/lib/libcups.2.dylib
0x000000003f6de000 	/System/Library/Frameworks/Kerberos.framework/Versions/A/Kerberos
0x000000003f6de000 	/System/Library/Frameworks/GSS.framework/Versions/A/GSS
0x000000003f6de000 	/usr/lib/libresolv.9.dylib
0x000000003f6de000 	/usr/lib/libiconv.2.dylib
0x000000003f6de000 	/System/Library/PrivateFrameworks/Heimdal.framework/Versions/A/Heimdal
0x000000003f6de000 	/usr/lib/libheimdal-asn1.dylib
0x000000003f6de000 	/System/Library/Frameworks/OpenDirectory.framework/Versions/A/OpenDirectory
0x000000003f6de000 	/System/Library/PrivateFrameworks/CommonAuth.framework/Versions/A/CommonAuth
0x000000003f6de000 	/System/Library/Frameworks/OpenDirectory.framework/Versions/A/Frameworks/CFOpenDirectory.framework/Versions/A/CFOpenDirectory
0x000000003f6de000 	/System/Library/Frameworks/SecurityFoundation.framework/Versions/A/SecurityFoundation
0x000000003f6de000 	/System/Library/PrivateFrameworks/LanguageModeling.framework/Versions/A/LanguageModeling
0x000000003f6de000 	/usr/lib/libmarisa.dylib
0x000000003f6de000 	/usr/lib/libChineseTokenizer.dylib
0x000000003f6de000 	/usr/lib/libcmph.dylib
0x000000003f6de000 	/System/Library/PrivateFrameworks/CoreEmoji.framework/Versions/A/CoreEmoji
0x000000003f6de000 	/System/Library/Frameworks/ServiceManagement.framework/Versions/A/ServiceManagement
0x000000003f6de000 	/usr/lib/libxslt.1.dylib
0x000000003f6de000 	/System/Library/Frameworks/Carbon.framework/Versions/A/Frameworks/Ink.framework/Versions/A/Ink
0x000000003f6de000 	/System/Library/PrivateFrameworks/TextureIO.framework/Versions/A/TextureIO
0x000000003f6de000 	/System/Library/Frameworks/Metal.framework/Versions/A/Metal
0x000000003f6de000 	/usr/lib/libate.dylib
0x000000003f6de000 	/System/Library/PrivateFrameworks/GPUCompiler.framework/libmetal_timestamp.dylib
0x000000003f6de000 	/System/Library/Frameworks/OpenGL.framework/Versions/A/Libraries/libCoreFSCache.dylib
0x000000003f6de000 	/System/Library/PrivateFrameworks/IOAccelerator.framework/Versions/A/IOAccelerator
0x000000003f6de000 	/System/Library/Frameworks/CoreVideo.framework/Versions/A/CoreVideo
0x000000003f6de000 	/usr/lib/libFosl_dynamic.dylib
0x000000003f6de000 	/System/Library/PrivateFrameworks/MetalPerformanceShaders.framework/Versions/A/MetalPerformanceShaders
0x000000003f6de000 	/System/Library/PrivateFrameworks/FaceCore.framework/Versions/A/FaceCore
0x000000003f6de000 	/System/Library/Frameworks/OpenCL.framework/Versions/A/OpenCL
0x000000003f6de000 	/System/Library/Frameworks/OpenGL.framework/Versions/A/Libraries/libGLU.dylib
0x000000003f6de000 	/System/Library/Frameworks/OpenGL.framework/Versions/A/Libraries/libGFXShared.dylib
0x000000003f6de000 	/System/Library/Frameworks/OpenGL.framework/Versions/A/Libraries/libGL.dylib
0x000000003f6de000 	/System/Library/Frameworks/OpenGL.framework/Versions/A/Libraries/libGLImage.dylib
0x000000003f6de000 	/System/Library/Frameworks/OpenGL.framework/Versions/A/Libraries/libCVMSPluginSupport.dylib
0x000000003f6de000 	/System/Library/Frameworks/OpenGL.framework/Versions/A/Libraries/libCoreVMClient.dylib
0x000000003f6de000 	/System/Library/PrivateFrameworks/CrashReporterSupport.framework/Versions/A/CrashReporterSupport
0x000000003f6de000 	/System/Library/PrivateFrameworks/Sharing.framework/Versions/A/Sharing
0x000000003f6de000 	/System/Library/PrivateFrameworks/IconServices.framework/Versions/A/IconServices
0x000000003f6de000 	/System/Library/PrivateFrameworks/ProtocolBuffer.framework/Versions/A/ProtocolBuffer
0x000000003f6de000 	/System/Library/PrivateFrameworks/Apple80211.framework/Versions/A/Apple80211
0x000000003f6de000 	/System/Library/Frameworks/CoreWLAN.framework/Versions/A/CoreWLAN
0x000000003f6de000 	/System/Library/PrivateFrameworks/CoreUtils.framework/Versions/A/CoreUtils
0x000000003f6de000 	/System/Library/Frameworks/IOBluetooth.framework/Versions/A/IOBluetooth
0x000000003f6de000 	/System/Library/PrivateFrameworks/CoreWiFi.framework/Versions/A/CoreWiFi
0x000000003f6de000 	/System/Library/Frameworks/CoreBluetooth.framework/Versions/A/CoreBluetooth
0x000000003f6de000 	/System/Library/Frameworks/CoreDisplay.framework/Versions/A/CoreDisplay
0x000000003f6de000 	/System/Library/PrivateFrameworks/IOPresentment.framework/Versions/A/IOPresentment
0x000000003f6de000 	/System/Library/PrivateFrameworks/DSExternalDisplay.framework/Versions/A/DSExternalDisplay
0x000000003f6de000 	/System/Library/PrivateFrameworks/DebugSymbols.framework/Versions/A/DebugSymbols
0x000000003f6de000 	/System/Library/PrivateFrameworks/CoreSymbolication.framework/Versions/A/CoreSymbolication
0x000000003f6de000 	/System/Library/PrivateFrameworks/Symbolication.framework/Versions/A/Symbolication
0x000000003f6de000 	/System/Library/PrivateFrameworks/AppleFSCompression.framework/Versions/A/AppleFSCompression
0x000000003f6de000 	/System/Library/PrivateFrameworks/SpeechRecognitionCore.framework/Versions/A/SpeechRecognitionCore
0x000000003f6de000 	/System/Library/PrivateFrameworks/ChunkingLibrary.framework/Versions/A/ChunkingLibrary
0x0000000101e00000 	/Library/Java/JavaVirtualMachines/jdk1.8.0_161.jdk/Contents/Home/jre/lib/server/libjvm.dylib
0x000000003f6de000 	/usr/lib/libstdc++.6.dylib
0x0000000101928000 	/Library/Java/JavaVirtualMachines/jdk1.8.0_161.jdk/Contents/Home/jre/lib/libverify.dylib
0x0000000101936000 	/Library/Java/JavaVirtualMachines/jdk1.8.0_161.jdk/Contents/Home/jre/lib/libjava.dylib
0x0000000101976000 	/Library/Java/JavaVirtualMachines/jdk1.8.0_161.jdk/Contents/Home/jre/lib/libzip.dylib
0x0000000119aa4000 	/Library/Java/JavaVirtualMachines/jdk1.8.0_161.jdk/Contents/Home/jre/lib/libnio.dylib
0x0000000119ab4000 	/Library/Java/JavaVirtualMachines/jdk1.8.0_161.jdk/Contents/Home/jre/lib/./libnet.dylib

VM Arguments:
java_command: /Users/mohammadomar/Desktop/node-js-getting-started/ont.jar /Users/mohammadomar/Desktop/node-js-getting-started/ontologies/prop.owl /Users/mohammadomar/Desktop/node-js-getting-started/questions/ DCBA.json
java_class_path (initial): /Users/mohammadomar/Desktop/node-js-getting-started/ont.jar
Launcher Type: SUN_STANDARD

Environment Variables:
PATH=/Users/mohammadomar/.npm-packages/lib/node_modules/npm/bin/node-gyp-bin:/Users/mohammadomar/Desktop/node-js-getting-started/node_modules/.bin:/Users/mohammadomar/.npm-packages/bin:/usr/local/bin:/usr/bin:/bin:/usr/sbin:/sbin:/Users/mohammadomar/.npm-packages/bin
SHELL=/bin/bash

Signal Handlers:
SIGSEGV: [libjvm.dylib+0x5b5439], sa_mask[0]=11111111011111110111111111111111, sa_flags=SA_ONSTACK|SA_RESTART|SA_SIGINFO
SIGBUS: [libjvm.dylib+0x5b5439], sa_mask[0]=11111111011111110111111111111111, sa_flags=SA_RESTART|SA_SIGINFO
SIGFPE: [libjvm.dylib+0x48ae24], sa_mask[0]=11111111011111110111111111111111, sa_flags=SA_RESTART|SA_SIGINFO
SIGPIPE: [libjvm.dylib+0x48ae24], sa_mask[0]=11111111011111110111111111111111, sa_flags=SA_RESTART|SA_SIGINFO
SIGXFSZ: [libjvm.dylib+0x48ae24], sa_mask[0]=11111111011111110111111111111111, sa_flags=SA_RESTART|SA_SIGINFO
SIGILL: [libjvm.dylib+0x48ae24], sa_mask[0]=11111111011111110111111111111111, sa_flags=SA_RESTART|SA_SIGINFO
SIGUSR1: SIG_DFL, sa_mask[0]=11111111011111110111111111111111, sa_flags=none
SIGUSR2: [libjvm.dylib+0x48a942], sa_mask[0]=00000000000000000000000000000000, sa_flags=SA_RESTART|SA_SIGINFO
SIGHUP: [libjvm.dylib+0x488f0d], sa_mask[0]=11111111011111110111111111111111, sa_flags=SA_RESTART|SA_SIGINFO
SIGINT: [libjvm.dylib+0x488f0d], sa_mask[0]=11111111011111110111111111111111, sa_flags=SA_RESTART|SA_SIGINFO
SIGTERM: [libjvm.dylib+0x488f0d], sa_mask[0]=11111111011111110111111111111111, sa_flags=SA_RESTART|SA_SIGINFO
SIGQUIT: [libjvm.dylib+0x488f0d], sa_mask[0]=11111111011111110111111111111111, sa_flags=SA_RESTART|SA_SIGINFO


---------------  S Y S T E M  ---------------

OS:Bsduname:Darwin 16.7.0 Darwin Kernel Version 16.7.0: Thu Jan 11 22:59:40 PST 2018; root:xnu-3789.73.8~1/RELEASE_X86_64 x86_64
rlimit: STACK 8192k, CORE 0k, NPROC 709, NOFILE 10240, AS infinity
load average:4.90 12.17 22.21

CPU:total 2 (initial active 2) (2 cores per cpu, 1 threads per core) family 6 model 23 stepping 10, cmov, cx8, fxsr, mmx, sse, sse2, sse3, ssse3, sse4.1, tsc

Memory: 4k page, physical 8388608k(33228k free)

/proc/meminfo:


vm_info: Java HotSpot(TM) 64-Bit Server VM (25.161-b12) for bsd-amd64 JRE (1.8.0_161-b12), built on Dec 19 2017 16:22:20 by "java_re" with gcc 4.2.1 (Based on Apple Inc. build 5658) (LLVM build 2336.11.00)

time: Fri May 18 07:35:43 2018
elapsed time: 63 seconds (0d 0h 1m 3s)

