#
# A fatal error has been detected by the Java Runtime Environment:
#
#  SIGSEGV (0xb) at pc=0x000000010628a970, pid=57570, tid=0x0000000000000307
#
# JRE version: Java(TM) SE Runtime Environment (8.0_161-b12) (build 1.8.0_161-b12)
# Java VM: Java HotSpot(TM) 64-Bit Server VM (25.161-b12 mixed mode bsd-amd64 compressed oops)
# Problematic frame:
# V  [libjvm.dylib+0x48a970]
#
# Failed to write core dump. Core dumps have been disabled. To enable core dumping, try "ulimit -c unlimited" before starting Java again
#
# If you would like to submit a bug report, please visit:
#   http://bugreport.java.com/bugreport/crash.jsp
#

---------------  T H R E A D  ---------------

Current thread is native thread

siginfo: si_signo: 11 (SIGSEGV), si_code: 1 (SEGV_MAPERR), si_addr: 0x0000000000000128

Registers:
RAX=0x0000000000000000, RBX=0x00007fff5a304d30, RCX=0x00007fff9d2da408, RDX=0x00007fff5a304d30
RSP=0x00007fff5a304860, RBP=0x00007fff5a304890, RSI=0x00007fff5a304cc8, RDI=0x0000000000000103
R8 =0x00007fff5a304d30, R9 =0x00000000ffffffff, R10=0x0000000000000c00, R11=0x0000000000000206
R12=0x0000000000000c00, R13=0x0000000000000000, R14=0x00007fff5a304cc8, R15=0x0000000000000002
RIP=0x000000010628a970, EFLAGS=0x0000000000010202, ERR=0x0000000000000004
  TRAPNO=0x000000000000000e

Top of Stack: (sp=0x00007fff5a304860)
0x00007fff5a304860:   0000000000000000 00007fff5a304d30
0x00007fff5a304870:   0000000000000c00 0000000000000000
0x00007fff5a304880:   00007fff5a304f60 0000000000000d03
0x00007fff5a304890:   00007fff5a3048a0 00007fff94571b3a
0x00007fff5a3048a0:   00007fff5a304e30 0000000000019e00
0x00007fff5a3048b0:   00019f0099c06978 00007fff9d1702d0
0x00007fff5a3048c0:   0100001f00000085 00007fff9433893f
0x00007fff5a3048d0:   0000000010004005 00000000ffffffff
0x00007fff5a3048e0:   00007fff5a304de8 0000000000000000
0x00007fff5a3048f0:   00007fff5a304f60 0000000007000806
0x00007fff5a304900:   00007fff5a304e30 00007fff5a304de8
0x00007fff5a304910:   0000000000000d03 00000000ffffffff
0x00007fff5a304920:   0000000000000c00 0000000000000206
0x00007fff5a304930:   0000000000000c00 0000000000000000
0x00007fff5a304940:   00007fff5a304f60 0000000000000d03
0x00007fff5a304950:   00007fff9448934a 0000000000000206
0x00007fff5a304960:   0000000000000007 0000000000000000
0x00007fff5a304970:   0000000000000000 0000000000000000
0x00007fff5a304980:   000000000000037f 0000000000000000
0x00007fff5a304990:   0000000000000000 0000ffff00001fa0
0x00007fff5a3049a0:   0000000000000000 000000000000ffff
0x00007fff5a3049b0:   0000000000000000 0000000000000000
0x00007fff5a3049c0:   0000000000000000 0000000000000000
0x00007fff5a3049d0:   00cf93000000ffff 000000000000ffff
0x00007fff5a3049e0:   ea600009d4951800 0000000000004008
0x00007fff5a3049f0:   aa0c80069ad42800 000000000000400d
0x00007fff5a304a00:   995200044d013a80 000000000000400d
0x00007fff5a304a10:   8801100000024800 000000000000c033
0x00007fff5a304a20:   41c05807b4180a42 0000000000000000
0x00007fff5a304a30:   41c05807b4000000 0000000000000000
0x00007fff5a304a40:   c3de3f84f4459a32 439c07b0bba65cdc
0x00007fff5a304a50:   67726f2e65686361 736e6f6d6d6f632f 

Instructions: (pc=0x000000010628a970)
0x000000010628a950:   83 ec 08 48 89 d3 49 89 f6 e8 bc 46 14 00 44 8b
0x000000010628a960:   38 48 8d 05 a8 18 3b 00 48 63 38 e8 8c 49 14 00
0x000000010628a970:   4c 8b a0 28 01 00 00 41 83 7c 24 34 01 0f 85 e2
0x000000010628a980:   00 00 00 49 89 5c 24 40 4d 89 74 24 38 49 8d 5c 

Register to memory mapping:

RAX=0x0000000000000000 is an unknown value
RBX=0x00007fff5a304d30 is an unknown value
RCX=0x00007fff9d2da408: _thread+0x48 in /usr/lib/system/libsystem_pthread.dylib at 0x00007fff94578000
RDX=0x00007fff5a304d30 is an unknown value
RSP=0x00007fff5a304860 is an unknown value
RBP=0x00007fff5a304890 is an unknown value
RSI=0x00007fff5a304cc8 is an unknown value
RDI=0x0000000000000103 is an unknown value
R8 =0x00007fff5a304d30 is an unknown value
R9 =0x00000000ffffffff is an unknown value
R10=0x0000000000000c00 is an unknown value
R11=0x0000000000000206 is an unknown value
R12=0x0000000000000c00 is an unknown value
R13=0x0000000000000000 is an unknown value
R14=0x00007fff5a304cc8 is an unknown value
R15=0x0000000000000002 is an unknown value


Stack: [0x00007fff59b09000,0x00007fff5a309000],  sp=0x00007fff5a304860,  free space=8174k
Native frames: (J=compiled Java code, j=interpreted, Vv=VM code, C=native code)
V  [libjvm.dylib+0x48a970]
C  [libsystem_platform.dylib+0x2b3a]  _sigtramp+0x1a
C  0x0000000000019e00
C  [CoreFoundation+0x85874]  __CFRunLoopServiceMachPort+0xd4
C  [CoreFoundation+0x84cf1]  __CFRunLoopRun+0x551
C  [CoreFoundation+0x84544]  CFRunLoopRunSpecific+0x1a4
C  [java+0x647a]  CreateExecutionEnvironment+0x367
C  [java+0x212c]  JLI_Launch+0x7a0
C  [java+0x84d7]  main+0x65
C  [java+0x1984]  start+0x34


---------------  P R O C E S S  ---------------

VM state:not at safepoint (normal execution)

VM Mutex/Monitor currently owned by a thread:  ([mutex/lock_event])
[0x00007fb18e504da0] SymbolTable_lock - owner thread: 0x00007fb18e803000

Heap:
 PSYoungGen      total 577536K, used 565652K [0x0000000795580000, 0x00000007beb00000, 0x00000007c0000000)
  eden space 577024K, 97% used [0x0000000795580000,0x00000007b7d7d140,0x00000007b8900000)
  from space 512K, 81% used [0x00000007bea80000,0x00000007beae8000,0x00000007beb00000)
  to   space 11264K, 0% used [0x00000007bd500000,0x00000007bd500000,0x00000007be000000)
 ParOldGen       total 87552K, used 13887K [0x0000000740000000, 0x0000000745580000, 0x0000000795580000)
  object space 87552K, 15% used [0x0000000740000000,0x0000000740d8ffa8,0x0000000745580000)
 Metaspace       used 19046K, capacity 19312K, committed 19456K, reserved 1067008K
  class space    used 2373K, capacity 2450K, committed 2560K, reserved 1048576K

Card table byte_map: [0x000000010716e000,0x000000010756f000] byte_map_base: 0x000000010376e000

Marking Bits: (ParMarkBitMap*) 0x00000001066f76c0
 Begin Bits: [0x000000010781a000, 0x000000010981a000)
 End Bits:   [0x000000010981a000, 0x000000010b81a000)

Polling page: 0x00000001059ea000

CodeCache: size=245760Kb used=9223Kb max_used=10231Kb free=236536Kb
 bounds [0x000000010d9b0000, 0x000000010e3e0000, 0x000000011c9b0000]
 total_blobs=2566 nmethods=2204 adapters=277
 compilation: enabled

Compilation events (10 events):
Event: 55.091 Thread 0x00007fb18e858800 2530       3       java.util.LinkedHashMap::linkNodeLast (33 bytes)
Event: 55.091 Thread 0x00007fb18e858800 nmethod 2530 0x000000010de27890 code [0x000000010de27a00, 0x000000010de27c30]
Event: 55.091 Thread 0x00007fb18e858800 2531       3       java.util.LinkedHashMap$LinkedHashIterator::hasNext (13 bytes)
Event: 55.091 Thread 0x00007fb18e858800 nmethod 2531 0x000000010de06950 code [0x000000010de06ac0, 0x000000010de06c70]
Event: 55.092 Thread 0x00007fb18f058000 2532   !   4       java.util.concurrent.ConcurrentHashMap::putVal (362 bytes)
Event: 55.108 Thread 0x00007fb18e858800 2533       3       java.util.concurrent.ConcurrentHashMap::addCount (292 bytes)
Event: 55.112 Thread 0x00007fb18e858800 nmethod 2533 0x000000010de0f710 code [0x000000010de0f920, 0x000000010de10428]
Event: 55.163 Thread 0x00007fb18f058000 nmethod 2532 0x000000010defdd10 code [0x000000010defdf00, 0x000000010defeb20]
Event: 55.219 Thread 0x00007fb18e858800 2534       3       java.util.LinkedHashMap$LinkedHashIterator::nextNode (54 bytes)
Event: 55.219 Thread 0x00007fb18e858800 nmethod 2534 0x000000010de1f210 code [0x000000010de1f3a0, 0x000000010de1f738]

GC Heap History (10 events):
Event: 22.308 GC heap before
{Heap before GC invocations=10 (full 0):
 PSYoungGen      total 543232K, used 541632K [0x0000000795580000, 0x00000007c0000000, 0x00000007c0000000)
  eden space 532480K, 100% used [0x0000000795580000,0x00000007b5d80000,0x00000007b5d80000)
  from space 10752K, 85% used [0x00000007b5d80000,0x00000007b6670050,0x00000007b6800000)
  to   space 11776K, 0% used [0x00000007bf480000,0x00000007bf480000,0x00000007c0000000)
 ParOldGen       total 87552K, used 11613K [0x0000000740000000, 0x0000000745580000, 0x0000000795580000)
  object space 87552K, 13% used [0x0000000740000000,0x0000000740b57538,0x0000000745580000)
 Metaspace       used 15304K, capacity 15600K, committed 15744K, reserved 1062912K
  class space    used 1979K, capacity 2066K, committed 2176K, reserved 1048576K
Event: 22.333 GC heap after
Heap after GC invocations=10 (full 0):
 PSYoungGen      total 511488K, used 3328K [0x0000000795580000, 0x00000007bf800000, 0x00000007c0000000)
  eden space 507904K, 0% used [0x0000000795580000,0x0000000795580000,0x00000007b4580000)
  from space 3584K, 92% used [0x00000007bf480000,0x00000007bf7c0040,0x00000007bf800000)
  to   space 11776K, 0% used [0x00000007be100000,0x00000007be100000,0x00000007bec80000)
 ParOldGen       total 87552K, used 12581K [0x0000000740000000, 0x0000000745580000, 0x0000000795580000)
  object space 87552K, 14% used [0x0000000740000000,0x0000000740c49538,0x0000000745580000)
 Metaspace       used 15304K, capacity 15600K, committed 15744K, reserved 1062912K
  class space    used 1979K, capacity 2066K, committed 2176K, reserved 1048576K
}
Event: 24.342 GC heap before
{Heap before GC invocations=11 (full 0):
 PSYoungGen      total 511488K, used 511232K [0x0000000795580000, 0x00000007bf800000, 0x00000007c0000000)
  eden space 507904K, 100% used [0x0000000795580000,0x00000007b4580000,0x00000007b4580000)
  from space 3584K, 92% used [0x00000007bf480000,0x00000007bf7c0040,0x00000007bf800000)
  to   space 11776K, 0% used [0x00000007be100000,0x00000007be100000,0x00000007bec80000)
 ParOldGen       total 87552K, used 12581K [0x0000000740000000, 0x0000000745580000, 0x0000000795580000)
  object space 87552K, 14% used [0x0000000740000000,0x0000000740c49538,0x0000000745580000)
 Metaspace       used 15304K, capacity 15600K, committed 15744K, reserved 1062912K
  class space    used 1979K, capacity 2066K, committed 2176K, reserved 1048576K
Event: 24.377 GC heap after
Heap after GC invocations=11 (full 0):
 PSYoungGen      total 678912K, used 5120K [0x0000000795580000, 0x00000007c0000000, 0x00000007c0000000)
  eden space 667136K, 0% used [0x0000000795580000,0x0000000795580000,0x00000007be100000)
  from space 11776K, 43% used [0x00000007be100000,0x00000007be600010,0x00000007bec80000)
  to   space 11264K, 0% used [0x00000007bf500000,0x00000007bf500000,0x00000007c0000000)
 ParOldGen       total 87552K, used 13387K [0x0000000740000000, 0x0000000745580000, 0x0000000795580000)
  object space 87552K, 15% used [0x0000000740000000,0x0000000740d12f78,0x0000000745580000)
 Metaspace       used 15304K, capacity 15600K, committed 15744K, reserved 1062912K
  class space    used 1979K, capacity 2066K, committed 2176K, reserved 1048576K
}
Event: 34.410 GC heap before
{Heap before GC invocations=12 (full 0):
 PSYoungGen      total 678912K, used 672256K [0x0000000795580000, 0x00000007c0000000, 0x00000007c0000000)
  eden space 667136K, 100% used [0x0000000795580000,0x00000007be100000,0x00000007be100000)
  from space 11776K, 43% used [0x00000007be100000,0x00000007be600010,0x00000007bec80000)
  to   space 11264K, 0% used [0x00000007bf500000,0x00000007bf500000,0x00000007c0000000)
 ParOldGen       total 87552K, used 13387K [0x0000000740000000, 0x0000000745580000, 0x0000000795580000)
  object space 87552K, 15% used [0x0000000740000000,0x0000000740d12f78,0x0000000745580000)
 Metaspace       used 15340K, capacity 15600K, committed 15744K, reserved 1062912K
  class space    used 1981K, capacity 2066K, committed 2176K, reserved 1048576K
Event: 34.432 GC heap after
Heap after GC invocations=12 (full 0):
 PSYoungGen      total 638464K, used 2720K [0x0000000795580000, 0x00000007bf800000, 0x00000007c0000000)
  eden space 635392K, 0% used [0x0000000795580000,0x0000000795580000,0x00000007bc200000)
  from space 3072K, 88% used [0x00000007bf500000,0x00000007bf7a8000,0x00000007bf800000)
  to   space 10752K, 0% used [0x00000007be300000,0x00000007be300000,0x00000007bed80000)
 ParOldGen       total 87552K, used 13587K [0x0000000740000000, 0x0000000745580000, 0x0000000795580000)
  object space 87552K, 15% used [0x0000000740000000,0x0000000740d44f78,0x0000000745580000)
 Metaspace       used 15340K, capacity 15600K, committed 15744K, reserved 1062912K
  class space    used 1981K, capacity 2066K, committed 2176K, reserved 1048576K
}
Event: 43.015 GC heap before
{Heap before GC invocations=13 (full 0):
 PSYoungGen      total 638464K, used 638112K [0x0000000795580000, 0x00000007bf800000, 0x00000007c0000000)
  eden space 635392K, 100% used [0x0000000795580000,0x00000007bc200000,0x00000007bc200000)
  from space 3072K, 88% used [0x00000007bf500000,0x00000007bf7a8000,0x00000007bf800000)
  to   space 10752K, 0% used [0x00000007be300000,0x00000007be300000,0x00000007bed80000)
 ParOldGen       total 87552K, used 13587K [0x0000000740000000, 0x0000000745580000, 0x0000000795580000)
  object space 87552K, 15% used [0x0000000740000000,0x0000000740d44f78,0x0000000745580000)
 Metaspace       used 15361K, capacity 15664K, committed 16000K, reserved 1062912K
  class space    used 1981K, capacity 2066K, committed 2176K, reserved 1048576K
Event: 43.020 GC heap after
Heap after GC invocations=13 (full 0):
 PSYoungGen      total 606208K, used 480K [0x0000000795580000, 0x00000007bf580000, 0x00000007c0000000)
  eden space 605696K, 0% used [0x0000000795580000,0x0000000795580000,0x00000007ba500000)
  from space 512K, 93% used [0x00000007be300000,0x00000007be378000,0x00000007be380000)
  to   space 11264K, 0% used [0x00000007bea80000,0x00000007bea80000,0x00000007bf580000)
 ParOldGen       total 87552K, used 13815K [0x0000000740000000, 0x0000000745580000, 0x0000000795580000)
  object space 87552K, 15% used [0x0000000740000000,0x0000000740d7dfa8,0x0000000745580000)
 Metaspace       used 15361K, capacity 15664K, committed 16000K, reserved 1062912K
  class space    used 1981K, capacity 2066K, committed 2176K, reserved 1048576K
}
Event: 50.237 GC heap before
{Heap before GC invocations=14 (full 0):
 PSYoungGen      total 606208K, used 606176K [0x0000000795580000, 0x00000007bf580000, 0x00000007c0000000)
  eden space 605696K, 100% used [0x0000000795580000,0x00000007ba500000,0x00000007ba500000)
  from space 512K, 93% used [0x00000007be300000,0x00000007be378000,0x00000007be380000)
  to   space 11264K, 0% used [0x00000007bea80000,0x00000007bea80000,0x00000007bf580000)
 ParOldGen       total 87552K, used 13815K [0x0000000740000000, 0x0000000745580000, 0x0000000795580000)
  object space 87552K, 15% used [0x0000000740000000,0x0000000740d7dfa8,0x0000000745580000)
 Metaspace       used 15365K, capacity 15664K, committed 16000K, reserved 1062912K
  class space    used 1981K, capacity 2066K, committed 2176K, reserved 1048576K
Event: 50.244 GC heap after
Heap after GC invocations=14 (full 0):
 PSYoungGen      total 577536K, used 416K [0x0000000795580000, 0x00000007beb00000, 0x00000007c0000000)
  eden space 577024K, 0% used [0x0000000795580000,0x0000000795580000,0x00000007b8900000)
  from space 512K, 81% used [0x00000007bea80000,0x00000007beae8000,0x00000007beb00000)
  to   space 11264K, 0% used [0x00000007bd500000,0x00000007bd500000,0x00000007be000000)
 ParOldGen       total 87552K, used 13887K [0x0000000740000000, 0x0000000745580000, 0x0000000795580000)
  object space 87552K, 15% used [0x0000000740000000,0x0000000740d8ffa8,0x0000000745580000)
 Metaspace       used 15365K, capacity 15664K, committed 16000K, reserved 1062912K
  class space    used 1981K, capacity 2066K, committed 2176K, reserved 1048576K
}

Deoptimization events (10 events):
Event: 54.742 Thread 0x00007fb18e803000 Uncommon trap: reason=unstable_if action=reinterpret pc=0x000000010e11cf90 method=java.util.HashMap.clear()V @ 16
Event: 54.762 Thread 0x00007fb18e803000 Uncommon trap: reason=unstable_if action=reinterpret pc=0x000000010e353890 method=java.util.HashMap.resize()[Ljava/util/HashMap$Node; @ 56
Event: 54.776 Thread 0x00007fb18e803000 Uncommon trap: reason=class_check action=maybe_recompile pc=0x000000010dc82514 method=java.io.DataInputStream.readInt()I @ 4
Event: 54.776 Thread 0x00007fb18e803000 Uncommon trap: reason=class_check action=maybe_recompile pc=0x000000010dc82514 method=java.io.DataInputStream.readInt()I @ 4
Event: 54.776 Thread 0x00007fb18e803000 Uncommon trap: reason=class_check action=maybe_recompile pc=0x000000010dc82514 method=java.io.DataInputStream.readInt()I @ 4
Event: 54.776 Thread 0x00007fb18e803000 Uncommon trap: reason=class_check action=maybe_recompile pc=0x000000010dc82514 method=java.io.DataInputStream.readInt()I @ 4
Event: 55.076 Thread 0x00007fb18e803000 Uncommon trap: reason=class_check action=maybe_recompile pc=0x000000010de1cdf0 method=java.util.concurrent.ConcurrentHashMap.putVal(Ljava/lang/Object;Ljava/lang/Object;Z)Ljava/lang/Object; @ 192
Event: 55.076 Thread 0x00007fb18e803000 Uncommon trap: reason=class_check action=maybe_recompile pc=0x000000010de1cdf0 method=java.util.concurrent.ConcurrentHashMap.putVal(Ljava/lang/Object;Ljava/lang/Object;Z)Ljava/lang/Object; @ 192
Event: 55.076 Thread 0x00007fb18e803000 Uncommon trap: reason=class_check action=maybe_recompile pc=0x000000010de1cdf0 method=java.util.concurrent.ConcurrentHashMap.putVal(Ljava/lang/Object;Ljava/lang/Object;Z)Ljava/lang/Object; @ 192
Event: 55.076 Thread 0x00007fb18e803000 Uncommon trap: reason=class_check action=maybe_recompile pc=0x000000010de1cdf0 method=java.util.concurrent.ConcurrentHashMap.putVal(Ljava/lang/Object;Ljava/lang/Object;Z)Ljava/lang/Object; @ 192

Classes redefined (0 events):
No events

Internal exceptions (10 events):
Event: 55.070 Thread 0x00007fb18e803000 Exception <a 'java/lang/ArrayIndexOutOfBoundsException': 18> (0x00000007b76c7078) thrown at [/Users/java_re/workspace/8-2-build-macosx-x86_64/jdk8u161/10277/hotspot/src/share/vm/interpreter/interpreterRuntime.cpp, line 366]
Event: 55.071 Thread 0x00007fb18e803000 Exception <a 'java/lang/ArrayIndexOutOfBoundsException': 139> (0x00000007b76c8b40) thrown at [/Users/java_re/workspace/8-2-build-macosx-x86_64/jdk8u161/10277/hotspot/src/share/vm/interpreter/interpreterRuntime.cpp, line 366]
Event: 55.072 Thread 0x00007fb18e803000 Exception <a 'java/lang/ArrayIndexOutOfBoundsException'> (0x00000007b76ca168) thrown at [/Users/java_re/workspace/8-2-build-macosx-x86_64/jdk8u161/10277/hotspot/src/share/vm/runtime/sharedRuntime.cpp, line 605]
Event: 55.073 Thread 0x00007fb18e803000 Exception <a 'java/lang/ArrayIndexOutOfBoundsException'> (0x00000007b76cf088) thrown at [/Users/java_re/workspace/8-2-build-macosx-x86_64/jdk8u161/10277/hotspot/src/share/vm/runtime/sharedRuntime.cpp, line 605]
Event: 55.073 Thread 0x00007fb18e803000 Exception <a 'java/lang/ArrayIndexOutOfBoundsException'> (0x00000007b76cfb08) thrown at [/Users/java_re/workspace/8-2-build-macosx-x86_64/jdk8u161/10277/hotspot/src/share/vm/runtime/sharedRuntime.cpp, line 605]
Event: 55.074 Thread 0x00007fb18e803000 Exception <a 'java/lang/ArrayIndexOutOfBoundsException'> (0x00000007b76d0988) thrown at [/Users/java_re/workspace/8-2-build-macosx-x86_64/jdk8u161/10277/hotspot/src/share/vm/runtime/sharedRuntime.cpp, line 605]
Event: 55.074 Thread 0x00007fb18e803000 Exception <a 'java/lang/ArrayIndexOutOfBoundsException'> (0x00000007b76d17d0) thrown at [/Users/java_re/workspace/8-2-build-macosx-x86_64/jdk8u161/10277/hotspot/src/share/vm/runtime/sharedRuntime.cpp, line 605]
Event: 55.074 Thread 0x00007fb18e803000 Exception <a 'java/lang/ArrayIndexOutOfBoundsException'> (0x00000007b76d3328) thrown at [/Users/java_re/workspace/8-2-build-macosx-x86_64/jdk8u161/10277/hotspot/src/share/vm/runtime/sharedRuntime.cpp, line 605]
Event: 55.074 Thread 0x00007fb18e803000 Exception <a 'java/lang/ArrayIndexOutOfBoundsException'> (0x00000007b76d4838) thrown at [/Users/java_re/workspace/8-2-build-macosx-x86_64/jdk8u161/10277/hotspot/src/share/vm/runtime/sharedRuntime.cpp, line 605]
Event: 55.075 Thread 0x00007fb18e803000 Exception <a 'java/lang/ArrayIndexOutOfBoundsException'> (0x00000007b76d8dc8) thrown at [/Users/java_re/workspace/8-2-build-macosx-x86_64/jdk8u161/10277/hotspot/src/share/vm/runtime/sharedRuntime.cpp, line 605]

Events (10 events):
Event: 55.218 loading class com/fasterxml/jackson/annotation/JsonProperty$Access
Event: 55.218 loading class com/fasterxml/jackson/annotation/JsonProperty$Access done
Event: 55.218 loading class com/fasterxml/jackson/databind/introspect/POJOPropertyBuilder$10
Event: 55.218 loading class com/fasterxml/jackson/databind/introspect/POJOPropertyBuilder$10 done
Event: 55.219 loading class com/fasterxml/jackson/databind/annotation/JsonNaming
Event: 55.219 loading class com/fasterxml/jackson/databind/annotation/JsonNaming done
Event: 55.220 loading class com/fasterxml/jackson/annotation/JsonPropertyOrder
Event: 55.220 loading class com/fasterxml/jackson/annotation/JsonPropertyOrder done
Event: 55.220 loading class com/fasterxml/jackson/databind/ext/OptionalHandlerFactory
Event: 55.220 loading class com/fasterxml/jackson/databind/ext/OptionalHandlerFactory done


Dynamic libraries:
0x0000000009234000 	/System/Library/Frameworks/Cocoa.framework/Versions/A/Cocoa
0x0000000009234000 	/System/Library/Frameworks/Security.framework/Versions/A/Security
0x0000000009234000 	/System/Library/Frameworks/ApplicationServices.framework/Versions/A/ApplicationServices
0x0000000009234000 	/usr/lib/libz.1.dylib
0x0000000009234000 	/usr/lib/libSystem.B.dylib
0x0000000009234000 	/usr/lib/libobjc.A.dylib
0x0000000009234000 	/System/Library/Frameworks/CoreFoundation.framework/Versions/A/CoreFoundation
0x0000000009234000 	/System/Library/Frameworks/Foundation.framework/Versions/C/Foundation
0x0000000009234000 	/System/Library/Frameworks/AppKit.framework/Versions/C/AppKit
0x0000000009234000 	/System/Library/Frameworks/CoreData.framework/Versions/A/CoreData
0x0000000009234000 	/System/Library/PrivateFrameworks/RemoteViewServices.framework/Versions/A/RemoteViewServices
0x0000000009234000 	/System/Library/PrivateFrameworks/UIFoundation.framework/Versions/A/UIFoundation
0x0000000009234000 	/System/Library/PrivateFrameworks/DFRFoundation.framework/Versions/A/DFRFoundation
0x0000000009234000 	/usr/lib/libenergytrace.dylib
0x0000000009234000 	/System/Library/PrivateFrameworks/SkyLight.framework/Versions/A/SkyLight
0x0000000009234000 	/System/Library/Frameworks/CoreGraphics.framework/Versions/A/CoreGraphics
0x0000000009234000 	/usr/lib/libScreenReader.dylib
0x0000000009234000 	/System/Library/Frameworks/Accelerate.framework/Versions/A/Accelerate
0x0000000009234000 	/System/Library/Frameworks/IOSurface.framework/Versions/A/IOSurface
0x0000000009234000 	/System/Library/Frameworks/AudioToolbox.framework/Versions/A/AudioToolbox
0x0000000009234000 	/System/Library/Frameworks/AudioUnit.framework/Versions/A/AudioUnit
0x0000000009234000 	/System/Library/PrivateFrameworks/DataDetectorsCore.framework/Versions/A/DataDetectorsCore
0x0000000009234000 	/System/Library/PrivateFrameworks/DesktopServicesPriv.framework/Versions/A/DesktopServicesPriv
0x0000000009234000 	/System/Library/Frameworks/Carbon.framework/Versions/A/Frameworks/HIToolbox.framework/Versions/A/HIToolbox
0x0000000009234000 	/usr/lib/libicucore.A.dylib
0x0000000009234000 	/System/Library/Frameworks/QuartzCore.framework/Versions/A/QuartzCore
0x0000000009234000 	/System/Library/Frameworks/Carbon.framework/Versions/A/Frameworks/SpeechRecognition.framework/Versions/A/SpeechRecognition
0x0000000009234000 	/usr/lib/libauto.dylib
0x0000000009234000 	/usr/lib/libxml2.2.dylib
0x0000000009234000 	/System/Library/PrivateFrameworks/CoreUI.framework/Versions/A/CoreUI
0x0000000009234000 	/System/Library/Frameworks/CoreAudio.framework/Versions/A/CoreAudio
0x0000000009234000 	/System/Library/Frameworks/DiskArbitration.framework/Versions/A/DiskArbitration
0x0000000009234000 	/usr/lib/liblangid.dylib
0x0000000009234000 	/System/Library/PrivateFrameworks/MultitouchSupport.framework/Versions/A/MultitouchSupport
0x0000000009234000 	/System/Library/Frameworks/IOKit.framework/Versions/A/IOKit
0x0000000009234000 	/usr/lib/libDiagnosticMessagesClient.dylib
0x0000000009234000 	/System/Library/Frameworks/CoreServices.framework/Versions/A/CoreServices
0x0000000009234000 	/System/Library/PrivateFrameworks/PerformanceAnalysis.framework/Versions/A/PerformanceAnalysis
0x0000000009234000 	/System/Library/PrivateFrameworks/GenerationalStorage.framework/Versions/A/GenerationalStorage
0x0000000009234000 	/System/Library/Frameworks/OpenGL.framework/Versions/A/OpenGL
0x0000000009234000 	/System/Library/Frameworks/CoreImage.framework/Versions/A/CoreImage
0x0000000009234000 	/System/Library/Frameworks/CoreText.framework/Versions/A/CoreText
0x0000000009234000 	/System/Library/Frameworks/ImageIO.framework/Versions/A/ImageIO
0x0000000009234000 	/System/Library/PrivateFrameworks/Backup.framework/Versions/A/Backup
0x0000000009234000 	/usr/lib/libarchive.2.dylib
0x0000000009234000 	/System/Library/Frameworks/CFNetwork.framework/Versions/A/CFNetwork
0x0000000009234000 	/System/Library/Frameworks/SystemConfiguration.framework/Versions/A/SystemConfiguration
0x0000000009234000 	/usr/lib/libCRFSuite.dylib
0x0000000009234000 	/usr/lib/libc++.1.dylib
0x0000000009234000 	/usr/lib/libc++abi.dylib
0x0000000009234000 	/usr/lib/system/libcache.dylib
0x0000000009234000 	/usr/lib/system/libcommonCrypto.dylib
0x0000000009234000 	/usr/lib/system/libcompiler_rt.dylib
0x0000000009234000 	/usr/lib/system/libcopyfile.dylib
0x0000000009234000 	/usr/lib/system/libcorecrypto.dylib
0x0000000009234000 	/usr/lib/system/libdispatch.dylib
0x0000000009234000 	/usr/lib/system/libdyld.dylib
0x0000000009234000 	/usr/lib/system/libkeymgr.dylib
0x0000000009234000 	/usr/lib/system/liblaunch.dylib
0x0000000009234000 	/usr/lib/system/libmacho.dylib
0x0000000009234000 	/usr/lib/system/libquarantine.dylib
0x0000000009234000 	/usr/lib/system/libremovefile.dylib
0x0000000009234000 	/usr/lib/system/libsystem_asl.dylib
0x0000000009234000 	/usr/lib/system/libsystem_blocks.dylib
0x0000000009234000 	/usr/lib/system/libsystem_c.dylib
0x0000000009234000 	/usr/lib/system/libsystem_configuration.dylib
0x0000000009234000 	/usr/lib/system/libsystem_coreservices.dylib
0x0000000009234000 	/usr/lib/system/libsystem_coretls.dylib
0x0000000009234000 	/usr/lib/system/libsystem_dnssd.dylib
0x0000000009234000 	/usr/lib/system/libsystem_info.dylib
0x0000000009234000 	/usr/lib/system/libsystem_kernel.dylib
0x0000000009234000 	/usr/lib/system/libsystem_m.dylib
0x0000000009234000 	/usr/lib/system/libsystem_malloc.dylib
0x0000000009234000 	/usr/lib/system/libsystem_network.dylib
0x0000000009234000 	/usr/lib/system/libsystem_networkextension.dylib
0x0000000009234000 	/usr/lib/system/libsystem_notify.dylib
0x0000000009234000 	/usr/lib/system/libsystem_platform.dylib
0x0000000009234000 	/usr/lib/system/libsystem_pthread.dylib
0x0000000009234000 	/usr/lib/system/libsystem_sandbox.dylib
0x0000000009234000 	/usr/lib/system/libsystem_secinit.dylib
0x0000000009234000 	/usr/lib/system/libsystem_symptoms.dylib
0x0000000009234000 	/usr/lib/system/libsystem_trace.dylib
0x0000000009234000 	/usr/lib/system/libunwind.dylib
0x0000000009234000 	/usr/lib/system/libxpc.dylib
0x0000000009234000 	/usr/lib/libbsm.0.dylib
0x0000000009234000 	/usr/lib/system/libkxld.dylib
0x0000000009234000 	/usr/lib/libcoretls.dylib
0x0000000009234000 	/usr/lib/libcoretls_cfhelpers.dylib
0x0000000009234000 	/usr/lib/libOpenScriptingUtil.dylib
0x0000000009234000 	/usr/lib/libpam.2.dylib
0x0000000009234000 	/usr/lib/libsqlite3.dylib
0x0000000009234000 	/usr/lib/libxar.1.dylib
0x0000000009234000 	/usr/lib/libbz2.1.0.dylib
0x0000000009234000 	/usr/lib/liblzma.5.dylib
0x0000000009234000 	/usr/lib/libnetwork.dylib
0x0000000009234000 	/usr/lib/libpcap.A.dylib
0x0000000009234000 	/System/Library/Frameworks/CoreServices.framework/Versions/A/Frameworks/FSEvents.framework/Versions/A/FSEvents
0x0000000009234000 	/System/Library/Frameworks/CoreServices.framework/Versions/A/Frameworks/CarbonCore.framework/Versions/A/CarbonCore
0x0000000009234000 	/System/Library/Frameworks/CoreServices.framework/Versions/A/Frameworks/Metadata.framework/Versions/A/Metadata
0x0000000009234000 	/System/Library/Frameworks/CoreServices.framework/Versions/A/Frameworks/OSServices.framework/Versions/A/OSServices
0x0000000009234000 	/System/Library/Frameworks/CoreServices.framework/Versions/A/Frameworks/SearchKit.framework/Versions/A/SearchKit
0x0000000009234000 	/System/Library/Frameworks/CoreServices.framework/Versions/A/Frameworks/AE.framework/Versions/A/AE
0x0000000009234000 	/System/Library/Frameworks/CoreServices.framework/Versions/A/Frameworks/LaunchServices.framework/Versions/A/LaunchServices
0x0000000009234000 	/System/Library/Frameworks/CoreServices.framework/Versions/A/Frameworks/DictionaryServices.framework/Versions/A/DictionaryServices
0x0000000009234000 	/System/Library/Frameworks/CoreServices.framework/Versions/A/Frameworks/SharedFileList.framework/Versions/A/SharedFileList
0x0000000009234000 	/System/Library/Frameworks/NetFS.framework/Versions/A/NetFS
0x0000000009234000 	/System/Library/PrivateFrameworks/NetAuth.framework/Versions/A/NetAuth
0x0000000009234000 	/System/Library/PrivateFrameworks/login.framework/Versions/A/Frameworks/loginsupport.framework/Versions/A/loginsupport
0x0000000009234000 	/System/Library/PrivateFrameworks/TCC.framework/Versions/A/TCC
0x0000000009234000 	/usr/lib/libmecabra.dylib
0x0000000009234000 	/System/Library/Frameworks/ApplicationServices.framework/Versions/A/Frameworks/ATS.framework/Versions/A/ATS
0x0000000009234000 	/System/Library/Frameworks/ApplicationServices.framework/Versions/A/Frameworks/ColorSync.framework/Versions/A/ColorSync
0x0000000009234000 	/System/Library/Frameworks/ApplicationServices.framework/Versions/A/Frameworks/HIServices.framework/Versions/A/HIServices
0x0000000009234000 	/System/Library/Frameworks/ApplicationServices.framework/Versions/A/Frameworks/LangAnalysis.framework/Versions/A/LangAnalysis
0x0000000009234000 	/System/Library/Frameworks/ApplicationServices.framework/Versions/A/Frameworks/PrintCore.framework/Versions/A/PrintCore
0x0000000009234000 	/System/Library/Frameworks/ApplicationServices.framework/Versions/A/Frameworks/QD.framework/Versions/A/QD
0x0000000009234000 	/System/Library/Frameworks/ApplicationServices.framework/Versions/A/Frameworks/SpeechSynthesis.framework/Versions/A/SpeechSynthesis
0x0000000009234000 	/System/Library/Frameworks/Accelerate.framework/Versions/A/Frameworks/vImage.framework/Versions/A/vImage
0x0000000009234000 	/System/Library/Frameworks/Accelerate.framework/Versions/A/Frameworks/vecLib.framework/Versions/A/vecLib
0x0000000009234000 	/System/Library/Frameworks/Accelerate.framework/Versions/A/Frameworks/vecLib.framework/Versions/A/libvDSP.dylib
0x0000000009234000 	/System/Library/Frameworks/Accelerate.framework/Versions/A/Frameworks/vecLib.framework/Versions/A/libBNNS.dylib
0x0000000009234000 	/System/Library/Frameworks/Accelerate.framework/Versions/A/Frameworks/vecLib.framework/Versions/A/libQuadrature.dylib
0x0000000009234000 	/System/Library/Frameworks/Accelerate.framework/Versions/A/Frameworks/vecLib.framework/Versions/A/libvMisc.dylib
0x0000000009234000 	/System/Library/Frameworks/Accelerate.framework/Versions/A/Frameworks/vecLib.framework/Versions/A/libLAPACK.dylib
0x0000000009234000 	/System/Library/Frameworks/Accelerate.framework/Versions/A/Frameworks/vecLib.framework/Versions/A/libBLAS.dylib
0x0000000009234000 	/System/Library/Frameworks/Accelerate.framework/Versions/A/Frameworks/vecLib.framework/Versions/A/libLinearAlgebra.dylib
0x0000000009234000 	/System/Library/Frameworks/Accelerate.framework/Versions/A/Frameworks/vecLib.framework/Versions/A/libSparseBLAS.dylib
0x0000000009234000 	/System/Library/Frameworks/ApplicationServices.framework/Versions/A/Frameworks/ATS.framework/Versions/A/Resources/libFontParser.dylib
0x0000000009234000 	/System/Library/Frameworks/ApplicationServices.framework/Versions/A/Frameworks/ATS.framework/Versions/A/Resources/libFontRegistry.dylib
0x0000000009234000 	/System/Library/Frameworks/ImageIO.framework/Versions/A/Resources/libJPEG.dylib
0x0000000009234000 	/System/Library/Frameworks/ImageIO.framework/Versions/A/Resources/libTIFF.dylib
0x0000000009234000 	/System/Library/Frameworks/ImageIO.framework/Versions/A/Resources/libPng.dylib
0x0000000009234000 	/System/Library/Frameworks/ImageIO.framework/Versions/A/Resources/libGIF.dylib
0x0000000009234000 	/System/Library/Frameworks/ImageIO.framework/Versions/A/Resources/libJP2.dylib
0x0000000009234000 	/System/Library/Frameworks/ImageIO.framework/Versions/A/Resources/libRadiance.dylib
0x0000000009234000 	/usr/lib/libcompression.dylib
0x0000000009234000 	/System/Library/PrivateFrameworks/AppleJPEG.framework/Versions/A/AppleJPEG
0x0000000009234000 	/usr/lib/libcups.2.dylib
0x0000000009234000 	/System/Library/Frameworks/Kerberos.framework/Versions/A/Kerberos
0x0000000009234000 	/System/Library/Frameworks/GSS.framework/Versions/A/GSS
0x0000000009234000 	/usr/lib/libresolv.9.dylib
0x0000000009234000 	/usr/lib/libiconv.2.dylib
0x0000000009234000 	/System/Library/PrivateFrameworks/Heimdal.framework/Versions/A/Heimdal
0x0000000009234000 	/usr/lib/libheimdal-asn1.dylib
0x0000000009234000 	/System/Library/Frameworks/OpenDirectory.framework/Versions/A/OpenDirectory
0x0000000009234000 	/System/Library/PrivateFrameworks/CommonAuth.framework/Versions/A/CommonAuth
0x0000000009234000 	/System/Library/Frameworks/OpenDirectory.framework/Versions/A/Frameworks/CFOpenDirectory.framework/Versions/A/CFOpenDirectory
0x0000000009234000 	/System/Library/Frameworks/SecurityFoundation.framework/Versions/A/SecurityFoundation
0x0000000009234000 	/System/Library/PrivateFrameworks/LanguageModeling.framework/Versions/A/LanguageModeling
0x0000000009234000 	/usr/lib/libmarisa.dylib
0x0000000009234000 	/usr/lib/libChineseTokenizer.dylib
0x0000000009234000 	/usr/lib/libcmph.dylib
0x0000000009234000 	/System/Library/PrivateFrameworks/CoreEmoji.framework/Versions/A/CoreEmoji
0x0000000009234000 	/System/Library/Frameworks/ServiceManagement.framework/Versions/A/ServiceManagement
0x0000000009234000 	/usr/lib/libxslt.1.dylib
0x0000000009234000 	/System/Library/Frameworks/Carbon.framework/Versions/A/Frameworks/Ink.framework/Versions/A/Ink
0x0000000009234000 	/System/Library/PrivateFrameworks/TextureIO.framework/Versions/A/TextureIO
0x0000000009234000 	/System/Library/Frameworks/Metal.framework/Versions/A/Metal
0x0000000009234000 	/usr/lib/libate.dylib
0x0000000009234000 	/System/Library/PrivateFrameworks/GPUCompiler.framework/libmetal_timestamp.dylib
0x0000000009234000 	/System/Library/Frameworks/OpenGL.framework/Versions/A/Libraries/libCoreFSCache.dylib
0x0000000009234000 	/System/Library/PrivateFrameworks/IOAccelerator.framework/Versions/A/IOAccelerator
0x0000000009234000 	/System/Library/Frameworks/CoreVideo.framework/Versions/A/CoreVideo
0x0000000009234000 	/usr/lib/libFosl_dynamic.dylib
0x0000000009234000 	/System/Library/PrivateFrameworks/MetalPerformanceShaders.framework/Versions/A/MetalPerformanceShaders
0x0000000009234000 	/System/Library/PrivateFrameworks/FaceCore.framework/Versions/A/FaceCore
0x0000000009234000 	/System/Library/Frameworks/OpenCL.framework/Versions/A/OpenCL
0x0000000009234000 	/System/Library/Frameworks/OpenGL.framework/Versions/A/Libraries/libGLU.dylib
0x0000000009234000 	/System/Library/Frameworks/OpenGL.framework/Versions/A/Libraries/libGFXShared.dylib
0x0000000009234000 	/System/Library/Frameworks/OpenGL.framework/Versions/A/Libraries/libGL.dylib
0x0000000009234000 	/System/Library/Frameworks/OpenGL.framework/Versions/A/Libraries/libGLImage.dylib
0x0000000009234000 	/System/Library/Frameworks/OpenGL.framework/Versions/A/Libraries/libCVMSPluginSupport.dylib
0x0000000009234000 	/System/Library/Frameworks/OpenGL.framework/Versions/A/Libraries/libCoreVMClient.dylib
0x0000000009234000 	/System/Library/PrivateFrameworks/CrashReporterSupport.framework/Versions/A/CrashReporterSupport
0x0000000009234000 	/System/Library/PrivateFrameworks/Sharing.framework/Versions/A/Sharing
0x0000000009234000 	/System/Library/PrivateFrameworks/IconServices.framework/Versions/A/IconServices
0x0000000009234000 	/System/Library/PrivateFrameworks/ProtocolBuffer.framework/Versions/A/ProtocolBuffer
0x0000000009234000 	/System/Library/PrivateFrameworks/Apple80211.framework/Versions/A/Apple80211
0x0000000009234000 	/System/Library/Frameworks/CoreWLAN.framework/Versions/A/CoreWLAN
0x0000000009234000 	/System/Library/PrivateFrameworks/CoreUtils.framework/Versions/A/CoreUtils
0x0000000009234000 	/System/Library/Frameworks/IOBluetooth.framework/Versions/A/IOBluetooth
0x0000000009234000 	/System/Library/PrivateFrameworks/CoreWiFi.framework/Versions/A/CoreWiFi
0x0000000009234000 	/System/Library/Frameworks/CoreBluetooth.framework/Versions/A/CoreBluetooth
0x0000000009234000 	/System/Library/Frameworks/CoreDisplay.framework/Versions/A/CoreDisplay
0x0000000009234000 	/System/Library/PrivateFrameworks/IOPresentment.framework/Versions/A/IOPresentment
0x0000000009234000 	/System/Library/PrivateFrameworks/DSExternalDisplay.framework/Versions/A/DSExternalDisplay
0x0000000009234000 	/System/Library/PrivateFrameworks/DebugSymbols.framework/Versions/A/DebugSymbols
0x0000000009234000 	/System/Library/PrivateFrameworks/CoreSymbolication.framework/Versions/A/CoreSymbolication
0x0000000009234000 	/System/Library/PrivateFrameworks/Symbolication.framework/Versions/A/Symbolication
0x0000000009234000 	/System/Library/PrivateFrameworks/AppleFSCompression.framework/Versions/A/AppleFSCompression
0x0000000009234000 	/System/Library/PrivateFrameworks/SpeechRecognitionCore.framework/Versions/A/SpeechRecognitionCore
0x0000000009234000 	/System/Library/PrivateFrameworks/ChunkingLibrary.framework/Versions/A/ChunkingLibrary
0x0000000105e00000 	/Library/Java/JavaVirtualMachines/jdk1.8.0_161.jdk/Contents/Home/jre/lib/server/libjvm.dylib
0x0000000009234000 	/usr/lib/libstdc++.6.dylib
0x00000001059a6000 	/Library/Java/JavaVirtualMachines/jdk1.8.0_161.jdk/Contents/Home/jre/lib/libverify.dylib
0x00000001059b4000 	/Library/Java/JavaVirtualMachines/jdk1.8.0_161.jdk/Contents/Home/jre/lib/libjava.dylib
0x00000001059f4000 	/Library/Java/JavaVirtualMachines/jdk1.8.0_161.jdk/Contents/Home/jre/lib/libzip.dylib
0x000000010d1d9000 	/Library/Java/JavaVirtualMachines/jdk1.8.0_161.jdk/Contents/Home/jre/lib/libnio.dylib
0x000000010d1e9000 	/Library/Java/JavaVirtualMachines/jdk1.8.0_161.jdk/Contents/Home/jre/lib/./libnet.dylib

VM Arguments:
java_command: /Users/mohammadomar/Desktop/node-js-getting-started/ont.jar /Users/mohammadomar/Desktop/node-js-getting-started/ontologies/prop.owl /Users/mohammadomar/Desktop/node-js-getting-started/questions/ 4676.json
java_class_path (initial): /Users/mohammadomar/Desktop/node-js-getting-started/ont.jar
Launcher Type: SUN_STANDARD

Environment Variables:
PATH=/Users/mohammadomar/.npm-packages/lib/node_modules/npm/bin/node-gyp-bin:/Users/mohammadomar/Desktop/node-js-getting-started/node_modules/.bin:/Users/mohammadomar/.npm-packages/bin:/usr/local/bin:/usr/bin:/bin:/usr/sbin:/sbin:/Users/mohammadomar/.npm-packages/bin
SHELL=/bin/bash

Signal Handlers:
SIGSEGV: [libjvm.dylib+0x5b5439], sa_mask[0]=11111111011111110111111111111111, sa_flags=SA_ONSTACK|SA_RESTART|SA_SIGINFO
SIGBUS: [libjvm.dylib+0x5b5439], sa_mask[0]=11111111011111110111111111111111, sa_flags=SA_RESTART|SA_SIGINFO
SIGFPE: [libjvm.dylib+0x48ae24], sa_mask[0]=11111111011111110111111111111111, sa_flags=SA_RESTART|SA_SIGINFO
SIGPIPE: [libjvm.dylib+0x48ae24], sa_mask[0]=11111111011111110111111111111111, sa_flags=SA_RESTART|SA_SIGINFO
SIGXFSZ: [libjvm.dylib+0x48ae24], sa_mask[0]=11111111011111110111111111111111, sa_flags=SA_RESTART|SA_SIGINFO
SIGILL: [libjvm.dylib+0x48ae24], sa_mask[0]=11111111011111110111111111111111, sa_flags=SA_RESTART|SA_SIGINFO
SIGUSR1: SIG_DFL, sa_mask[0]=00000000000000000000000000000000, sa_flags=SA_RESTART
SIGUSR2: [libjvm.dylib+0x48a942], sa_mask[0]=00000000000000000000000000000000, sa_flags=SA_RESTART|SA_SIGINFO
SIGHUP: [libjvm.dylib+0x488f0d], sa_mask[0]=11111111011111110111111111111111, sa_flags=SA_RESTART|SA_SIGINFO
SIGINT: [libjvm.dylib+0x488f0d], sa_mask[0]=11111111011111110111111111111111, sa_flags=SA_RESTART|SA_SIGINFO
SIGTERM: [libjvm.dylib+0x488f0d], sa_mask[0]=11111111011111110111111111111111, sa_flags=SA_RESTART|SA_SIGINFO
SIGQUIT: [libjvm.dylib+0x488f0d], sa_mask[0]=11111111011111110111111111111111, sa_flags=SA_RESTART|SA_SIGINFO


---------------  S Y S T E M  ---------------

OS:Bsduname:Darwin 16.7.0 Darwin Kernel Version 16.7.0: Thu Jan 11 22:59:40 PST 2018; root:xnu-3789.73.8~1/RELEASE_X86_64 x86_64
rlimit: STACK 8192k, CORE 0k, NPROC 709, NOFILE 10240, AS infinity
load average:4.16 3.50 6.33

CPU:total 2 (initial active 2) (2 cores per cpu, 1 threads per core) family 6 model 23 stepping 10, cmov, cx8, fxsr, mmx, sse, sse2, sse3, ssse3, sse4.1, tsc

Memory: 4k page, physical 8388608k(34220k free)

/proc/meminfo:


vm_info: Java HotSpot(TM) 64-Bit Server VM (25.161-b12) for bsd-amd64 JRE (1.8.0_161-b12), built on Dec 19 2017 16:22:20 by "java_re" with gcc 4.2.1 (Based on Apple Inc. build 5658) (LLVM build 2336.11.00)

time: Sat May 19 10:54:07 2018
elapsed time: 55 seconds (0d 0h 0m 55s)

