#
# A fatal error has been detected by the Java Runtime Environment:
#
#  SIGSEGV (0xb) at pc=0x000000010b48a970, pid=57660, tid=0x0000000000000307
#
# JRE version: Java(TM) SE Runtime Environment (8.0_161-b12) (build 1.8.0_161-b12)
# Java VM: Java HotSpot(TM) 64-Bit Server VM (25.161-b12 mixed mode bsd-amd64 compressed oops)
# Problematic frame:
# V  [libjvm.dylib+0x48a970]  SR_handler(int, __siginfo*, __darwin_ucontext*)+0x2e
#
# Failed to write core dump. Core dumps have been disabled. To enable core dumping, try "ulimit -c unlimited" before starting Java again
#
# If you would like to submit a bug report, please visit:
#   http://bugreport.java.com/bugreport/crash.jsp
#

---------------  T H R E A D  ---------------

Current thread is native thread

siginfo: si_signo: 11 (SIGSEGV), si_code: 1 (SEGV_MAPERR), si_addr: 0x0000000000000128

Registers:
RAX=0x0000000000000000, RBX=0x00007fff550e9d30, RCX=0x00007fff9d2da408, RDX=0x00007fff550e9d30
RSP=0x00007fff550e9860, RBP=0x00007fff550e9890, RSI=0x00007fff550e9cc8, RDI=0x0000000000000103
R8 =0x00007fff550e9d30, R9 =0x00000000ffffffff, R10=0x0000000000000c00, R11=0x0000000000000206
R12=0x0000000000000c00, R13=0x0000000000000000, R14=0x00007fff550e9cc8, R15=0x0000000000000002
RIP=0x000000010b48a970, EFLAGS=0x0000000000010202, ERR=0x0000000000000004
  TRAPNO=0x000000000000000e

Top of Stack: (sp=0x00007fff550e9860)
0x00007fff550e9860:   0000000000000000 00007fff550e9d30
0x00007fff550e9870:   0000000000000c00 0000000000000000
0x00007fff550e9880:   00007fff550e9f60 0000000000000d03
0x00007fff550e9890:   00007fff550e98a0 00007fff94571b3a
0x00007fff550e98a0:   00007fff550e9e30 0000000000019e00
0x00007fff550e98b0:   00019f0099c06978 00007fff9d1702d0
0x00007fff550e98c0:   0100001f00000085 00007fff9433893f
0x00007fff550e98d0:   0000000010004005 00000000ffffffff
0x00007fff550e98e0:   00007fff550e9de8 0000000000000000
0x00007fff550e98f0:   00007fff550e9f60 0000000007000806
0x00007fff550e9900:   00007fff550e9e30 00007fff550e9de8
0x00007fff550e9910:   0000000000000d03 00000000ffffffff
0x00007fff550e9920:   0000000000000c00 0000000000000206
0x00007fff550e9930:   0000000000000c00 0000000000000000
0x00007fff550e9940:   00007fff550e9f60 0000000000000d03
0x00007fff550e9950:   00007fff9448934a 0000000000000206
0x00007fff550e9960:   0000000000000007 0000000000000000
0x00007fff550e9970:   0000000000000000 0000000000000000
0x00007fff550e9980:   000000000000037f 0000000000000000
0x00007fff550e9990:   0000000000000000 0000ffff00001fa0
0x00007fff550e99a0:   0000000000000000 000000000000ffff
0x00007fff550e99b0:   0000000000000000 0000000000000000
0x00007fff550e99c0:   0000000000000000 0000000000000000
0x00007fff550e99d0:   00cf93000000ffff 000000000000ffff
0x00007fff550e99e0:   ea600009d4951800 0000000000004008
0x00007fff550e99f0:   aa0c80069ad42800 000000000000400d
0x00007fff550e9a00:   995200044d013a80 000000000000400d
0x00007fff550e9a10:   8801100000024800 000000000000c033
0x00007fff550e9a20:   41c058089eea0f13 0000000000000000
0x00007fff550e9a30:   41c058089e800000 0000000000000000
0x00007fff550e9a40:   c3de3f84d8ef52ee 439c07b2710ad11f
0x00007fff550e9a50:   67726f2e65686361 736e6f6d6d6f632f 

Instructions: (pc=0x000000010b48a970)
0x000000010b48a950:   83 ec 08 48 89 d3 49 89 f6 e8 bc 46 14 00 44 8b
0x000000010b48a960:   38 48 8d 05 a8 18 3b 00 48 63 38 e8 8c 49 14 00
0x000000010b48a970:   4c 8b a0 28 01 00 00 41 83 7c 24 34 01 0f 85 e2
0x000000010b48a980:   00 00 00 49 89 5c 24 40 4d 89 74 24 38 49 8d 5c 

Register to memory mapping:

RAX=0x0000000000000000 is an unknown value
RBX=0x00007fff550e9d30 is an unknown value
RCX=0x00007fff9d2da408: _thread+0x48 in /usr/lib/system/libsystem_pthread.dylib at 0x00007fff94578000
RDX=0x00007fff550e9d30 is an unknown value
RSP=0x00007fff550e9860 is an unknown value
RBP=0x00007fff550e9890 is an unknown value
RSI=0x00007fff550e9cc8 is an unknown value
RDI=0x0000000000000103 is an unknown value
R8 =0x00007fff550e9d30 is an unknown value
R9 =0x00000000ffffffff is an unknown value
R10=0x0000000000000c00 is an unknown value
R11=0x0000000000000206 is an unknown value
R12=0x0000000000000c00 is an unknown value
R13=0x0000000000000000 is an unknown value
R14=0x00007fff550e9cc8 is an unknown value
R15=0x0000000000000002 is an unknown value


Stack: [0x00007fff548ee000,0x00007fff550ee000],  sp=0x00007fff550e9860,  free space=8174k
Native frames: (J=compiled Java code, j=interpreted, Vv=VM code, C=native code)
V  [libjvm.dylib+0x48a970]  SR_handler(int, __siginfo*, __darwin_ucontext*)+0x2e
C  [libsystem_platform.dylib+0x2b3a]  _sigtramp+0x1a
C  0x0000000000019e00
C  [CoreFoundation+0x85874]  __CFRunLoopServiceMachPort+0xd4
C  [CoreFoundation+0x84cf1]  __CFRunLoopRun+0x551
C  [CoreFoundation+0x84544]  CFRunLoopRunSpecific+0x1a4
C  [java+0x647a]  CreateExecutionEnvironment+0x367
C  [java+0x212c]  JLI_Launch+0x7a0
C  [java+0x84d7]  main+0x65
C  [java+0x1984]  start+0x34


---------------  P R O C E S S  ---------------

VM state:not at safepoint (normal execution)

VM Mutex/Monitor currently owned by a thread: None

Heap:
 PSYoungGen      total 138240K, used 126453K [0x0000000795580000, 0x000000079e180000, 0x00000007c0000000)
  eden space 133120K, 91% used [0x0000000795580000,0x000000079cc02eb8,0x000000079d780000)
  from space 5120K, 99% used [0x000000079dc80000,0x000000079e17a6e8,0x000000079e180000)
  to   space 5120K, 0% used [0x000000079d780000,0x000000079d780000,0x000000079dc80000)
 ParOldGen       total 87552K, used 9328K [0x0000000740000000, 0x0000000745580000, 0x0000000795580000)
  object space 87552K, 10% used [0x0000000740000000,0x000000074091c368,0x0000000745580000)
 Metaspace       used 18878K, capacity 19186K, committed 19456K, reserved 1067008K
  class space    used 2357K, capacity 2451K, committed 2560K, reserved 1048576K

Card table byte_map: [0x000000010c3a4000,0x000000010c7a5000] byte_map_base: 0x00000001089a4000

Marking Bits: (ParMarkBitMap*) 0x000000010b8f76c0
 Begin Bits: [0x000000010ca50000, 0x000000010ea50000)
 End Bits:   [0x000000010ea50000, 0x0000000110a50000)

Polling page: 0x000000010abcf000

CodeCache: size=245760Kb used=7504Kb max_used=7504Kb free=238255Kb
 bounds [0x0000000116fde000, 0x000000011773e000, 0x0000000125fde000]
 total_blobs=2442 nmethods=2080 adapters=276
 compilation: enabled

Compilation events (10 events):
Event: 5.755 Thread 0x00007fe475846800 2115   !   2       sun.reflect.generics.parser.SignatureParser::current (40 bytes)
Event: 5.755 Thread 0x00007fe475846800 nmethod 2115 0x0000000117733450 code [0x00000001177335c0, 0x0000000117733770]
Event: 5.758 Thread 0x00007fe475846800 2116       2       sun.reflect.generics.parser.SignatureParser::advance (37 bytes)
Event: 5.758 Thread 0x00007fe475846800 nmethod 2116 0x0000000117733ad0 code [0x0000000117733c20, 0x0000000117733d70]
Event: 5.771 Thread 0x00007fe475846800 2117       2       java.lang.Enum::<init> (15 bytes)
Event: 5.771 Thread 0x00007fe475846800 nmethod 2117 0x0000000117733dd0 code [0x0000000117733f20, 0x0000000117734090]
Event: 5.804 Thread 0x00007fe475846800 2118       2       java.util.LinkedHashMap::newNode (23 bytes)
Event: 5.804 Thread 0x00007fe475846800 nmethod 2118 0x0000000117734110 code [0x0000000117734280, 0x0000000117734510]
Event: 5.804 Thread 0x00007fe475846800 2119       2       java.util.LinkedHashMap$Entry::<init> (10 bytes)
Event: 5.804 Thread 0x00007fe475846800 nmethod 2119 0x0000000117734610 code [0x0000000117734760, 0x00000001177348f0]

GC Heap History (8 events):
Event: 1.752 GC heap before
{Heap before GC invocations=1 (full 0):
 PSYoungGen      total 38400K, used 33280K [0x0000000795580000, 0x0000000798000000, 0x00000007c0000000)
  eden space 33280K, 100% used [0x0000000795580000,0x0000000797600000,0x0000000797600000)
  from space 5120K, 0% used [0x0000000797b00000,0x0000000797b00000,0x0000000798000000)
  to   space 5120K, 0% used [0x0000000797600000,0x0000000797600000,0x0000000797b00000)
 ParOldGen       total 87552K, used 0K [0x0000000740000000, 0x0000000745580000, 0x0000000795580000)
  object space 87552K, 0% used [0x0000000740000000,0x0000000740000000,0x0000000745580000)
 Metaspace       used 14191K, capacity 14386K, committed 14592K, reserved 1062912K
  class space    used 1906K, capacity 1981K, committed 2048K, reserved 1048576K
Event: 1.776 GC heap after
Heap after GC invocations=1 (full 0):
 PSYoungGen      total 38400K, used 5099K [0x0000000795580000, 0x000000079a080000, 0x00000007c0000000)
  eden space 33280K, 0% used [0x0000000795580000,0x0000000795580000,0x0000000797600000)
  from space 5120K, 99% used [0x0000000797600000,0x0000000797afaf58,0x0000000797b00000)
  to   space 5120K, 0% used [0x0000000799b80000,0x0000000799b80000,0x000000079a080000)
 ParOldGen       total 87552K, used 4636K [0x0000000740000000, 0x0000000745580000, 0x0000000795580000)
  object space 87552K, 5% used [0x0000000740000000,0x0000000740487008,0x0000000745580000)
 Metaspace       used 14191K, capacity 14386K, committed 14592K, reserved 1062912K
  class space    used 1906K, capacity 1981K, committed 2048K, reserved 1048576K
}
Event: 2.736 GC heap before
{Heap before GC invocations=2 (full 0):
 PSYoungGen      total 38400K, used 38379K [0x0000000795580000, 0x000000079a080000, 0x00000007c0000000)
  eden space 33280K, 100% used [0x0000000795580000,0x0000000797600000,0x0000000797600000)
  from space 5120K, 99% used [0x0000000797600000,0x0000000797afaf58,0x0000000797b00000)
  to   space 5120K, 0% used [0x0000000799b80000,0x0000000799b80000,0x000000079a080000)
 ParOldGen       total 87552K, used 4636K [0x0000000740000000, 0x0000000745580000, 0x0000000795580000)
  object space 87552K, 5% used [0x0000000740000000,0x0000000740487008,0x0000000745580000)
 Metaspace       used 14954K, capacity 15196K, committed 15360K, reserved 1062912K
  class space    used 1941K, capacity 2026K, committed 2048K, reserved 1048576K
Event: 2.755 GC heap after
Heap after GC invocations=2 (full 0):
 PSYoungGen      total 71680K, used 5113K [0x0000000795580000, 0x000000079a080000, 0x00000007c0000000)
  eden space 66560K, 0% used [0x0000000795580000,0x0000000795580000,0x0000000799680000)
  from space 5120K, 99% used [0x0000000799b80000,0x000000079a07e5f8,0x000000079a080000)
  to   space 5120K, 0% used [0x0000000799680000,0x0000000799680000,0x0000000799b80000)
 ParOldGen       total 87552K, used 5041K [0x0000000740000000, 0x0000000745580000, 0x0000000795580000)
  object space 87552K, 5% used [0x0000000740000000,0x00000007404ec4e8,0x0000000745580000)
 Metaspace       used 14954K, capacity 15196K, committed 15360K, reserved 1062912K
  class space    used 1941K, capacity 2026K, committed 2048K, reserved 1048576K
}
Event: 3.619 GC heap before
{Heap before GC invocations=3 (full 0):
 PSYoungGen      total 71680K, used 71673K [0x0000000795580000, 0x000000079a080000, 0x00000007c0000000)
  eden space 66560K, 100% used [0x0000000795580000,0x0000000799680000,0x0000000799680000)
  from space 5120K, 99% used [0x0000000799b80000,0x000000079a07e5f8,0x000000079a080000)
  to   space 5120K, 0% used [0x0000000799680000,0x0000000799680000,0x0000000799b80000)
 ParOldGen       total 87552K, used 5041K [0x0000000740000000, 0x0000000745580000, 0x0000000795580000)
  object space 87552K, 5% used [0x0000000740000000,0x00000007404ec4e8,0x0000000745580000)
 Metaspace       used 15205K, capacity 15428K, committed 15744K, reserved 1062912K
  class space    used 1971K, capacity 2058K, committed 2176K, reserved 1048576K
Event: 3.640 GC heap after
Heap after GC invocations=3 (full 0):
 PSYoungGen      total 71680K, used 5113K [0x0000000795580000, 0x000000079e180000, 0x00000007c0000000)
  eden space 66560K, 0% used [0x0000000795580000,0x0000000795580000,0x0000000799680000)
  from space 5120K, 99% used [0x0000000799680000,0x0000000799b7e5f8,0x0000000799b80000)
  to   space 5120K, 0% used [0x000000079dc80000,0x000000079dc80000,0x000000079e180000)
 ParOldGen       total 87552K, used 7251K [0x0000000740000000, 0x0000000745580000, 0x0000000795580000)
  object space 87552K, 8% used [0x0000000740000000,0x0000000740714e30,0x0000000745580000)
 Metaspace       used 15205K, capacity 15428K, committed 15744K, reserved 1062912K
  class space    used 1971K, capacity 2058K, committed 2176K, reserved 1048576K
}
Event: 4.257 GC heap before
{Heap before GC invocations=4 (full 0):
 PSYoungGen      total 71680K, used 71673K [0x0000000795580000, 0x000000079e180000, 0x00000007c0000000)
  eden space 66560K, 100% used [0x0000000795580000,0x0000000799680000,0x0000000799680000)
  from space 5120K, 99% used [0x0000000799680000,0x0000000799b7e5f8,0x0000000799b80000)
  to   space 5120K, 0% used [0x000000079dc80000,0x000000079dc80000,0x000000079e180000)
 ParOldGen       total 87552K, used 7251K [0x0000000740000000, 0x0000000745580000, 0x0000000795580000)
  object space 87552K, 8% used [0x0000000740000000,0x0000000740714e30,0x0000000745580000)
 Metaspace       used 15240K, capacity 15492K, committed 15744K, reserved 1062912K
  class space    used 1973K, capacity 2058K, committed 2176K, reserved 1048576K
Event: 4.280 GC heap after
Heap after GC invocations=4 (full 0):
 PSYoungGen      total 138240K, used 5097K [0x0000000795580000, 0x000000079e180000, 0x00000007c0000000)
  eden space 133120K, 0% used [0x0000000795580000,0x0000000795580000,0x000000079d780000)
  from space 5120K, 99% used [0x000000079dc80000,0x000000079e17a6e8,0x000000079e180000)
  to   space 5120K, 0% used [0x000000079d780000,0x000000079d780000,0x000000079dc80000)
 ParOldGen       total 87552K, used 9328K [0x0000000740000000, 0x0000000745580000, 0x0000000795580000)
  object space 87552K, 10% used [0x0000000740000000,0x000000074091c368,0x0000000745580000)
 Metaspace       used 15240K, capacity 15492K, committed 15744K, reserved 1062912K
  class space    used 1973K, capacity 2058K, committed 2176K, reserved 1048576K
}

Deoptimization events (10 events):
Event: 5.195 Thread 0x00007fe475001000 Uncommon trap: reason=unstable_if action=reinterpret pc=0x00000001172190c4 method=java.lang.AbstractStringBuilder.append(Ljava/lang/String;)Ljava/lang/AbstractStringBuilder; @ 1
Event: 5.505 Thread 0x00007fe475001000 Uncommon trap: reason=unstable_if action=reinterpret pc=0x00000001175c83b8 method=java.util.HashMap.resize()[Ljava/util/HashMap$Node; @ 56
Event: 5.519 Thread 0x00007fe475001000 Uncommon trap: reason=class_check action=maybe_recompile pc=0x00000001172a04d4 method=java.io.DataInputStream.readInt()I @ 4
Event: 5.519 Thread 0x00007fe475001000 Uncommon trap: reason=class_check action=maybe_recompile pc=0x00000001172a04d4 method=java.io.DataInputStream.readInt()I @ 4
Event: 5.519 Thread 0x00007fe475001000 Uncommon trap: reason=class_check action=maybe_recompile pc=0x00000001172a04d4 method=java.io.DataInputStream.readInt()I @ 4
Event: 5.519 Thread 0x00007fe475001000 Uncommon trap: reason=class_check action=maybe_recompile pc=0x00000001172a04d4 method=java.io.DataInputStream.readInt()I @ 4
Event: 5.759 Thread 0x00007fe475001000 Uncommon trap: reason=class_check action=maybe_recompile pc=0x00000001172e01c4 method=java.util.concurrent.ConcurrentHashMap.putVal(Ljava/lang/Object;Ljava/lang/Object;Z)Ljava/lang/Object; @ 192
Event: 5.759 Thread 0x00007fe475001000 Uncommon trap: reason=class_check action=maybe_recompile pc=0x00000001172e01c4 method=java.util.concurrent.ConcurrentHashMap.putVal(Ljava/lang/Object;Ljava/lang/Object;Z)Ljava/lang/Object; @ 192
Event: 5.759 Thread 0x00007fe475001000 Uncommon trap: reason=class_check action=maybe_recompile pc=0x00000001172e01c4 method=java.util.concurrent.ConcurrentHashMap.putVal(Ljava/lang/Object;Ljava/lang/Object;Z)Ljava/lang/Object; @ 192
Event: 5.759 Thread 0x00007fe475001000 Uncommon trap: reason=class_check action=maybe_recompile pc=0x00000001172e01c4 method=java.util.concurrent.ConcurrentHashMap.putVal(Ljava/lang/Object;Ljava/lang/Object;Z)Ljava/lang/Object; @ 192

Classes redefined (0 events):
No events

Internal exceptions (10 events):
Event: 5.753 Thread 0x00007fe475001000 Exception <a 'java/lang/ArrayIndexOutOfBoundsException': 18> (0x000000079c969048) thrown at [/Users/java_re/workspace/8-2-build-macosx-x86_64/jdk8u161/10277/hotspot/src/share/vm/interpreter/interpreterRuntime.cpp, line 366]
Event: 5.754 Thread 0x00007fe475001000 Exception <a 'java/lang/ArrayIndexOutOfBoundsException': 139> (0x000000079c96ab10) thrown at [/Users/java_re/workspace/8-2-build-macosx-x86_64/jdk8u161/10277/hotspot/src/share/vm/interpreter/interpreterRuntime.cpp, line 366]
Event: 5.755 Thread 0x00007fe475001000 Exception <a 'java/lang/ArrayIndexOutOfBoundsException': 78> (0x000000079c96c138) thrown at [/Users/java_re/workspace/8-2-build-macosx-x86_64/jdk8u161/10277/hotspot/src/share/vm/interpreter/interpreterRuntime.cpp, line 366]
Event: 5.756 Thread 0x00007fe475001000 Exception <a 'java/lang/ArrayIndexOutOfBoundsException'> (0x000000079c971058) thrown at [/Users/java_re/workspace/8-2-build-macosx-x86_64/jdk8u161/10277/hotspot/src/share/vm/runtime/sharedRuntime.cpp, line 605]
Event: 5.756 Thread 0x00007fe475001000 Exception <a 'java/lang/ArrayIndexOutOfBoundsException'> (0x000000079c971af8) thrown at [/Users/java_re/workspace/8-2-build-macosx-x86_64/jdk8u161/10277/hotspot/src/share/vm/runtime/sharedRuntime.cpp, line 605]
Event: 5.756 Thread 0x00007fe475001000 Exception <a 'java/lang/ArrayIndexOutOfBoundsException'> (0x000000079c972978) thrown at [/Users/java_re/workspace/8-2-build-macosx-x86_64/jdk8u161/10277/hotspot/src/share/vm/runtime/sharedRuntime.cpp, line 605]
Event: 5.756 Thread 0x00007fe475001000 Exception <a 'java/lang/ArrayIndexOutOfBoundsException'> (0x000000079c9737c0) thrown at [/Users/java_re/workspace/8-2-build-macosx-x86_64/jdk8u161/10277/hotspot/src/share/vm/runtime/sharedRuntime.cpp, line 605]
Event: 5.756 Thread 0x00007fe475001000 Exception <a 'java/lang/ArrayIndexOutOfBoundsException'> (0x000000079c975318) thrown at [/Users/java_re/workspace/8-2-build-macosx-x86_64/jdk8u161/10277/hotspot/src/share/vm/runtime/sharedRuntime.cpp, line 605]
Event: 5.756 Thread 0x00007fe475001000 Exception <a 'java/lang/ArrayIndexOutOfBoundsException'> (0x000000079c976828) thrown at [/Users/java_re/workspace/8-2-build-macosx-x86_64/jdk8u161/10277/hotspot/src/share/vm/runtime/sharedRuntime.cpp, line 605]
Event: 5.757 Thread 0x00007fe475001000 Exception <a 'java/lang/ArrayIndexOutOfBoundsException'> (0x000000079c97adb8) thrown at [/Users/java_re/workspace/8-2-build-macosx-x86_64/jdk8u161/10277/hotspot/src/share/vm/runtime/sharedRuntime.cpp, line 605]

Events (10 events):
Event: 5.796 loading class com/fasterxml/jackson/databind/introspect/AnnotatedFieldCollector
Event: 5.796 loading class com/fasterxml/jackson/databind/introspect/AnnotatedFieldCollector done
Event: 5.797 loading class com/fasterxml/jackson/databind/introspect/CollectorBase
Event: 5.797 loading class com/fasterxml/jackson/databind/introspect/CollectorBase done
Event: 5.798 loading class com/fasterxml/jackson/databind/introspect/AnnotationMap
Event: 5.798 loading class com/fasterxml/jackson/databind/introspect/AnnotationMap done
Event: 5.800 loading class com/fasterxml/jackson/databind/introspect/TypeResolutionContext$Basic
Event: 5.800 loading class com/fasterxml/jackson/databind/introspect/TypeResolutionContext$Basic done
Event: 5.801 loading class com/fasterxml/jackson/databind/introspect/AnnotatedFieldCollector$FieldBuilder
Event: 5.801 loading class com/fasterxml/jackson/databind/introspect/AnnotatedFieldCollector$FieldBuilder done


Dynamic libraries:
0x0000000009234000 	/System/Library/Frameworks/Cocoa.framework/Versions/A/Cocoa
0x0000000009234000 	/System/Library/Frameworks/Security.framework/Versions/A/Security
0x0000000009234000 	/System/Library/Frameworks/ApplicationServices.framework/Versions/A/ApplicationServices
0x0000000009234000 	/usr/lib/libz.1.dylib
0x0000000009234000 	/usr/lib/libSystem.B.dylib
0x0000000009234000 	/usr/lib/libobjc.A.dylib
0x0000000009234000 	/System/Library/Frameworks/CoreFoundation.framework/Versions/A/CoreFoundation
0x0000000009234000 	/System/Library/Frameworks/Foundation.framework/Versions/C/Foundation
0x0000000009234000 	/System/Library/Frameworks/AppKit.framework/Versions/C/AppKit
0x0000000009234000 	/System/Library/Frameworks/CoreData.framework/Versions/A/CoreData
0x0000000009234000 	/System/Library/PrivateFrameworks/RemoteViewServices.framework/Versions/A/RemoteViewServices
0x0000000009234000 	/System/Library/PrivateFrameworks/UIFoundation.framework/Versions/A/UIFoundation
0x0000000009234000 	/System/Library/PrivateFrameworks/DFRFoundation.framework/Versions/A/DFRFoundation
0x0000000009234000 	/usr/lib/libenergytrace.dylib
0x0000000009234000 	/System/Library/PrivateFrameworks/SkyLight.framework/Versions/A/SkyLight
0x0000000009234000 	/System/Library/Frameworks/CoreGraphics.framework/Versions/A/CoreGraphics
0x0000000009234000 	/usr/lib/libScreenReader.dylib
0x0000000009234000 	/System/Library/Frameworks/Accelerate.framework/Versions/A/Accelerate
0x0000000009234000 	/System/Library/Frameworks/IOSurface.framework/Versions/A/IOSurface
0x0000000009234000 	/System/Library/Frameworks/AudioToolbox.framework/Versions/A/AudioToolbox
0x0000000009234000 	/System/Library/Frameworks/AudioUnit.framework/Versions/A/AudioUnit
0x0000000009234000 	/System/Library/PrivateFrameworks/DataDetectorsCore.framework/Versions/A/DataDetectorsCore
0x0000000009234000 	/System/Library/PrivateFrameworks/DesktopServicesPriv.framework/Versions/A/DesktopServicesPriv
0x0000000009234000 	/System/Library/Frameworks/Carbon.framework/Versions/A/Frameworks/HIToolbox.framework/Versions/A/HIToolbox
0x0000000009234000 	/usr/lib/libicucore.A.dylib
0x0000000009234000 	/System/Library/Frameworks/QuartzCore.framework/Versions/A/QuartzCore
0x0000000009234000 	/System/Library/Frameworks/Carbon.framework/Versions/A/Frameworks/SpeechRecognition.framework/Versions/A/SpeechRecognition
0x0000000009234000 	/usr/lib/libauto.dylib
0x0000000009234000 	/usr/lib/libxml2.2.dylib
0x0000000009234000 	/System/Library/PrivateFrameworks/CoreUI.framework/Versions/A/CoreUI
0x0000000009234000 	/System/Library/Frameworks/CoreAudio.framework/Versions/A/CoreAudio
0x0000000009234000 	/System/Library/Frameworks/DiskArbitration.framework/Versions/A/DiskArbitration
0x0000000009234000 	/usr/lib/liblangid.dylib
0x0000000009234000 	/System/Library/PrivateFrameworks/MultitouchSupport.framework/Versions/A/MultitouchSupport
0x0000000009234000 	/System/Library/Frameworks/IOKit.framework/Versions/A/IOKit
0x0000000009234000 	/usr/lib/libDiagnosticMessagesClient.dylib
0x0000000009234000 	/System/Library/Frameworks/CoreServices.framework/Versions/A/CoreServices
0x0000000009234000 	/System/Library/PrivateFrameworks/PerformanceAnalysis.framework/Versions/A/PerformanceAnalysis
0x0000000009234000 	/System/Library/PrivateFrameworks/GenerationalStorage.framework/Versions/A/GenerationalStorage
0x0000000009234000 	/System/Library/Frameworks/OpenGL.framework/Versions/A/OpenGL
0x0000000009234000 	/System/Library/Frameworks/CoreImage.framework/Versions/A/CoreImage
0x0000000009234000 	/System/Library/Frameworks/CoreText.framework/Versions/A/CoreText
0x0000000009234000 	/System/Library/Frameworks/ImageIO.framework/Versions/A/ImageIO
0x0000000009234000 	/System/Library/PrivateFrameworks/Backup.framework/Versions/A/Backup
0x0000000009234000 	/usr/lib/libarchive.2.dylib
0x0000000009234000 	/System/Library/Frameworks/CFNetwork.framework/Versions/A/CFNetwork
0x0000000009234000 	/System/Library/Frameworks/SystemConfiguration.framework/Versions/A/SystemConfiguration
0x0000000009234000 	/usr/lib/libCRFSuite.dylib
0x0000000009234000 	/usr/lib/libc++.1.dylib
0x0000000009234000 	/usr/lib/libc++abi.dylib
0x0000000009234000 	/usr/lib/system/libcache.dylib
0x0000000009234000 	/usr/lib/system/libcommonCrypto.dylib
0x0000000009234000 	/usr/lib/system/libcompiler_rt.dylib
0x0000000009234000 	/usr/lib/system/libcopyfile.dylib
0x0000000009234000 	/usr/lib/system/libcorecrypto.dylib
0x0000000009234000 	/usr/lib/system/libdispatch.dylib
0x0000000009234000 	/usr/lib/system/libdyld.dylib
0x0000000009234000 	/usr/lib/system/libkeymgr.dylib
0x0000000009234000 	/usr/lib/system/liblaunch.dylib
0x0000000009234000 	/usr/lib/system/libmacho.dylib
0x0000000009234000 	/usr/lib/system/libquarantine.dylib
0x0000000009234000 	/usr/lib/system/libremovefile.dylib
0x0000000009234000 	/usr/lib/system/libsystem_asl.dylib
0x0000000009234000 	/usr/lib/system/libsystem_blocks.dylib
0x0000000009234000 	/usr/lib/system/libsystem_c.dylib
0x0000000009234000 	/usr/lib/system/libsystem_configuration.dylib
0x0000000009234000 	/usr/lib/system/libsystem_coreservices.dylib
0x0000000009234000 	/usr/lib/system/libsystem_coretls.dylib
0x0000000009234000 	/usr/lib/system/libsystem_dnssd.dylib
0x0000000009234000 	/usr/lib/system/libsystem_info.dylib
0x0000000009234000 	/usr/lib/system/libsystem_kernel.dylib
0x0000000009234000 	/usr/lib/system/libsystem_m.dylib
0x0000000009234000 	/usr/lib/system/libsystem_malloc.dylib
0x0000000009234000 	/usr/lib/system/libsystem_network.dylib
0x0000000009234000 	/usr/lib/system/libsystem_networkextension.dylib
0x0000000009234000 	/usr/lib/system/libsystem_notify.dylib
0x0000000009234000 	/usr/lib/system/libsystem_platform.dylib
0x0000000009234000 	/usr/lib/system/libsystem_pthread.dylib
0x0000000009234000 	/usr/lib/system/libsystem_sandbox.dylib
0x0000000009234000 	/usr/lib/system/libsystem_secinit.dylib
0x0000000009234000 	/usr/lib/system/libsystem_symptoms.dylib
0x0000000009234000 	/usr/lib/system/libsystem_trace.dylib
0x0000000009234000 	/usr/lib/system/libunwind.dylib
0x0000000009234000 	/usr/lib/system/libxpc.dylib
0x0000000009234000 	/usr/lib/libbsm.0.dylib
0x0000000009234000 	/usr/lib/system/libkxld.dylib
0x0000000009234000 	/usr/lib/libcoretls.dylib
0x0000000009234000 	/usr/lib/libcoretls_cfhelpers.dylib
0x0000000009234000 	/usr/lib/libOpenScriptingUtil.dylib
0x0000000009234000 	/usr/lib/libpam.2.dylib
0x0000000009234000 	/usr/lib/libsqlite3.dylib
0x0000000009234000 	/usr/lib/libxar.1.dylib
0x0000000009234000 	/usr/lib/libbz2.1.0.dylib
0x0000000009234000 	/usr/lib/liblzma.5.dylib
0x0000000009234000 	/usr/lib/libnetwork.dylib
0x0000000009234000 	/usr/lib/libpcap.A.dylib
0x0000000009234000 	/System/Library/Frameworks/CoreServices.framework/Versions/A/Frameworks/FSEvents.framework/Versions/A/FSEvents
0x0000000009234000 	/System/Library/Frameworks/CoreServices.framework/Versions/A/Frameworks/CarbonCore.framework/Versions/A/CarbonCore
0x0000000009234000 	/System/Library/Frameworks/CoreServices.framework/Versions/A/Frameworks/Metadata.framework/Versions/A/Metadata
0x0000000009234000 	/System/Library/Frameworks/CoreServices.framework/Versions/A/Frameworks/OSServices.framework/Versions/A/OSServices
0x0000000009234000 	/System/Library/Frameworks/CoreServices.framework/Versions/A/Frameworks/SearchKit.framework/Versions/A/SearchKit
0x0000000009234000 	/System/Library/Frameworks/CoreServices.framework/Versions/A/Frameworks/AE.framework/Versions/A/AE
0x0000000009234000 	/System/Library/Frameworks/CoreServices.framework/Versions/A/Frameworks/LaunchServices.framework/Versions/A/LaunchServices
0x0000000009234000 	/System/Library/Frameworks/CoreServices.framework/Versions/A/Frameworks/DictionaryServices.framework/Versions/A/DictionaryServices
0x0000000009234000 	/System/Library/Frameworks/CoreServices.framework/Versions/A/Frameworks/SharedFileList.framework/Versions/A/SharedFileList
0x0000000009234000 	/System/Library/Frameworks/NetFS.framework/Versions/A/NetFS
0x0000000009234000 	/System/Library/PrivateFrameworks/NetAuth.framework/Versions/A/NetAuth
0x0000000009234000 	/System/Library/PrivateFrameworks/login.framework/Versions/A/Frameworks/loginsupport.framework/Versions/A/loginsupport
0x0000000009234000 	/System/Library/PrivateFrameworks/TCC.framework/Versions/A/TCC
0x0000000009234000 	/usr/lib/libmecabra.dylib
0x0000000009234000 	/System/Library/Frameworks/ApplicationServices.framework/Versions/A/Frameworks/ATS.framework/Versions/A/ATS
0x0000000009234000 	/System/Library/Frameworks/ApplicationServices.framework/Versions/A/Frameworks/ColorSync.framework/Versions/A/ColorSync
0x0000000009234000 	/System/Library/Frameworks/ApplicationServices.framework/Versions/A/Frameworks/HIServices.framework/Versions/A/HIServices
0x0000000009234000 	/System/Library/Frameworks/ApplicationServices.framework/Versions/A/Frameworks/LangAnalysis.framework/Versions/A/LangAnalysis
0x0000000009234000 	/System/Library/Frameworks/ApplicationServices.framework/Versions/A/Frameworks/PrintCore.framework/Versions/A/PrintCore
0x0000000009234000 	/System/Library/Frameworks/ApplicationServices.framework/Versions/A/Frameworks/QD.framework/Versions/A/QD
0x0000000009234000 	/System/Library/Frameworks/ApplicationServices.framework/Versions/A/Frameworks/SpeechSynthesis.framework/Versions/A/SpeechSynthesis
0x0000000009234000 	/System/Library/Frameworks/Accelerate.framework/Versions/A/Frameworks/vImage.framework/Versions/A/vImage
0x0000000009234000 	/System/Library/Frameworks/Accelerate.framework/Versions/A/Frameworks/vecLib.framework/Versions/A/vecLib
0x0000000009234000 	/System/Library/Frameworks/Accelerate.framework/Versions/A/Frameworks/vecLib.framework/Versions/A/libvDSP.dylib
0x0000000009234000 	/System/Library/Frameworks/Accelerate.framework/Versions/A/Frameworks/vecLib.framework/Versions/A/libBNNS.dylib
0x0000000009234000 	/System/Library/Frameworks/Accelerate.framework/Versions/A/Frameworks/vecLib.framework/Versions/A/libQuadrature.dylib
0x0000000009234000 	/System/Library/Frameworks/Accelerate.framework/Versions/A/Frameworks/vecLib.framework/Versions/A/libvMisc.dylib
0x0000000009234000 	/System/Library/Frameworks/Accelerate.framework/Versions/A/Frameworks/vecLib.framework/Versions/A/libLAPACK.dylib
0x0000000009234000 	/System/Library/Frameworks/Accelerate.framework/Versions/A/Frameworks/vecLib.framework/Versions/A/libBLAS.dylib
0x0000000009234000 	/System/Library/Frameworks/Accelerate.framework/Versions/A/Frameworks/vecLib.framework/Versions/A/libLinearAlgebra.dylib
0x0000000009234000 	/System/Library/Frameworks/Accelerate.framework/Versions/A/Frameworks/vecLib.framework/Versions/A/libSparseBLAS.dylib
0x0000000009234000 	/System/Library/Frameworks/ApplicationServices.framework/Versions/A/Frameworks/ATS.framework/Versions/A/Resources/libFontParser.dylib
0x0000000009234000 	/System/Library/Frameworks/ApplicationServices.framework/Versions/A/Frameworks/ATS.framework/Versions/A/Resources/libFontRegistry.dylib
0x0000000009234000 	/System/Library/Frameworks/ImageIO.framework/Versions/A/Resources/libJPEG.dylib
0x0000000009234000 	/System/Library/Frameworks/ImageIO.framework/Versions/A/Resources/libTIFF.dylib
0x0000000009234000 	/System/Library/Frameworks/ImageIO.framework/Versions/A/Resources/libPng.dylib
0x0000000009234000 	/System/Library/Frameworks/ImageIO.framework/Versions/A/Resources/libGIF.dylib
0x0000000009234000 	/System/Library/Frameworks/ImageIO.framework/Versions/A/Resources/libJP2.dylib
0x0000000009234000 	/System/Library/Frameworks/ImageIO.framework/Versions/A/Resources/libRadiance.dylib
0x0000000009234000 	/usr/lib/libcompression.dylib
0x0000000009234000 	/System/Library/PrivateFrameworks/AppleJPEG.framework/Versions/A/AppleJPEG
0x0000000009234000 	/usr/lib/libcups.2.dylib
0x0000000009234000 	/System/Library/Frameworks/Kerberos.framework/Versions/A/Kerberos
0x0000000009234000 	/System/Library/Frameworks/GSS.framework/Versions/A/GSS
0x0000000009234000 	/usr/lib/libresolv.9.dylib
0x0000000009234000 	/usr/lib/libiconv.2.dylib
0x0000000009234000 	/System/Library/PrivateFrameworks/Heimdal.framework/Versions/A/Heimdal
0x0000000009234000 	/usr/lib/libheimdal-asn1.dylib
0x0000000009234000 	/System/Library/Frameworks/OpenDirectory.framework/Versions/A/OpenDirectory
0x0000000009234000 	/System/Library/PrivateFrameworks/CommonAuth.framework/Versions/A/CommonAuth
0x0000000009234000 	/System/Library/Frameworks/OpenDirectory.framework/Versions/A/Frameworks/CFOpenDirectory.framework/Versions/A/CFOpenDirectory
0x0000000009234000 	/System/Library/Frameworks/SecurityFoundation.framework/Versions/A/SecurityFoundation
0x0000000009234000 	/System/Library/PrivateFrameworks/LanguageModeling.framework/Versions/A/LanguageModeling
0x0000000009234000 	/usr/lib/libmarisa.dylib
0x0000000009234000 	/usr/lib/libChineseTokenizer.dylib
0x0000000009234000 	/usr/lib/libcmph.dylib
0x0000000009234000 	/System/Library/PrivateFrameworks/CoreEmoji.framework/Versions/A/CoreEmoji
0x0000000009234000 	/System/Library/Frameworks/ServiceManagement.framework/Versions/A/ServiceManagement
0x0000000009234000 	/usr/lib/libxslt.1.dylib
0x0000000009234000 	/System/Library/Frameworks/Carbon.framework/Versions/A/Frameworks/Ink.framework/Versions/A/Ink
0x0000000009234000 	/System/Library/PrivateFrameworks/TextureIO.framework/Versions/A/TextureIO
0x0000000009234000 	/System/Library/Frameworks/Metal.framework/Versions/A/Metal
0x0000000009234000 	/usr/lib/libate.dylib
0x0000000009234000 	/System/Library/PrivateFrameworks/GPUCompiler.framework/libmetal_timestamp.dylib
0x0000000009234000 	/System/Library/Frameworks/OpenGL.framework/Versions/A/Libraries/libCoreFSCache.dylib
0x0000000009234000 	/System/Library/PrivateFrameworks/IOAccelerator.framework/Versions/A/IOAccelerator
0x0000000009234000 	/System/Library/Frameworks/CoreVideo.framework/Versions/A/CoreVideo
0x0000000009234000 	/usr/lib/libFosl_dynamic.dylib
0x0000000009234000 	/System/Library/PrivateFrameworks/MetalPerformanceShaders.framework/Versions/A/MetalPerformanceShaders
0x0000000009234000 	/System/Library/PrivateFrameworks/FaceCore.framework/Versions/A/FaceCore
0x0000000009234000 	/System/Library/Frameworks/OpenCL.framework/Versions/A/OpenCL
0x0000000009234000 	/System/Library/Frameworks/OpenGL.framework/Versions/A/Libraries/libGLU.dylib
0x0000000009234000 	/System/Library/Frameworks/OpenGL.framework/Versions/A/Libraries/libGFXShared.dylib
0x0000000009234000 	/System/Library/Frameworks/OpenGL.framework/Versions/A/Libraries/libGL.dylib
0x0000000009234000 	/System/Library/Frameworks/OpenGL.framework/Versions/A/Libraries/libGLImage.dylib
0x0000000009234000 	/System/Library/Frameworks/OpenGL.framework/Versions/A/Libraries/libCVMSPluginSupport.dylib
0x0000000009234000 	/System/Library/Frameworks/OpenGL.framework/Versions/A/Libraries/libCoreVMClient.dylib
0x0000000009234000 	/System/Library/PrivateFrameworks/CrashReporterSupport.framework/Versions/A/CrashReporterSupport
0x0000000009234000 	/System/Library/PrivateFrameworks/Sharing.framework/Versions/A/Sharing
0x0000000009234000 	/System/Library/PrivateFrameworks/IconServices.framework/Versions/A/IconServices
0x0000000009234000 	/System/Library/PrivateFrameworks/ProtocolBuffer.framework/Versions/A/ProtocolBuffer
0x0000000009234000 	/System/Library/PrivateFrameworks/Apple80211.framework/Versions/A/Apple80211
0x0000000009234000 	/System/Library/Frameworks/CoreWLAN.framework/Versions/A/CoreWLAN
0x0000000009234000 	/System/Library/PrivateFrameworks/CoreUtils.framework/Versions/A/CoreUtils
0x0000000009234000 	/System/Library/Frameworks/IOBluetooth.framework/Versions/A/IOBluetooth
0x0000000009234000 	/System/Library/PrivateFrameworks/CoreWiFi.framework/Versions/A/CoreWiFi
0x0000000009234000 	/System/Library/Frameworks/CoreBluetooth.framework/Versions/A/CoreBluetooth
0x0000000009234000 	/System/Library/Frameworks/CoreDisplay.framework/Versions/A/CoreDisplay
0x0000000009234000 	/System/Library/PrivateFrameworks/IOPresentment.framework/Versions/A/IOPresentment
0x0000000009234000 	/System/Library/PrivateFrameworks/DSExternalDisplay.framework/Versions/A/DSExternalDisplay
0x0000000009234000 	/System/Library/PrivateFrameworks/DebugSymbols.framework/Versions/A/DebugSymbols
0x0000000009234000 	/System/Library/PrivateFrameworks/CoreSymbolication.framework/Versions/A/CoreSymbolication
0x0000000009234000 	/System/Library/PrivateFrameworks/Symbolication.framework/Versions/A/Symbolication
0x0000000009234000 	/System/Library/PrivateFrameworks/AppleFSCompression.framework/Versions/A/AppleFSCompression
0x0000000009234000 	/System/Library/PrivateFrameworks/SpeechRecognitionCore.framework/Versions/A/SpeechRecognitionCore
0x0000000009234000 	/System/Library/PrivateFrameworks/ChunkingLibrary.framework/Versions/A/ChunkingLibrary
0x000000010b000000 	/Library/Java/JavaVirtualMachines/jdk1.8.0_161.jdk/Contents/Home/jre/lib/server/libjvm.dylib
0x0000000009234000 	/usr/lib/libstdc++.6.dylib
0x000000010abc1000 	/Library/Java/JavaVirtualMachines/jdk1.8.0_161.jdk/Contents/Home/jre/lib/libverify.dylib
0x000000010bfae000 	/Library/Java/JavaVirtualMachines/jdk1.8.0_161.jdk/Contents/Home/jre/lib/libjava.dylib
0x000000010abd9000 	/Library/Java/JavaVirtualMachines/jdk1.8.0_161.jdk/Contents/Home/jre/lib/libzip.dylib
0x0000000113cad000 	/Library/Java/JavaVirtualMachines/jdk1.8.0_161.jdk/Contents/Home/jre/lib/libnio.dylib
0x0000000113cbd000 	/Library/Java/JavaVirtualMachines/jdk1.8.0_161.jdk/Contents/Home/jre/lib/./libnet.dylib

VM Arguments:
java_command: /Users/mohammadomar/Desktop/node-js-getting-started/ont.jar /Users/mohammadomar/Desktop/node-js-getting-started/ontologies/pizza.owl /Users/mohammadomar/Desktop/node-js-getting-started/questions/ ttttt.json
java_class_path (initial): /Users/mohammadomar/Desktop/node-js-getting-started/ont.jar
Launcher Type: SUN_STANDARD

Environment Variables:
PATH=/Users/mohammadomar/.npm-packages/lib/node_modules/npm/bin/node-gyp-bin:/Users/mohammadomar/Desktop/node-js-getting-started/node_modules/.bin:/Users/mohammadomar/.npm-packages/bin:/usr/local/bin:/usr/bin:/bin:/usr/sbin:/sbin:/Users/mohammadomar/.npm-packages/bin
SHELL=/bin/bash

Signal Handlers:
SIGSEGV: [libjvm.dylib+0x5b5439], sa_mask[0]=11111111011111110111111111111111, sa_flags=SA_ONSTACK|SA_RESTART|SA_SIGINFO
SIGBUS: [libjvm.dylib+0x5b5439], sa_mask[0]=11111111011111110111111111111111, sa_flags=SA_RESTART|SA_SIGINFO
SIGFPE: [libjvm.dylib+0x48ae24], sa_mask[0]=11111111011111110111111111111111, sa_flags=SA_RESTART|SA_SIGINFO
SIGPIPE: [libjvm.dylib+0x48ae24], sa_mask[0]=11111111011111110111111111111111, sa_flags=SA_RESTART|SA_SIGINFO
SIGXFSZ: [libjvm.dylib+0x48ae24], sa_mask[0]=11111111011111110111111111111111, sa_flags=SA_RESTART|SA_SIGINFO
SIGILL: [libjvm.dylib+0x48ae24], sa_mask[0]=11111111011111110111111111111111, sa_flags=SA_RESTART|SA_SIGINFO
SIGUSR1: SIG_DFL, sa_mask[0]=00000000000000000000000000000000, sa_flags=SA_RESTART
SIGUSR2: [libjvm.dylib+0x48a942], sa_mask[0]=00000000000000000000000000000000, sa_flags=SA_RESTART|SA_SIGINFO
SIGHUP: [libjvm.dylib+0x488f0d], sa_mask[0]=11111111011111110111111111111111, sa_flags=SA_RESTART|SA_SIGINFO
SIGINT: [libjvm.dylib+0x488f0d], sa_mask[0]=11111111011111110111111111111111, sa_flags=SA_RESTART|SA_SIGINFO
SIGTERM: [libjvm.dylib+0x488f0d], sa_mask[0]=11111111011111110111111111111111, sa_flags=SA_RESTART|SA_SIGINFO
SIGQUIT: [libjvm.dylib+0x488f0d], sa_mask[0]=11111111011111110111111111111111, sa_flags=SA_RESTART|SA_SIGINFO


---------------  S Y S T E M  ---------------

OS:Bsduname:Darwin 16.7.0 Darwin Kernel Version 16.7.0: Thu Jan 11 22:59:40 PST 2018; root:xnu-3789.73.8~1/RELEASE_X86_64 x86_64
rlimit: STACK 8192k, CORE 0k, NPROC 709, NOFILE 10240, AS infinity
load average:2.25 2.54 4.72

CPU:total 2 (initial active 2) (2 cores per cpu, 1 threads per core) family 6 model 23 stepping 10, cmov, cx8, fxsr, mmx, sse, sse2, sse3, ssse3, sse4.1, tsc

Memory: 4k page, physical 8388608k(1001364k free)

/proc/meminfo:


vm_info: Java HotSpot(TM) 64-Bit Server VM (25.161-b12) for bsd-amd64 JRE (1.8.0_161-b12), built on Dec 19 2017 16:22:20 by "java_re" with gcc 4.2.1 (Based on Apple Inc. build 5658) (LLVM build 2336.11.00)

time: Sat May 19 11:01:07 2018
elapsed time: 5 seconds (0d 0h 0m 5s)

